#
# There is insufficient memory for the Java Runtime Environment to continue.
# Native memory allocation (malloc) failed to allocate 32744 bytes for ChunkPool::allocate
# Possible reasons:
#   The system is out of physical RAM or swap space
#   The process is running with CompressedOops enabled, and the Java Heap may be blocking the growth of the native heap
# Possible solutions:
#   Reduce memory load on the system
#   Increase physical memory or swap space
#   Check if swap backing store is full
#   Decrease Java heap size (-Xmx/-Xms)
#   Decrease number of Java threads
#   Decrease Java thread stack sizes (-Xss)
#   Set larger code cache with -XX:ReservedCodeCacheSize=
#   JVM is running with Unscaled Compressed Oops mode in which the Java heap is
#     placed in the first 4GB address space. The Java Heap base address is the
#     maximum limit for the native heap growth. Please use -XX:HeapBaseMinAddress
#     to set the Java Heap base and to place the Java Heap above 4GB virtual address.
# This output file may be truncated or incomplete.
#
#  Out of Memory Error (./src/hotspot/share/memory/arena.cpp:81), pid=34388, tid=31876
#
# JRE version: OpenJDK Runtime Environment Microsoft-7208460 (11.0.18+10) (build 11.0.18+10-LTS)
# Java VM: OpenJDK 64-Bit Server VM Microsoft-7208460 (11.0.18+10-LTS, mixed mode, tiered, compressed oops, g1 gc, windows-amd64)
# No core dump will be written. Minidumps are not enabled by default on client versions of Windows
#

---------------  S U M M A R Y ------------

Command Line: -Xmx64m -Xms64m -Dorg.gradle.appname=gradlew org.gradle.wrapper.GradleWrapperMain tasks

Host: AMD Ryzen 5 3550H with Radeon Vega Mobile Gfx  , 8 cores, 5G,  Windows 11 , 64 bit Build 22621 (10.0.22621.2361)
Time: Fri Sep 29 10:24:53 2023 India Standard Time elapsed time: 5.645869 seconds (0d 0h 0m 5s)

---------------  T H R E A D  ---------------

Current thread (0x0000029b7c1c1000):  JavaThread "C1 CompilerThread0" daemon [_thread_in_native, id=31876, stack(0x000000b916d00000,0x000000b916e00000)]


Current CompileTask:
C1:   5646  204       3       java.util.regex.Pattern::closure (365 bytes)

Stack: [0x000000b916d00000,0x000000b916e00000]
Native frames: (J=compiled Java code, j=interpreted, Vv=VM code, C=native code)
V  [jvm.dll+0x62bf8a]
V  [jvm.dll+0x7b8fb9]
V  [jvm.dll+0x7ba6a8]
V  [jvm.dll+0x7bad83]
V  [jvm.dll+0x250248]
V  [jvm.dll+0xc286b]
V  [jvm.dll+0xc2bcc]
V  [jvm.dll+0xce52a]
V  [jvm.dll+0x1620e1]
V  [jvm.dll+0x15919f]
V  [jvm.dll+0x15655e]
V  [jvm.dll+0x142a10]
V  [jvm.dll+0x12ae09]
V  [jvm.dll+0x12a70f]
V  [jvm.dll+0x12a93f]
V  [jvm.dll+0x129be4]
V  [jvm.dll+0x12baf7]
V  [jvm.dll+0x217eec]
V  [jvm.dll+0x21612b]
V  [jvm.dll+0x77bac0]
V  [jvm.dll+0x7749f4]
V  [jvm.dll+0x62adf5]
C  [ucrtbase.dll+0x29363]
C  [KERNEL32.DLL+0x1257d]
C  [ntdll.dll+0x5aa78]


---------------  P R O C E S S  ---------------

Threads class SMR info:
_java_thread_list=0x0000029b7cc64140, length=10, elements={
0x0000029b70afd800, 0x0000029b7c1b3000, 0x0000029b7c1b8800, 0x0000029b7c214800,
0x0000029b7c215800, 0x0000029b7c217000, 0x0000029b7c218000, 0x0000029b7c1c1000,
0x0000029b7c1c8000, 0x0000029b7cc78800
}

Java Threads: ( => current thread )
  0x0000029b70afd800 JavaThread "main" [_thread_in_vm, id=35308, stack(0x000000b916000000,0x000000b916100000)]
  0x0000029b7c1b3000 JavaThread "Reference Handler" daemon [_thread_blocked, id=35652, stack(0x000000b916700000,0x000000b916800000)]
  0x0000029b7c1b8800 JavaThread "Finalizer" daemon [_thread_blocked, id=35656, stack(0x000000b916800000,0x000000b916900000)]
  0x0000029b7c214800 JavaThread "Signal Dispatcher" daemon [_thread_blocked, id=8940, stack(0x000000b916900000,0x000000b916a00000)]
  0x0000029b7c215800 JavaThread "Attach Listener" daemon [_thread_blocked, id=15132, stack(0x000000b916a00000,0x000000b916b00000)]
  0x0000029b7c217000 JavaThread "Service Thread" daemon [_thread_blocked, id=18420, stack(0x000000b916b00000,0x000000b916c00000)]
  0x0000029b7c218000 JavaThread "C2 CompilerThread0" daemon [_thread_in_native, id=10444, stack(0x000000b916c00000,0x000000b916d00000)]
=>0x0000029b7c1c1000 JavaThread "C1 CompilerThread0" daemon [_thread_in_native, id=31876, stack(0x000000b916d00000,0x000000b916e00000)]
  0x0000029b7c1c8000 JavaThread "Sweeper thread" daemon [_thread_blocked, id=28164, stack(0x000000b916e00000,0x000000b916f00000)]
  0x0000029b7cc78800 JavaThread "Common-Cleaner" daemon [_thread_blocked, id=16292, stack(0x000000b917000000,0x000000b917100000)]

Other Threads:
  0x0000029b7c179800 VMThread "VM Thread" [stack: 0x000000b916600000,0x000000b916700000] [id=35640]
  0x0000029b7cc71000 WatcherThread [stack: 0x000000b916f00000,0x000000b917000000] [id=22288]
  0x0000029b70b17000 GCTaskThread "GC Thread#0" [stack: 0x000000b916100000,0x000000b916200000] [id=35608]
  0x0000029b70b1f800 ConcurrentGCThread "G1 Main Marker" [stack: 0x000000b916200000,0x000000b916300000] [id=35612]
  0x0000029b70b20800 ConcurrentGCThread "G1 Conc#0" [stack: 0x000000b916300000,0x000000b916400000] [id=35616]
  0x0000029b70b86000 ConcurrentGCThread "G1 Refine#0" [stack: 0x000000b916400000,0x000000b916500000] [id=35620]
  0x0000029b70b87000 ConcurrentGCThread "G1 Young RemSet Sampling" [stack: 0x000000b916500000,0x000000b916600000] [id=35624]

Threads with active compile tasks:
C2 CompilerThread0     5690  207       4       java.util.regex.Pattern::isSupplementary (20 bytes)
C1 CompilerThread0     5690  204       3       java.util.regex.Pattern::closure (365 bytes)

VM state:not at safepoint (normal execution)

VM Mutex/Monitor currently owned by a thread: None

Heap address: 0x00000000fc000000, size: 64 MB, Compressed Oops mode: 32-bit
Narrow klass base: 0x0000000000000000, Narrow klass shift: 3
Compressed class space size: 1073741824 Address: 0x0000000100000000

Heap:
 garbage-first heap   total 65536K, used 2048K [0x00000000fc000000, 0x0000000100000000)
  region size 1024K, 3 young (3072K), 0 survivors (0K)
 Metaspace       used 6534K, capacity 6598K, committed 6784K, reserved 1056768K
  class space    used 560K, capacity 600K, committed 640K, reserved 1048576K
Heap Regions: E=young(eden), S=young(survivor), O=old, HS=humongous(starts), HC=humongous(continues), CS=collection set, F=free, A=archive, TAMS=top-at-mark-start (previous, next)
|   0|0x00000000fc000000, 0x00000000fc000000, 0x00000000fc100000|  0%| F|  |TAMS 0x00000000fc000000, 0x00000000fc000000| Untracked 
|   1|0x00000000fc100000, 0x00000000fc100000, 0x00000000fc200000|  0%| F|  |TAMS 0x00000000fc100000, 0x00000000fc100000| Untracked 
|   2|0x00000000fc200000, 0x00000000fc200000, 0x00000000fc300000|  0%| F|  |TAMS 0x00000000fc200000, 0x00000000fc200000| Untracked 
|   3|0x00000000fc300000, 0x00000000fc300000, 0x00000000fc400000|  0%| F|  |TAMS 0x00000000fc300000, 0x00000000fc300000| Untracked 
|   4|0x00000000fc400000, 0x00000000fc400000, 0x00000000fc500000|  0%| F|  |TAMS 0x00000000fc400000, 0x00000000fc400000| Untracked 
|   5|0x00000000fc500000, 0x00000000fc500000, 0x00000000fc600000|  0%| F|  |TAMS 0x00000000fc500000, 0x00000000fc500000| Untracked 
|   6|0x00000000fc600000, 0x00000000fc600000, 0x00000000fc700000|  0%| F|  |TAMS 0x00000000fc600000, 0x00000000fc600000| Untracked 
|   7|0x00000000fc700000, 0x00000000fc700000, 0x00000000fc800000|  0%| F|  |TAMS 0x00000000fc700000, 0x00000000fc700000| Untracked 
|   8|0x00000000fc800000, 0x00000000fc800000, 0x00000000fc900000|  0%| F|  |TAMS 0x00000000fc800000, 0x00000000fc800000| Untracked 
|   9|0x00000000fc900000, 0x00000000fc900000, 0x00000000fca00000|  0%| F|  |TAMS 0x00000000fc900000, 0x00000000fc900000| Untracked 
|  10|0x00000000fca00000, 0x00000000fca00000, 0x00000000fcb00000|  0%| F|  |TAMS 0x00000000fca00000, 0x00000000fca00000| Untracked 
|  11|0x00000000fcb00000, 0x00000000fcb00000, 0x00000000fcc00000|  0%| F|  |TAMS 0x00000000fcb00000, 0x00000000fcb00000| Untracked 
|  12|0x00000000fcc00000, 0x00000000fcc00000, 0x00000000fcd00000|  0%| F|  |TAMS 0x00000000fcc00000, 0x00000000fcc00000| Untracked 
|  13|0x00000000fcd00000, 0x00000000fcd00000, 0x00000000fce00000|  0%| F|  |TAMS 0x00000000fcd00000, 0x00000000fcd00000| Untracked 
|  14|0x00000000fce00000, 0x00000000fce00000, 0x00000000fcf00000|  0%| F|  |TAMS 0x00000000fce00000, 0x00000000fce00000| Untracked 
|  15|0x00000000fcf00000, 0x00000000fcf00000, 0x00000000fd000000|  0%| F|  |TAMS 0x00000000fcf00000, 0x00000000fcf00000| Untracked 
|  16|0x00000000fd000000, 0x00000000fd000000, 0x00000000fd100000|  0%| F|  |TAMS 0x00000000fd000000, 0x00000000fd000000| Untracked 
|  17|0x00000000fd100000, 0x00000000fd100000, 0x00000000fd200000|  0%| F|  |TAMS 0x00000000fd100000, 0x00000000fd100000| Untracked 
|  18|0x00000000fd200000, 0x00000000fd200000, 0x00000000fd300000|  0%| F|  |TAMS 0x00000000fd200000, 0x00000000fd200000| Untracked 
|  19|0x00000000fd300000, 0x00000000fd300000, 0x00000000fd400000|  0%| F|  |TAMS 0x00000000fd300000, 0x00000000fd300000| Untracked 
|  20|0x00000000fd400000, 0x00000000fd400000, 0x00000000fd500000|  0%| F|  |TAMS 0x00000000fd400000, 0x00000000fd400000| Untracked 
|  21|0x00000000fd500000, 0x00000000fd500000, 0x00000000fd600000|  0%| F|  |TAMS 0x00000000fd500000, 0x00000000fd500000| Untracked 
|  22|0x00000000fd600000, 0x00000000fd600000, 0x00000000fd700000|  0%| F|  |TAMS 0x00000000fd600000, 0x00000000fd600000| Untracked 
|  23|0x00000000fd700000, 0x00000000fd700000, 0x00000000fd800000|  0%| F|  |TAMS 0x00000000fd700000, 0x00000000fd700000| Untracked 
|  24|0x00000000fd800000, 0x00000000fd800000, 0x00000000fd900000|  0%| F|  |TAMS 0x00000000fd800000, 0x00000000fd800000| Untracked 
|  25|0x00000000fd900000, 0x00000000fd900000, 0x00000000fda00000|  0%| F|  |TAMS 0x00000000fd900000, 0x00000000fd900000| Untracked 
|  26|0x00000000fda00000, 0x00000000fda00000, 0x00000000fdb00000|  0%| F|  |TAMS 0x00000000fda00000, 0x00000000fda00000| Untracked 
|  27|0x00000000fdb00000, 0x00000000fdb00000, 0x00000000fdc00000|  0%| F|  |TAMS 0x00000000fdb00000, 0x00000000fdb00000| Untracked 
|  28|0x00000000fdc00000, 0x00000000fdc00000, 0x00000000fdd00000|  0%| F|  |TAMS 0x00000000fdc00000, 0x00000000fdc00000| Untracked 
|  29|0x00000000fdd00000, 0x00000000fdd00000, 0x00000000fde00000|  0%| F|  |TAMS 0x00000000fdd00000, 0x00000000fdd00000| Untracked 
|  30|0x00000000fde00000, 0x00000000fde00000, 0x00000000fdf00000|  0%| F|  |TAMS 0x00000000fde00000, 0x00000000fde00000| Untracked 
|  31|0x00000000fdf00000, 0x00000000fdf00000, 0x00000000fe000000|  0%| F|  |TAMS 0x00000000fdf00000, 0x00000000fdf00000| Untracked 
|  32|0x00000000fe000000, 0x00000000fe000000, 0x00000000fe100000|  0%| F|  |TAMS 0x00000000fe000000, 0x00000000fe000000| Untracked 
|  33|0x00000000fe100000, 0x00000000fe100000, 0x00000000fe200000|  0%| F|  |TAMS 0x00000000fe100000, 0x00000000fe100000| Untracked 
|  34|0x00000000fe200000, 0x00000000fe200000, 0x00000000fe300000|  0%| F|  |TAMS 0x00000000fe200000, 0x00000000fe200000| Untracked 
|  35|0x00000000fe300000, 0x00000000fe300000, 0x00000000fe400000|  0%| F|  |TAMS 0x00000000fe300000, 0x00000000fe300000| Untracked 
|  36|0x00000000fe400000, 0x00000000fe400000, 0x00000000fe500000|  0%| F|  |TAMS 0x00000000fe400000, 0x00000000fe400000| Untracked 
|  37|0x00000000fe500000, 0x00000000fe500000, 0x00000000fe600000|  0%| F|  |TAMS 0x00000000fe500000, 0x00000000fe500000| Untracked 
|  38|0x00000000fe600000, 0x00000000fe600000, 0x00000000fe700000|  0%| F|  |TAMS 0x00000000fe600000, 0x00000000fe600000| Untracked 
|  39|0x00000000fe700000, 0x00000000fe700000, 0x00000000fe800000|  0%| F|  |TAMS 0x00000000fe700000, 0x00000000fe700000| Untracked 
|  40|0x00000000fe800000, 0x00000000fe800000, 0x00000000fe900000|  0%| F|  |TAMS 0x00000000fe800000, 0x00000000fe800000| Untracked 
|  41|0x00000000fe900000, 0x00000000fe900000, 0x00000000fea00000|  0%| F|  |TAMS 0x00000000fe900000, 0x00000000fe900000| Untracked 
|  42|0x00000000fea00000, 0x00000000fea00000, 0x00000000feb00000|  0%| F|  |TAMS 0x00000000fea00000, 0x00000000fea00000| Untracked 
|  43|0x00000000feb00000, 0x00000000feb00000, 0x00000000fec00000|  0%| F|  |TAMS 0x00000000feb00000, 0x00000000feb00000| Untracked 
|  44|0x00000000fec00000, 0x00000000fec00000, 0x00000000fed00000|  0%| F|  |TAMS 0x00000000fec00000, 0x00000000fec00000| Untracked 
|  45|0x00000000fed00000, 0x00000000fed00000, 0x00000000fee00000|  0%| F|  |TAMS 0x00000000fed00000, 0x00000000fed00000| Untracked 
|  46|0x00000000fee00000, 0x00000000fee00000, 0x00000000fef00000|  0%| F|  |TAMS 0x00000000fee00000, 0x00000000fee00000| Untracked 
|  47|0x00000000fef00000, 0x00000000fef00000, 0x00000000ff000000|  0%| F|  |TAMS 0x00000000fef00000, 0x00000000fef00000| Untracked 
|  48|0x00000000ff000000, 0x00000000ff000000, 0x00000000ff100000|  0%| F|  |TAMS 0x00000000ff000000, 0x00000000ff000000| Untracked 
|  49|0x00000000ff100000, 0x00000000ff100000, 0x00000000ff200000|  0%| F|  |TAMS 0x00000000ff100000, 0x00000000ff100000| Untracked 
|  50|0x00000000ff200000, 0x00000000ff200000, 0x00000000ff300000|  0%| F|  |TAMS 0x00000000ff200000, 0x00000000ff200000| Untracked 
|  51|0x00000000ff300000, 0x00000000ff300000, 0x00000000ff400000|  0%| F|  |TAMS 0x00000000ff300000, 0x00000000ff300000| Untracked 
|  52|0x00000000ff400000, 0x00000000ff400000, 0x00000000ff500000|  0%| F|  |TAMS 0x00000000ff400000, 0x00000000ff400000| Untracked 
|  53|0x00000000ff500000, 0x00000000ff500000, 0x00000000ff600000|  0%| F|  |TAMS 0x00000000ff500000, 0x00000000ff500000| Untracked 
|  54|0x00000000ff600000, 0x00000000ff600000, 0x00000000ff700000|  0%| F|  |TAMS 0x00000000ff600000, 0x00000000ff600000| Untracked 
|  55|0x00000000ff700000, 0x00000000ff700000, 0x00000000ff800000|  0%| F|  |TAMS 0x00000000ff700000, 0x00000000ff700000| Untracked 
|  56|0x00000000ff800000, 0x00000000ff800000, 0x00000000ff900000|  0%| F|  |TAMS 0x00000000ff800000, 0x00000000ff800000| Untracked 
|  57|0x00000000ff900000, 0x00000000ff900000, 0x00000000ffa00000|  0%| F|  |TAMS 0x00000000ff900000, 0x00000000ff900000| Untracked 
|  58|0x00000000ffa00000, 0x00000000ffa00000, 0x00000000ffb00000|  0%| F|  |TAMS 0x00000000ffa00000, 0x00000000ffa00000| Untracked 
|  59|0x00000000ffb00000, 0x00000000ffb00000, 0x00000000ffc00000|  0%| F|  |TAMS 0x00000000ffb00000, 0x00000000ffb00000| Untracked 
|  60|0x00000000ffc00000, 0x00000000ffc00000, 0x00000000ffd00000|  0%| F|  |TAMS 0x00000000ffc00000, 0x00000000ffc00000| Untracked 
|  61|0x00000000ffd00000, 0x00000000ffd7b668, 0x00000000ffe00000| 48%| E|  |TAMS 0x00000000ffd00000, 0x00000000ffd00000| Complete 
|  62|0x00000000ffe00000, 0x00000000fff00000, 0x00000000fff00000|100%| E|CS|TAMS 0x00000000ffe00000, 0x00000000ffe00000| Complete 
|  63|0x00000000fff00000, 0x0000000100000000, 0x0000000100000000|100%| E|CS|TAMS 0x00000000fff00000, 0x00000000fff00000| Complete 

Card table byte_map: [0x0000029b70a30000,0x0000029b70a50000] _byte_map_base: 0x0000029b70250000

Marking Bits (Prev, Next): (CMBitMap*) 0x0000029b70b1e908, (CMBitMap*) 0x0000029b70b1e940
 Prev Bits: [0x0000029b795a0000, 0x0000029b796a0000)
 Next Bits: [0x0000029b796a0000, 0x0000029b797a0000)

Polling page: 0x0000029b6ec90000

Metaspace:

Usage:
  Non-class:      5.86 MB capacity,     5.83 MB (>99%) used,    21.09 KB ( <1%) free+waste,     3.25 KB ( <1%) overhead. 
      Class:    600.00 KB capacity,   560.66 KB ( 93%) used,    37.90 KB (  6%) free+waste,     1.44 KB ( <1%) overhead. 
       Both:      6.44 MB capacity,     6.38 MB (>99%) used,    58.99 KB ( <1%) free+waste,     4.69 KB ( <1%) overhead. 

Virtual space:
  Non-class space:        8.00 MB reserved,       6.00 MB ( 75%) committed 
      Class space:        1.00 GB reserved,     640.00 KB ( <1%) committed 
             Both:        1.01 GB reserved,       6.63 MB ( <1%) committed 

Chunk freelists:
   Non-Class:  18.00 KB
       Class:  8.00 KB
        Both:  26.00 KB

MaxMetaspaceSize: 17179869184.00 GB
CompressedClassSpaceSize: 1.00 GB
Initial GC threshold: 20.80 MB
Current GC threshold: 20.80 MB
CDS: off

CodeHeap 'non-profiled nmethods': size=120000Kb used=51Kb max_used=51Kb free=119948Kb
 bounds [0x0000029b07ad0000, 0x0000029b07d40000, 0x0000029b0f000000]
CodeHeap 'profiled nmethods': size=120000Kb used=258Kb max_used=258Kb free=119741Kb
 bounds [0x0000029b005a0000, 0x0000029b00810000, 0x0000029b07ad0000]
CodeHeap 'non-nmethods': size=5760Kb used=1106Kb max_used=1108Kb free=4654Kb
 bounds [0x0000029b00000000, 0x0000029b00270000, 0x0000029b005a0000]
 total_blobs=556 nmethods=204 adapters=265
 compilation: enabled
              stopped_count=0, restarted_count=0
 full_count=0

Compilation events (20 events):
Event: 5.619 Thread 0x0000029b7c1c1000  195       3       java.util.regex.Pattern::isSupplementary (20 bytes)
Event: 5.619 Thread 0x0000029b7c1c1000 nmethod 195 0x0000029b005dd090 code [0x0000029b005dd240, 0x0000029b005dd4b8]
Event: 5.619 Thread 0x0000029b7c1c1000  196       3       java.lang.Character::isSurrogate (18 bytes)
Event: 5.620 Thread 0x0000029b7c1c1000 nmethod 196 0x0000029b005dd590 code [0x0000029b005dd740, 0x0000029b005dd8b8]
Event: 5.634 Thread 0x0000029b7c1c1000  197       3       java.lang.String::checkIndex (46 bytes)
Event: 5.635 Thread 0x0000029b7c1c1000 nmethod 197 0x0000029b005dd990 code [0x0000029b005ddc20, 0x0000029b005de5b8]
Event: 5.636 Thread 0x0000029b7c1c1000  198       3       java.lang.String::codePointAt (50 bytes)
Event: 5.636 Thread 0x0000029b7c1c1000 nmethod 198 0x0000029b005de990 code [0x0000029b005deb80, 0x0000029b005def08]
Event: 5.636 Thread 0x0000029b7c1c1000  200       3       java.util.regex.Pattern::next (33 bytes)
Event: 5.637 Thread 0x0000029b7c1c1000 nmethod 200 0x0000029b005df090 code [0x0000029b005df260, 0x0000029b005df4c8]
Event: 5.637 Thread 0x0000029b7c1c1000  199       3       java.lang.Character::charCount (12 bytes)
Event: 5.637 Thread 0x0000029b7c1c1000 nmethod 199 0x0000029b005df610 code [0x0000029b005df7c0, 0x0000029b005df8f8]
Event: 5.637 Thread 0x0000029b7c1c1000  201       3       java.util.regex.Pattern::append (39 bytes)
Event: 5.638 Thread 0x0000029b7c1c1000 nmethod 201 0x0000029b005df990 code [0x0000029b005dfb60, 0x0000029b005dfea8]
Event: 5.638 Thread 0x0000029b7c1c1000  202       3       java.util.regex.Pattern::peek (26 bytes)
Event: 5.638 Thread 0x0000029b7c1c1000 nmethod 202 0x0000029b005e0010 code [0x0000029b005e01e0, 0x0000029b005e0448]
Event: 5.639 Thread 0x0000029b7c1c1000  203       3       java.util.regex.Pattern$Node::<init> (12 bytes)
Event: 5.639 Thread 0x0000029b7c1c1000 nmethod 203 0x0000029b005e0590 code [0x0000029b005e0740, 0x0000029b005e08f8]
Event: 5.640 Thread 0x0000029b7c1c1000  204       3       java.util.regex.Pattern::closure (365 bytes)
Event: 5.642 Thread 0x0000029b7c218000  207       4       java.util.regex.Pattern::isSupplementary (20 bytes)

GC Heap History (0 events):
No events

Deoptimization events (4 events):
Event: 2.676 Thread 0x0000029b70afd800 Uncommon trap: trap_request=0xffffff4d fr.pc=0x0000029b07ad44a4 relative=0x0000000000000184
Event: 2.676 Thread 0x0000029b70afd800 Uncommon trap: reason=unstable_if action=reinterpret pc=0x0000029b07ad44a4 method=java.lang.String.hashCode()I @ 14 c2
Event: 2.676 Thread 0x0000029b70afd800 DEOPT PACKING pc=0x0000029b07ad44a4 sp=0x000000b9160fd8a0
Event: 2.676 Thread 0x0000029b70afd800 DEOPT UNPACKING pc=0x0000029b0004a1af sp=0x000000b9160fd838 mode 2

Classes redefined (0 events):
No events

Internal exceptions (0 events):
No events

Events (20 events):
Event: 5.598 loading class sun/nio/ch/NativeDispatcher
Event: 5.598 loading class sun/nio/ch/NativeDispatcher done
Event: 5.598 loading class sun/nio/ch/FileDispatcher done
Event: 5.598 loading class sun/nio/ch/FileDispatcherImpl done
Event: 5.600 loading class sun/nio/ch/FileLockImpl
Event: 5.600 loading class java/nio/channels/FileLock
Event: 5.600 loading class java/nio/channels/FileLock done
Event: 5.600 loading class sun/nio/ch/FileLockImpl done
Event: 5.601 loading class sun/nio/ch/NativeThread
Event: 5.601 loading class sun/nio/ch/NativeThread done
Event: 5.601 loading class sun/nio/ch/FileLockTable
Event: 5.606 loading class sun/nio/ch/FileLockTable done
Event: 5.607 loading class sun/nio/ch/FileKey
Event: 5.607 loading class sun/nio/ch/FileKey done
Event: 5.607 loading class sun/nio/ch/FileLockTable$FileLockReference
Event: 5.607 loading class sun/nio/ch/FileLockTable$FileLockReference done
Event: 5.610 loading class org/gradle/wrapper/BootstrapMainStarter$1
Event: 5.610 loading class org/gradle/wrapper/BootstrapMainStarter$1 done
Event: 5.642 loading class org/gradle/wrapper/Install$InstallCheck
Event: 5.642 loading class org/gradle/wrapper/Install$InstallCheck done


Dynamic libraries:
0x00007ff703c50000 - 0x00007ff703c5d000 	C:\Program Files\Microsoft\jdk-11.0.18.10-hotspot\bin\java.exe
0x00007ff9c3c10000 - 0x00007ff9c3e27000 	C:\WINDOWS\SYSTEM32\ntdll.dll
0x00007ff9c2920000 - 0x00007ff9c29e4000 	C:\WINDOWS\System32\KERNEL32.DLL
0x00007ff9c0f90000 - 0x00007ff9c1336000 	C:\WINDOWS\System32\KERNELBASE.dll
0x00007ff9c17e0000 - 0x00007ff9c18f1000 	C:\WINDOWS\System32\ucrtbase.dll
0x00007ff9b8570000 - 0x00007ff9b8587000 	C:\Program Files\Microsoft\jdk-11.0.18.10-hotspot\bin\jli.dll
0x00007ff9c1b70000 - 0x00007ff9c1d1e000 	C:\WINDOWS\System32\USER32.dll
0x00007ff9c15c0000 - 0x00007ff9c15e6000 	C:\WINDOWS\System32\win32u.dll
0x00007ff9c1f00000 - 0x00007ff9c1f29000 	C:\WINDOWS\System32\GDI32.dll
0x00007ff9c1340000 - 0x00007ff9c1458000 	C:\WINDOWS\System32\gdi32full.dll
0x00007ff9c1460000 - 0x00007ff9c14fa000 	C:\WINDOWS\System32\msvcp_win.dll
0x00007ff9b8550000 - 0x00007ff9b8565000 	C:\Program Files\Microsoft\jdk-11.0.18.10-hotspot\bin\VCRUNTIME140.dll
0x00007ff9a9690000 - 0x00007ff9a9923000 	C:\WINDOWS\WinSxS\amd64_microsoft.windows.common-controls_6595b64144ccf1df_6.0.22621.2361_none_2712ced57382f843\COMCTL32.dll
0x00007ff9c20b0000 - 0x00007ff9c2157000 	C:\WINDOWS\System32\msvcrt.dll
0x00007ff9c2e80000 - 0x00007ff9c2eb1000 	C:\WINDOWS\System32\IMM32.DLL
0x00007ff9a28b0000 - 0x00007ff9a294b000 	C:\Program Files\Microsoft\jdk-11.0.18.10-hotspot\bin\msvcp140.dll
0x00007ff92b8b0000 - 0x00007ff92c442000 	C:\Program Files\Microsoft\jdk-11.0.18.10-hotspot\bin\server\jvm.dll
0x00007ff9c38f0000 - 0x00007ff9c39a0000 	C:\WINDOWS\System32\ADVAPI32.dll
0x00007ff9c2ed0000 - 0x00007ff9c2f76000 	C:\WINDOWS\System32\sechost.dll
0x00007ff9c2660000 - 0x00007ff9c2777000 	C:\WINDOWS\System32\RPCRT4.dll
0x00007ff9c2ec0000 - 0x00007ff9c2ec8000 	C:\WINDOWS\System32\PSAPI.DLL
0x00007ff9bea90000 - 0x00007ff9bea99000 	C:\WINDOWS\SYSTEM32\WSOCK32.dll
0x00007ff9c3af0000 - 0x00007ff9c3b61000 	C:\WINDOWS\System32\WS2_32.dll
0x00007ff9bc580000 - 0x00007ff9bc5b4000 	C:\WINDOWS\SYSTEM32\WINMM.dll
0x00007ff9beaf0000 - 0x00007ff9beafa000 	C:\WINDOWS\SYSTEM32\VERSION.dll
0x00007ff9c0010000 - 0x00007ff9c0028000 	C:\WINDOWS\SYSTEM32\kernel.appcore.dll
0x00007ff9b9d40000 - 0x00007ff9b9d50000 	C:\Program Files\Microsoft\jdk-11.0.18.10-hotspot\bin\verify.dll
0x00007ff9bdc00000 - 0x00007ff9bde2e000 	C:\WINDOWS\SYSTEM32\DBGHELP.DLL
0x00007ff9c29f0000 - 0x00007ff9c2d7a000 	C:\WINDOWS\System32\combase.dll
0x00007ff9c1970000 - 0x00007ff9c1a47000 	C:\WINDOWS\System32\OLEAUT32.dll
0x00007ff9b9090000 - 0x00007ff9b90c2000 	C:\WINDOWS\SYSTEM32\dbgcore.DLL
0x00007ff9c1760000 - 0x00007ff9c17da000 	C:\WINDOWS\System32\bcryptPrimitives.dll
0x00007ff9b2810000 - 0x00007ff9b2838000 	C:\Program Files\Microsoft\jdk-11.0.18.10-hotspot\bin\java.dll
0x00007ff9b7ca0000 - 0x00007ff9b7caa000 	C:\Program Files\Microsoft\jdk-11.0.18.10-hotspot\bin\jimage.dll
0x00007ff9b27f0000 - 0x00007ff9b2808000 	C:\Program Files\Microsoft\jdk-11.0.18.10-hotspot\bin\zip.dll
0x00007ff9c2f80000 - 0x00007ff9c37d8000 	C:\WINDOWS\System32\SHELL32.dll
0x00007ff9beea0000 - 0x00007ff9bf792000 	C:\WINDOWS\SYSTEM32\windows.storage.dll
0x00007ff9bed60000 - 0x00007ff9bee9e000 	C:\WINDOWS\SYSTEM32\wintypes.dll
0x00007ff9c2d80000 - 0x00007ff9c2e73000 	C:\WINDOWS\System32\SHCORE.dll
0x00007ff9c1f30000 - 0x00007ff9c1f8e000 	C:\WINDOWS\System32\shlwapi.dll
0x00007ff9c0ec0000 - 0x00007ff9c0ee6000 	C:\WINDOWS\SYSTEM32\profapi.dll
0x00007ff9a6f30000 - 0x00007ff9a6f49000 	C:\Program Files\Microsoft\jdk-11.0.18.10-hotspot\bin\net.dll
0x00007ff9bc9c0000 - 0x00007ff9bcaf7000 	C:\WINDOWS\SYSTEM32\WINHTTP.dll
0x00007ff9c0510000 - 0x00007ff9c0579000 	C:\WINDOWS\system32\mswsock.dll
0x00007ff9a6f10000 - 0x00007ff9a6f23000 	C:\Program Files\Microsoft\jdk-11.0.18.10-hotspot\bin\nio.dll

dbghelp: loaded successfully - version: 4.0.5 - missing functions: none
symbol engine: initialized successfully - sym options: 0x614 - pdb path: .;C:\Program Files\Microsoft\jdk-11.0.18.10-hotspot\bin;C:\WINDOWS\SYSTEM32;C:\WINDOWS\WinSxS\amd64_microsoft.windows.common-controls_6595b64144ccf1df_6.0.22621.2361_none_2712ced57382f843;C:\Program Files\Microsoft\jdk-11.0.18.10-hotspot\bin\server

VM Arguments:
jvm_args: -Xmx64m -Xms64m -Dorg.gradle.appname=gradlew 
java_command: org.gradle.wrapper.GradleWrapperMain tasks
java_class_path (initial): D:\Assignment_Five_SignInPage\android\\gradle\wrapper\gradle-wrapper.jar
Launcher Type: SUN_STANDARD

[Global flags]
     intx CICompilerCount                          = 4                                         {product} {ergonomic}
     uint ConcGCThreads                            = 2                                         {product} {ergonomic}
     uint G1ConcRefinementThreads                  = 8                                         {product} {ergonomic}
   size_t G1HeapRegionSize                         = 1048576                                   {product} {ergonomic}
    uintx GCDrainStackTargetSize                   = 64                                        {product} {ergonomic}
   size_t InitialHeapSize                          = 67108864                                  {product} {command line}
   size_t MarkStackSize                            = 4194304                                   {product} {ergonomic}
   size_t MaxHeapSize                              = 67108864                                  {product} {command line}
   size_t MaxNewSize                               = 39845888                                  {product} {ergonomic}
   size_t MinHeapDeltaBytes                        = 1048576                                   {product} {ergonomic}
    uintx NonNMethodCodeHeapSize                   = 5836300                                {pd product} {ergonomic}
    uintx NonProfiledCodeHeapSize                  = 122910970                              {pd product} {ergonomic}
    uintx ProfiledCodeHeapSize                     = 122910970                              {pd product} {ergonomic}
    uintx ReservedCodeCacheSize                    = 251658240                              {pd product} {ergonomic}
     bool SegmentedCodeCache                       = true                                      {product} {ergonomic}
     bool UseCompressedClassPointers               = true                                 {lp64_product} {ergonomic}
     bool UseCompressedOops                        = true                                 {lp64_product} {ergonomic}
     bool UseG1GC                                  = true                                      {product} {ergonomic}
     bool UseLargePagesIndividualAllocation        = false                                  {pd product} {ergonomic}

Logging:
Log output configuration:
 #0: stdout all=warning uptime,level,tags
 #1: stderr all=off uptime,level,tags

Environment Variables:
JAVA_HOME=C:\Program Files\Microsoft\jdk-11.0.18.10-hotspot\
CLASSPATH=D:\Assignment_Five_SignInPage\android\\gradle\wrapper\gradle-wrapper.jar
PATH=D:\Assignment_Five_SignInPage\node_modules\.bin;D:\node_modules\.bin;C:\Users\Sahil Rawat\AppData\Roaming\npm\node_modules\npm\node_modules\@npmcli\run-script\lib\node-gyp-bin;D:\Assignment_Five_SignInPage\node_modules\.bin;D:\node_modules\.bin;C:\Users\Sahil Rawat\AppData\Roaming\npm\node_modules\npm\node_modules\@npmcli\run-script\lib\node-gyp-bin;C:\Program Files\Microsoft\jdk-11.0.18.10-hotspot\bin;C:\Python310\Scripts\;C:\Python310\;C:\Windows\system32;C:\Windows;C:\Windows\System32\Wbem;C:\Windows\System32\WindowsPowerShell\v1.0\;C:\Windows\System32\OpenSSH\;C:\Program Files (x86)\NVIDIA Corporation\PhysX\Common;C:\Program Files\NVIDIA Corporation\NVIDIA NvDLISR;C:\MinGW\bin;C:\Program Files\SourceGear\Common\DiffMerge\;C:\ProgramData\chocolatey\bin;C:\WINDOWS\system32;C:\WINDOWS;C:\WINDOWS\System32\Wbem;C:\WINDOWS\System32\WindowsPowerShell\v1.0\;C:\WINDOWS\System32\OpenSSH\;C:\Users\Sahil Rawat\AppData\Roaming\nvm;C:\Program Files\nodejs;C:\Users\Sahil Rawat\AppData\Local\Android\Sdk\platform-tools;C:\Program Files\Git\cmd;C:\Users\Sahil Rawat\AppData\Local\Microsoft\WindowsApps;C:\Program Files\Java\jdk-16.0.2\bin;C:\Users\Sahil Rawat\AppData\Local\Programs\Hyper\resources\bin;C:\Program Files\heroku\bin;C:\Users\Sahil Rawat\AppData\Local\Programs\Microsoft VS Code\bin;C:\Users\Sahil Rawat\AppData\Roaming\npm;C:\Users\Sahil Rawat\AppData\Roaming\nvm;C:\Program Files\nodejs
USERNAME=Sahil Rawat
LANG=en_US.UTF-8
OS=Windows_NT
PROCESSOR_IDENTIFIER=AMD64 Family 23 Model 24 Stepping 1, AuthenticAMD
TMP=C:\Users\SAHILR~1\AppData\Local\Temp
TEMP=C:\Users\SAHILR~1\AppData\Local\Temp



---------------  S Y S T E M  ---------------

OS: Windows 11 , 64 bit Build 22621 (10.0.22621.2361)
OS uptime: 1 days 22:21 hours
Hyper-V role detected

CPU:total 8 (initial active 8) (8 cores per cpu, 2 threads per core) family 23 model 24 stepping 1 microcode 0x0, cmov, cx8, fxsr, mmx, sse, sse2, sse3, ssse3, sse4.1, sse4.2, popcnt, avx, avx2, aes, clmul, mmxext, 3dnowpref, lzcnt, sse4a, ht, tsc, tscinvbit, tscinv, bmi1, bmi2, adx, sha, fma

Memory: 4k page, system-wide physical 6081M (84M free)
TotalPageFile size 24513M (AvailPageFile size 0M)
current process WorkingSet (physical memory assigned to process): 33M, peak: 33M
current process commit charge ("private bytes"): 138M, peak: 138M

vm_info: OpenJDK 64-Bit Server VM (11.0.18+10-LTS) for windows-amd64 JRE (11.0.18+10-LTS), built on Jan 18 2023 15:56:47 by "MicrosoftCorporation" with MS VC++ 15.9 (VS2017)

END.
