#
# There is insufficient memory for the Java Runtime Environment to continue.
# Native memory allocation (malloc) failed to allocate 942096 bytes for Chunk::new
# Possible reasons:
#   The system is out of physical RAM or swap space
#   The process is running with CompressedOops enabled, and the Java Heap may be blocking the growth of the native heap
# Possible solutions:
#   Reduce memory load on the system
#   Increase physical memory or swap space
#   Check if swap backing store is full
#   Decrease Java heap size (-Xmx/-Xms)
#   Decrease number of Java threads
#   Decrease Java thread stack sizes (-Xss)
#   Set larger code cache with -XX:ReservedCodeCacheSize=
#   JVM is running with Unscaled Compressed Oops mode in which the Java heap is
#     placed in the first 4GB address space. The Java Heap base address is the
#     maximum limit for the native heap growth. Please use -XX:HeapBaseMinAddress
#     to set the Java Heap base and to place the Java Heap above 4GB virtual address.
# This output file may be truncated or incomplete.
#
#  Out of Memory Error (./src/hotspot/share/memory/arena.cpp:197), pid=29936, tid=30848
#
# JRE version: OpenJDK Runtime Environment Microsoft-7208460 (11.0.18+10) (build 11.0.18+10-LTS)
# Java VM: OpenJDK 64-Bit Server VM Microsoft-7208460 (11.0.18+10-LTS, mixed mode, tiered, compressed oops, g1 gc, windows-amd64)
# No core dump will be written. Minidumps are not enabled by default on client versions of Windows
#

---------------  S U M M A R Y ------------

Command Line: -XX:MaxMetaspaceSize=512m --add-opens=java.base/java.util=ALL-UNNAMED --add-opens=java.base/java.lang=ALL-UNNAMED --add-opens=java.base/java.lang.invoke=ALL-UNNAMED --add-opens=java.prefs/java.util.prefs=ALL-UNNAMED --add-opens=java.base/java.nio.charset=ALL-UNNAMED --add-opens=java.base/java.net=ALL-UNNAMED --add-opens=java.base/java.util.concurrent.atomic=ALL-UNNAMED -Xmx2048m -Dfile.encoding=windows-1252 -Duser.country=IN -Duser.language=en -Duser.variant org.gradle.launcher.daemon.bootstrap.GradleDaemon 8.0.1

Host: AMD Ryzen 5 3550H with Radeon Vega Mobile Gfx  , 8 cores, 5G,  Windows 11 , 64 bit Build 22621 (10.0.22621.2361)
Time: Fri Sep 29 10:36:37 2023 India Standard Time elapsed time: 643.222968 seconds (0d 0h 10m 43s)

---------------  T H R E A D  ---------------

Current thread (0x000001e0f1471000):  JavaThread "C2 CompilerThread0" daemon [_thread_in_native, id=30848, stack(0x00000095a4d00000,0x00000095a4e00000)]


Current CompileTask:
C2: 643223 8884       4       org.gradle.cache.internal.btree.CachingBlockStore::read (56 bytes)

Stack: [0x00000095a4d00000,0x00000095a4e00000]
Native frames: (J=compiled Java code, j=interpreted, Vv=VM code, C=native code)
V  [jvm.dll+0x62bf8a]
V  [jvm.dll+0x7b8fb9]
V  [jvm.dll+0x7ba6a8]
V  [jvm.dll+0x7bad83]
V  [jvm.dll+0x250248]
V  [jvm.dll+0xc260c]
V  [jvm.dll+0xc2bcc]
V  [jvm.dll+0x35e1c7]
V  [jvm.dll+0x32a373]
V  [jvm.dll+0x3296aa]
V  [jvm.dll+0x2093b3]
V  [jvm.dll+0x20850d]
V  [jvm.dll+0x18a4b1]
V  [jvm.dll+0x217eec]
V  [jvm.dll+0x21612b]
V  [jvm.dll+0x77bac0]
V  [jvm.dll+0x7749f4]
V  [jvm.dll+0x62adf5]
C  [ucrtbase.dll+0x29363]
C  [KERNEL32.DLL+0x1257d]
C  [ntdll.dll+0x5aa78]


---------------  P R O C E S S  ---------------

Threads class SMR info:
_java_thread_list=0x000001e0f6fd2400, length=133, elements={
0x000001e0d027c000, 0x000001e0f144c000, 0x000001e0f1456800, 0x000001e0f1469000,
0x000001e0f146c000, 0x000001e0f146c800, 0x000001e0f1471000, 0x000001e0f1e21800,
0x000001e0f1e23800, 0x000001e0f1f24800, 0x000001e0f2b03800, 0x000001e0f2662000,
0x000001e0f3297800, 0x000001e0f3601000, 0x000001e0f2f02800, 0x000001e0f2fc4800,
0x000001e0f3836000, 0x000001e0f2797000, 0x000001e0f2ed3000, 0x000001e0f3942800,
0x000001e0f393f800, 0x000001e0f3941000, 0x000001e0f393d000, 0x000001e0f393e800,
0x000001e0f3942000, 0x000001e0f3940000, 0x000001e0f3943800, 0x000001e0f4b4e800,
0x000001e0f4b52800, 0x000001e0f4b4f800, 0x000001e0f4b4d000, 0x000001e0f4b51000,
0x000001e0f4b53800, 0x000001e0f4b50000, 0x000001e0f4b4d800, 0x000001e0f4b54000,
0x000001e0f4b58000, 0x000001e0f4b57800, 0x000001e0f4b55000, 0x000001e0f4b5b800,
0x000001e0f4b56000, 0x000001e0f4b59000, 0x000001e0f4b5a000, 0x000001e0f4b5a800,
0x000001e0f393d800, 0x000001e0f46c0800, 0x000001e0f46bf800, 0x000001e0f46be000,
0x000001e0f46bf000, 0x000001e0f46c1800, 0x000001e0f46bb800, 0x000001e0f46c2000,
0x000001e0f46bd800, 0x000001e0f46bc800, 0x000001e0f46c4800, 0x000001e0f46c4000,
0x000001e0f46c6000, 0x000001e0f46c5800, 0x000001e0f46c7000, 0x000001e0f46c8000,
0x000001e0f46c8800, 0x000001e0f46c3000, 0x000001e0f46c9800, 0x000001e0f46ca800,
0x000001e0f47e9800, 0x000001e0f47e8800, 0x000001e0f47e7000, 0x000001e0f47e5000,
0x000001e0f47ea000, 0x000001e0f47eb000, 0x000001e0f47ec000, 0x000001e0f47e6000,
0x000001e0f47ec800, 0x000001e0f47ed800, 0x000001e0f47e7800, 0x000001e0f47ef000,
0x000001e0f47f0800, 0x000001e0f47f1800, 0x000001e0f47f0000, 0x000001e0f47f4000,
0x000001e0f47f2800, 0x000001e0f47f3000, 0x000001e0f47ee000, 0x000001e0f4b56800,
0x000001e0f7f08800, 0x000001e0f7f0b000, 0x000001e0f7f06000, 0x000001e0f7f05000,
0x000001e0f7f09800, 0x000001e0f7f0a000, 0x000001e0f7f0b800, 0x000001e0f7f0c800,
0x000001e0f7f07000, 0x000001e0f7f0d800, 0x000001e0f7f07800, 0x000001e0f7f0e000,
0x000001e0f7f14000, 0x000001e0f7f0f000, 0x000001e0f7f10000, 0x000001e0f7f10800,
0x000001e0f7f13000, 0x000001e0f7f11800, 0x000001e0f7f12000, 0x000001e0f7f6f000,
0x000001e0f7f6e800, 0x000001e0f7f70000, 0x000001e0f7f71000, 0x000001e0f7f71800,
0x000001e0f7f72800, 0x000001e0f7f73800, 0x000001e0f7f6d800, 0x000001e0f7f77800,
0x000001e0f7f78000, 0x000001e0f7f74000, 0x000001e0f7f75800, 0x000001e0f7f76800,
0x000001e0f7f79000, 0x000001e0f7f7a000, 0x000001e0f7f7a800, 0x000001e0f7f75000,
0x000001e0f7f7c000, 0x000001e0f7f7b800, 0x000001e0f8294000, 0x000001e0f8296000,
0x000001e0f8298800, 0x000001e0f829a800, 0x000001e0f8295000, 0x000001e0f829c800,
0x000001e0f8296800, 0x000001e0f829d000, 0x000001e0f8297800, 0x000001e0f829b800,
0x000001e0f8299000
}

Java Threads: ( => current thread )
  0x000001e0d027c000 JavaThread "main" [_thread_blocked, id=25696, stack(0x00000095a4100000,0x00000095a4200000)]
  0x000001e0f144c000 JavaThread "Reference Handler" daemon [_thread_blocked, id=25560, stack(0x00000095a4800000,0x00000095a4900000)]
  0x000001e0f1456800 JavaThread "Finalizer" daemon [_thread_blocked, id=9028, stack(0x00000095a4900000,0x00000095a4a00000)]
  0x000001e0f1469000 JavaThread "Signal Dispatcher" daemon [_thread_blocked, id=9060, stack(0x00000095a4a00000,0x00000095a4b00000)]
  0x000001e0f146c000 JavaThread "Attach Listener" daemon [_thread_blocked, id=20484, stack(0x00000095a4b00000,0x00000095a4c00000)]
  0x000001e0f146c800 JavaThread "Service Thread" daemon [_thread_blocked, id=14360, stack(0x00000095a4c00000,0x00000095a4d00000)]
=>0x000001e0f1471000 JavaThread "C2 CompilerThread0" daemon [_thread_in_native, id=30848, stack(0x00000095a4d00000,0x00000095a4e00000)]
  0x000001e0f1e21800 JavaThread "C1 CompilerThread0" daemon [_thread_blocked, id=32940, stack(0x00000095a4e00000,0x00000095a4f00000)]
  0x000001e0f1e23800 JavaThread "Sweeper thread" daemon [_thread_blocked, id=6816, stack(0x00000095a4f00000,0x00000095a5000000)]
  0x000001e0f1f24800 JavaThread "Common-Cleaner" daemon [_thread_blocked, id=30208, stack(0x00000095a5000000,0x00000095a5100000)]
  0x000001e0f2b03800 JavaThread "Daemon health stats" [_thread_blocked, id=24852, stack(0x00000095a3e00000,0x00000095a3f00000)]
  0x000001e0f2662000 JavaThread "Incoming local TCP Connector on port 65197" [_thread_in_native, id=35704, stack(0x00000095a5600000,0x00000095a5700000)]
  0x000001e0f3297800 JavaThread "Daemon periodic checks" [_thread_blocked, id=32652, stack(0x00000095a5700000,0x00000095a5800000)]
  0x000001e0f3601000 JavaThread "Daemon" [_thread_blocked, id=13096, stack(0x00000095a5800000,0x00000095a5900000)]
  0x000001e0f2f02800 JavaThread "Handler for socket connection from /127.0.0.1:65197 to /127.0.0.1:65209" [_thread_in_native, id=26128, stack(0x00000095a5900000,0x00000095a5a00000)]
  0x000001e0f2fc4800 JavaThread "Cancel handler" [_thread_blocked, id=27712, stack(0x00000095a5c00000,0x00000095a5d00000)]
  0x000001e0f3836000 JavaThread "Daemon worker" [_thread_blocked, id=14520, stack(0x00000095a5d00000,0x00000095a5e00000)]
  0x000001e0f2797000 JavaThread "Asynchronous log dispatcher for DefaultDaemonConnection: socket connection from /127.0.0.1:65197 to /127.0.0.1:65209" [_thread_blocked, id=29056, stack(0x00000095a5e00000,0x00000095a5f00000)]
  0x000001e0f2ed3000 JavaThread "Daemon client event forwarder" [_thread_blocked, id=18588, stack(0x00000095a6000000,0x00000095a6100000)]
  0x000001e0f3942800 JavaThread "Cache worker for journal cache (C:\Users\Sahil Rawat\.gradle\caches\journal-1)" [_thread_blocked, id=33748, stack(0x00000095a6600000,0x00000095a6700000)]
  0x000001e0f393f800 JavaThread "File lock request listener" [_thread_in_native, id=32432, stack(0x00000095a6700000,0x00000095a6800000)]
  0x000001e0f3941000 JavaThread "Cache worker for file hash cache (C:\Users\Sahil Rawat\.gradle\caches\8.0.1\fileHashes)" [_thread_blocked, id=11212, stack(0x00000095a6800000,0x00000095a6900000)]
  0x000001e0f393d000 JavaThread "File watcher server" daemon [_thread_in_native, id=25540, stack(0x00000095a3f00000,0x00000095a4000000)]
  0x000001e0f393e800 JavaThread "File watcher consumer" daemon [_thread_blocked, id=25536, stack(0x00000095a6a00000,0x00000095a6b00000)]
  0x000001e0f3942000 JavaThread "Cache worker for checksums cache (D:\Assignment_Five_SignInPage\android\.gradle\8.0.1\checksums)" [_thread_blocked, id=15060, stack(0x00000095a4000000,0x00000095a4100000)]
  0x000001e0f3940000 JavaThread "Cache worker for cache directory md-rule (C:\Users\Sahil Rawat\.gradle\caches\8.0.1\md-rule)" [_thread_blocked, id=5596, stack(0x00000095a6b00000,0x00000095a6c00000)]
  0x000001e0f3943800 JavaThread "Cache worker for file content cache (C:\Users\Sahil Rawat\.gradle\caches\8.0.1\fileContent)" [_thread_blocked, id=33660, stack(0x00000095a6c00000,0x00000095a6d00000)]
  0x000001e0f4b4e800 JavaThread "Cache worker for file hash cache (D:\Assignment_Five_SignInPage\android\.gradle\8.0.1\fileHashes)" [_thread_blocked, id=30416, stack(0x00000095a6d00000,0x00000095a6e00000)]
  0x000001e0f4b52800 JavaThread "Cache worker for cache directory md-supplier (C:\Users\Sahil Rawat\.gradle\caches\8.0.1\md-supplier)" [_thread_blocked, id=23200, stack(0x00000095a6e00000,0x00000095a6f00000)]
  0x000001e0f4b4f800 JavaThread "Cache worker for execution history cache (C:\Users\Sahil Rawat\.gradle\caches\8.0.1\executionHistory)" [_thread_blocked, id=20648, stack(0x00000095a6f00000,0x00000095a7000000)]
  0x000001e0f4b4d000 JavaThread "jar transforms" [_thread_blocked, id=12396, stack(0x00000095a7000000,0x00000095a7100000)]
  0x000001e0f4b51000 JavaThread "jar transforms Thread 2" [_thread_blocked, id=28076, stack(0x00000095a7100000,0x00000095a7200000)]
  0x000001e0f4b53800 JavaThread "jar transforms Thread 3" [_thread_blocked, id=34092, stack(0x00000095a7200000,0x00000095a7300000)]
  0x000001e0f4b50000 JavaThread "jar transforms Thread 4" [_thread_blocked, id=30660, stack(0x00000095a7300000,0x00000095a7400000)]
  0x000001e0f4b4d800 JavaThread "Cache worker for kotlin-dsl (C:\Users\Sahil Rawat\.gradle\caches\8.0.1\kotlin-dsl)" [_thread_blocked, id=29556, stack(0x00000095a5a00000,0x00000095a5b00000)]
  0x000001e0f4b54000 JavaThread "jar transforms Thread 5" [_thread_blocked, id=18636, stack(0x00000095a5f00000,0x00000095a6000000)]
  0x000001e0f4b58000 JavaThread "jar transforms Thread 6" [_thread_blocked, id=18356, stack(0x00000095a6900000,0x00000095a6a00000)]
  0x000001e0f4b57800 JavaThread "Cache worker for dependencies-accessors (D:\Assignment_Five_SignInPage\android\.gradle\8.0.1\dependencies-accessors)" [_thread_blocked, id=28580, stack(0x00000095a7400000,0x00000095a7500000)]
  0x000001e0f4b55000 JavaThread "Cache worker for Build Output Cleanup Cache (D:\Assignment_Five_SignInPage\node_modules\@react-native\gradle-plugin\.gradle\buildOutputCleanup)" [_thread_blocked, id=32412, stack(0x00000095a7500000,0x00000095a7600000)]
  0x000001e0f4b5b800 JavaThread "jar transforms Thread 7" [_thread_blocked, id=23132, stack(0x00000095a7600000,0x00000095a7700000)]
  0x000001e0f4b56000 JavaThread "File lock release action executor Thread 3" [_thread_blocked, id=7768, stack(0x00000095a7700000,0x00000095a7800000)]
  0x000001e0f4b59000 JavaThread "Unconstrained build operations" [_thread_blocked, id=34164, stack(0x00000095a7900000,0x00000095a7a00000)]
  0x000001e0f4b5a000 JavaThread "Unconstrained build operations Thread 2" [_thread_blocked, id=32896, stack(0x00000095a7a00000,0x00000095a7b00000)]
  0x000001e0f4b5a800 JavaThread "Unconstrained build operations Thread 3" [_thread_blocked, id=34596, stack(0x00000095a7b00000,0x00000095a7c00000)]
  0x000001e0f393d800 JavaThread "Unconstrained build operations Thread 4" [_thread_blocked, id=28272, stack(0x00000095a7c00000,0x00000095a7d00000)]
  0x000001e0f46c0800 JavaThread "Unconstrained build operations Thread 5" [_thread_blocked, id=9132, stack(0x00000095a7d00000,0x00000095a7e00000)]
  0x000001e0f46bf800 JavaThread "Unconstrained build operations Thread 6" [_thread_blocked, id=3100, stack(0x00000095a7e00000,0x00000095a7f00000)]
  0x000001e0f46be000 JavaThread "Unconstrained build operations Thread 7" [_thread_blocked, id=33212, stack(0x00000095a7f00000,0x00000095a8000000)]
  0x000001e0f46bf000 JavaThread "Unconstrained build operations Thread 8" [_thread_blocked, id=26368, stack(0x00000095a8000000,0x00000095a8100000)]
  0x000001e0f46c1800 JavaThread "Unconstrained build operations Thread 9" [_thread_blocked, id=31364, stack(0x00000095a8100000,0x00000095a8200000)]
  0x000001e0f46bb800 JavaThread "Unconstrained build operations Thread 10" [_thread_blocked, id=26204, stack(0x00000095a8200000,0x00000095a8300000)]
  0x000001e0f46c2000 JavaThread "Unconstrained build operations Thread 11" [_thread_blocked, id=19568, stack(0x00000095a8300000,0x00000095a8400000)]
  0x000001e0f46bd800 JavaThread "Unconstrained build operations Thread 12" [_thread_blocked, id=29644, stack(0x00000095a8400000,0x00000095a8500000)]
  0x000001e0f46bc800 JavaThread "Unconstrained build operations Thread 13" [_thread_blocked, id=29460, stack(0x00000095a8500000,0x00000095a8600000)]
  0x000001e0f46c4800 JavaThread "Unconstrained build operations Thread 14" [_thread_blocked, id=30592, stack(0x00000095a8600000,0x00000095a8700000)]
  0x000001e0f46c4000 JavaThread "Unconstrained build operations Thread 15" [_thread_blocked, id=27692, stack(0x00000095a8700000,0x00000095a8800000)]
  0x000001e0f46c6000 JavaThread "Unconstrained build operations Thread 16" [_thread_blocked, id=32628, stack(0x00000095a8800000,0x00000095a8900000)]
  0x000001e0f46c5800 JavaThread "Unconstrained build operations Thread 17" [_thread_blocked, id=29592, stack(0x00000095a8900000,0x00000095a8a00000)]
  0x000001e0f46c7000 JavaThread "Unconstrained build operations Thread 18" [_thread_blocked, id=29456, stack(0x00000095a8a00000,0x00000095a8b00000)]
  0x000001e0f46c8000 JavaThread "Unconstrained build operations Thread 19" [_thread_blocked, id=8836, stack(0x00000095a8b00000,0x00000095a8c00000)]
  0x000001e0f46c8800 JavaThread "Unconstrained build operations Thread 20" [_thread_blocked, id=25916, stack(0x00000095a8c00000,0x00000095a8d00000)]
  0x000001e0f46c3000 JavaThread "Unconstrained build operations Thread 21" [_thread_blocked, id=29884, stack(0x00000095a8d00000,0x00000095a8e00000)]
  0x000001e0f46c9800 JavaThread "Unconstrained build operations Thread 22" [_thread_blocked, id=24936, stack(0x00000095a8e00000,0x00000095a8f00000)]
  0x000001e0f46ca800 JavaThread "Unconstrained build operations Thread 23" [_thread_blocked, id=31448, stack(0x00000095a8f00000,0x00000095a9000000)]
  0x000001e0f47e9800 JavaThread "Unconstrained build operations Thread 24" [_thread_blocked, id=20148, stack(0x00000095a9000000,0x00000095a9100000)]
  0x000001e0f47e8800 JavaThread "Unconstrained build operations Thread 25" [_thread_blocked, id=11420, stack(0x00000095a9100000,0x00000095a9200000)]
  0x000001e0f47e7000 JavaThread "Unconstrained build operations Thread 26" [_thread_blocked, id=4864, stack(0x00000095a9200000,0x00000095a9300000)]
  0x000001e0f47e5000 JavaThread "jar transforms Thread 8" [_thread_blocked, id=4600, stack(0x00000095a9300000,0x00000095a9400000)]
  0x000001e0f47ea000 JavaThread "Memory manager" [_thread_blocked, id=25500, stack(0x00000095a9400000,0x00000095a9500000)]
  0x000001e0f47eb000 JavaThread "Cache worker for Build Output Cleanup Cache (D:\Assignment_Five_SignInPage\android\.gradle\buildOutputCleanup)" [_thread_blocked, id=34116, stack(0x00000095a5b00000,0x00000095a5c00000)]
  0x000001e0f47ec000 JavaThread "included builds" [_thread_blocked, id=32616, stack(0x00000095a7800000,0x00000095a7900000)]
  0x000001e0f47e6000 JavaThread "Execution worker" [_thread_blocked, id=27212, stack(0x00000095a9500000,0x00000095a9600000)]
  0x000001e0f47ec800 JavaThread "Execution worker Thread 2" [_thread_blocked, id=34044, stack(0x00000095a9600000,0x00000095a9700000)]
  0x000001e0f47ed800 JavaThread "Execution worker Thread 3" [_thread_blocked, id=34120, stack(0x00000095a9700000,0x00000095a9800000)]
  0x000001e0f47e7800 JavaThread "Execution worker Thread 4" [_thread_blocked, id=34656, stack(0x00000095a9800000,0x00000095a9900000)]
  0x000001e0f47ef000 JavaThread "Execution worker Thread 5" [_thread_blocked, id=5920, stack(0x00000095a9900000,0x00000095a9a00000)]
  0x000001e0f47f0800 JavaThread "Execution worker Thread 6" [_thread_blocked, id=31656, stack(0x00000095a9a00000,0x00000095a9b00000)]
  0x000001e0f47f1800 JavaThread "Execution worker Thread 7" [_thread_blocked, id=17448, stack(0x00000095a9b00000,0x00000095a9c00000)]
  0x000001e0f47f0000 JavaThread "Cache worker for execution history cache (D:\Assignment_Five_SignInPage\node_modules\@react-native\gradle-plugin\.gradle\8.0.1\executionHistory)" [_thread_blocked, id=28312, stack(0x00000095a9c00000,0x00000095a9d00000)]
  0x000001e0f47f4000 JavaThread "Unconstrained build operations Thread 27" [_thread_blocked, id=7656, stack(0x00000095a9d00000,0x00000095a9e00000)]
  0x000001e0f47f2800 JavaThread "Unconstrained build operations Thread 28" [_thread_blocked, id=33824, stack(0x00000095a9e00000,0x00000095a9f00000)]
  0x000001e0f47f3000 JavaThread "Unconstrained build operations Thread 29" [_thread_blocked, id=29416, stack(0x00000095a9f00000,0x00000095aa000000)]
  0x000001e0f47ee000 JavaThread "Unconstrained build operations Thread 30" [_thread_blocked, id=30596, stack(0x00000095aa000000,0x00000095aa100000)]
  0x000001e0f4b56800 JavaThread "Unconstrained build operations Thread 31" [_thread_blocked, id=23252, stack(0x00000095aa100000,0x00000095aa200000)]
  0x000001e0f7f08800 JavaThread "Unconstrained build operations Thread 32" [_thread_blocked, id=30708, stack(0x00000095aa200000,0x00000095aa300000)]
  0x000001e0f7f0b000 JavaThread "Unconstrained build operations Thread 33" [_thread_blocked, id=33816, stack(0x00000095aa300000,0x00000095aa400000)]
  0x000001e0f7f06000 JavaThread "Unconstrained build operations Thread 34" [_thread_blocked, id=31604, stack(0x00000095aa400000,0x00000095aa500000)]
  0x000001e0f7f05000 JavaThread "Unconstrained build operations Thread 35" [_thread_blocked, id=27332, stack(0x00000095aa500000,0x00000095aa600000)]
  0x000001e0f7f09800 JavaThread "Unconstrained build operations Thread 36" [_thread_blocked, id=16008, stack(0x00000095aa600000,0x00000095aa700000)]
  0x000001e0f7f0a000 JavaThread "Unconstrained build operations Thread 37" [_thread_blocked, id=28640, stack(0x00000095aa700000,0x00000095aa800000)]
  0x000001e0f7f0b800 JavaThread "Unconstrained build operations Thread 38" [_thread_blocked, id=28776, stack(0x00000095aa800000,0x00000095aa900000)]
  0x000001e0f7f0c800 JavaThread "Unconstrained build operations Thread 39" [_thread_blocked, id=4628, stack(0x00000095aa900000,0x00000095aaa00000)]
  0x000001e0f7f07000 JavaThread "Unconstrained build operations Thread 40" [_thread_blocked, id=32444, stack(0x00000095aaa00000,0x00000095aab00000)]
  0x000001e0f7f0d800 JavaThread "Unconstrained build operations Thread 41" [_thread_blocked, id=19340, stack(0x00000095aab00000,0x00000095aac00000)]
  0x000001e0f7f07800 JavaThread "Unconstrained build operations Thread 42" [_thread_blocked, id=28216, stack(0x00000095aac00000,0x00000095aad00000)]
  0x000001e0f7f0e000 JavaThread "Unconstrained build operations Thread 43" [_thread_blocked, id=20056, stack(0x00000095aad00000,0x00000095aae00000)]
  0x000001e0f7f14000 JavaThread "Unconstrained build operations Thread 44" [_thread_blocked, id=18692, stack(0x00000095aae00000,0x00000095aaf00000)]
  0x000001e0f7f0f000 JavaThread "Unconstrained build operations Thread 45" [_thread_blocked, id=25976, stack(0x00000095aaf00000,0x00000095ab000000)]
  0x000001e0f7f10000 JavaThread "Unconstrained build operations Thread 46" [_thread_blocked, id=18236, stack(0x00000095ab000000,0x00000095ab100000)]
  0x000001e0f7f10800 JavaThread "Unconstrained build operations Thread 47" [_thread_blocked, id=19436, stack(0x00000095ab100000,0x00000095ab200000)]
  0x000001e0f7f13000 JavaThread "Unconstrained build operations Thread 48" [_thread_blocked, id=32112, stack(0x00000095ab200000,0x00000095ab300000)]
  0x000001e0f7f11800 JavaThread "Unconstrained build operations Thread 49" [_thread_blocked, id=17052, stack(0x00000095ab300000,0x00000095ab400000)]
  0x000001e0f7f12000 JavaThread "Unconstrained build operations Thread 50" [_thread_blocked, id=19704, stack(0x00000095ab400000,0x00000095ab500000)]
  0x000001e0f7f6f000 JavaThread "Unconstrained build operations Thread 51" [_thread_blocked, id=19216, stack(0x00000095ab500000,0x00000095ab600000)]
  0x000001e0f7f6e800 JavaThread "Unconstrained build operations Thread 52" [_thread_blocked, id=18320, stack(0x00000095ab700000,0x00000095ab800000)]
  0x000001e0f7f70000 JavaThread "Unconstrained build operations Thread 53" [_thread_blocked, id=33324, stack(0x00000095ab800000,0x00000095ab900000)]
  0x000001e0f7f71000 JavaThread "Unconstrained build operations Thread 54" [_thread_blocked, id=10532, stack(0x00000095ab900000,0x00000095aba00000)]
  0x000001e0f7f71800 JavaThread "Unconstrained build operations Thread 55" [_thread_blocked, id=33436, stack(0x00000095aba00000,0x00000095abb00000)]
  0x000001e0f7f72800 JavaThread "Unconstrained build operations Thread 56" [_thread_blocked, id=30076, stack(0x00000095abb00000,0x00000095abc00000)]
  0x000001e0f7f73800 JavaThread "Unconstrained build operations Thread 57" [_thread_blocked, id=21820, stack(0x00000095abc00000,0x00000095abd00000)]
  0x000001e0f7f6d800 JavaThread "Unconstrained build operations Thread 58" [_thread_blocked, id=27368, stack(0x00000095abd00000,0x00000095abe00000)]
  0x000001e0f7f77800 JavaThread "Unconstrained build operations Thread 59" [_thread_blocked, id=15036, stack(0x00000095abe00000,0x00000095abf00000)]
  0x000001e0f7f78000 JavaThread "Unconstrained build operations Thread 60" [_thread_blocked, id=10344, stack(0x00000095abf00000,0x00000095ac000000)]
  0x000001e0f7f74000 JavaThread "Unconstrained build operations Thread 61" [_thread_blocked, id=6132, stack(0x00000095ac000000,0x00000095ac100000)]
  0x000001e0f7f75800 JavaThread "Unconstrained build operations Thread 62" [_thread_blocked, id=25680, stack(0x00000095ac100000,0x00000095ac200000)]
  0x000001e0f7f76800 JavaThread "Unconstrained build operations Thread 63" [_thread_blocked, id=11580, stack(0x00000095ac200000,0x00000095ac300000)]
  0x000001e0f7f79000 JavaThread "Unconstrained build operations Thread 64" [_thread_blocked, id=30752, stack(0x00000095ac300000,0x00000095ac400000)]
  0x000001e0f7f7a000 JavaThread "Unconstrained build operations Thread 65" [_thread_blocked, id=13856, stack(0x00000095ac400000,0x00000095ac500000)]
  0x000001e0f7f7a800 JavaThread "Unconstrained build operations Thread 66" [_thread_blocked, id=9032, stack(0x00000095ac500000,0x00000095ac600000)]
  0x000001e0f7f75000 JavaThread "Unconstrained build operations Thread 67" [_thread_blocked, id=30468, stack(0x00000095ac600000,0x00000095ac700000)]
  0x000001e0f7f7c000 JavaThread "Unconstrained build operations Thread 68" [_thread_blocked, id=30668, stack(0x00000095ac700000,0x00000095ac800000)]
  0x000001e0f7f7b800 JavaThread "Unconstrained build operations Thread 69" [_thread_blocked, id=12336, stack(0x00000095ac800000,0x00000095ac900000)]
  0x000001e0f8294000 JavaThread "Unconstrained build operations Thread 70" [_thread_blocked, id=26080, stack(0x00000095ac900000,0x00000095aca00000)]
  0x000001e0f8296000 JavaThread "Unconstrained build operations Thread 71" [_thread_blocked, id=33656, stack(0x00000095aca00000,0x00000095acb00000)]
  0x000001e0f8298800 JavaThread "Unconstrained build operations Thread 72" [_thread_blocked, id=26320, stack(0x00000095acb00000,0x00000095acc00000)]
  0x000001e0f829a800 JavaThread "Unconstrained build operations Thread 73" [_thread_blocked, id=33104, stack(0x00000095acc00000,0x00000095acd00000)]
  0x000001e0f8295000 JavaThread "Unconstrained build operations Thread 74" [_thread_blocked, id=2916, stack(0x00000095acd00000,0x00000095ace00000)]
  0x000001e0f829c800 JavaThread "Unconstrained build operations Thread 75" [_thread_blocked, id=32976, stack(0x00000095ace00000,0x00000095acf00000)]
  0x000001e0f8296800 JavaThread "Unconstrained build operations Thread 76" [_thread_blocked, id=29428, stack(0x00000095acf00000,0x00000095ad000000)]
  0x000001e0f829d000 JavaThread "Unconstrained build operations Thread 77" [_thread_blocked, id=35000, stack(0x00000095ad000000,0x00000095ad100000)]
  0x000001e0f8297800 JavaThread "Unconstrained build operations Thread 78" [_thread_blocked, id=35104, stack(0x00000095ad100000,0x00000095ad200000)]
  0x000001e0f829b800 JavaThread "Unconstrained build operations Thread 79" [_thread_blocked, id=26776, stack(0x00000095ad200000,0x00000095ad300000)]
  0x000001e0f8299000 JavaThread "Unconstrained build operations Thread 80" [_thread_blocked, id=29152, stack(0x00000095ad300000,0x00000095ad400000)]

Other Threads:
  0x000001e0f1445800 VMThread "VM Thread" [stack: 0x00000095a4700000,0x00000095a4800000] [id=9608]
  0x000001e0f1f2e000 WatcherThread [stack: 0x00000095a5100000,0x00000095a5200000] [id=10680]
  0x000001e0d2387800 GCTaskThread "GC Thread#0" [stack: 0x00000095a4200000,0x00000095a4300000] [id=1768]
  0x000001e0f2eb5000 GCTaskThread "GC Thread#1" [stack: 0x00000095a5200000,0x00000095a5300000] [id=308]
  0x000001e0f3606000 GCTaskThread "GC Thread#2" [stack: 0x00000095a5300000,0x00000095a5400000] [id=22840]
  0x000001e0f34de800 GCTaskThread "GC Thread#3" [stack: 0x00000095a5400000,0x00000095a5500000] [id=15008]
  0x000001e0f1f51800 GCTaskThread "GC Thread#4" [stack: 0x00000095a6100000,0x00000095a6200000] [id=34868]
  0x000001e0f2ea9800 GCTaskThread "GC Thread#5" [stack: 0x00000095a6200000,0x00000095a6300000] [id=34872]
  0x000001e0f2dfc000 GCTaskThread "GC Thread#6" [stack: 0x00000095a6300000,0x00000095a6400000] [id=34876]
  0x000001e0f2ae5000 GCTaskThread "GC Thread#7" [stack: 0x00000095a6400000,0x00000095a6500000] [id=34880]
  0x000001e0d23b8000 ConcurrentGCThread "G1 Main Marker" [stack: 0x00000095a4300000,0x00000095a4400000] [id=5552]
  0x000001e0d23b9800 ConcurrentGCThread "G1 Conc#0" [stack: 0x00000095a4400000,0x00000095a4500000] [id=23468]
  0x000001e0f3455000 ConcurrentGCThread "G1 Conc#1" [stack: 0x00000095a6500000,0x00000095a6600000] [id=34884]
  0x000001e0f12c0800 ConcurrentGCThread "G1 Refine#0" [stack: 0x00000095a4500000,0x00000095a4600000] [id=8824]
  0x000001e0f2e91800 ConcurrentGCThread "G1 Refine#1" [stack: 0x00000095a5500000,0x00000095a5600000] [id=26408]
  0x000001e0f12c1000 ConcurrentGCThread "G1 Young RemSet Sampling" [stack: 0x00000095a4600000,0x00000095a4700000] [id=21828]

Threads with active compile tasks:
C2 CompilerThread0   643286 8884       4       org.gradle.cache.internal.btree.CachingBlockStore::read (56 bytes)

VM state:not at safepoint (normal execution)

VM Mutex/Monitor currently owned by a thread: None

Heap address: 0x0000000080000000, size: 2048 MB, Compressed Oops mode: 32-bit
Narrow klass base: 0x0000000000000000, Narrow klass shift: 3
Compressed class space size: 528482304 Address: 0x0000000100000000

Heap:
 garbage-first heap   total 98304K, used 70620K [0x0000000080000000, 0x0000000100000000)
  region size 1024K, 15 young (15360K), 1 survivors (1024K)
 Metaspace       used 73418K, capacity 75699K, committed 75784K, reserved 581632K
  class space    used 9503K, capacity 10430K, committed 10496K, reserved 516096K
Heap Regions: E=young(eden), S=young(survivor), O=old, HS=humongous(starts), HC=humongous(continues), CS=collection set, F=free, A=archive, TAMS=top-at-mark-start (previous, next)
|   0|0x0000000080000000, 0x0000000080100000, 0x0000000080100000|100%|HS|  |TAMS 0x0000000080100000, 0x0000000080000000| Complete 
|   1|0x0000000080100000, 0x0000000080200000, 0x0000000080200000|100%|HC|  |TAMS 0x0000000080200000, 0x0000000080100000| Complete 
|   2|0x0000000080200000, 0x0000000080300000, 0x0000000080300000|100%|HC|  |TAMS 0x0000000080300000, 0x0000000080200000| Complete 
|   3|0x0000000080300000, 0x0000000080400000, 0x0000000080400000|100%|HC|  |TAMS 0x0000000080400000, 0x0000000080300000| Complete 
|   4|0x0000000080400000, 0x0000000080500000, 0x0000000080500000|100%| O|  |TAMS 0x0000000080500000, 0x0000000080400000| Untracked 
|   5|0x0000000080500000, 0x0000000080600000, 0x0000000080600000|100%| O|  |TAMS 0x0000000080600000, 0x0000000080500000| Untracked 
|   6|0x0000000080600000, 0x0000000080700000, 0x0000000080700000|100%| O|  |TAMS 0x0000000080700000, 0x0000000080600000| Untracked 
|   7|0x0000000080700000, 0x0000000080800000, 0x0000000080800000|100%| O|  |TAMS 0x0000000080800000, 0x0000000080700000| Untracked 
|   8|0x0000000080800000, 0x0000000080900000, 0x0000000080900000|100%| O|  |TAMS 0x0000000080900000, 0x0000000080800000| Untracked 
|   9|0x0000000080900000, 0x0000000080a00000, 0x0000000080a00000|100%| O|  |TAMS 0x0000000080a00000, 0x0000000080900000| Untracked 
|  10|0x0000000080a00000, 0x0000000080b00000, 0x0000000080b00000|100%| O|  |TAMS 0x0000000080b00000, 0x0000000080a00000| Untracked 
|  11|0x0000000080b00000, 0x0000000080c00000, 0x0000000080c00000|100%| O|  |TAMS 0x0000000080c00000, 0x0000000080b00000| Untracked 
|  12|0x0000000080c00000, 0x0000000080d00000, 0x0000000080d00000|100%| O|  |TAMS 0x0000000080d00000, 0x0000000080c00000| Untracked 
|  13|0x0000000080d00000, 0x0000000080e00000, 0x0000000080e00000|100%| O|  |TAMS 0x0000000080e00000, 0x0000000080d00000| Untracked 
|  14|0x0000000080e00000, 0x0000000080f00000, 0x0000000080f00000|100%| O|  |TAMS 0x0000000080f00000, 0x0000000080e00000| Untracked 
|  15|0x0000000080f00000, 0x0000000081000000, 0x0000000081000000|100%| O|  |TAMS 0x0000000081000000, 0x0000000080f00000| Untracked 
|  16|0x0000000081000000, 0x0000000081100000, 0x0000000081100000|100%| O|  |TAMS 0x0000000081100000, 0x0000000081000000| Untracked 
|  17|0x0000000081100000, 0x0000000081200000, 0x0000000081200000|100%| O|  |TAMS 0x0000000081200000, 0x0000000081100000| Untracked 
|  18|0x0000000081200000, 0x0000000081300000, 0x0000000081300000|100%| O|  |TAMS 0x0000000081300000, 0x0000000081200000| Untracked 
|  19|0x0000000081300000, 0x0000000081400000, 0x0000000081400000|100%| O|  |TAMS 0x0000000081400000, 0x0000000081300000| Untracked 
|  20|0x0000000081400000, 0x0000000081500000, 0x0000000081500000|100%| O|  |TAMS 0x0000000081500000, 0x0000000081400000| Untracked 
|  21|0x0000000081500000, 0x0000000081600000, 0x0000000081600000|100%| O|  |TAMS 0x0000000081600000, 0x0000000081500000| Untracked 
|  22|0x0000000081600000, 0x0000000081700000, 0x0000000081700000|100%| O|  |TAMS 0x0000000081700000, 0x0000000081600000| Untracked 
|  23|0x0000000081700000, 0x0000000081800000, 0x0000000081800000|100%| O|  |TAMS 0x0000000081800000, 0x0000000081700000| Untracked 
|  24|0x0000000081800000, 0x0000000081900000, 0x0000000081900000|100%| O|  |TAMS 0x0000000081900000, 0x0000000081800000| Untracked 
|  25|0x0000000081900000, 0x0000000081a00000, 0x0000000081a00000|100%| O|  |TAMS 0x0000000081a00000, 0x0000000081900000| Untracked 
|  26|0x0000000081a00000, 0x0000000081b00000, 0x0000000081b00000|100%| O|  |TAMS 0x0000000081b00000, 0x0000000081a00000| Untracked 
|  27|0x0000000081b00000, 0x0000000081c00000, 0x0000000081c00000|100%| O|  |TAMS 0x0000000081c00000, 0x0000000081b00000| Untracked 
|  28|0x0000000081c00000, 0x0000000081d00000, 0x0000000081d00000|100%| O|  |TAMS 0x0000000081d00000, 0x0000000081c00000| Untracked 
|  29|0x0000000081d00000, 0x0000000081e00000, 0x0000000081e00000|100%| O|  |TAMS 0x0000000081e00000, 0x0000000081d00000| Untracked 
|  30|0x0000000081e00000, 0x0000000081f00000, 0x0000000081f00000|100%|HS|  |TAMS 0x0000000081f00000, 0x0000000081e00000| Complete 
|  31|0x0000000081f00000, 0x0000000082000000, 0x0000000082000000|100%|HC|  |TAMS 0x0000000082000000, 0x0000000081f00000| Complete 
|  32|0x0000000082000000, 0x0000000082100000, 0x0000000082100000|100%|HS|  |TAMS 0x0000000082100000, 0x0000000082000000| Complete 
|  33|0x0000000082100000, 0x0000000082200000, 0x0000000082200000|100%|HC|  |TAMS 0x0000000082200000, 0x0000000082100000| Complete 
|  34|0x0000000082200000, 0x0000000082300000, 0x0000000082300000|100%|HC|  |TAMS 0x0000000082300000, 0x0000000082200000| Complete 
|  35|0x0000000082300000, 0x0000000082400000, 0x0000000082400000|100%|HC|  |TAMS 0x0000000082400000, 0x0000000082300000| Complete 
|  36|0x0000000082400000, 0x0000000082500000, 0x0000000082500000|100%| O|  |TAMS 0x0000000082500000, 0x0000000082400000| Untracked 
|  37|0x0000000082500000, 0x0000000082600000, 0x0000000082600000|100%| O|  |TAMS 0x0000000082600000, 0x0000000082500000| Untracked 
|  38|0x0000000082600000, 0x0000000082700000, 0x0000000082700000|100%| O|  |TAMS 0x0000000082700000, 0x0000000082600000| Untracked 
|  39|0x0000000082700000, 0x0000000082800000, 0x0000000082800000|100%| O|  |TAMS 0x0000000082800000, 0x0000000082700000| Untracked 
|  40|0x0000000082800000, 0x0000000082900000, 0x0000000082900000|100%| O|  |TAMS 0x0000000082900000, 0x0000000082800000| Untracked 
|  41|0x0000000082900000, 0x0000000082a00000, 0x0000000082a00000|100%| O|  |TAMS 0x0000000082a00000, 0x0000000082900000| Untracked 
|  42|0x0000000082a00000, 0x0000000082b00000, 0x0000000082b00000|100%| O|  |TAMS 0x0000000082b00000, 0x0000000082a00000| Untracked 
|  43|0x0000000082b00000, 0x0000000082c00000, 0x0000000082c00000|100%| O|  |TAMS 0x0000000082c00000, 0x0000000082b00000| Untracked 
|  44|0x0000000082c00000, 0x0000000082d00000, 0x0000000082d00000|100%| O|  |TAMS 0x0000000082d00000, 0x0000000082c00000| Untracked 
|  45|0x0000000082d00000, 0x0000000082e00000, 0x0000000082e00000|100%| O|  |TAMS 0x0000000082e00000, 0x0000000082d00000| Untracked 
|  46|0x0000000082e00000, 0x0000000082f00000, 0x0000000082f00000|100%| O|  |TAMS 0x0000000082f00000, 0x0000000082e00000| Untracked 
|  47|0x0000000082f00000, 0x0000000083000000, 0x0000000083000000|100%| O|  |TAMS 0x0000000083000000, 0x0000000082f00000| Untracked 
|  48|0x0000000083000000, 0x0000000083100000, 0x0000000083100000|100%| O|  |TAMS 0x0000000083100000, 0x0000000083000000| Untracked 
|  49|0x0000000083100000, 0x0000000083200000, 0x0000000083200000|100%| O|  |TAMS 0x0000000083200000, 0x0000000083100000| Untracked 
|  50|0x0000000083200000, 0x0000000083300000, 0x0000000083300000|100%| O|  |TAMS 0x0000000083300000, 0x0000000083200000| Untracked 
|  51|0x0000000083300000, 0x0000000083400000, 0x0000000083400000|100%| O|  |TAMS 0x0000000083400000, 0x0000000083300000| Untracked 
|  52|0x0000000083400000, 0x0000000083500000, 0x0000000083500000|100%| O|  |TAMS 0x0000000083500000, 0x0000000083400000| Untracked 
|  53|0x0000000083500000, 0x0000000083600000, 0x0000000083600000|100%| O|  |TAMS 0x0000000083600000, 0x0000000083500000| Untracked 
|  54|0x0000000083600000, 0x0000000083700000, 0x0000000083700000|100%| O|  |TAMS 0x0000000083700000, 0x0000000083600000| Untracked 
|  55|0x0000000083700000, 0x0000000083800000, 0x0000000083800000|100%| O|  |TAMS 0x0000000083800000, 0x0000000083700000| Untracked 
|  56|0x0000000083800000, 0x000000008383b000, 0x0000000083900000| 23%| O|  |TAMS 0x000000008383b000, 0x0000000083800000| Untracked 
|  57|0x0000000083900000, 0x0000000083900000, 0x0000000083a00000|  0%| F|  |TAMS 0x0000000083900000, 0x0000000083900000| Untracked 
|  58|0x0000000083a00000, 0x0000000083a00000, 0x0000000083b00000|  0%| F|  |TAMS 0x0000000083a00000, 0x0000000083a00000| Untracked 
|  59|0x0000000083b00000, 0x0000000083b00000, 0x0000000083c00000|  0%| F|  |TAMS 0x0000000083b00000, 0x0000000083b00000| Untracked 
|  60|0x0000000083c00000, 0x0000000083c00000, 0x0000000083d00000|  0%| F|  |TAMS 0x0000000083c00000, 0x0000000083c00000| Untracked 
|  61|0x0000000083d00000, 0x0000000083d00000, 0x0000000083e00000|  0%| F|  |TAMS 0x0000000083d00000, 0x0000000083d00000| Untracked 
|  62|0x0000000083e00000, 0x0000000083e00000, 0x0000000083f00000|  0%| F|  |TAMS 0x0000000083e00000, 0x0000000083e00000| Untracked 
|  63|0x0000000083f00000, 0x0000000083f00000, 0x0000000084000000|  0%| F|  |TAMS 0x0000000083f00000, 0x0000000083f00000| Untracked 
|  64|0x0000000084000000, 0x0000000084000000, 0x0000000084100000|  0%| F|  |TAMS 0x0000000084000000, 0x0000000084000000| Untracked 
|  65|0x0000000084100000, 0x0000000084100000, 0x0000000084200000|  0%| F|  |TAMS 0x0000000084100000, 0x0000000084100000| Untracked 
|  66|0x0000000084200000, 0x0000000084200000, 0x0000000084300000|  0%| F|  |TAMS 0x0000000084200000, 0x0000000084200000| Untracked 
|  67|0x0000000084300000, 0x0000000084300000, 0x0000000084400000|  0%| F|  |TAMS 0x0000000084300000, 0x0000000084300000| Untracked 
|  68|0x0000000084400000, 0x0000000084400000, 0x0000000084500000|  0%| F|  |TAMS 0x0000000084400000, 0x0000000084400000| Untracked 
|  69|0x0000000084500000, 0x0000000084500000, 0x0000000084600000|  0%| F|  |TAMS 0x0000000084500000, 0x0000000084500000| Untracked 
|  70|0x0000000084600000, 0x0000000084600000, 0x0000000084700000|  0%| F|  |TAMS 0x0000000084600000, 0x0000000084600000| Untracked 
|  71|0x0000000084700000, 0x0000000084700000, 0x0000000084800000|  0%| F|  |TAMS 0x0000000084700000, 0x0000000084700000| Untracked 
|  72|0x0000000084800000, 0x0000000084800000, 0x0000000084900000|  0%| F|  |TAMS 0x0000000084800000, 0x0000000084800000| Untracked 
|  73|0x0000000084900000, 0x00000000849bc2a0, 0x0000000084a00000| 73%| S|CS|TAMS 0x0000000084900000, 0x0000000084900000| Complete 
|  74|0x0000000084a00000, 0x0000000084a00000, 0x0000000084b00000|  0%| F|  |TAMS 0x0000000084a00000, 0x0000000084a00000| Untracked 
|  75|0x0000000084b00000, 0x0000000084b00000, 0x0000000084c00000|  0%| F|  |TAMS 0x0000000084b00000, 0x0000000084b00000| Untracked 
|  76|0x0000000084c00000, 0x0000000084c00000, 0x0000000084d00000|  0%| F|  |TAMS 0x0000000084c00000, 0x0000000084c00000| Untracked 
|  77|0x0000000084d00000, 0x0000000084d00000, 0x0000000084e00000|  0%| F|  |TAMS 0x0000000084d00000, 0x0000000084d00000| Untracked 
|  78|0x0000000084e00000, 0x0000000084e00000, 0x0000000084f00000|  0%| F|  |TAMS 0x0000000084e00000, 0x0000000084e00000| Untracked 
|  79|0x0000000084f00000, 0x0000000084f00000, 0x0000000085000000|  0%| F|  |TAMS 0x0000000084f00000, 0x0000000084f00000| Untracked 
|  80|0x0000000085000000, 0x0000000085000000, 0x0000000085100000|  0%| F|  |TAMS 0x0000000085000000, 0x0000000085000000| Untracked 
|  81|0x0000000085100000, 0x0000000085100000, 0x0000000085200000|  0%| F|  |TAMS 0x0000000085100000, 0x0000000085100000| Untracked 
|  82|0x0000000085200000, 0x00000000852a84f8, 0x0000000085300000| 65%| E|  |TAMS 0x0000000085200000, 0x0000000085200000| Complete 
|  83|0x0000000085300000, 0x0000000085400000, 0x0000000085400000|100%| E|CS|TAMS 0x0000000085300000, 0x0000000085300000| Complete 
|  84|0x0000000085400000, 0x0000000085500000, 0x0000000085500000|100%| E|CS|TAMS 0x0000000085400000, 0x0000000085400000| Complete 
|  85|0x0000000085500000, 0x0000000085600000, 0x0000000085600000|100%| E|CS|TAMS 0x0000000085500000, 0x0000000085500000| Complete 
|  86|0x0000000085600000, 0x0000000085700000, 0x0000000085700000|100%| E|CS|TAMS 0x0000000085600000, 0x0000000085600000| Complete 
|  87|0x0000000085700000, 0x0000000085800000, 0x0000000085800000|100%| E|CS|TAMS 0x0000000085700000, 0x0000000085700000| Complete 
|  88|0x0000000085800000, 0x0000000085900000, 0x0000000085900000|100%| E|CS|TAMS 0x0000000085800000, 0x0000000085800000| Complete 
|  89|0x0000000085900000, 0x0000000085a00000, 0x0000000085a00000|100%| E|CS|TAMS 0x0000000085900000, 0x0000000085900000| Complete 
|  90|0x0000000085a00000, 0x0000000085b00000, 0x0000000085b00000|100%| E|  |TAMS 0x0000000085a00000, 0x0000000085a00000| Complete 
|  91|0x0000000085b00000, 0x0000000085c00000, 0x0000000085c00000|100%| E|CS|TAMS 0x0000000085b00000, 0x0000000085b00000| Complete 
|  92|0x0000000085c00000, 0x0000000085d00000, 0x0000000085d00000|100%| E|CS|TAMS 0x0000000085c00000, 0x0000000085c00000| Complete 
|  93|0x0000000085d00000, 0x0000000085e00000, 0x0000000085e00000|100%| E|CS|TAMS 0x0000000085d00000, 0x0000000085d00000| Complete 
|  94|0x0000000085e00000, 0x0000000085f00000, 0x0000000085f00000|100%| E|CS|TAMS 0x0000000085e00000, 0x0000000085e00000| Complete 
|  95|0x0000000085f00000, 0x0000000086000000, 0x0000000086000000|100%| E|CS|TAMS 0x0000000085f00000, 0x0000000085f00000| Complete 

Card table byte_map: [0x000001e0ea220000,0x000001e0ea620000] _byte_map_base: 0x000001e0e9e20000

Marking Bits (Prev, Next): (CMBitMap*) 0x000001e0d23af318, (CMBitMap*) 0x000001e0d23af350
 Prev Bits: [0x000001e0eaa20000, 0x000001e0eca20000)
 Next Bits: [0x000001e0eca20000, 0x000001e0eea20000)

Polling page: 0x000001e0d02b0000

Metaspace:

Usage:
  Non-class:     63.74 MB capacity,    62.42 MB ( 98%) used,     1.08 MB (  2%) free+waste,   244.19 KB ( <1%) overhead. 
      Class:     10.19 MB capacity,     9.28 MB ( 91%) used,   810.06 KB (  8%) free+waste,   116.50 KB (  1%) overhead. 
       Both:     73.92 MB capacity,    71.70 MB ( 97%) used,     1.87 MB (  3%) free+waste,   360.69 KB ( <1%) overhead. 

Virtual space:
  Non-class space:       64.00 MB reserved,      63.76 MB (>99%) committed 
      Class space:      504.00 MB reserved,      10.25 MB (  2%) committed 
             Both:      568.00 MB reserved,      74.01 MB ( 13%) committed 

Chunk freelists:
   Non-Class:  19.00 KB
       Class:  2.00 KB
        Both:  21.00 KB

MaxMetaspaceSize: 512.00 MB
CompressedClassSpaceSize: 504.00 MB
Initial GC threshold: 20.80 MB
Current GC threshold: 123.35 MB
CDS: off

CodeHeap 'non-profiled nmethods': size=120000Kb used=5114Kb max_used=5114Kb free=114885Kb
 bounds [0x000001e0e25b0000, 0x000001e0e2ab0000, 0x000001e0e9ae0000]
CodeHeap 'profiled nmethods': size=120000Kb used=19293Kb max_used=19293Kb free=100706Kb
 bounds [0x000001e0db080000, 0x000001e0dc360000, 0x000001e0e25b0000]
CodeHeap 'non-nmethods': size=5760Kb used=2361Kb max_used=2392Kb free=3398Kb
 bounds [0x000001e0daae0000, 0x000001e0dad50000, 0x000001e0db080000]
 total_blobs=9679 nmethods=8801 adapters=790
 compilation: enabled
              stopped_count=0, restarted_count=0
 full_count=0

Compilation events (20 events):
Event: 641.566 Thread 0x000001e0f1e21800 nmethod 8880 0x000001e0e2aad210 code [0x000001e0e2aad3c0, 0x000001e0e2aad458]
Event: 641.566 Thread 0x000001e0f1e21800 8872       1       org.gradle.api.internal.artifacts.ivyservice.ivyresolve.ModuleDescriptorHashModuleSource::isChangingModule (5 bytes)
Event: 641.567 Thread 0x000001e0f1e21800 nmethod 8872 0x000001e0e2aad510 code [0x000001e0e2aad6c0, 0x000001e0e2aad778]
Event: 641.567 Thread 0x000001e0f1e21800 8881       3       org.gradle.internal.operations.DefaultBuildOperationListenerManager$1::started (47 bytes)
Event: 641.567 Thread 0x000001e0f1e21800 nmethod 8881 0x000001e0dc356a90 code [0x000001e0dc356c80, 0x000001e0dc3571c8]
Event: 641.567 Thread 0x000001e0f1e21800 8882       3       org.gradle.internal.logging.progress.DefaultProgressLoggerFactory$ProgressLoggerImpl::access$002 (7 bytes)
Event: 641.568 Thread 0x000001e0f1e21800 nmethod 8882 0x000001e0dc357390 code [0x000001e0dc357540, 0x000001e0dc357638]
Event: 641.568 Thread 0x000001e0f1e21800 8874       1       org.gradle.api.internal.artifacts.ivyservice.ivyresolve.ModuleDescriptorHashModuleSource::getDescriptorHash (5 bytes)
Event: 641.568 Thread 0x000001e0f1e21800 nmethod 8874 0x000001e0e2aad810 code [0x000001e0e2aad9c0, 0x000001e0e2aada78]
Event: 641.568 Thread 0x000001e0f1e21800 8875       1       org.gradle.api.internal.artifacts.ivyservice.ivyresolve.CachingModuleComponentRepository::access$1400 (5 bytes)
Event: 641.568 Thread 0x000001e0f1e21800 nmethod 8875 0x000001e0e2aadb10 code [0x000001e0e2aadcc0, 0x000001e0e2aadd58]
Event: 641.568 Thread 0x000001e0f1e21800 8876       1       org.gradle.api.internal.artifacts.ivyservice.modulecache.artifacts.DefaultCachedArtifact::getCachedAt (5 bytes)
Event: 641.568 Thread 0x000001e0f1e21800 nmethod 8876 0x000001e0e2aade10 code [0x000001e0e2aadfc0, 0x000001e0e2aae078]
Event: 641.568 Thread 0x000001e0f1e21800 8877       1       org.gradle.api.internal.artifacts.ivyservice.modulecache.artifacts.DefaultCachedArtifact::getDescriptorHash (5 bytes)
Event: 641.568 Thread 0x000001e0f1e21800 nmethod 8877 0x000001e0e2aae110 code [0x000001e0e2aae2c0, 0x000001e0e2aae378]
Event: 641.568 Thread 0x000001e0f1e21800 8878       1       org.gradle.api.internal.artifacts.ivyservice.resolutionstrategy.DefaultCachePolicy$AbstractResolutionControl::getCachedResult (5 bytes)
Event: 641.569 Thread 0x000001e0f1e21800 nmethod 8878 0x000001e0e2aae410 code [0x000001e0e2aae5c0, 0x000001e0e2aae678]
Event: 641.735 Thread 0x000001e0f1471000 8883       4       java.lang.StringConcatHelper::newString (46 bytes)
Event: 641.739 Thread 0x000001e0f1471000 nmethod 8883 0x000001e0e2aae710 code [0x000001e0e2aae8a0, 0x000001e0e2aae9f8]
Event: 643.141 Thread 0x000001e0f1471000 8884       4       org.gradle.cache.internal.btree.CachingBlockStore::read (56 bytes)

GC Heap History (20 events):
Event: 455.731 GC heap before
{Heap before GC invocations=24 (full 0):
 garbage-first heap   total 98304K, used 54456K [0x0000000080000000, 0x0000000100000000)
  region size 1024K, 4 young (4096K), 1 survivors (1024K)
 Metaspace       used 68688K, capacity 70759K, committed 71048K, reserved 577536K
  class space    used 8908K, capacity 9742K, committed 9856K, reserved 516096K
}
Event: 455.748 GC heap after
{Heap after GC invocations=25 (full 0):
 garbage-first heap   total 98304K, used 51927K [0x0000000080000000, 0x0000000100000000)
  region size 1024K, 1 young (1024K), 1 survivors (1024K)
 Metaspace       used 68688K, capacity 70759K, committed 71048K, reserved 577536K
  class space    used 8908K, capacity 9742K, committed 9856K, reserved 516096K
}
Event: 470.441 GC heap before
{Heap before GC invocations=25 (full 0):
 garbage-first heap   total 98304K, used 54999K [0x0000000080000000, 0x0000000100000000)
  region size 1024K, 4 young (4096K), 1 survivors (1024K)
 Metaspace       used 68695K, capacity 70760K, committed 71048K, reserved 577536K
  class space    used 8908K, capacity 9742K, committed 9856K, reserved 516096K
}
Event: 470.467 GC heap after
{Heap after GC invocations=26 (full 0):
 garbage-first heap   total 98304K, used 51908K [0x0000000080000000, 0x0000000100000000)
  region size 1024K, 1 young (1024K), 1 survivors (1024K)
 Metaspace       used 68695K, capacity 70760K, committed 71048K, reserved 577536K
  class space    used 8908K, capacity 9742K, committed 9856K, reserved 516096K
}
Event: 490.746 GC heap before
{Heap before GC invocations=27 (full 0):
 garbage-first heap   total 98304K, used 57028K [0x0000000080000000, 0x0000000100000000)
  region size 1024K, 6 young (6144K), 1 survivors (1024K)
 Metaspace       used 68715K, capacity 70761K, committed 71048K, reserved 577536K
  class space    used 8908K, capacity 9742K, committed 9856K, reserved 516096K
}
Event: 490.993 GC heap after
{Heap after GC invocations=28 (full 0):
 garbage-first heap   total 98304K, used 51965K [0x0000000080000000, 0x0000000100000000)
  region size 1024K, 1 young (1024K), 1 survivors (1024K)
 Metaspace       used 68715K, capacity 70761K, committed 71048K, reserved 577536K
  class space    used 8908K, capacity 9742K, committed 9856K, reserved 516096K
}
Event: 503.732 GC heap before
{Heap before GC invocations=28 (full 0):
 garbage-first heap   total 98304K, used 60157K [0x0000000080000000, 0x0000000100000000)
  region size 1024K, 9 young (9216K), 1 survivors (1024K)
 Metaspace       used 68774K, capacity 70829K, committed 71048K, reserved 577536K
  class space    used 8908K, capacity 9742K, committed 9856K, reserved 516096K
}
Event: 503.774 GC heap after
{Heap after GC invocations=29 (full 0):
 garbage-first heap   total 98304K, used 52144K [0x0000000080000000, 0x0000000100000000)
  region size 1024K, 1 young (1024K), 1 survivors (1024K)
 Metaspace       used 68774K, capacity 70829K, committed 71048K, reserved 577536K
  class space    used 8908K, capacity 9742K, committed 9856K, reserved 516096K
}
Event: 524.654 GC heap before
{Heap before GC invocations=30 (full 0):
 garbage-first heap   total 98304K, used 67504K [0x0000000080000000, 0x0000000100000000)
  region size 1024K, 16 young (16384K), 1 survivors (1024K)
 Metaspace       used 68816K, capacity 70831K, committed 71048K, reserved 577536K
  class space    used 8908K, capacity 9742K, committed 9856K, reserved 516096K
}
Event: 524.661 GC heap after
{Heap after GC invocations=31 (full 0):
 garbage-first heap   total 98304K, used 52433K [0x0000000080000000, 0x0000000100000000)
  region size 1024K, 1 young (1024K), 1 survivors (1024K)
 Metaspace       used 68816K, capacity 70831K, committed 71048K, reserved 577536K
  class space    used 8908K, capacity 9742K, committed 9856K, reserved 516096K
}
Event: 542.827 GC heap before
{Heap before GC invocations=31 (full 0):
 garbage-first heap   total 98304K, used 72913K [0x0000000080000000, 0x0000000100000000)
  region size 1024K, 21 young (21504K), 1 survivors (1024K)
 Metaspace       used 69490K, capacity 71535K, committed 71560K, reserved 579584K
  class space    used 8986K, capacity 9839K, committed 9856K, reserved 516096K
}
Event: 542.863 GC heap after
{Heap after GC invocations=32 (full 0):
 garbage-first heap   total 98304K, used 53527K [0x0000000080000000, 0x0000000100000000)
  region size 1024K, 2 young (2048K), 2 survivors (2048K)
 Metaspace       used 69490K, capacity 71535K, committed 71560K, reserved 579584K
  class space    used 8986K, capacity 9839K, committed 9856K, reserved 516096K
}
Event: 566.604 GC heap before
{Heap before GC invocations=33 (full 0):
 garbage-first heap   total 98304K, used 76055K [0x0000000080000000, 0x0000000100000000)
  region size 1024K, 24 young (24576K), 2 survivors (2048K)
 Metaspace       used 70761K, capacity 72946K, committed 73096K, reserved 579584K
  class space    used 9196K, capacity 10095K, committed 10112K, reserved 516096K
}
Event: 566.637 GC heap after
{Heap after GC invocations=34 (full 0):
 garbage-first heap   total 98304K, used 54805K [0x0000000080000000, 0x0000000100000000)
  region size 1024K, 3 young (3072K), 3 survivors (3072K)
 Metaspace       used 70761K, capacity 72946K, committed 73096K, reserved 579584K
  class space    used 9196K, capacity 10095K, committed 10112K, reserved 516096K
}
Event: 603.814 GC heap before
{Heap before GC invocations=34 (full 0):
 garbage-first heap   total 98304K, used 77333K [0x0000000080000000, 0x0000000100000000)
  region size 1024K, 26 young (26624K), 3 survivors (3072K)
 Metaspace       used 71372K, capacity 73553K, committed 73736K, reserved 581632K
  class space    used 9260K, capacity 10166K, committed 10240K, reserved 516096K
}
Event: 603.872 GC heap after
{Heap after GC invocations=35 (full 0):
 garbage-first heap   total 98304K, used 56148K [0x0000000080000000, 0x0000000100000000)
  region size 1024K, 3 young (3072K), 3 survivors (3072K)
 Metaspace       used 71372K, capacity 73553K, committed 73736K, reserved 581632K
  class space    used 9260K, capacity 10166K, committed 10240K, reserved 516096K
}
Event: 606.387 GC heap before
{Heap before GC invocations=36 (full 0):
 garbage-first heap   total 98304K, used 79700K [0x0000000080000000, 0x0000000100000000)
  region size 1024K, 26 young (26624K), 3 survivors (3072K)
 Metaspace       used 72981K, capacity 75183K, committed 75400K, reserved 581632K
  class space    used 9443K, capacity 10366K, committed 10368K, reserved 516096K
}
Event: 606.416 GC heap after
{Heap after GC invocations=37 (full 0):
 garbage-first heap   total 98304K, used 57967K [0x0000000080000000, 0x0000000100000000)
  region size 1024K, 4 young (4096K), 4 survivors (4096K)
 Metaspace       used 72981K, capacity 75183K, committed 75400K, reserved 581632K
  class space    used 9443K, capacity 10366K, committed 10368K, reserved 516096K
}
Event: 629.747 GC heap before
{Heap before GC invocations=37 (full 0):
 garbage-first heap   total 98304K, used 79471K [0x0000000080000000, 0x0000000100000000)
  region size 1024K, 26 young (26624K), 4 survivors (4096K)
 Metaspace       used 73377K, capacity 75634K, committed 75784K, reserved 581632K
  class space    used 9503K, capacity 10430K, committed 10496K, reserved 516096K
}
Event: 629.770 GC heap after
{Heap after GC invocations=38 (full 0):
 garbage-first heap   total 98304K, used 58332K [0x0000000080000000, 0x0000000100000000)
  region size 1024K, 1 young (1024K), 1 survivors (1024K)
 Metaspace       used 73377K, capacity 75634K, committed 75784K, reserved 581632K
  class space    used 9503K, capacity 10430K, committed 10496K, reserved 516096K
}

Deoptimization events (20 events):
Event: 615.790 Thread 0x000001e0f7f72800 DEOPT PACKING pc=0x000001e0e2660428 sp=0x00000095abbfe4c0
Event: 615.790 Thread 0x000001e0f7f72800 DEOPT UNPACKING pc=0x000001e0dab2a1af sp=0x00000095abbfe400 mode 2
Event: 623.772 Thread 0x000001e0f393e800 DEOPT PACKING pc=0x000001e0db7d86f4 sp=0x00000095a6afed60
Event: 623.773 Thread 0x000001e0f393e800 DEOPT UNPACKING pc=0x000001e0dab2a95e sp=0x00000095a6afe300 mode 0
Event: 637.732 Thread 0x000001e0f2b03800 Uncommon trap: trap_request=0xffffffde fr.pc=0x000001e0e2aaba20 relative=0x0000000000000100
Event: 637.733 Thread 0x000001e0f2b03800 Uncommon trap: reason=class_check action=maybe_recompile pc=0x000001e0e2aaba20 method=jdk.internal.misc.Unsafe.allocateUninitializedArray(Ljava/lang/Class;I)Ljava/lang/Object; @ 48 c2
Event: 637.733 Thread 0x000001e0f2b03800 DEOPT PACKING pc=0x000001e0e2aaba20 sp=0x00000095a3efe460
Event: 637.733 Thread 0x000001e0f2b03800 DEOPT UNPACKING pc=0x000001e0dab2a1af sp=0x00000095a3efe3e8 mode 2
Event: 637.733 Thread 0x000001e0f2b03800 Uncommon trap: trap_request=0xffffffde fr.pc=0x000001e0e2aaba20 relative=0x0000000000000100
Event: 637.733 Thread 0x000001e0f2b03800 Uncommon trap: reason=class_check action=maybe_recompile pc=0x000001e0e2aaba20 method=jdk.internal.misc.Unsafe.allocateUninitializedArray(Ljava/lang/Class;I)Ljava/lang/Object; @ 48 c2
Event: 637.733 Thread 0x000001e0f2b03800 DEOPT PACKING pc=0x000001e0e2aaba20 sp=0x00000095a3efe460
Event: 637.733 Thread 0x000001e0f2b03800 DEOPT UNPACKING pc=0x000001e0dab2a1af sp=0x00000095a3efe3e8 mode 2
Event: 637.733 Thread 0x000001e0f2b03800 Uncommon trap: trap_request=0xffffffde fr.pc=0x000001e0e2aaba20 relative=0x0000000000000100
Event: 637.733 Thread 0x000001e0f2b03800 Uncommon trap: reason=class_check action=maybe_recompile pc=0x000001e0e2aaba20 method=jdk.internal.misc.Unsafe.allocateUninitializedArray(Ljava/lang/Class;I)Ljava/lang/Object; @ 48 c2
Event: 637.733 Thread 0x000001e0f2b03800 DEOPT PACKING pc=0x000001e0e2aaba20 sp=0x00000095a3efe460
Event: 637.733 Thread 0x000001e0f2b03800 DEOPT UNPACKING pc=0x000001e0dab2a1af sp=0x00000095a3efe3e8 mode 2
Event: 637.733 Thread 0x000001e0f2b03800 Uncommon trap: trap_request=0xffffffde fr.pc=0x000001e0e2aaba20 relative=0x0000000000000100
Event: 637.733 Thread 0x000001e0f2b03800 Uncommon trap: reason=class_check action=maybe_recompile pc=0x000001e0e2aaba20 method=jdk.internal.misc.Unsafe.allocateUninitializedArray(Ljava/lang/Class;I)Ljava/lang/Object; @ 48 c2
Event: 637.733 Thread 0x000001e0f2b03800 DEOPT PACKING pc=0x000001e0e2aaba20 sp=0x00000095a3efe460
Event: 637.733 Thread 0x000001e0f2b03800 DEOPT UNPACKING pc=0x000001e0dab2a1af sp=0x00000095a3efe3e8 mode 2

Classes redefined (0 events):
No events

Internal exceptions (20 events):
Event: 379.087 Thread 0x000001e0f3836000 Exception <a 'java/lang/ClassNotFoundException'{0x0000000084ebaeb0}: org/gradle/api/internal/DefaultDomainObjectCollectionBeanInfo> (0x0000000084ebaeb0) thrown at [./src/hotspot/share/classfile/systemDictionary.cpp, line 230]
Event: 379.105 Thread 0x000001e0f3836000 Exception <a 'java/lang/ClassNotFoundException'{0x0000000084eeb8e8}: org/gradle/api/internal/DefaultDomainObjectCollectionCustomizer> (0x0000000084eeb8e8) thrown at [./src/hotspot/share/classfile/systemDictionary.cpp, line 230]
Event: 379.119 Thread 0x000001e0f3836000 Exception <a 'java/lang/ClassNotFoundException'{0x0000000084d3a7c8}: org/gradle/api/internal/DefaultNamedDomainObjectCollectionCustomizer> (0x0000000084d3a7c8) thrown at [./src/hotspot/share/classfile/systemDictionary.cpp, line 230]
Event: 379.143 Thread 0x000001e0f3836000 Exception <a 'java/lang/ClassNotFoundException'{0x0000000084d907c0}: org/gradle/api/internal/DefaultNamedDomainObjectListCustomizer> (0x0000000084d907c0) thrown at [./src/hotspot/share/classfile/systemDictionary.cpp, line 230]
Event: 379.152 Thread 0x000001e0f3836000 Exception <a 'java/lang/ClassNotFoundException'{0x0000000084defd10}: org/gradle/api/internal/artifacts/DefaultArtifactRepositoryContainerCustomizer> (0x0000000084defd10) thrown at [./src/hotspot/share/classfile/systemDictionary.cpp, line 230]
Event: 379.157 Thread 0x000001e0f3836000 Exception <a 'java/lang/ClassNotFoundException'{0x0000000084c43e10}: org/gradle/api/internal/artifacts/dsl/DefaultRepositoryHandlerCustomizer> (0x0000000084c43e10) thrown at [./src/hotspot/share/classfile/systemDictionary.cpp, line 230]
Event: 379.169 Thread 0x000001e0f3836000 Exception <a 'java/lang/ClassNotFoundException'{0x0000000084caadc0}: org/gradle/api/internal/artifacts/dsl/DefaultRepositoryHandler_DecoratedCustomizer> (0x0000000084caadc0) thrown at [./src/hotspot/share/classfile/systemDictionary.cpp, line 230]
Event: 379.411 Thread 0x000001e0f3836000 Exception <a 'java/lang/ClassNotFoundException'{0x0000000084b84498}: org/gradle/api/internal/artifacts/dsl/dependencies/DefaultDependencyHandler_DecoratedBeanInfo> (0x0000000084b84498) thrown at [./src/hotspot/share/classfile/systemDictionary.cpp, line 230]
Event: 379.421 Thread 0x000001e0f3836000 Exception <a 'java/lang/ClassNotFoundException'{0x0000000084bcc600}: org/gradle/api/internal/artifacts/dsl/dependencies/DefaultDependencyHandlerBeanInfo> (0x0000000084bcc600) thrown at [./src/hotspot/share/classfile/systemDictionary.cpp, line 230]
Event: 379.424 Thread 0x000001e0f3836000 Exception <a 'java/lang/ClassNotFoundException'{0x0000000084a148d0}: org/gradle/api/internal/artifacts/dsl/dependencies/DefaultDependencyHandlerCustomizer> (0x0000000084a148d0) thrown at [./src/hotspot/share/classfile/systemDictionary.cpp, line 230]
Event: 379.461 Thread 0x000001e0f3836000 Exception <a 'java/lang/ClassNotFoundException'{0x0000000084a85da0}: org/gradle/api/internal/artifacts/dsl/dependencies/DefaultDependencyHandler_DecoratedCustomizer> (0x0000000084a85da0) thrown at [./src/hotspot/share/classfile/systemDictionary.cpp, line 230]
Event: 526.371 Thread 0x000001e0f3836000 Exception <a 'java/lang/NoSuchMethodError'{0x0000000085ed96b8}: 'java.lang.Object java.lang.invoke.Invokers$Holder.linkToTargetMethod(java.lang.Object, java.lang.Object, java.lang.Object, java.lang.Object, java.lang.Object, java.lang.Object, java.lang.Object, java.lang.Object, java.lang.Object)'> (0x0000000085ed96b8) thrown at [./src/hotspot/share/interpreter/linkResolver.cpp, line 773]
Event: 564.051 Thread 0x000001e0f47e6000 Exception <a 'java/lang/NoSuchMethodError'{0x00000000851cb210}: 'java.lang.Object java.lang.invoke.DirectMethodHandle$Holder.invokeStatic(java.lang.Object, java.lang.Object, java.lang.Object, java.lang.Object, int, java.lang.Object)'> (0x00000000851cb210) thrown at [./src/hotspot/share/interpreter/linkResolver.cpp, line 773]
Event: 564.055 Thread 0x000001e0f47e6000 Exception <a 'java/lang/NoSuchMethodError'{0x00000000851cea70}: 'java.lang.Object java.lang.invoke.Invokers$Holder.linkToTargetMethod(java.lang.Object, java.lang.Object, java.lang.Object, int, java.lang.Object, java.lang.Object)'> (0x00000000851cea70) thrown at [./src/hotspot/share/interpreter/linkResolver.cpp, line 773]
Event: 564.223 Thread 0x000001e0f47e6000 Exception <a 'java/lang/NoSuchMethodError'{0x0000000085052918}: 'void java.lang.invoke.DirectMethodHandle$Holder.invokeInterface(java.lang.Object, java.lang.Object, java.lang.Object, java.lang.Object)'> (0x0000000085052918) thrown at [./src/hotspot/share/interpreter/linkResolver.cpp, line 773]
Event: 565.280 Thread 0x000001e0f47e6000 Exception <a 'java/lang/NoSuchMethodError'{0x0000000084e8f888}: 'int java.lang.invoke.DirectMethodHandle$Holder.invokeSpecial(java.lang.Object, java.lang.Object, java.lang.Object, java.lang.Object, java.lang.Object)'> (0x0000000084e8f888) thrown at [./src/hotspot/share/interpreter/linkResolver.cpp, line 773]
Event: 606.708 Thread 0x000001e0f47e6000 Exception <a 'sun/nio/fs/WindowsException'{0x0000000085d0f230}> (0x0000000085d0f230) thrown at [./src/hotspot/share/prims/jni.cpp, line 617]
Event: 606.711 Thread 0x000001e0f47e6000 Exception <a 'sun/nio/fs/WindowsException'{0x0000000085d11638}> (0x0000000085d11638) thrown at [./src/hotspot/share/prims/jni.cpp, line 617]
Event: 606.711 Thread 0x000001e0f47e6000 Exception <a 'sun/nio/fs/WindowsException'{0x0000000085d13768}> (0x0000000085d13768) thrown at [./src/hotspot/share/prims/jni.cpp, line 617]
Event: 606.713 Thread 0x000001e0f47e6000 Exception <a 'sun/nio/fs/WindowsException'{0x0000000085d15548}> (0x0000000085d15548) thrown at [./src/hotspot/share/prims/jni.cpp, line 617]

Events (20 events):
Event: 633.744 Executing VM operation: RevokeBias
Event: 633.744 Executing VM operation: RevokeBias done
Event: 633.919 Executing VM operation: RevokeBias
Event: 633.920 Executing VM operation: RevokeBias done
Event: 633.948 Executing VM operation: RevokeBias
Event: 633.949 Executing VM operation: RevokeBias done
Event: 635.149 Executing VM operation: RevokeBias
Event: 635.149 Executing VM operation: RevokeBias done
Event: 637.038 Executing VM operation: RevokeBias
Event: 637.038 Executing VM operation: RevokeBias done
Event: 639.033 Executing VM operation: RevokeBias
Event: 639.034 Executing VM operation: RevokeBias done
Event: 640.558 Executing VM operation: RevokeBias
Event: 640.559 Executing VM operation: RevokeBias done
Event: 641.070 Executing VM operation: RevokeBias
Event: 641.071 Executing VM operation: RevokeBias done
Event: 641.074 Executing VM operation: RevokeBias
Event: 641.074 Executing VM operation: RevokeBias done
Event: 641.783 Executing VM operation: RevokeBias
Event: 641.783 Executing VM operation: RevokeBias done


Dynamic libraries:
0x00007ff703c50000 - 0x00007ff703c5d000 	C:\Program Files\Microsoft\jdk-11.0.18.10-hotspot\bin\java.exe
0x00007ff9c3c10000 - 0x00007ff9c3e27000 	C:\WINDOWS\SYSTEM32\ntdll.dll
0x00007ff9c2920000 - 0x00007ff9c29e4000 	C:\WINDOWS\System32\KERNEL32.DLL
0x00007ff9c0f90000 - 0x00007ff9c1336000 	C:\WINDOWS\System32\KERNELBASE.dll
0x00007ff9c17e0000 - 0x00007ff9c18f1000 	C:\WINDOWS\System32\ucrtbase.dll
0x00007ff9b8570000 - 0x00007ff9b8587000 	C:\Program Files\Microsoft\jdk-11.0.18.10-hotspot\bin\jli.dll
0x00007ff9b8550000 - 0x00007ff9b8565000 	C:\Program Files\Microsoft\jdk-11.0.18.10-hotspot\bin\VCRUNTIME140.dll
0x00007ff9c1b70000 - 0x00007ff9c1d1e000 	C:\WINDOWS\System32\USER32.dll
0x00007ff9a9690000 - 0x00007ff9a9923000 	C:\WINDOWS\WinSxS\amd64_microsoft.windows.common-controls_6595b64144ccf1df_6.0.22621.2361_none_2712ced57382f843\COMCTL32.dll
0x00007ff9c15c0000 - 0x00007ff9c15e6000 	C:\WINDOWS\System32\win32u.dll
0x00007ff9c1f00000 - 0x00007ff9c1f29000 	C:\WINDOWS\System32\GDI32.dll
0x00007ff9c20b0000 - 0x00007ff9c2157000 	C:\WINDOWS\System32\msvcrt.dll
0x00007ff9c1340000 - 0x00007ff9c1458000 	C:\WINDOWS\System32\gdi32full.dll
0x00007ff9c1460000 - 0x00007ff9c14fa000 	C:\WINDOWS\System32\msvcp_win.dll
0x00007ff9c2e80000 - 0x00007ff9c2eb1000 	C:\WINDOWS\System32\IMM32.DLL
0x00007ff9a28b0000 - 0x00007ff9a294b000 	C:\Program Files\Microsoft\jdk-11.0.18.10-hotspot\bin\msvcp140.dll
0x00007ff92b8b0000 - 0x00007ff92c442000 	C:\Program Files\Microsoft\jdk-11.0.18.10-hotspot\bin\server\jvm.dll
0x00007ff9c38f0000 - 0x00007ff9c39a0000 	C:\WINDOWS\System32\ADVAPI32.dll
0x00007ff9c2ed0000 - 0x00007ff9c2f76000 	C:\WINDOWS\System32\sechost.dll
0x00007ff9c2660000 - 0x00007ff9c2777000 	C:\WINDOWS\System32\RPCRT4.dll
0x00007ff9c2ec0000 - 0x00007ff9c2ec8000 	C:\WINDOWS\System32\PSAPI.DLL
0x00007ff9bc580000 - 0x00007ff9bc5b4000 	C:\WINDOWS\SYSTEM32\WINMM.dll
0x00007ff9bea90000 - 0x00007ff9bea99000 	C:\WINDOWS\SYSTEM32\WSOCK32.dll
0x00007ff9beaf0000 - 0x00007ff9beafa000 	C:\WINDOWS\SYSTEM32\VERSION.dll
0x00007ff9c3af0000 - 0x00007ff9c3b61000 	C:\WINDOWS\System32\WS2_32.dll
0x00007ff9c0010000 - 0x00007ff9c0028000 	C:\WINDOWS\SYSTEM32\kernel.appcore.dll
0x00007ff9b9d40000 - 0x00007ff9b9d50000 	C:\Program Files\Microsoft\jdk-11.0.18.10-hotspot\bin\verify.dll
0x00007ff9bdc00000 - 0x00007ff9bde2e000 	C:\WINDOWS\SYSTEM32\DBGHELP.DLL
0x00007ff9c29f0000 - 0x00007ff9c2d7a000 	C:\WINDOWS\System32\combase.dll
0x00007ff9c1970000 - 0x00007ff9c1a47000 	C:\WINDOWS\System32\OLEAUT32.dll
0x00007ff9b9090000 - 0x00007ff9b90c2000 	C:\WINDOWS\SYSTEM32\dbgcore.DLL
0x00007ff9c1760000 - 0x00007ff9c17da000 	C:\WINDOWS\System32\bcryptPrimitives.dll
0x00007ff9b2810000 - 0x00007ff9b2838000 	C:\Program Files\Microsoft\jdk-11.0.18.10-hotspot\bin\java.dll
0x00007ff9b7ca0000 - 0x00007ff9b7caa000 	C:\Program Files\Microsoft\jdk-11.0.18.10-hotspot\bin\jimage.dll
0x00007ff9b27f0000 - 0x00007ff9b2808000 	C:\Program Files\Microsoft\jdk-11.0.18.10-hotspot\bin\zip.dll
0x00007ff9c2f80000 - 0x00007ff9c37d8000 	C:\WINDOWS\System32\SHELL32.dll
0x00007ff9beea0000 - 0x00007ff9bf792000 	C:\WINDOWS\SYSTEM32\windows.storage.dll
0x00007ff9bed60000 - 0x00007ff9bee9e000 	C:\WINDOWS\SYSTEM32\wintypes.dll
0x00007ff9c2d80000 - 0x00007ff9c2e73000 	C:\WINDOWS\System32\SHCORE.dll
0x00007ff9c1f30000 - 0x00007ff9c1f8e000 	C:\WINDOWS\System32\shlwapi.dll
0x00007ff9c0ec0000 - 0x00007ff9c0ee6000 	C:\WINDOWS\SYSTEM32\profapi.dll
0x00007ff9a6f30000 - 0x00007ff9a6f49000 	C:\Program Files\Microsoft\jdk-11.0.18.10-hotspot\bin\net.dll
0x00007ff9bc9c0000 - 0x00007ff9bcaf7000 	C:\WINDOWS\SYSTEM32\WINHTTP.dll
0x00007ff9c0510000 - 0x00007ff9c0579000 	C:\WINDOWS\system32\mswsock.dll
0x00007ff9a6f10000 - 0x00007ff9a6f23000 	C:\Program Files\Microsoft\jdk-11.0.18.10-hotspot\bin\nio.dll
0x00007ff9939e0000 - 0x00007ff993a07000 	C:\Users\Sahil Rawat\.gradle\native\68d5fa5c4cc2d200863cafc0d521ce42e7d3e7ee720ec0a83991735586a16f82\windows-amd64\native-platform.dll
0x00007ff977bf0000 - 0x00007ff977d34000 	C:\Users\Sahil Rawat\.gradle\native\e376f236ea51e6404a007f0833ffe2c6e607c4080706a723a18a27aeea778392\windows-amd64\native-platform-file-events.dll
0x00007ff9a6f00000 - 0x00007ff9a6f09000 	C:\Program Files\Microsoft\jdk-11.0.18.10-hotspot\bin\management.dll
0x00007ff9a6ef0000 - 0x00007ff9a6efb000 	C:\Program Files\Microsoft\jdk-11.0.18.10-hotspot\bin\management_ext.dll
0x00007ff9c07a0000 - 0x00007ff9c07bb000 	C:\WINDOWS\SYSTEM32\CRYPTSP.dll
0x00007ff9bff70000 - 0x00007ff9bffa5000 	C:\WINDOWS\system32\rsaenh.dll
0x00007ff9c0630000 - 0x00007ff9c065c000 	C:\WINDOWS\SYSTEM32\USERENV.dll
0x00007ff9c0950000 - 0x00007ff9c0978000 	C:\WINDOWS\SYSTEM32\bcrypt.dll
0x00007ff9c0790000 - 0x00007ff9c079c000 	C:\WINDOWS\SYSTEM32\CRYPTBASE.dll
0x00007ff9bfa00000 - 0x00007ff9bfa2d000 	C:\WINDOWS\SYSTEM32\IPHLPAPI.DLL
0x00007ff9c2020000 - 0x00007ff9c2029000 	C:\WINDOWS\System32\NSI.dll
0x00007ff9bccc0000 - 0x00007ff9bccd9000 	C:\WINDOWS\SYSTEM32\dhcpcsvc6.DLL
0x00007ff9bc780000 - 0x00007ff9bc79f000 	C:\WINDOWS\SYSTEM32\dhcpcsvc.DLL
0x00007ff9bfa70000 - 0x00007ff9bfb69000 	C:\WINDOWS\SYSTEM32\DNSAPI.dll

dbghelp: loaded successfully - version: 4.0.5 - missing functions: none
symbol engine: initialized successfully - sym options: 0x614 - pdb path: .;C:\Program Files\Microsoft\jdk-11.0.18.10-hotspot\bin;C:\WINDOWS\SYSTEM32;C:\WINDOWS\WinSxS\amd64_microsoft.windows.common-controls_6595b64144ccf1df_6.0.22621.2361_none_2712ced57382f843;C:\Program Files\Microsoft\jdk-11.0.18.10-hotspot\bin\server;C:\Users\Sahil Rawat\.gradle\native\68d5fa5c4cc2d200863cafc0d521ce42e7d3e7ee720ec0a83991735586a16f82\windows-amd64;C:\Users\Sahil Rawat\.gradle\native\e376f236ea51e6404a007f0833ffe2c6e607c4080706a723a18a27aeea778392\windows-amd64

VM Arguments:
jvm_args: -XX:MaxMetaspaceSize=512m --add-opens=java.base/java.util=ALL-UNNAMED --add-opens=java.base/java.lang=ALL-UNNAMED --add-opens=java.base/java.lang.invoke=ALL-UNNAMED --add-opens=java.prefs/java.util.prefs=ALL-UNNAMED --add-opens=java.base/java.nio.charset=ALL-UNNAMED --add-opens=java.base/java.net=ALL-UNNAMED --add-opens=java.base/java.util.concurrent.atomic=ALL-UNNAMED -Xmx2048m -Dfile.encoding=windows-1252 -Duser.country=IN -Duser.language=en -Duser.variant 
java_command: org.gradle.launcher.daemon.bootstrap.GradleDaemon 8.0.1
java_class_path (initial): C:\Users\Sahil Rawat\.gradle\wrapper\dists\gradle-8.0.1-all\aro4hu1c3oeioove7l0i4i14o\gradle-8.0.1\lib\gradle-launcher-8.0.1.jar
Launcher Type: SUN_STANDARD

[Global flags]
     intx CICompilerCount                          = 4                                         {product} {ergonomic}
   size_t CompressedClassSpaceSize                 = 528482304                                 {product} {ergonomic}
     uint ConcGCThreads                            = 2                                         {product} {ergonomic}
     uint G1ConcRefinementThreads                  = 8                                         {product} {ergonomic}
   size_t G1HeapRegionSize                         = 1048576                                   {product} {ergonomic}
    uintx GCDrainStackTargetSize                   = 64                                        {product} {ergonomic}
   size_t InitialHeapSize                          = 100663296                                 {product} {ergonomic}
   size_t MarkStackSize                            = 4194304                                   {product} {ergonomic}
   size_t MaxHeapSize                              = 2147483648                                {product} {command line}
   size_t MaxMetaspaceSize                         = 536870912                                 {product} {command line}
   size_t MaxNewSize                               = 1287651328                                {product} {ergonomic}
   size_t MinHeapDeltaBytes                        = 1048576                                   {product} {ergonomic}
    uintx NonNMethodCodeHeapSize                   = 5836300                                {pd product} {ergonomic}
    uintx NonProfiledCodeHeapSize                  = 122910970                              {pd product} {ergonomic}
    uintx ProfiledCodeHeapSize                     = 122910970                              {pd product} {ergonomic}
    uintx ReservedCodeCacheSize                    = 251658240                              {pd product} {ergonomic}
     bool SegmentedCodeCache                       = true                                      {product} {ergonomic}
     bool UseCompressedClassPointers               = true                                 {lp64_product} {ergonomic}
     bool UseCompressedOops                        = true                                 {lp64_product} {ergonomic}
     bool UseG1GC                                  = true                                      {product} {ergonomic}
     bool UseLargePagesIndividualAllocation        = false                                  {pd product} {ergonomic}

Logging:
Log output configuration:
 #0: stdout all=warning uptime,level,tags
 #1: stderr all=off uptime,level,tags

Environment Variables:
JAVA_HOME=C:\Program Files\Microsoft\jdk-11.0.18.10-hotspot\
CLASSPATH=D:\Assignment_Five_SignInPage\android\\gradle\wrapper\gradle-wrapper.jar
PATH=D:\Assignment_Five_SignInPage\node_modules\.bin;D:\node_modules\.bin;C:\Users\Sahil Rawat\AppData\Roaming\npm\node_modules\npm\node_modules\@npmcli\run-script\lib\node-gyp-bin;D:\Assignment_Five_SignInPage\node_modules\.bin;D:\node_modules\.bin;C:\Users\Sahil Rawat\AppData\Roaming\npm\node_modules\npm\node_modules\@npmcli\run-script\lib\node-gyp-bin;C:\Program Files\Microsoft\jdk-11.0.18.10-hotspot\bin;C:\Python310\Scripts\;C:\Python310\;C:\Windows\system32;C:\Windows;C:\Windows\System32\Wbem;C:\Windows\System32\WindowsPowerShell\v1.0\;C:\Windows\System32\OpenSSH\;C:\Program Files (x86)\NVIDIA Corporation\PhysX\Common;C:\Program Files\NVIDIA Corporation\NVIDIA NvDLISR;C:\MinGW\bin;C:\Program Files\SourceGear\Common\DiffMerge\;C:\ProgramData\chocolatey\bin;C:\WINDOWS\system32;C:\WINDOWS;C:\WINDOWS\System32\Wbem;C:\WINDOWS\System32\WindowsPowerShell\v1.0\;C:\WINDOWS\System32\OpenSSH\;C:\Users\Sahil Rawat\AppData\Roaming\nvm;C:\Program Files\nodejs;C:\Users\Sahil Rawat\AppData\Local\Android\Sdk\platform-tools;C:\Program Files\Git\cmd;C:\Users\Sahil Rawat\AppData\Local\Microsoft\WindowsApps;C:\Program Files\Java\jdk-16.0.2\bin;C:\Users\Sahil Rawat\AppData\Local\Programs\Hyper\resources\bin;C:\Program Files\heroku\bin;C:\Users\Sahil Rawat\AppData\Local\Programs\Microsoft VS Code\bin;C:\Users\Sahil Rawat\AppData\Roaming\npm;C:\Users\Sahil Rawat\AppData\Roaming\nvm;C:\Program Files\nodejs
USERNAME=Sahil Rawat
LANG=en_US.UTF-8
OS=Windows_NT
PROCESSOR_IDENTIFIER=AMD64 Family 23 Model 24 Stepping 1, AuthenticAMD
TMP=C:\Users\SAHILR~1\AppData\Local\Temp
TEMP=C:\Users\SAHILR~1\AppData\Local\Temp



---------------  S Y S T E M  ---------------

OS: Windows 11 , 64 bit Build 22621 (10.0.22621.2361)
OS uptime: 1 days 22:33 hours
Hyper-V role detected

CPU:total 8 (initial active 8) (8 cores per cpu, 2 threads per core) family 23 model 24 stepping 1 microcode 0x0, cmov, cx8, fxsr, mmx, sse, sse2, sse3, ssse3, sse4.1, sse4.2, popcnt, avx, avx2, aes, clmul, mmxext, 3dnowpref, lzcnt, sse4a, ht, tsc, tscinvbit, tscinv, bmi1, bmi2, adx, sha, fma

Memory: 4k page, system-wide physical 6081M (167M free)
TotalPageFile size 24513M (AvailPageFile size 5M)
current process WorkingSet (physical memory assigned to process): 174M, peak: 201M
current process commit charge ("private bytes"): 333M, peak: 337M

vm_info: OpenJDK 64-Bit Server VM (11.0.18+10-LTS) for windows-amd64 JRE (11.0.18+10-LTS), built on Jan 18 2023 15:56:47 by "MicrosoftCorporation" with MS VC++ 15.9 (VS2017)

END.
