#
# There is insufficient memory for the Java Runtime Environment to continue.
# Native memory allocation (mmap) failed to map 111149056 bytes for Failed to commit area from 0x0000000086000000 to 0x000000008ca00000 of length 111149056.
# Possible reasons:
#   The system is out of physical RAM or swap space
#   The process is running with CompressedOops enabled, and the Java Heap may be blocking the growth of the native heap
# Possible solutions:
#   Reduce memory load on the system
#   Increase physical memory or swap space
#   Check if swap backing store is full
#   Decrease Java heap size (-Xmx/-Xms)
#   Decrease number of Java threads
#   Decrease Java thread stack sizes (-Xss)
#   Set larger code cache with -XX:ReservedCodeCacheSize=
#   JVM is running with Unscaled Compressed Oops mode in which the Java heap is
#     placed in the first 4GB address space. The Java Heap base address is the
#     maximum limit for the native heap growth. Please use -XX:HeapBaseMinAddress
#     to set the Java Heap base and to place the Java Heap above 4GB virtual address.
# This output file may be truncated or incomplete.
#
#  Out of Memory Error (./src/hotspot/os/windows/os_windows.cpp:3386), pid=1116, tid=15068
#
# JRE version: OpenJDK Runtime Environment Microsoft-7208460 (11.0.18+10) (build 11.0.18+10-LTS)
# Java VM: OpenJDK 64-Bit Server VM Microsoft-7208460 (11.0.18+10-LTS, mixed mode, tiered, compressed oops, g1 gc, windows-amd64)
# No core dump will be written. Minidumps are not enabled by default on client versions of Windows
#

---------------  S U M M A R Y ------------

Command Line: -XX:MaxMetaspaceSize=512m --add-opens=java.base/java.util=ALL-UNNAMED --add-opens=java.base/java.lang=ALL-UNNAMED --add-opens=java.base/java.lang.invoke=ALL-UNNAMED --add-opens=java.prefs/java.util.prefs=ALL-UNNAMED --add-opens=java.base/java.nio.charset=ALL-UNNAMED --add-opens=java.base/java.net=ALL-UNNAMED --add-opens=java.base/java.util.concurrent.atomic=ALL-UNNAMED -Xmx2048m -Dfile.encoding=windows-1252 -Duser.country=IN -Duser.language=en -Duser.variant org.gradle.launcher.daemon.bootstrap.GradleDaemon 8.0.1

Host: AMD Ryzen 5 3550H with Radeon Vega Mobile Gfx  , 8 cores, 5G,  Windows 11 , 64 bit Build 22621 (10.0.22621.2361)
Time: Fri Sep 29 10:39:46 2023 India Standard Time elapsed time: 1062.679290 seconds (0d 0h 17m 42s)

---------------  T H R E A D  ---------------

Current thread (0x0000025107617800):  VMThread "VM Thread" [stack: 0x000000e0e9400000,0x000000e0e9500000] [id=15068]

Stack: [0x000000e0e9400000,0x000000e0e9500000]
[error occurred during error reporting (printing stack bounds), id 0xc0000005, EXCEPTION_ACCESS_VIOLATION (0xc0000005) at pc=0x00000251704e112d]

Native frames: (J=compiled Java code, j=interpreted, Vv=VM code, C=native code)
V  [jvm.dll+0x62bf8a]
V  [jvm.dll+0x7b8fb9]
V  [jvm.dll+0x7ba6a8]
V  [jvm.dll+0x7bace5]
V  [jvm.dll+0x7bac9b]
V  [jvm.dll+0x62b317]
V  [jvm.dll+0x62ba28]
C  [ntdll.dll+0xa430f]
C  [ntdll.dll+0x1e456]
C  [ntdll.dll+0xa32fe]
C  0x00000251704e112d

VM_Operation (0x000000e0ea6f2810): G1CollectForAllocation, mode: safepoint, requested by thread 0x0000025108689000


---------------  P R O C E S S  ---------------

Threads class SMR info:
_java_thread_list=0x000002510cc7f010, length=131, elements={
0x000002516659e000, 0x000002510761b800, 0x000002510761d800, 0x000002510763b000,
0x000002510763c000, 0x000002510763d800, 0x0000025107645800, 0x000002510767c800,
0x0000025107ff6800, 0x00000251080f6800, 0x000002510963a000, 0x00000251088e3800,
0x0000025108f42800, 0x0000025108baf800, 0x00000251084a5000, 0x0000025108686800,
0x0000025108689000, 0x0000025109a04800, 0x000002510917e000, 0x0000025108a7d800,
0x0000025108a7e000, 0x0000025108a84000, 0x0000025108a82000, 0x0000025108a81800,
0x0000025108a7f000, 0x0000025108a80000, 0x0000025108a80800, 0x000002510a64c800,
0x000002510a64b800, 0x000002510a647000, 0x000002510a649800, 0x000002510a64d800,
0x000002510a647800, 0x000002510a64a000, 0x000002510a64e000, 0x000002510a648800,
0x000002510a650800, 0x000002510a64f000, 0x000002510a651800, 0x000002510a652800,
0x000002510a654000, 0x000002510a650000, 0x000002510a654800, 0x000002510a655800,
0x0000025108a83000, 0x000002510ce09800, 0x000002510ce0d000, 0x000002510ce0e800,
0x000002510ce0b800, 0x000002510ce0a800, 0x000002510ce0c000, 0x000002510ce0d800,
0x000002510ce09000, 0x000002510ce12800, 0x000002510ce14800, 0x000002510ce10000,
0x000002510ce13800, 0x000002510ce11000, 0x000002510ce12000, 0x000002510ce0f800,
0x000002510ce16000, 0x000002510ce15000, 0x000002510ce16800, 0x000002510ce17800,
0x000002510c23b000, 0x000002510c239000, 0x000002510c23a000, 0x000002510c240800,
0x000002510c241800, 0x000002510c23f000, 0x000002510c23e000, 0x000002510c242000,
0x000002510c23c800, 0x000002510c23d800, 0x000002510c244000, 0x000002510c243000,
0x000002510c246800, 0x000002510c248000, 0x000002510c247000, 0x000002510c244800,
0x000002510c245800, 0x000002510a653000, 0x000002510d9fe800, 0x000002510d9fd800,
0x000002510d9fb000, 0x000002510d9ff800, 0x000002510d9fd000, 0x000002510d9fc000,
0x000002510da00000, 0x000002510da01000, 0x000002510da06000, 0x000002510da06800,
0x000002510da02000, 0x000002510da03800, 0x000002510da07800, 0x000002510da08800,
0x000002510da02800, 0x000002510da09000, 0x000002510da0a000, 0x000002510da04000,
0x000002510da05000, 0x000002510ddff800, 0x000002510ddfa800, 0x000002510ddfa000,
0x000002510ddfc800, 0x000002510ddfb800, 0x000002510de00800, 0x000002510ddfd000,
0x000002510de03000, 0x000002510de02000, 0x000002510ddfe000, 0x000002510de01800,
0x000002510ddff000, 0x000002510de03800, 0x000002510de08800, 0x000002510de04800,
0x000002510de05800, 0x000002510de06000, 0x000002510de07000, 0x000002510de08000,
0x000002510db6b800, 0x000002510db66800, 0x000002510db6a000, 0x000002510db6d800,
0x000002510db68800, 0x000002510db69000, 0x000002510db67800, 0x000002510db6e000,
0x000002510db6c800, 0x000002510db6f000, 0x000002510db70800
}

Java Threads: ( => current thread )
  0x000002516659e000 JavaThread "main" [_thread_blocked, id=25204, stack(0x000000e0e8e00000,0x000000e0e8f00000)]
  0x000002510761b800 JavaThread "Reference Handler" daemon [_thread_blocked, id=9708, stack(0x000000e0e9500000,0x000000e0e9600000)]
  0x000002510761d800 JavaThread "Finalizer" daemon [_thread_blocked, id=27524, stack(0x000000e0e9600000,0x000000e0e9700000)]
  0x000002510763b000 JavaThread "Signal Dispatcher" daemon [_thread_blocked, id=27044, stack(0x000000e0e9700000,0x000000e0e9800000)]
  0x000002510763c000 JavaThread "Attach Listener" daemon [_thread_blocked, id=31424, stack(0x000000e0e9800000,0x000000e0e9900000)]
  0x000002510763d800 JavaThread "Service Thread" daemon [_thread_blocked, id=13408, stack(0x000000e0e9900000,0x000000e0e9a00000)]
  0x0000025107645800 JavaThread "C2 CompilerThread0" daemon [_thread_blocked, id=26244, stack(0x000000e0e9a00000,0x000000e0e9b00000)]
  0x000002510767c800 JavaThread "C1 CompilerThread0" daemon [_thread_blocked, id=18860, stack(0x000000e0e9b00000,0x000000e0e9c00000)]
  0x0000025107ff6800 JavaThread "Sweeper thread" daemon [_thread_blocked, id=27588, stack(0x000000e0e9c00000,0x000000e0e9d00000)]
  0x00000251080f6800 JavaThread "Common-Cleaner" daemon [_thread_blocked, id=23012, stack(0x000000e0e9d00000,0x000000e0e9e00000)]
  0x000002510963a000 JavaThread "Daemon health stats" [_thread_blocked, id=34636, stack(0x000000e0e8b00000,0x000000e0e8c00000)]
  0x00000251088e3800 JavaThread "Incoming local TCP Connector on port 64975" [_thread_in_native, id=34360, stack(0x000000e0ea000000,0x000000e0ea100000)]
  0x0000025108f42800 JavaThread "Daemon periodic checks" [_thread_blocked, id=33528, stack(0x000000e0ea200000,0x000000e0ea300000)]
  0x0000025108baf800 JavaThread "Daemon" [_thread_blocked, id=34892, stack(0x000000e0ea300000,0x000000e0ea400000)]
  0x00000251084a5000 JavaThread "Handler for socket connection from /127.0.0.1:64975 to /127.0.0.1:64976" [_thread_in_native, id=34896, stack(0x000000e0ea400000,0x000000e0ea500000)]
  0x0000025108686800 JavaThread "Cancel handler" [_thread_blocked, id=35660, stack(0x000000e0ea500000,0x000000e0ea600000)]
  0x0000025108689000 JavaThread "Daemon worker" [_thread_blocked, id=33472, stack(0x000000e0ea600000,0x000000e0ea700000)]
  0x0000025109a04800 JavaThread "Asynchronous log dispatcher for DefaultDaemonConnection: socket connection from /127.0.0.1:64975 to /127.0.0.1:64976" [_thread_blocked, id=14760, stack(0x000000e0ea900000,0x000000e0eaa00000)]
  0x000002510917e000 JavaThread "Daemon client event forwarder" [_thread_blocked, id=9224, stack(0x000000e0eab00000,0x000000e0eac00000)]
  0x0000025108a7d800 JavaThread "Cache worker for journal cache (C:\Users\Sahil Rawat\.gradle\caches\journal-1)" [_thread_blocked, id=35008, stack(0x000000e0eb000000,0x000000e0eb100000)]
  0x0000025108a7e000 JavaThread "File lock request listener" [_thread_in_native, id=34948, stack(0x000000e0eb100000,0x000000e0eb200000)]
  0x0000025108a84000 JavaThread "Cache worker for file hash cache (C:\Users\Sahil Rawat\.gradle\caches\8.0.1\fileHashes)" [_thread_blocked, id=30544, stack(0x000000e0eb200000,0x000000e0eb300000)]
  0x0000025108a82000 JavaThread "File watcher server" daemon [_thread_in_native, id=4960, stack(0x000000e0eb300000,0x000000e0eb400000)]
  0x0000025108a81800 JavaThread "File watcher consumer" daemon [_thread_blocked, id=20408, stack(0x000000e0eb400000,0x000000e0eb500000)]
  0x0000025108a7f000 JavaThread "Cache worker for checksums cache (D:\Assignment_Five_SignInPage\android\.gradle\8.0.1\checksums)" [_thread_blocked, id=704, stack(0x000000e0eb600000,0x000000e0eb700000)]
  0x0000025108a80000 JavaThread "Cache worker for cache directory md-rule (C:\Users\Sahil Rawat\.gradle\caches\8.0.1\md-rule)" [_thread_blocked, id=30920, stack(0x000000e0eb700000,0x000000e0eb800000)]
  0x0000025108a80800 JavaThread "Cache worker for file content cache (C:\Users\Sahil Rawat\.gradle\caches\8.0.1\fileContent)" [_thread_blocked, id=28972, stack(0x000000e0eb800000,0x000000e0eb900000)]
  0x000002510a64c800 JavaThread "Cache worker for file hash cache (D:\Assignment_Five_SignInPage\android\.gradle\8.0.1\fileHashes)" [_thread_blocked, id=10140, stack(0x000000e0eb900000,0x000000e0eba00000)]
  0x000002510a64b800 JavaThread "Cache worker for cache directory md-supplier (C:\Users\Sahil Rawat\.gradle\caches\8.0.1\md-supplier)" [_thread_blocked, id=27840, stack(0x000000e0eba00000,0x000000e0ebb00000)]
  0x000002510a647000 JavaThread "Cache worker for execution history cache (C:\Users\Sahil Rawat\.gradle\caches\8.0.1\executionHistory)" [_thread_blocked, id=1960, stack(0x000000e0ebb00000,0x000000e0ebc00000)]
  0x000002510a649800 JavaThread "jar transforms" [_thread_blocked, id=20320, stack(0x000000e0ebc00000,0x000000e0ebd00000)]
  0x000002510a64d800 JavaThread "jar transforms Thread 2" [_thread_blocked, id=16104, stack(0x000000e0ebd00000,0x000000e0ebe00000)]
  0x000002510a647800 JavaThread "jar transforms Thread 3" [_thread_blocked, id=24888, stack(0x000000e0ebe00000,0x000000e0ebf00000)]
  0x000002510a64a000 JavaThread "jar transforms Thread 4" [_thread_blocked, id=27772, stack(0x000000e0ebf00000,0x000000e0ec000000)]
  0x000002510a64e000 JavaThread "Cache worker for kotlin-dsl (C:\Users\Sahil Rawat\.gradle\caches\8.0.1\kotlin-dsl)" [_thread_blocked, id=8272, stack(0x000000e0ea700000,0x000000e0ea800000)]
  0x000002510a648800 JavaThread "jar transforms Thread 5" [_thread_blocked, id=27068, stack(0x000000e0eaa00000,0x000000e0eab00000)]
  0x000002510a650800 JavaThread "jar transforms Thread 6" [_thread_blocked, id=27816, stack(0x000000e0ec000000,0x000000e0ec100000)]
  0x000002510a64f000 JavaThread "Cache worker for dependencies-accessors (D:\Assignment_Five_SignInPage\android\.gradle\8.0.1\dependencies-accessors)" [_thread_blocked, id=3996, stack(0x000000e0ec100000,0x000000e0ec200000)]
  0x000002510a651800 JavaThread "Cache worker for Build Output Cleanup Cache (D:\Assignment_Five_SignInPage\node_modules\@react-native\gradle-plugin\.gradle\buildOutputCleanup)" [_thread_blocked, id=21052, stack(0x000000e0ea800000,0x000000e0ea900000)]
  0x000002510a652800 JavaThread "jar transforms Thread 7" [_thread_blocked, id=12728, stack(0x000000e0eb500000,0x000000e0eb600000)]
  0x000002510a654000 JavaThread "Unconstrained build operations" [_thread_blocked, id=22132, stack(0x000000e0ec300000,0x000000e0ec400000)]
  0x000002510a650000 JavaThread "Unconstrained build operations Thread 2" [_thread_blocked, id=28880, stack(0x000000e0ec400000,0x000000e0ec500000)]
  0x000002510a654800 JavaThread "Unconstrained build operations Thread 3" [_thread_blocked, id=29576, stack(0x000000e0ec500000,0x000000e0ec600000)]
  0x000002510a655800 JavaThread "Unconstrained build operations Thread 4" [_thread_blocked, id=1856, stack(0x000000e0ec600000,0x000000e0ec700000)]
  0x0000025108a83000 JavaThread "Unconstrained build operations Thread 5" [_thread_blocked, id=24004, stack(0x000000e0ec700000,0x000000e0ec800000)]
  0x000002510ce09800 JavaThread "Unconstrained build operations Thread 6" [_thread_blocked, id=17032, stack(0x000000e0ec800000,0x000000e0ec900000)]
  0x000002510ce0d000 JavaThread "Unconstrained build operations Thread 7" [_thread_blocked, id=4888, stack(0x000000e0ec900000,0x000000e0eca00000)]
  0x000002510ce0e800 JavaThread "Unconstrained build operations Thread 8" [_thread_blocked, id=29136, stack(0x000000e0eca00000,0x000000e0ecb00000)]
  0x000002510ce0b800 JavaThread "Unconstrained build operations Thread 9" [_thread_blocked, id=28520, stack(0x000000e0ecb00000,0x000000e0ecc00000)]
  0x000002510ce0a800 JavaThread "Unconstrained build operations Thread 10" [_thread_blocked, id=32100, stack(0x000000e0ecc00000,0x000000e0ecd00000)]
  0x000002510ce0c000 JavaThread "Unconstrained build operations Thread 11" [_thread_blocked, id=35344, stack(0x000000e0ecd00000,0x000000e0ece00000)]
  0x000002510ce0d800 JavaThread "Unconstrained build operations Thread 12" [_thread_blocked, id=12364, stack(0x000000e0ece00000,0x000000e0ecf00000)]
  0x000002510ce09000 JavaThread "Unconstrained build operations Thread 13" [_thread_blocked, id=13748, stack(0x000000e0ecf00000,0x000000e0ed000000)]
  0x000002510ce12800 JavaThread "Unconstrained build operations Thread 14" [_thread_blocked, id=25120, stack(0x000000e0ed000000,0x000000e0ed100000)]
  0x000002510ce14800 JavaThread "Unconstrained build operations Thread 15" [_thread_blocked, id=24704, stack(0x000000e0ed100000,0x000000e0ed200000)]
  0x000002510ce10000 JavaThread "Unconstrained build operations Thread 16" [_thread_blocked, id=18264, stack(0x000000e0ed200000,0x000000e0ed300000)]
  0x000002510ce13800 JavaThread "Unconstrained build operations Thread 17" [_thread_blocked, id=34660, stack(0x000000e0ed300000,0x000000e0ed400000)]
  0x000002510ce11000 JavaThread "Unconstrained build operations Thread 18" [_thread_blocked, id=30364, stack(0x000000e0ed400000,0x000000e0ed500000)]
  0x000002510ce12000 JavaThread "Unconstrained build operations Thread 19" [_thread_blocked, id=26896, stack(0x000000e0ed500000,0x000000e0ed600000)]
  0x000002510ce0f800 JavaThread "Unconstrained build operations Thread 20" [_thread_blocked, id=28112, stack(0x000000e0ed600000,0x000000e0ed700000)]
  0x000002510ce16000 JavaThread "Unconstrained build operations Thread 21" [_thread_blocked, id=32004, stack(0x000000e0ed700000,0x000000e0ed800000)]
  0x000002510ce15000 JavaThread "Unconstrained build operations Thread 22" [_thread_blocked, id=30032, stack(0x000000e0ed800000,0x000000e0ed900000)]
  0x000002510ce16800 JavaThread "Unconstrained build operations Thread 23" [_thread_blocked, id=26336, stack(0x000000e0ed900000,0x000000e0eda00000)]
  0x000002510ce17800 JavaThread "Unconstrained build operations Thread 24" [_thread_blocked, id=31576, stack(0x000000e0eda00000,0x000000e0edb00000)]
  0x000002510c23b000 JavaThread "Unconstrained build operations Thread 25" [_thread_blocked, id=14388, stack(0x000000e0edb00000,0x000000e0edc00000)]
  0x000002510c239000 JavaThread "Unconstrained build operations Thread 26" [_thread_blocked, id=27708, stack(0x000000e0edc00000,0x000000e0edd00000)]
  0x000002510c23a000 JavaThread "jar transforms Thread 8" [_thread_blocked, id=27644, stack(0x000000e0edd00000,0x000000e0ede00000)]
  0x000002510c240800 JavaThread "Memory manager" [_thread_blocked, id=12368, stack(0x000000e0ede00000,0x000000e0edf00000)]
  0x000002510c241800 JavaThread "Cache worker for Build Output Cleanup Cache (D:\Assignment_Five_SignInPage\android\.gradle\buildOutputCleanup)" [_thread_blocked, id=23296, stack(0x000000e0ee000000,0x000000e0ee100000)]
  0x000002510c23f000 JavaThread "Execution worker" [_thread_blocked, id=29172, stack(0x000000e0ee100000,0x000000e0ee200000)]
  0x000002510c23e000 JavaThread "Execution worker Thread 2" [_thread_blocked, id=5932, stack(0x000000e0ee200000,0x000000e0ee300000)]
  0x000002510c242000 JavaThread "Execution worker Thread 3" [_thread_blocked, id=14912, stack(0x000000e0ee300000,0x000000e0ee400000)]
  0x000002510c23c800 JavaThread "Execution worker Thread 4" [_thread_blocked, id=9856, stack(0x000000e0ee400000,0x000000e0ee500000)]
  0x000002510c23d800 JavaThread "Execution worker Thread 5" [_thread_blocked, id=29060, stack(0x000000e0ee500000,0x000000e0ee600000)]
  0x000002510c244000 JavaThread "Execution worker Thread 6" [_thread_blocked, id=25400, stack(0x000000e0ee600000,0x000000e0ee700000)]
  0x000002510c243000 JavaThread "Execution worker Thread 7" [_thread_blocked, id=29008, stack(0x000000e0ee700000,0x000000e0ee800000)]
  0x000002510c246800 JavaThread "Cache worker for execution history cache (D:\Assignment_Five_SignInPage\node_modules\@react-native\gradle-plugin\.gradle\8.0.1\executionHistory)" [_thread_blocked, id=8160, stack(0x000000e0ee800000,0x000000e0ee900000)]
  0x000002510c248000 JavaThread "Unconstrained build operations Thread 27" [_thread_blocked, id=29524, stack(0x000000e0ee900000,0x000000e0eea00000)]
  0x000002510c247000 JavaThread "Unconstrained build operations Thread 28" [_thread_blocked, id=33344, stack(0x000000e0eea00000,0x000000e0eeb00000)]
  0x000002510c244800 JavaThread "Unconstrained build operations Thread 29" [_thread_blocked, id=27724, stack(0x000000e0eeb00000,0x000000e0eec00000)]
  0x000002510c245800 JavaThread "Unconstrained build operations Thread 30" [_thread_blocked, id=29184, stack(0x000000e0eec00000,0x000000e0eed00000)]
  0x000002510a653000 JavaThread "Unconstrained build operations Thread 31" [_thread_blocked, id=15224, stack(0x000000e0eed00000,0x000000e0eee00000)]
  0x000002510d9fe800 JavaThread "Unconstrained build operations Thread 32" [_thread_blocked, id=18536, stack(0x000000e0eee00000,0x000000e0eef00000)]
  0x000002510d9fd800 JavaThread "Unconstrained build operations Thread 33" [_thread_blocked, id=12944, stack(0x000000e0eef00000,0x000000e0ef000000)]
  0x000002510d9fb000 JavaThread "Unconstrained build operations Thread 34" [_thread_blocked, id=11600, stack(0x000000e0ef000000,0x000000e0ef100000)]
  0x000002510d9ff800 JavaThread "Unconstrained build operations Thread 35" [_thread_blocked, id=3572, stack(0x000000e0ef100000,0x000000e0ef200000)]
  0x000002510d9fd000 JavaThread "Unconstrained build operations Thread 36" [_thread_blocked, id=22672, stack(0x000000e0ef200000,0x000000e0ef300000)]
  0x000002510d9fc000 JavaThread "Unconstrained build operations Thread 37" [_thread_blocked, id=20404, stack(0x000000e0ef300000,0x000000e0ef400000)]
  0x000002510da00000 JavaThread "Unconstrained build operations Thread 38" [_thread_blocked, id=15932, stack(0x000000e0ef400000,0x000000e0ef500000)]
  0x000002510da01000 JavaThread "Unconstrained build operations Thread 39" [_thread_blocked, id=10800, stack(0x000000e0ef500000,0x000000e0ef600000)]
  0x000002510da06000 JavaThread "Unconstrained build operations Thread 40" [_thread_blocked, id=17756, stack(0x000000e0ef600000,0x000000e0ef700000)]
  0x000002510da06800 JavaThread "Unconstrained build operations Thread 41" [_thread_blocked, id=21300, stack(0x000000e0ef700000,0x000000e0ef800000)]
  0x000002510da02000 JavaThread "Unconstrained build operations Thread 42" [_thread_blocked, id=11496, stack(0x000000e0ef800000,0x000000e0ef900000)]
  0x000002510da03800 JavaThread "Unconstrained build operations Thread 43" [_thread_blocked, id=8740, stack(0x000000e0ef900000,0x000000e0efa00000)]
  0x000002510da07800 JavaThread "Unconstrained build operations Thread 44" [_thread_blocked, id=21728, stack(0x000000e0efa00000,0x000000e0efb00000)]
  0x000002510da08800 JavaThread "Unconstrained build operations Thread 45" [_thread_blocked, id=32192, stack(0x000000e0efb00000,0x000000e0efc00000)]
  0x000002510da02800 JavaThread "Unconstrained build operations Thread 46" [_thread_blocked, id=25896, stack(0x000000e0efc00000,0x000000e0efd00000)]
  0x000002510da09000 JavaThread "Unconstrained build operations Thread 47" [_thread_blocked, id=28032, stack(0x000000e0efd00000,0x000000e0efe00000)]
  0x000002510da0a000 JavaThread "Unconstrained build operations Thread 48" [_thread_blocked, id=19148, stack(0x000000e0efe00000,0x000000e0eff00000)]
  0x000002510da04000 JavaThread "Unconstrained build operations Thread 49" [_thread_blocked, id=35500, stack(0x000000e0eff00000,0x000000e0f0000000)]
  0x000002510da05000 JavaThread "Unconstrained build operations Thread 50" [_thread_blocked, id=23264, stack(0x000000e0f0000000,0x000000e0f0100000)]
  0x000002510ddff800 JavaThread "Unconstrained build operations Thread 51" [_thread_blocked, id=10856, stack(0x000000e0f0100000,0x000000e0f0200000)]
  0x000002510ddfa800 JavaThread "Unconstrained build operations Thread 52" [_thread_blocked, id=30820, stack(0x000000e0f0200000,0x000000e0f0300000)]
  0x000002510ddfa000 JavaThread "Unconstrained build operations Thread 53" [_thread_blocked, id=21744, stack(0x000000e0f0300000,0x000000e0f0400000)]
  0x000002510ddfc800 JavaThread "Unconstrained build operations Thread 54" [_thread_blocked, id=18532, stack(0x000000e0f0400000,0x000000e0f0500000)]
  0x000002510ddfb800 JavaThread "Unconstrained build operations Thread 55" [_thread_blocked, id=27636, stack(0x000000e0f0500000,0x000000e0f0600000)]
  0x000002510de00800 JavaThread "Unconstrained build operations Thread 56" [_thread_blocked, id=29000, stack(0x000000e0f0600000,0x000000e0f0700000)]
  0x000002510ddfd000 JavaThread "Unconstrained build operations Thread 57" [_thread_blocked, id=29516, stack(0x000000e0f0700000,0x000000e0f0800000)]
  0x000002510de03000 JavaThread "Unconstrained build operations Thread 58" [_thread_blocked, id=32476, stack(0x000000e0f0800000,0x000000e0f0900000)]
  0x000002510de02000 JavaThread "Unconstrained build operations Thread 59" [_thread_blocked, id=25948, stack(0x000000e0f0900000,0x000000e0f0a00000)]
  0x000002510ddfe000 JavaThread "Unconstrained build operations Thread 60" [_thread_blocked, id=30104, stack(0x000000e0f0a00000,0x000000e0f0b00000)]
  0x000002510de01800 JavaThread "Unconstrained build operations Thread 61" [_thread_blocked, id=27756, stack(0x000000e0f0b00000,0x000000e0f0c00000)]
  0x000002510ddff000 JavaThread "Unconstrained build operations Thread 62" [_thread_blocked, id=21144, stack(0x000000e0f0c00000,0x000000e0f0d00000)]
  0x000002510de03800 JavaThread "Unconstrained build operations Thread 63" [_thread_blocked, id=15952, stack(0x000000e0f0d00000,0x000000e0f0e00000)]
  0x000002510de08800 JavaThread "Unconstrained build operations Thread 64" [_thread_blocked, id=16244, stack(0x000000e0f0e00000,0x000000e0f0f00000)]
  0x000002510de04800 JavaThread "Unconstrained build operations Thread 65" [_thread_blocked, id=11816, stack(0x000000e0f0f00000,0x000000e0f1000000)]
  0x000002510de05800 JavaThread "Unconstrained build operations Thread 66" [_thread_blocked, id=16852, stack(0x000000e0f1000000,0x000000e0f1100000)]
  0x000002510de06000 JavaThread "Unconstrained build operations Thread 67" [_thread_blocked, id=5980, stack(0x000000e0f1100000,0x000000e0f1200000)]
  0x000002510de07000 JavaThread "Unconstrained build operations Thread 68" [_thread_blocked, id=16472, stack(0x000000e0f1200000,0x000000e0f1300000)]
  0x000002510de08000 JavaThread "Unconstrained build operations Thread 69" [_thread_blocked, id=31564, stack(0x000000e0f1300000,0x000000e0f1400000)]
  0x000002510db6b800 JavaThread "Unconstrained build operations Thread 70" [_thread_blocked, id=13316, stack(0x000000e0f1400000,0x000000e0f1500000)]
  0x000002510db66800 JavaThread "Unconstrained build operations Thread 71" [_thread_blocked, id=34160, stack(0x000000e0f1500000,0x000000e0f1600000)]
  0x000002510db6a000 JavaThread "Unconstrained build operations Thread 72" [_thread_blocked, id=20280, stack(0x000000e0f1600000,0x000000e0f1700000)]
  0x000002510db6d800 JavaThread "Unconstrained build operations Thread 73" [_thread_blocked, id=2224, stack(0x000000e0f1700000,0x000000e0f1800000)]
  0x000002510db68800 JavaThread "Unconstrained build operations Thread 74" [_thread_blocked, id=14616, stack(0x000000e0f1800000,0x000000e0f1900000)]
  0x000002510db69000 JavaThread "Unconstrained build operations Thread 75" [_thread_blocked, id=22056, stack(0x000000e0f1900000,0x000000e0f1a00000)]
  0x000002510db67800 JavaThread "Unconstrained build operations Thread 76" [_thread_blocked, id=28212, stack(0x000000e0f1a00000,0x000000e0f1b00000)]
  0x000002510db6e000 JavaThread "Unconstrained build operations Thread 77" [_thread_blocked, id=32468, stack(0x000000e0f1b00000,0x000000e0f1c00000)]
  0x000002510db6c800 JavaThread "Unconstrained build operations Thread 78" [_thread_blocked, id=28852, stack(0x000000e0f1c00000,0x000000e0f1d00000)]
  0x000002510db6f000 JavaThread "Unconstrained build operations Thread 79" [_thread_blocked, id=30520, stack(0x000000e0f1d00000,0x000000e0f1e00000)]
  0x000002510db70800 JavaThread "Unconstrained build operations Thread 80" [_thread_blocked, id=5688, stack(0x000000e0f1e00000,0x000000e0f1f00000)]

Other Threads:
=>0x0000025107617800 VMThread "VM Thread" [stack: 0x000000e0e9400000,0x000000e0e9500000] [id=15068]
  0x0000025108139800 WatcherThread [stack: 0x000000e0e9e00000,0x000000e0e9f00000] [id=12156]
  0x00000251665b8800 GCTaskThread "GC Thread#0" [stack: 0x000000e0e8f00000,0x000000e0e9000000] [id=26772]
  0x00000251083ec800 GCTaskThread "GC Thread#1" [stack: 0x000000e0e9f00000,0x000000e0ea000000] [id=28044]
  0x000002510962f000 GCTaskThread "GC Thread#2" [stack: 0x000000e0e8c00000,0x000000e0e8d00000] [id=34100]
  0x000002510928a800 GCTaskThread "GC Thread#3" [stack: 0x000000e0e8d00000,0x000000e0e8e00000] [id=31300]
  0x0000025108cc5800 GCTaskThread "GC Thread#4" [stack: 0x000000e0ea100000,0x000000e0ea200000] [id=9268]
  0x000002510913c800 GCTaskThread "GC Thread#5" [stack: 0x000000e0eac00000,0x000000e0ead00000] [id=7672]
  0x000002510913d800 GCTaskThread "GC Thread#6" [stack: 0x000000e0ead00000,0x000000e0eae00000] [id=35064]
  0x000002510810f000 GCTaskThread "GC Thread#7" [stack: 0x000000e0eae00000,0x000000e0eaf00000] [id=6940]
  0x00000251665e8000 ConcurrentGCThread "G1 Main Marker" [stack: 0x000000e0e9000000,0x000000e0e9100000] [id=26844]
  0x00000251665e9800 ConcurrentGCThread "G1 Conc#0" [stack: 0x000000e0e9100000,0x000000e0e9200000] [id=24916]
  0x0000025108bc7800 ConcurrentGCThread "G1 Conc#1" [stack: 0x000000e0eaf00000,0x000000e0eb000000] [id=33812]
  0x0000025107490800 ConcurrentGCThread "G1 Refine#0" [stack: 0x000000e0e9200000,0x000000e0e9300000] [id=18960]
  0x0000025107491000 ConcurrentGCThread "G1 Young RemSet Sampling" [stack: 0x000000e0e9300000,0x000000e0e9400000] [id=26860]

Threads with active compile tasks:

VM state:at safepoint (normal execution)

VM Mutex/Monitor currently owned by a thread:  ([mutex/lock_event])
[0x000002516659c010] Threads_lock - owner thread: 0x0000025107617800
[0x000002516659bd40] Heap_lock - owner thread: 0x0000025108689000

Heap address: 0x0000000080000000, size: 2048 MB, Compressed Oops mode: 32-bit
Narrow klass base: 0x0000000000000000, Narrow klass shift: 3
Compressed class space size: 528482304 Address: 0x0000000100000000

Heap:
 garbage-first heap   total 206848K, used 72351K [0x0000000080000000, 0x0000000100000000)
  region size 1024K, 1 young (1024K), 1 survivors (1024K)
 Metaspace       used 80883K, capacity 83257K, committed 83592K, reserved 589824K
  class space    used 10315K, capacity 11309K, committed 11392K, reserved 516096K
Heap Regions: E=young(eden), S=young(survivor), O=old, HS=humongous(starts), HC=humongous(continues), CS=collection set, F=free, A=archive, TAMS=top-at-mark-start (previous, next)
|   0|0x0000000080000000, 0x0000000080100000, 0x0000000080100000|100%|HS|  |TAMS 0x0000000080100000, 0x0000000080000000| Complete 
|   1|0x0000000080100000, 0x0000000080200000, 0x0000000080200000|100%|HC|  |TAMS 0x0000000080200000, 0x0000000080100000| Complete 
|   2|0x0000000080200000, 0x0000000080300000, 0x0000000080300000|100%|HC|  |TAMS 0x0000000080300000, 0x0000000080200000| Complete 
|   3|0x0000000080300000, 0x0000000080400000, 0x0000000080400000|100%|HC|  |TAMS 0x0000000080400000, 0x0000000080300000| Complete 
|   4|0x0000000080400000, 0x0000000080500000, 0x0000000080500000|100%| O|  |TAMS 0x0000000080500000, 0x0000000080400000| Updating 
|   5|0x0000000080500000, 0x0000000080600000, 0x0000000080600000|100%| O|  |TAMS 0x0000000080600000, 0x0000000080500000| Updating 
|   6|0x0000000080600000, 0x0000000080700000, 0x0000000080700000|100%| O|  |TAMS 0x0000000080700000, 0x0000000080600000| Updating 
|   7|0x0000000080700000, 0x0000000080800000, 0x0000000080800000|100%| O|  |TAMS 0x0000000080800000, 0x0000000080700000| Updating 
|   8|0x0000000080800000, 0x0000000080900000, 0x0000000080900000|100%| O|  |TAMS 0x0000000080900000, 0x0000000080800000| Updating 
|   9|0x0000000080900000, 0x0000000080a00000, 0x0000000080a00000|100%| O|  |TAMS 0x0000000080a00000, 0x0000000080900000| Updating 
|  10|0x0000000080a00000, 0x0000000080b00000, 0x0000000080b00000|100%| O|  |TAMS 0x0000000080b00000, 0x0000000080a00000| Updating 
|  11|0x0000000080b00000, 0x0000000080c00000, 0x0000000080c00000|100%| O|  |TAMS 0x0000000080c00000, 0x0000000080b00000| Updating 
|  12|0x0000000080c00000, 0x0000000080d00000, 0x0000000080d00000|100%| O|  |TAMS 0x0000000080d00000, 0x0000000080c00000| Updating 
|  13|0x0000000080d00000, 0x0000000080e00000, 0x0000000080e00000|100%| O|  |TAMS 0x0000000080e00000, 0x0000000080d00000| Updating 
|  14|0x0000000080e00000, 0x0000000080f00000, 0x0000000080f00000|100%| O|  |TAMS 0x0000000080f00000, 0x0000000080e00000| Updating 
|  15|0x0000000080f00000, 0x0000000081000000, 0x0000000081000000|100%| O|  |TAMS 0x0000000081000000, 0x0000000080f00000| Updating 
|  16|0x0000000081000000, 0x0000000081100000, 0x0000000081100000|100%| O|  |TAMS 0x0000000081100000, 0x0000000081000000| Updating 
|  17|0x0000000081100000, 0x0000000081200000, 0x0000000081200000|100%| O|  |TAMS 0x0000000081200000, 0x0000000081100000| Updating 
|  18|0x0000000081200000, 0x0000000081300000, 0x0000000081300000|100%| O|  |TAMS 0x0000000081300000, 0x0000000081200000| Updating 
|  19|0x0000000081300000, 0x0000000081400000, 0x0000000081400000|100%| O|  |TAMS 0x0000000081400000, 0x0000000081300000| Updating 
|  20|0x0000000081400000, 0x0000000081500000, 0x0000000081500000|100%| O|  |TAMS 0x0000000081500000, 0x0000000081400000| Updating 
|  21|0x0000000081500000, 0x0000000081600000, 0x0000000081600000|100%| O|  |TAMS 0x0000000081600000, 0x0000000081500000| Updating 
|  22|0x0000000081600000, 0x0000000081700000, 0x0000000081700000|100%| O|  |TAMS 0x0000000081700000, 0x0000000081600000| Updating 
|  23|0x0000000081700000, 0x0000000081800000, 0x0000000081800000|100%| O|  |TAMS 0x0000000081800000, 0x0000000081700000| Updating 
|  24|0x0000000081800000, 0x0000000081900000, 0x0000000081900000|100%| O|  |TAMS 0x0000000081900000, 0x0000000081800000| Updating 
|  25|0x0000000081900000, 0x0000000081a00000, 0x0000000081a00000|100%| O|  |TAMS 0x0000000081a00000, 0x0000000081900000| Updating 
|  26|0x0000000081a00000, 0x0000000081b00000, 0x0000000081b00000|100%| O|  |TAMS 0x0000000081b00000, 0x0000000081a00000| Updating 
|  27|0x0000000081b00000, 0x0000000081c00000, 0x0000000081c00000|100%| O|  |TAMS 0x0000000081c00000, 0x0000000081b00000| Updating 
|  28|0x0000000081c00000, 0x0000000081d00000, 0x0000000081d00000|100%| O|  |TAMS 0x0000000081d00000, 0x0000000081c00000| Updating 
|  29|0x0000000081d00000, 0x0000000081e00000, 0x0000000081e00000|100%| O|  |TAMS 0x0000000081e00000, 0x0000000081d00000| Updating 
|  30|0x0000000081e00000, 0x0000000081f00000, 0x0000000081f00000|100%|HS|  |TAMS 0x0000000081f00000, 0x0000000081e00000| Complete 
|  31|0x0000000081f00000, 0x0000000082000000, 0x0000000082000000|100%|HC|  |TAMS 0x0000000082000000, 0x0000000081f00000| Complete 
|  32|0x0000000082000000, 0x0000000082100000, 0x0000000082100000|100%|HS|  |TAMS 0x0000000082100000, 0x0000000082000000| Complete 
|  33|0x0000000082100000, 0x0000000082200000, 0x0000000082200000|100%|HC|  |TAMS 0x0000000082200000, 0x0000000082100000| Complete 
|  34|0x0000000082200000, 0x0000000082300000, 0x0000000082300000|100%|HC|  |TAMS 0x0000000082300000, 0x0000000082200000| Complete 
|  35|0x0000000082300000, 0x0000000082400000, 0x0000000082400000|100%|HC|  |TAMS 0x0000000082400000, 0x0000000082300000| Complete 
|  36|0x0000000082400000, 0x0000000082500000, 0x0000000082500000|100%| O|  |TAMS 0x0000000082500000, 0x0000000082400000| Updating 
|  37|0x0000000082500000, 0x0000000082600000, 0x0000000082600000|100%| O|  |TAMS 0x0000000082600000, 0x0000000082500000| Updating 
|  38|0x0000000082600000, 0x0000000082700000, 0x0000000082700000|100%| O|  |TAMS 0x0000000082700000, 0x0000000082600000| Updating 
|  39|0x0000000082700000, 0x0000000082800000, 0x0000000082800000|100%| O|  |TAMS 0x0000000082800000, 0x0000000082700000| Updating 
|  40|0x0000000082800000, 0x0000000082900000, 0x0000000082900000|100%| O|  |TAMS 0x0000000082900000, 0x0000000082800000| Updating 
|  41|0x0000000082900000, 0x0000000082a00000, 0x0000000082a00000|100%| O|  |TAMS 0x0000000082a00000, 0x0000000082900000| Updating 
|  42|0x0000000082a00000, 0x0000000082b00000, 0x0000000082b00000|100%| O|  |TAMS 0x0000000082b00000, 0x0000000082a00000| Updating 
|  43|0x0000000082b00000, 0x0000000082c00000, 0x0000000082c00000|100%| O|  |TAMS 0x0000000082c00000, 0x0000000082b00000| Updating 
|  44|0x0000000082c00000, 0x0000000082d00000, 0x0000000082d00000|100%| O|  |TAMS 0x0000000082d00000, 0x0000000082c00000| Updating 
|  45|0x0000000082d00000, 0x0000000082e00000, 0x0000000082e00000|100%| O|  |TAMS 0x0000000082e00000, 0x0000000082d00000| Updating 
|  46|0x0000000082e00000, 0x0000000082f00000, 0x0000000082f00000|100%| O|  |TAMS 0x0000000082f00000, 0x0000000082e00000| Updating 
|  47|0x0000000082f00000, 0x0000000083000000, 0x0000000083000000|100%| O|  |TAMS 0x0000000083000000, 0x0000000082f00000| Updating 
|  48|0x0000000083000000, 0x0000000083100000, 0x0000000083100000|100%| O|  |TAMS 0x0000000083100000, 0x0000000083000000| Updating 
|  49|0x0000000083100000, 0x0000000083200000, 0x0000000083200000|100%| O|  |TAMS 0x0000000083200000, 0x0000000083100000| Updating 
|  50|0x0000000083200000, 0x0000000083300000, 0x0000000083300000|100%| O|  |TAMS 0x0000000083300000, 0x0000000083200000| Updating 
|  51|0x0000000083300000, 0x0000000083400000, 0x0000000083400000|100%| O|  |TAMS 0x0000000083400000, 0x0000000083300000| Updating 
|  52|0x0000000083400000, 0x0000000083500000, 0x0000000083500000|100%| O|  |TAMS 0x0000000083500000, 0x0000000083400000| Updating 
|  53|0x0000000083500000, 0x0000000083600000, 0x0000000083600000|100%| O|  |TAMS 0x0000000083600000, 0x0000000083500000| Updating 
|  54|0x0000000083600000, 0x0000000083700000, 0x0000000083700000|100%| O|  |TAMS 0x0000000083700000, 0x0000000083600000| Updating 
|  55|0x0000000083700000, 0x0000000083800000, 0x0000000083800000|100%| O|  |TAMS 0x0000000083800000, 0x0000000083700000| Updating 
|  56|0x0000000083800000, 0x0000000083900000, 0x0000000083900000|100%| O|  |TAMS 0x0000000083900000, 0x0000000083800000| Updating 
|  57|0x0000000083900000, 0x0000000083a00000, 0x0000000083a00000|100%|HS|  |TAMS 0x0000000083a00000, 0x0000000083900000| Complete 
|  58|0x0000000083a00000, 0x0000000083b00000, 0x0000000083b00000|100%|HS|  |TAMS 0x0000000083b00000, 0x0000000083a00000| Complete 
|  59|0x0000000083b00000, 0x0000000083c00000, 0x0000000083c00000|100%| O|  |TAMS 0x0000000083c00000, 0x0000000083b00000| Updating 
|  60|0x0000000083c00000, 0x0000000083d00000, 0x0000000083d00000|100%| O|  |TAMS 0x0000000083d00000, 0x0000000083c00000| Updating 
|  61|0x0000000083d00000, 0x0000000083e00000, 0x0000000083e00000|100%| O|  |TAMS 0x0000000083e00000, 0x0000000083d00000| Updating 
|  62|0x0000000083e00000, 0x0000000083f00000, 0x0000000083f00000|100%| O|  |TAMS 0x0000000083f00000, 0x0000000083e00000| Updating 
|  63|0x0000000083f00000, 0x0000000084000000, 0x0000000084000000|100%| O|  |TAMS 0x0000000084000000, 0x0000000083f00000| Updating 
|  64|0x0000000084000000, 0x0000000084100000, 0x0000000084100000|100%| O|  |TAMS 0x0000000084100000, 0x0000000084000000| Updating 
|  65|0x0000000084100000, 0x0000000084200000, 0x0000000084200000|100%| O|  |TAMS 0x0000000084200000, 0x0000000084100000| Updating 
|  66|0x0000000084200000, 0x0000000084300000, 0x0000000084300000|100%| O|  |TAMS 0x0000000084300000, 0x0000000084200000| Updating 
|  67|0x0000000084300000, 0x0000000084400000, 0x0000000084400000|100%| O|  |TAMS 0x0000000084360c00, 0x0000000084300000| Updating 
|  68|0x0000000084400000, 0x0000000084500000, 0x0000000084500000|100%|HS|  |TAMS 0x0000000084400000, 0x0000000084400000| Complete 
|  69|0x0000000084500000, 0x00000000845a7c00, 0x0000000084600000| 65%| O|  |TAMS 0x0000000084500000, 0x0000000084500000| Untracked 
|  70|0x0000000084600000, 0x0000000084600000, 0x0000000084700000|  0%| F|  |TAMS 0x0000000084600000, 0x0000000084600000| Untracked 
|  71|0x0000000084700000, 0x0000000084700000, 0x0000000084800000|  0%| F|  |TAMS 0x0000000084700000, 0x0000000084700000| Untracked 
|  72|0x0000000084800000, 0x0000000084800000, 0x0000000084900000|  0%| F|  |TAMS 0x0000000084800000, 0x0000000084800000| Untracked 
|  73|0x0000000084900000, 0x0000000084900000, 0x0000000084a00000|  0%| F|  |TAMS 0x0000000084900000, 0x0000000084900000| Untracked 
|  74|0x0000000084a00000, 0x0000000084a00000, 0x0000000084b00000|  0%| F|  |TAMS 0x0000000084a00000, 0x0000000084a00000| Untracked 
|  75|0x0000000084b00000, 0x0000000084b00000, 0x0000000084c00000|  0%| F|  |TAMS 0x0000000084b00000, 0x0000000084b00000| Untracked 
|  76|0x0000000084c00000, 0x0000000084c00000, 0x0000000084d00000|  0%| F|  |TAMS 0x0000000084c00000, 0x0000000084c00000| Untracked 
|  77|0x0000000084d00000, 0x0000000084d00000, 0x0000000084e00000|  0%| F|  |TAMS 0x0000000084d00000, 0x0000000084d00000| Untracked 
|  78|0x0000000084e00000, 0x0000000084e00000, 0x0000000084f00000|  0%| F|  |TAMS 0x0000000084e00000, 0x0000000084e00000| Untracked 
|  79|0x0000000084f00000, 0x0000000084f00000, 0x0000000085000000|  0%| F|  |TAMS 0x0000000084f00000, 0x0000000084f00000| Untracked 
|  80|0x0000000085000000, 0x0000000085000000, 0x0000000085100000|  0%| F|  |TAMS 0x0000000085000000, 0x0000000085000000| Untracked 
|  81|0x0000000085100000, 0x0000000085100000, 0x0000000085200000|  0%| F|  |TAMS 0x0000000085100000, 0x0000000085100000| Untracked 
|  82|0x0000000085200000, 0x0000000085200000, 0x0000000085300000|  0%| F|  |TAMS 0x0000000085200000, 0x0000000085200000| Untracked 
|  83|0x0000000085300000, 0x0000000085300000, 0x0000000085400000|  0%| F|  |TAMS 0x0000000085300000, 0x0000000085300000| Untracked 
|  84|0x0000000085400000, 0x0000000085400000, 0x0000000085500000|  0%| F|  |TAMS 0x0000000085400000, 0x0000000085400000| Untracked 
|  85|0x0000000085500000, 0x0000000085500000, 0x0000000085600000|  0%| F|  |TAMS 0x0000000085500000, 0x0000000085500000| Untracked 
|  86|0x0000000085600000, 0x0000000085600000, 0x0000000085700000|  0%| F|  |TAMS 0x0000000085600000, 0x0000000085600000| Untracked 
|  87|0x0000000085700000, 0x0000000085700000, 0x0000000085800000|  0%| F|  |TAMS 0x0000000085700000, 0x0000000085700000| Untracked 
|  88|0x0000000085800000, 0x0000000085800000, 0x0000000085900000|  0%| F|  |TAMS 0x0000000085800000, 0x0000000085800000| Untracked 
|  89|0x0000000085900000, 0x0000000085900000, 0x0000000085a00000|  0%| F|  |TAMS 0x0000000085900000, 0x0000000085900000| Untracked 
|  90|0x0000000085a00000, 0x0000000085a00000, 0x0000000085b00000|  0%| F|  |TAMS 0x0000000085a00000, 0x0000000085a00000| Untracked 
|  91|0x0000000085b00000, 0x0000000085c00000, 0x0000000085c00000|100%| S|CS|TAMS 0x0000000085b00000, 0x0000000085b00000| Complete 
|  92|0x0000000085c00000, 0x0000000085c00000, 0x0000000085d00000|  0%| F|  |TAMS 0x0000000085c00000, 0x0000000085c00000| Untracked 
|  93|0x0000000085d00000, 0x0000000085d00000, 0x0000000085e00000|  0%| F|  |TAMS 0x0000000085d00000, 0x0000000085d00000| Untracked 
|  94|0x0000000085e00000, 0x0000000085e00000, 0x0000000085f00000|  0%| F|  |TAMS 0x0000000085e00000, 0x0000000085e00000| Untracked 
|  95|0x0000000085f00000, 0x0000000085f00000, 0x0000000086000000|  0%| F|  |TAMS 0x0000000085f00000, 0x0000000085f00000| Untracked 

Card table byte_map: [0x0000025100400000,0x0000025100800000] _byte_map_base: 0x0000025100000000

Marking Bits (Prev, Next): (CMBitMap*) 0x00000251665df090, (CMBitMap*) 0x00000251665df058
 Prev Bits: [0x0000025102c00000, 0x0000025104c00000)
 Next Bits: [0x0000025100c00000, 0x0000025102c00000)

Polling page: 0x00000251704c0000

Metaspace:

Usage:
  Non-class:     70.26 MB capacity,    68.91 MB ( 98%) used,     1.10 MB (  2%) free+waste,   258.50 KB ( <1%) overhead. 
      Class:     11.04 MB capacity,    10.07 MB ( 91%) used,   870.89 KB (  8%) free+waste,   122.69 KB (  1%) overhead. 
       Both:     81.31 MB capacity,    78.99 MB ( 97%) used,     1.95 MB (  2%) free+waste,   381.19 KB ( <1%) overhead. 

Virtual space:
  Non-class space:       72.00 MB reserved,      70.51 MB ( 98%) committed 
      Class space:      504.00 MB reserved,      11.13 MB (  2%) committed 
             Both:      576.00 MB reserved,      81.63 MB ( 14%) committed 

Chunk freelists:
   Non-Class:  60.00 KB
       Class:  19.00 KB
        Both:  79.00 KB

MaxMetaspaceSize: 512.00 MB
CompressedClassSpaceSize: 504.00 MB
Initial GC threshold: 20.80 MB
Current GC threshold: 136.05 MB
CDS: off

CodeHeap 'non-profiled nmethods': size=120000Kb used=5979Kb max_used=5979Kb free=114020Kb
 bounds [0x0000025177fb0000, 0x0000025178590000, 0x000002517f4e0000]
CodeHeap 'profiled nmethods': size=120000Kb used=20334Kb max_used=20334Kb free=99665Kb
 bounds [0x0000025170a80000, 0x0000025171e60000, 0x0000025177fb0000]
CodeHeap 'non-nmethods': size=5760Kb used=2378Kb max_used=2418Kb free=3381Kb
 bounds [0x00000251704e0000, 0x0000025170750000, 0x0000025170a80000]
 total_blobs=10366 nmethods=9462 adapters=816
 compilation: enabled
              stopped_count=0, restarted_count=0
 full_count=0

Compilation events (20 events):
Event: 1061.638 Thread 0x000002510767c800 nmethod 9565 0x0000025171e57d10 code [0x0000025171e57ec0, 0x0000025171e58018]
Event: 1061.641 Thread 0x000002510767c800 9566       3       sun.security.util.SignatureFileVerifier::updateSigners (132 bytes)
Event: 1061.660 Thread 0x0000025107645800 nmethod 9555% 0x0000025178583d90 code [0x0000025178583f40, 0x0000025178584498]
Event: 1061.660 Thread 0x0000025107645800 9559 %     4       java.math.BigInteger::primitiveLeftShift @ 31 (79 bytes)
Event: 1061.661 Thread 0x000002510767c800 nmethod 9566 0x0000025171e58090 code [0x0000025171e58380, 0x0000025171e59668]
Event: 1061.661 Thread 0x000002510767c800 9567       3       sun.security.util.SignatureFileVerifier::matches (93 bytes)
Event: 1061.662 Thread 0x000002510767c800 nmethod 9567 0x0000025171e59d10 code [0x0000025171e59fc0, 0x0000025171e5aeb8]
Event: 1061.671 Thread 0x0000025107645800 nmethod 9559% 0x0000025178584710 code [0x00000251785848a0, 0x0000025178584c38]
Event: 1061.671 Thread 0x0000025107645800 9561 %     4       java.math.BigInteger::implSquareToLen @ 81 (154 bytes)
Event: 1061.677 Thread 0x000002510767c800 9568       1       java.security.Provider$Service::getType (5 bytes)
Event: 1061.677 Thread 0x000002510767c800 nmethod 9568 0x0000025178584e10 code [0x0000025178584fc0, 0x0000025178585078]
Event: 1061.677 Thread 0x000002510767c800 9571       3       java.security.Provider::checkInitialized (16 bytes)
Event: 1061.677 Thread 0x000002510767c800 nmethod 9571 0x0000025171e5b510 code [0x0000025171e5b6e0, 0x0000025171e5b8c8]
Event: 1061.684 Thread 0x000002510767c800 9569       1       java.security.Provider$Service::getAlgorithm (5 bytes)
Event: 1061.690 Thread 0x000002510767c800 nmethod 9569 0x0000025178585110 code [0x00000251785852c0, 0x0000025178585378]
Event: 1061.690 Thread 0x000002510767c800 9570       1       java.security.Provider$Service::getAliases (5 bytes)
Event: 1061.698 Thread 0x000002510767c800 nmethod 9570 0x0000025178585410 code [0x00000251785855c0, 0x0000025178585678]
Event: 1061.723 Thread 0x0000025107645800 nmethod 9561% 0x0000025178585710 code [0x00000251785858c0, 0x0000025178586018]
Event: 1062.540 Thread 0x0000025107645800 9572       4       java.util.jar.Manifest::parseName (84 bytes)
Event: 1062.551 Thread 0x0000025107645800 nmethod 9572 0x0000025178586590 code [0x0000025178586760, 0x0000025178586b48]

GC Heap History (20 events):
Event: 936.969 GC heap after
{Heap after GC invocations=37 (full 0):
 garbage-first heap   total 98304K, used 60745K [0x0000000080000000, 0x0000000100000000)
  region size 1024K, 2 young (2048K), 2 survivors (2048K)
 Metaspace       used 73486K, capacity 75739K, committed 75784K, reserved 581632K
  class space    used 9513K, capacity 10471K, committed 10496K, reserved 516096K
}
Event: 947.771 GC heap before
{Heap before GC invocations=38 (full 0):
 garbage-first heap   total 98304K, used 74057K [0x0000000080000000, 0x0000000100000000)
  region size 1024K, 15 young (15360K), 2 survivors (2048K)
 Metaspace       used 74872K, capacity 77115K, committed 77320K, reserved 583680K
  class space    used 9684K, capacity 10631K, committed 10752K, reserved 516096K
}
Event: 947.920 GC heap after
{Heap after GC invocations=39 (full 0):
 garbage-first heap   total 98304K, used 63596K [0x0000000080000000, 0x0000000100000000)
  region size 1024K, 2 young (2048K), 2 survivors (2048K)
 Metaspace       used 74872K, capacity 77115K, committed 77320K, reserved 583680K
  class space    used 9684K, capacity 10631K, committed 10752K, reserved 516096K
}
Event: 977.957 GC heap before
{Heap before GC invocations=39 (full 0):
 garbage-first heap   total 98304K, used 75884K [0x0000000080000000, 0x0000000100000000)
  region size 1024K, 14 young (14336K), 2 survivors (2048K)
 Metaspace       used 76444K, capacity 78743K, committed 78984K, reserved 585728K
  class space    used 9839K, capacity 10784K, committed 10880K, reserved 516096K
}
Event: 978.247 GC heap after
{Heap after GC invocations=40 (full 0):
 garbage-first heap   total 98304K, used 64072K [0x0000000080000000, 0x0000000100000000)
  region size 1024K, 1 young (1024K), 1 survivors (1024K)
 Metaspace       used 76444K, capacity 78743K, committed 78984K, reserved 585728K
  class space    used 9839K, capacity 10784K, committed 10880K, reserved 516096K
}
Event: 989.904 GC heap before
{Heap before GC invocations=41 (full 0):
 garbage-first heap   total 98304K, used 75336K [0x0000000080000000, 0x0000000100000000)
  region size 1024K, 13 young (13312K), 1 survivors (1024K)
 Metaspace       used 77972K, capacity 80260K, committed 80392K, reserved 585728K
  class space    used 9994K, capacity 10948K, committed 11008K, reserved 516096K
}
Event: 989.939 GC heap after
{Heap after GC invocations=42 (full 0):
 garbage-first heap   total 98304K, used 64791K [0x0000000080000000, 0x0000000100000000)
  region size 1024K, 2 young (2048K), 2 survivors (2048K)
 Metaspace       used 77972K, capacity 80260K, committed 80392K, reserved 585728K
  class space    used 9994K, capacity 10948K, committed 11008K, reserved 516096K
}
Event: 990.619 GC heap before
{Heap before GC invocations=42 (full 0):
 garbage-first heap   total 98304K, used 65815K [0x0000000080000000, 0x0000000100000000)
  region size 1024K, 4 young (4096K), 2 survivors (2048K)
 Metaspace       used 77987K, capacity 80260K, committed 80392K, reserved 585728K
  class space    used 9996K, capacity 10948K, committed 11008K, reserved 516096K
}
Event: 990.738 GC heap after
{Heap after GC invocations=43 (full 0):
 garbage-first heap   total 98304K, used 66135K [0x0000000080000000, 0x0000000100000000)
  region size 1024K, 2 young (2048K), 2 survivors (2048K)
 Metaspace       used 77987K, capacity 80260K, committed 80392K, reserved 585728K
  class space    used 9996K, capacity 10948K, committed 11008K, reserved 516096K
}
Event: 1030.478 GC heap before
{Heap before GC invocations=44 (full 0):
 garbage-first heap   total 98304K, used 78423K [0x0000000080000000, 0x0000000100000000)
  region size 1024K, 14 young (14336K), 2 survivors (2048K)
 Metaspace       used 79160K, capacity 81590K, committed 81800K, reserved 587776K
  class space    used 10128K, capacity 11116K, committed 11136K, reserved 516096K
}
Event: 1033.486 GC heap after
{Heap after GC invocations=45 (full 0):
 garbage-first heap   total 98304K, used 67420K [0x0000000080000000, 0x0000000100000000)
  region size 1024K, 2 young (2048K), 2 survivors (2048K)
 Metaspace       used 79160K, capacity 81590K, committed 81800K, reserved 587776K
  class space    used 10128K, capacity 11116K, committed 11136K, reserved 516096K
}
Event: 1037.779 GC heap before
{Heap before GC invocations=45 (full 0):
 garbage-first heap   total 98304K, used 69468K [0x0000000080000000, 0x0000000100000000)
  region size 1024K, 4 young (4096K), 2 survivors (2048K)
 Metaspace       used 79443K, capacity 81846K, committed 82184K, reserved 587776K
  class space    used 10166K, capacity 11180K, committed 11264K, reserved 516096K
}
Event: 1042.889 GC heap after
{Heap after GC invocations=46 (full 0):
 garbage-first heap   total 98304K, used 67586K [0x0000000080000000, 0x0000000100000000)
  region size 1024K, 1 young (1024K), 1 survivors (1024K)
 Metaspace       used 79443K, capacity 81846K, committed 82184K, reserved 587776K
  class space    used 10166K, capacity 11180K, committed 11264K, reserved 516096K
}
Event: 1059.116 GC heap before
{Heap before GC invocations=47 (full 0):
 garbage-first heap   total 98304K, used 70658K [0x0000000080000000, 0x0000000100000000)
  region size 1024K, 4 young (4096K), 1 survivors (1024K)
 Metaspace       used 80228K, capacity 82617K, committed 82696K, reserved 587776K
  class space    used 10239K, capacity 11245K, committed 11264K, reserved 516096K
}
Event: 1059.128 GC heap after
{Heap after GC invocations=48 (full 0):
 garbage-first heap   total 98304K, used 68543K [0x0000000080000000, 0x0000000100000000)
  region size 1024K, 1 young (1024K), 1 survivors (1024K)
 Metaspace       used 80228K, capacity 82617K, committed 82696K, reserved 587776K
  class space    used 10239K, capacity 11245K, committed 11264K, reserved 516096K
}
Event: 1062.024 GC heap before
{Heap before GC invocations=48 (full 0):
 garbage-first heap   total 98304K, used 70591K [0x0000000080000000, 0x0000000100000000)
  region size 1024K, 4 young (4096K), 1 survivors (1024K)
 Metaspace       used 80883K, capacity 83257K, committed 83592K, reserved 589824K
  class space    used 10315K, capacity 11309K, committed 11392K, reserved 516096K
}
Event: 1062.157 GC heap after
{Heap after GC invocations=49 (full 0):
 garbage-first heap   total 98304K, used 69012K [0x0000000080000000, 0x0000000100000000)
  region size 1024K, 1 young (1024K), 1 survivors (1024K)
 Metaspace       used 80883K, capacity 83257K, committed 83592K, reserved 589824K
  class space    used 10315K, capacity 11309K, committed 11392K, reserved 516096K
}
Event: 1062.293 GC heap before
{Heap before GC invocations=50 (full 0):
 garbage-first heap   total 98304K, used 69012K [0x0000000080000000, 0x0000000100000000)
  region size 1024K, 2 young (2048K), 1 survivors (1024K)
 Metaspace       used 80883K, capacity 83257K, committed 83592K, reserved 589824K
  class space    used 10315K, capacity 11309K, committed 11392K, reserved 516096K
}
Event: 1062.444 GC heap after
{Heap after GC invocations=51 (full 0):
 garbage-first heap   total 98304K, used 69364K [0x0000000080000000, 0x0000000100000000)
  region size 1024K, 1 young (1024K), 1 survivors (1024K)
 Metaspace       used 80883K, capacity 83257K, committed 83592K, reserved 589824K
  class space    used 10315K, capacity 11309K, committed 11392K, reserved 516096K
}
Event: 1062.557 GC heap before
{Heap before GC invocations=51 (full 0):
 garbage-first heap   total 98304K, used 72436K [0x0000000080000000, 0x0000000100000000)
  region size 1024K, 4 young (4096K), 1 survivors (1024K)
 Metaspace       used 80883K, capacity 83257K, committed 83592K, reserved 589824K
  class space    used 10315K, capacity 11309K, committed 11392K, reserved 516096K
}

Deoptimization events (20 events):
Event: 1061.811 Thread 0x0000025108689000 Uncommon trap: trap_request=0xffffff4d fr.pc=0x0000025178323044 relative=0x0000000000000464
Event: 1061.811 Thread 0x0000025108689000 Uncommon trap: reason=unstable_if action=reinterpret pc=0x0000025178323044 method=java.util.jar.JarFile.maybeInstantiateVerifier()V @ 4 c2
Event: 1061.812 Thread 0x0000025108689000 DEOPT PACKING pc=0x0000025178323044 sp=0x000000e0ea6f0810
Event: 1061.812 Thread 0x0000025108689000 DEOPT UNPACKING pc=0x000002517052a1af sp=0x000000e0ea6f0748 mode 2
Event: 1061.812 Thread 0x0000025108689000 Uncommon trap: trap_request=0xffffff4d fr.pc=0x00000251780b65e8 relative=0x0000000000000288
Event: 1061.812 Thread 0x0000025108689000 Uncommon trap: reason=unstable_if action=reinterpret pc=0x00000251780b65e8 method=java.util.jar.JarFile.maybeInstantiateVerifier()V @ 4 c2
Event: 1061.812 Thread 0x0000025108689000 DEOPT PACKING pc=0x00000251780b65e8 sp=0x000000e0ea6f0810
Event: 1061.812 Thread 0x0000025108689000 DEOPT UNPACKING pc=0x000002517052a1af sp=0x000000e0ea6f07a0 mode 2
Event: 1061.813 Thread 0x0000025108689000 Uncommon trap: trap_request=0xffffff4d fr.pc=0x0000025178281364 relative=0x00000000000002e4
Event: 1061.813 Thread 0x0000025108689000 Uncommon trap: reason=unstable_if action=reinterpret pc=0x0000025178281364 method=java.util.jar.JarFile.maybeInstantiateVerifier()V @ 4 c2
Event: 1061.813 Thread 0x0000025108689000 DEOPT PACKING pc=0x0000025178281364 sp=0x000000e0ea6f0880
Event: 1061.813 Thread 0x0000025108689000 DEOPT UNPACKING pc=0x000002517052a1af sp=0x000000e0ea6f07b8 mode 2
Event: 1061.815 Thread 0x0000025108689000 Uncommon trap: trap_request=0xffffff4d fr.pc=0x00000251781938f4 relative=0x0000000000001274
Event: 1061.816 Thread 0x0000025108689000 Uncommon trap: reason=unstable_if action=reinterpret pc=0x00000251781938f4 method=java.security.CodeSource.matchCerts(Ljava/security/CodeSource;Z)Z @ 11 c2
Event: 1061.816 Thread 0x0000025108689000 DEOPT PACKING pc=0x00000251781938f4 sp=0x000000e0ea6f0820
Event: 1061.817 Thread 0x0000025108689000 DEOPT UNPACKING pc=0x000002517052a1af sp=0x000000e0ea6f06b0 mode 2
Event: 1061.831 Thread 0x0000025108689000 Uncommon trap: trap_request=0xffffff4d fr.pc=0x00000251782396c8 relative=0x0000000000001088
Event: 1061.831 Thread 0x0000025108689000 Uncommon trap: reason=unstable_if action=reinterpret pc=0x00000251782396c8 method=java.security.CodeSource.getCertificates()[Ljava/security/cert/Certificate; @ 4 c2
Event: 1061.831 Thread 0x0000025108689000 DEOPT PACKING pc=0x00000251782396c8 sp=0x000000e0ea6f0830
Event: 1061.831 Thread 0x0000025108689000 DEOPT UNPACKING pc=0x000002517052a1af sp=0x000000e0ea6f07b0 mode 2

Classes redefined (0 events):
No events

Internal exceptions (20 events):
Event: 937.379 Thread 0x0000025108689000 Exception <a 'java/security/PrivilegedActionException'{0x0000000085f6c398}> (0x0000000085f6c398) thrown at [./src/hotspot/share/prims/jvm.cpp, line 1306]
Event: 937.381 Thread 0x0000025108689000 Exception <a 'java/security/PrivilegedActionException'{0x0000000085f6d900}> (0x0000000085f6d900) thrown at [./src/hotspot/share/prims/jvm.cpp, line 1306]
Event: 940.559 Thread 0x0000025108689000 Exception <a 'java/security/PrivilegedActionException'{0x00000000857a0cb0}> (0x00000000857a0cb0) thrown at [./src/hotspot/share/prims/jvm.cpp, line 1306]
Event: 940.560 Thread 0x0000025108689000 Exception <a 'java/security/PrivilegedActionException'{0x00000000857a2218}> (0x00000000857a2218) thrown at [./src/hotspot/share/prims/jvm.cpp, line 1306]
Event: 940.560 Thread 0x0000025108689000 Exception <a 'java/security/PrivilegedActionException'{0x00000000857a56b0}> (0x00000000857a56b0) thrown at [./src/hotspot/share/prims/jvm.cpp, line 1306]
Event: 940.560 Thread 0x0000025108689000 Exception <a 'java/security/PrivilegedActionException'{0x00000000857a6c18}> (0x00000000857a6c18) thrown at [./src/hotspot/share/prims/jvm.cpp, line 1306]
Event: 940.560 Thread 0x0000025108689000 Exception <a 'java/security/PrivilegedActionException'{0x00000000857aa1b8}> (0x00000000857aa1b8) thrown at [./src/hotspot/share/prims/jvm.cpp, line 1306]
Event: 940.560 Thread 0x0000025108689000 Exception <a 'java/security/PrivilegedActionException'{0x00000000857ab720}> (0x00000000857ab720) thrown at [./src/hotspot/share/prims/jvm.cpp, line 1306]
Event: 940.561 Thread 0x0000025108689000 Exception <a 'java/security/PrivilegedActionException'{0x00000000857aebc0}> (0x00000000857aebc0) thrown at [./src/hotspot/share/prims/jvm.cpp, line 1306]
Event: 940.561 Thread 0x0000025108689000 Exception <a 'java/security/PrivilegedActionException'{0x00000000857b0128}> (0x00000000857b0128) thrown at [./src/hotspot/share/prims/jvm.cpp, line 1306]
Event: 940.564 Thread 0x0000025108689000 Exception <a 'java/security/PrivilegedActionException'{0x00000000857b3640}> (0x00000000857b3640) thrown at [./src/hotspot/share/prims/jvm.cpp, line 1306]
Event: 940.565 Thread 0x0000025108689000 Exception <a 'java/security/PrivilegedActionException'{0x00000000857b4e80}> (0x00000000857b4e80) thrown at [./src/hotspot/share/prims/jvm.cpp, line 1306]
Event: 940.565 Thread 0x0000025108689000 Exception <a 'java/security/PrivilegedActionException'{0x00000000857b8420}> (0x00000000857b8420) thrown at [./src/hotspot/share/prims/jvm.cpp, line 1306]
Event: 940.565 Thread 0x0000025108689000 Exception <a 'java/security/PrivilegedActionException'{0x00000000857b9988}> (0x00000000857b9988) thrown at [./src/hotspot/share/prims/jvm.cpp, line 1306]
Event: 970.425 Thread 0x0000025108689000 Exception <a 'java/lang/NoSuchMethodError'{0x0000000085864d40}: 'java.lang.Object java.lang.invoke.DirectMethodHandle$Holder.invokeStatic(java.lang.Object, java.lang.Object, java.lang.Object, java.lang.Object, java.lang.Object, java.lang.Object, java.lang.Object, java.lang.Object, java.lang.Object, java.lang.Object, java.lang.Object, java.lang.Object, java.lang.Object, int)'> (0x0000000085864d40) thrown at [./src/hotspot/share/interpreter/linkResolver.cpp, line 773]
Event: 970.690 Thread 0x0000025108689000 Exception <a 'java/lang/NoSuchMethodError'{0x0000000085872728}: 'java.lang.Object java.lang.invoke.DirectMethodHandle$Holder.invokeStatic(java.lang.Object, java.lang.Object, java.lang.Object, java.lang.Object, java.lang.Object, java.lang.Object, java.lang.Object, java.lang.Object, java.lang.Object, java.lang.Object, java.lang.Object, java.lang.Object, java.lang.Object, int, int)'> (0x0000000085872728) thrown at [./src/hotspot/share/interpreter/linkResolver.cpp, line 773]
Event: 1014.479 Thread 0x0000025108689000 Exception <a 'java/lang/NoSuchMethodError'{0x00000000854c8560}: 'java.lang.Object java.lang.invoke.DirectMethodHandle$Holder.invokeSpecial(java.lang.Object, java.lang.Object, int, int, int, java.lang.Object, java.lang.Object, java.lang.Object, java.lang.Object)'> (0x00000000854c8560) thrown at [./src/hotspot/share/interpreter/linkResolver.cpp, line 773]
Event: 1014.487 Thread 0x0000025108689000 Exception <a 'java/lang/NoSuchMethodError'{0x00000000854d0768}: 'java.lang.Object java.lang.invoke.DelegatingMethodHandle$Holder.reinvoke_L(java.lang.Object, int, int, int, java.lang.Object, java.lang.Object, java.lang.Object, java.lang.Object)'> (0x00000000854d0768) thrown at [./src/hotspot/share/interpreter/linkResolver.cpp, line 773]
Event: 1047.134 Thread 0x0000025108689000 Implicit null exception at 0x00000251782d7cad to 0x00000251782d7f80
Event: 1060.489 Thread 0x0000025108689000 Implicit null exception at 0x0000025178150a2c to 0x0000025178150b62

Events (20 events):
Event: 1061.640 loading class java/util/Base64$Encoder done
Event: 1061.643 loading class java/util/jar/JarVerifier$VerifierStream
Event: 1061.644 loading class java/util/jar/JarVerifier$VerifierStream done
Event: 1061.676 loading class sun/security/util/ManifestEntryVerifier$SunProviderHolder
Event: 1061.676 loading class sun/security/util/ManifestEntryVerifier$SunProviderHolder done
Event: 1061.785 loading class org/bouncycastle/operator/OperatorException
Event: 1061.785 loading class org/bouncycastle/operator/OperatorException done
Event: 1061.834 loading class org/bouncycastle/jce/provider/BouncyCastleProvider
Event: 1061.834 loading class org/bouncycastle/jce/provider/BouncyCastleProvider done
Event: 1062.024 Executing VM operation: G1CollectForAllocation
Event: 1062.157 Executing VM operation: G1CollectForAllocation done
Event: 1062.234 Executing VM operation: CGC_Operation
Event: 1062.251 Executing VM operation: CGC_Operation done
Event: 1062.284 Executing VM operation: CGC_Operation
Event: 1062.286 Executing VM operation: CGC_Operation done
Event: 1062.293 Executing VM operation: G1CollectForAllocation
Event: 1062.444 Executing VM operation: G1CollectForAllocation done
Event: 1062.520 Executing VM operation: CGC_Operation
Event: 1062.537 Executing VM operation: CGC_Operation done
Event: 1062.556 Executing VM operation: G1CollectForAllocation


Dynamic libraries:
0x00007ff703c50000 - 0x00007ff703c5d000 	C:\Program Files\Microsoft\jdk-11.0.18.10-hotspot\bin\java.exe
0x00007ff9c3c10000 - 0x00007ff9c3e27000 	C:\WINDOWS\SYSTEM32\ntdll.dll
0x00007ff9c2920000 - 0x00007ff9c29e4000 	C:\WINDOWS\System32\KERNEL32.DLL
0x00007ff9c0f90000 - 0x00007ff9c1336000 	C:\WINDOWS\System32\KERNELBASE.dll
0x00007ff9c17e0000 - 0x00007ff9c18f1000 	C:\WINDOWS\System32\ucrtbase.dll
0x00007ff9b8570000 - 0x00007ff9b8587000 	C:\Program Files\Microsoft\jdk-11.0.18.10-hotspot\bin\jli.dll
0x00007ff9b8550000 - 0x00007ff9b8565000 	C:\Program Files\Microsoft\jdk-11.0.18.10-hotspot\bin\VCRUNTIME140.dll
0x00007ff9c1b70000 - 0x00007ff9c1d1e000 	C:\WINDOWS\System32\USER32.dll
0x00007ff9c15c0000 - 0x00007ff9c15e6000 	C:\WINDOWS\System32\win32u.dll
0x00007ff9c1f00000 - 0x00007ff9c1f29000 	C:\WINDOWS\System32\GDI32.dll
0x00007ff9c1340000 - 0x00007ff9c1458000 	C:\WINDOWS\System32\gdi32full.dll
0x00007ff9c1460000 - 0x00007ff9c14fa000 	C:\WINDOWS\System32\msvcp_win.dll
0x00007ff9a9690000 - 0x00007ff9a9923000 	C:\WINDOWS\WinSxS\amd64_microsoft.windows.common-controls_6595b64144ccf1df_6.0.22621.2361_none_2712ced57382f843\COMCTL32.dll
0x00007ff9c20b0000 - 0x00007ff9c2157000 	C:\WINDOWS\System32\msvcrt.dll
0x00007ff9c2e80000 - 0x00007ff9c2eb1000 	C:\WINDOWS\System32\IMM32.DLL
0x00007ff9a28b0000 - 0x00007ff9a294b000 	C:\Program Files\Microsoft\jdk-11.0.18.10-hotspot\bin\msvcp140.dll
0x00007ff92b8b0000 - 0x00007ff92c442000 	C:\Program Files\Microsoft\jdk-11.0.18.10-hotspot\bin\server\jvm.dll
0x00007ff9c38f0000 - 0x00007ff9c39a0000 	C:\WINDOWS\System32\ADVAPI32.dll
0x00007ff9c2ed0000 - 0x00007ff9c2f76000 	C:\WINDOWS\System32\sechost.dll
0x00007ff9c2660000 - 0x00007ff9c2777000 	C:\WINDOWS\System32\RPCRT4.dll
0x00007ff9c2ec0000 - 0x00007ff9c2ec8000 	C:\WINDOWS\System32\PSAPI.DLL
0x00007ff9bea90000 - 0x00007ff9bea99000 	C:\WINDOWS\SYSTEM32\WSOCK32.dll
0x00007ff9bc580000 - 0x00007ff9bc5b4000 	C:\WINDOWS\SYSTEM32\WINMM.dll
0x00007ff9beaf0000 - 0x00007ff9beafa000 	C:\WINDOWS\SYSTEM32\VERSION.dll
0x00007ff9c3af0000 - 0x00007ff9c3b61000 	C:\WINDOWS\System32\WS2_32.dll
0x00007ff9c0010000 - 0x00007ff9c0028000 	C:\WINDOWS\SYSTEM32\kernel.appcore.dll
0x00007ff9b9d40000 - 0x00007ff9b9d50000 	C:\Program Files\Microsoft\jdk-11.0.18.10-hotspot\bin\verify.dll
0x00007ff9bdc00000 - 0x00007ff9bde2e000 	C:\WINDOWS\SYSTEM32\DBGHELP.DLL
0x00007ff9c29f0000 - 0x00007ff9c2d7a000 	C:\WINDOWS\System32\combase.dll
0x00007ff9c1970000 - 0x00007ff9c1a47000 	C:\WINDOWS\System32\OLEAUT32.dll
0x00007ff9b9090000 - 0x00007ff9b90c2000 	C:\WINDOWS\SYSTEM32\dbgcore.DLL
0x00007ff9c1760000 - 0x00007ff9c17da000 	C:\WINDOWS\System32\bcryptPrimitives.dll
0x00007ff9b2810000 - 0x00007ff9b2838000 	C:\Program Files\Microsoft\jdk-11.0.18.10-hotspot\bin\java.dll
0x00007ff9b7ca0000 - 0x00007ff9b7caa000 	C:\Program Files\Microsoft\jdk-11.0.18.10-hotspot\bin\jimage.dll
0x00007ff9b27f0000 - 0x00007ff9b2808000 	C:\Program Files\Microsoft\jdk-11.0.18.10-hotspot\bin\zip.dll
0x00007ff9c2f80000 - 0x00007ff9c37d8000 	C:\WINDOWS\System32\SHELL32.dll
0x00007ff9beea0000 - 0x00007ff9bf792000 	C:\WINDOWS\SYSTEM32\windows.storage.dll
0x00007ff9bed60000 - 0x00007ff9bee9e000 	C:\WINDOWS\SYSTEM32\wintypes.dll
0x00007ff9c2d80000 - 0x00007ff9c2e73000 	C:\WINDOWS\System32\SHCORE.dll
0x00007ff9c1f30000 - 0x00007ff9c1f8e000 	C:\WINDOWS\System32\shlwapi.dll
0x00007ff9c0ec0000 - 0x00007ff9c0ee6000 	C:\WINDOWS\SYSTEM32\profapi.dll
0x00007ff9a6f30000 - 0x00007ff9a6f49000 	C:\Program Files\Microsoft\jdk-11.0.18.10-hotspot\bin\net.dll
0x00007ff9bc9c0000 - 0x00007ff9bcaf7000 	C:\WINDOWS\SYSTEM32\WINHTTP.dll
0x00007ff9c0510000 - 0x00007ff9c0579000 	C:\WINDOWS\system32\mswsock.dll
0x00007ff9a6f10000 - 0x00007ff9a6f23000 	C:\Program Files\Microsoft\jdk-11.0.18.10-hotspot\bin\nio.dll
0x00007ff9939e0000 - 0x00007ff993a07000 	C:\Users\Sahil Rawat\.gradle\native\68d5fa5c4cc2d200863cafc0d521ce42e7d3e7ee720ec0a83991735586a16f82\windows-amd64\native-platform.dll
0x00007ff977bf0000 - 0x00007ff977d34000 	C:\Users\Sahil Rawat\.gradle\native\e376f236ea51e6404a007f0833ffe2c6e607c4080706a723a18a27aeea778392\windows-amd64\native-platform-file-events.dll
0x00007ff9a6f00000 - 0x00007ff9a6f09000 	C:\Program Files\Microsoft\jdk-11.0.18.10-hotspot\bin\management.dll
0x00007ff9a6ef0000 - 0x00007ff9a6efb000 	C:\Program Files\Microsoft\jdk-11.0.18.10-hotspot\bin\management_ext.dll
0x00007ff9c07a0000 - 0x00007ff9c07bb000 	C:\WINDOWS\SYSTEM32\CRYPTSP.dll
0x00007ff9bff70000 - 0x00007ff9bffa5000 	C:\WINDOWS\system32\rsaenh.dll
0x00007ff9c0630000 - 0x00007ff9c065c000 	C:\WINDOWS\SYSTEM32\USERENV.dll
0x00007ff9c0950000 - 0x00007ff9c0978000 	C:\WINDOWS\SYSTEM32\bcrypt.dll
0x00007ff9c0790000 - 0x00007ff9c079c000 	C:\WINDOWS\SYSTEM32\CRYPTBASE.dll
0x00007ff9bfa00000 - 0x00007ff9bfa2d000 	C:\WINDOWS\SYSTEM32\IPHLPAPI.DLL
0x00007ff9c2020000 - 0x00007ff9c2029000 	C:\WINDOWS\System32\NSI.dll
0x00007ff9bccc0000 - 0x00007ff9bccd9000 	C:\WINDOWS\SYSTEM32\dhcpcsvc6.DLL
0x00007ff9bc780000 - 0x00007ff9bc79f000 	C:\WINDOWS\SYSTEM32\dhcpcsvc.DLL
0x00007ff9bfa70000 - 0x00007ff9bfb69000 	C:\WINDOWS\SYSTEM32\DNSAPI.dll

dbghelp: loaded successfully - version: 4.0.5 - missing functions: none
symbol engine: initialized successfully - sym options: 0x614 - pdb path: .;C:\Program Files\Microsoft\jdk-11.0.18.10-hotspot\bin;C:\WINDOWS\SYSTEM32;C:\WINDOWS\WinSxS\amd64_microsoft.windows.common-controls_6595b64144ccf1df_6.0.22621.2361_none_2712ced57382f843;C:\Program Files\Microsoft\jdk-11.0.18.10-hotspot\bin\server;C:\Users\Sahil Rawat\.gradle\native\68d5fa5c4cc2d200863cafc0d521ce42e7d3e7ee720ec0a83991735586a16f82\windows-amd64;C:\Users\Sahil Rawat\.gradle\native\e376f236ea51e6404a007f0833ffe2c6e607c4080706a723a18a27aeea778392\windows-amd64

VM Arguments:
jvm_args: -XX:MaxMetaspaceSize=512m --add-opens=java.base/java.util=ALL-UNNAMED --add-opens=java.base/java.lang=ALL-UNNAMED --add-opens=java.base/java.lang.invoke=ALL-UNNAMED --add-opens=java.prefs/java.util.prefs=ALL-UNNAMED --add-opens=java.base/java.nio.charset=ALL-UNNAMED --add-opens=java.base/java.net=ALL-UNNAMED --add-opens=java.base/java.util.concurrent.atomic=ALL-UNNAMED -Xmx2048m -Dfile.encoding=windows-1252 -Duser.country=IN -Duser.language=en -Duser.variant 
java_command: org.gradle.launcher.daemon.bootstrap.GradleDaemon 8.0.1
java_class_path (initial): C:\Users\Sahil Rawat\.gradle\wrapper\dists\gradle-8.0.1-all\aro4hu1c3oeioove7l0i4i14o\gradle-8.0.1\lib\gradle-launcher-8.0.1.jar
Launcher Type: SUN_STANDARD

[Global flags]
     intx CICompilerCount                          = 4                                         {product} {ergonomic}
   size_t CompressedClassSpaceSize                 = 528482304                                 {product} {ergonomic}
     uint ConcGCThreads                            = 2                                         {product} {ergonomic}
     uint G1ConcRefinementThreads                  = 8                                         {product} {ergonomic}
   size_t G1HeapRegionSize                         = 1048576                                   {product} {ergonomic}
    uintx GCDrainStackTargetSize                   = 64                                        {product} {ergonomic}
   size_t InitialHeapSize                          = 100663296                                 {product} {ergonomic}
   size_t MarkStackSize                            = 4194304                                   {product} {ergonomic}
   size_t MaxHeapSize                              = 2147483648                                {product} {command line}
   size_t MaxMetaspaceSize                         = 536870912                                 {product} {command line}
   size_t MaxNewSize                               = 1287651328                                {product} {ergonomic}
   size_t MinHeapDeltaBytes                        = 1048576                                   {product} {ergonomic}
    uintx NonNMethodCodeHeapSize                   = 5836300                                {pd product} {ergonomic}
    uintx NonProfiledCodeHeapSize                  = 122910970                              {pd product} {ergonomic}
    uintx ProfiledCodeHeapSize                     = 122910970                              {pd product} {ergonomic}
    uintx ReservedCodeCacheSize                    = 251658240                              {pd product} {ergonomic}
     bool SegmentedCodeCache                       = true                                      {product} {ergonomic}
     bool UseCompressedClassPointers               = true                                 {lp64_product} {ergonomic}
     bool UseCompressedOops                        = true                                 {lp64_product} {ergonomic}
     bool UseG1GC                                  = true                                      {product} {ergonomic}
     bool UseLargePagesIndividualAllocation        = false                                  {pd product} {ergonomic}

Logging:
Log output configuration:
 #0: stdout all=warning uptime,level,tags
 #1: stderr all=off uptime,level,tags

Environment Variables:
JAVA_HOME=C:\Program Files\Microsoft\jdk-11.0.18.10-hotspot\
CLASSPATH=D:\Assignment_Five_SignInPage\android\\gradle\wrapper\gradle-wrapper.jar
PATH=D:\Assignment_Five_SignInPage\node_modules\.bin;D:\node_modules\.bin;C:\Users\Sahil Rawat\AppData\Roaming\npm\node_modules\npm\node_modules\@npmcli\run-script\lib\node-gyp-bin;D:\Assignment_Five_SignInPage\node_modules\.bin;D:\node_modules\.bin;C:\Users\Sahil Rawat\AppData\Roaming\npm\node_modules\npm\node_modules\@npmcli\run-script\lib\node-gyp-bin;C:\Program Files\Microsoft\jdk-11.0.18.10-hotspot\bin;C:\Python310\Scripts\;C:\Python310\;C:\Windows\system32;C:\Windows;C:\Windows\System32\Wbem;C:\Windows\System32\WindowsPowerShell\v1.0\;C:\Windows\System32\OpenSSH\;C:\Program Files (x86)\NVIDIA Corporation\PhysX\Common;C:\Program Files\NVIDIA Corporation\NVIDIA NvDLISR;C:\MinGW\bin;C:\Program Files\SourceGear\Common\DiffMerge\;C:\ProgramData\chocolatey\bin;C:\WINDOWS\system32;C:\WINDOWS;C:\WINDOWS\System32\Wbem;C:\WINDOWS\System32\WindowsPowerShell\v1.0\;C:\WINDOWS\System32\OpenSSH\;C:\Users\Sahil Rawat\AppData\Roaming\nvm;C:\Program Files\nodejs;C:\Users\Sahil Rawat\AppData\Local\Android\Sdk\platform-tools;C:\Program Files\Git\cmd;C:\Users\Sahil Rawat\AppData\Local\Microsoft\WindowsApps;C:\Program Files\Java\jdk-16.0.2\bin;C:\Users\Sahil Rawat\AppData\Local\Programs\Hyper\resources\bin;C:\Program Files\heroku\bin;C:\Users\Sahil Rawat\AppData\Local\Programs\Microsoft VS Code\bin;C:\Users\Sahil Rawat\AppData\Roaming\npm;C:\Users\Sahil Rawat\AppData\Roaming\nvm;C:\Program Files\nodejs
USERNAME=Sahil Rawat
LANG=en_US.UTF-8
OS=Windows_NT
PROCESSOR_IDENTIFIER=AMD64 Family 23 Model 24 Stepping 1, AuthenticAMD
TMP=C:\Users\SAHILR~1\AppData\Local\Temp
TEMP=C:\Users\SAHILR~1\AppData\Local\Temp



---------------  S Y S T E M  ---------------

OS: Windows 11 , 64 bit Build 22621 (10.0.22621.2361)
OS uptime: 1 days 22:36 hours
Hyper-V role detected

CPU:total 8 (initial active 8) (8 cores per cpu, 2 threads per core) family 23 model 24 stepping 1 microcode 0x0, cmov, cx8, fxsr, mmx, sse, sse2, sse3, ssse3, sse4.1, sse4.2, popcnt, avx, avx2, aes, clmul, mmxext, 3dnowpref, lzcnt, sse4a, ht, tsc, tscinvbit, tscinv, bmi1, bmi2, adx, sha, fma

Memory: 4k page, system-wide physical 6081M (196M free)
TotalPageFile size 24513M (AvailPageFile size 109M)
current process WorkingSet (physical memory assigned to process): 156M, peak: 209M
current process commit charge ("private bytes"): 349M, peak: 455M

vm_info: OpenJDK 64-Bit Server VM (11.0.18+10-LTS) for windows-amd64 JRE (11.0.18+10-LTS), built on Jan 18 2023 15:56:47 by "MicrosoftCorporation" with MS VC++ 15.9 (VS2017)

END.
