#
# There is insufficient memory for the Java Runtime Environment to continue.
# Native memory allocation (malloc) failed to allocate 34896 bytes for Chunk::new
# Possible reasons:
#   The system is out of physical RAM or swap space
#   The process is running with CompressedOops enabled, and the Java Heap may be blocking the growth of the native heap
# Possible solutions:
#   Reduce memory load on the system
#   Increase physical memory or swap space
#   Check if swap backing store is full
#   Decrease Java heap size (-Xmx/-Xms)
#   Decrease number of Java threads
#   Decrease Java thread stack sizes (-Xss)
#   Set larger code cache with -XX:ReservedCodeCacheSize=
#   JVM is running with Unscaled Compressed Oops mode in which the Java heap is
#     placed in the first 4GB address space. The Java Heap base address is the
#     maximum limit for the native heap growth. Please use -XX:HeapBaseMinAddress
#     to set the Java Heap base and to place the Java Heap above 4GB virtual address.
# This output file may be truncated or incomplete.
#
#  Out of Memory Error (./src/hotspot/share/memory/arena.cpp:197), pid=34784, tid=31912
#
# JRE version: OpenJDK Runtime Environment Microsoft-7208460 (11.0.18+10) (build 11.0.18+10-LTS)
# Java VM: OpenJDK 64-Bit Server VM Microsoft-7208460 (11.0.18+10-LTS, mixed mode, tiered, compressed oops, g1 gc, windows-amd64)
# No core dump will be written. Minidumps are not enabled by default on client versions of Windows
#

---------------  S U M M A R Y ------------

Command Line: -Xmx64m -Xms64m -Dorg.gradle.appname=gradlew org.gradle.wrapper.GradleWrapperMain tasks

Host: AMD Ryzen 5 3550H with Radeon Vega Mobile Gfx  , 8 cores, 5G,  Windows 11 , 64 bit Build 22621 (10.0.22621.2361)
Time: Fri Sep 29 10:24:53 2023 India Standard Time elapsed time: 11.619459 seconds (0d 0h 0m 11s)

---------------  T H R E A D  ---------------

Current thread (0x000002a59e94a000):  JavaThread "C2 CompilerThread0" daemon [_thread_in_native, id=31912, stack(0x000000cd6a300000,0x000000cd6a400000)]


Current CompileTask:
C2:  11619  385 %     4       java.lang.StringLatin1::toLowerCase @ 114 (180 bytes)

Stack: [0x000000cd6a300000,0x000000cd6a400000]
Native frames: (J=compiled Java code, j=interpreted, Vv=VM code, C=native code)
V  [jvm.dll+0x62bf8a]
V  [jvm.dll+0x7b8fb9]
V  [jvm.dll+0x7ba6a8]
V  [jvm.dll+0x7bad83]
V  [jvm.dll+0x250248]
V  [jvm.dll+0xc260c]
V  [jvm.dll+0xc2bcc]
V  [jvm.dll+0x35e182]
V  [jvm.dll+0x19e88e]
V  [jvm.dll+0x209495]
V  [jvm.dll+0x20850d]
V  [jvm.dll+0x18a4b1]
V  [jvm.dll+0x217eec]
V  [jvm.dll+0x21612b]
V  [jvm.dll+0x77bac0]
V  [jvm.dll+0x7749f4]
V  [jvm.dll+0x62adf5]
C  [ucrtbase.dll+0x29363]
C  [KERNEL32.DLL+0x1257d]
C  [ntdll.dll+0x5aa78]


---------------  P R O C E S S  ---------------

Threads class SMR info:
_java_thread_list=0x000002a59eb98210, length=10, elements={
0x000002a583a2d000, 0x000002a59e8e6000, 0x000002a59e8da800, 0x000002a59e944800,
0x000002a59e945800, 0x000002a59e946800, 0x000002a59e94a000, 0x000002a59e94c000,
0x000002a59e8ef800, 0x000002a59ebb9000
}

Java Threads: ( => current thread )
  0x000002a583a2d000 JavaThread "main" [_thread_in_native, id=34228, stack(0x000000cd69700000,0x000000cd69800000)]
  0x000002a59e8e6000 JavaThread "Reference Handler" daemon [_thread_blocked, id=28372, stack(0x000000cd69e00000,0x000000cd69f00000)]
  0x000002a59e8da800 JavaThread "Finalizer" daemon [_thread_blocked, id=33824, stack(0x000000cd69f00000,0x000000cd6a000000)]
  0x000002a59e944800 JavaThread "Signal Dispatcher" daemon [_thread_blocked, id=29820, stack(0x000000cd6a000000,0x000000cd6a100000)]
  0x000002a59e945800 JavaThread "Attach Listener" daemon [_thread_blocked, id=22708, stack(0x000000cd6a100000,0x000000cd6a200000)]
  0x000002a59e946800 JavaThread "Service Thread" daemon [_thread_blocked, id=22720, stack(0x000000cd6a200000,0x000000cd6a300000)]
=>0x000002a59e94a000 JavaThread "C2 CompilerThread0" daemon [_thread_in_native, id=31912, stack(0x000000cd6a300000,0x000000cd6a400000)]
  0x000002a59e94c000 JavaThread "C1 CompilerThread0" daemon [_thread_blocked, id=26680, stack(0x000000cd6a400000,0x000000cd6a500000)]
  0x000002a59e8ef800 JavaThread "Sweeper thread" daemon [_thread_blocked, id=7620, stack(0x000000cd6a500000,0x000000cd6a600000)]
  0x000002a59ebb9000 JavaThread "Common-Cleaner" daemon [_thread_blocked, id=14804, stack(0x000000cd6a700000,0x000000cd6a800000)]

Other Threads:
  0x000002a59e8ab800 VMThread "VM Thread" [stack: 0x000000cd69d00000,0x000000cd69e00000] [id=27056]
  0x000002a59ebac800 WatcherThread [stack: 0x000000cd6a600000,0x000000cd6a700000] [id=16316]
  0x000002a583a47800 GCTaskThread "GC Thread#0" [stack: 0x000000cd69800000,0x000000cd69900000] [id=23288]
  0x000002a583a4d800 ConcurrentGCThread "G1 Main Marker" [stack: 0x000000cd69900000,0x000000cd69a00000] [id=15776]
  0x000002a583a4f000 ConcurrentGCThread "G1 Conc#0" [stack: 0x000000cd69a00000,0x000000cd69b00000] [id=10976]
  0x000002a583ab5000 ConcurrentGCThread "G1 Refine#0" [stack: 0x000000cd69b00000,0x000000cd69c00000] [id=15636]
  0x000002a583ab6000 ConcurrentGCThread "G1 Young RemSet Sampling" [stack: 0x000000cd69c00000,0x000000cd69d00000] [id=2708]

Threads with active compile tasks:
C2 CompilerThread0    11665  385 %     4       java.lang.StringLatin1::toLowerCase @ 114 (180 bytes)

VM state:not at safepoint (normal execution)

VM Mutex/Monitor currently owned by a thread: None

Heap address: 0x00000000fc000000, size: 64 MB, Compressed Oops mode: 32-bit
Narrow klass base: 0x0000000000000000, Narrow klass shift: 3
Compressed class space size: 1073741824 Address: 0x0000000100000000

Heap:
 garbage-first heap   total 65536K, used 5120K [0x00000000fc000000, 0x0000000100000000)
  region size 1024K, 7 young (7168K), 0 survivors (0K)
 Metaspace       used 7184K, capacity 7353K, committed 7680K, reserved 1056768K
  class space    used 624K, capacity 682K, committed 768K, reserved 1048576K
Heap Regions: E=young(eden), S=young(survivor), O=old, HS=humongous(starts), HC=humongous(continues), CS=collection set, F=free, A=archive, TAMS=top-at-mark-start (previous, next)
|   0|0x00000000fc000000, 0x00000000fc000000, 0x00000000fc100000|  0%| F|  |TAMS 0x00000000fc000000, 0x00000000fc000000| Untracked 
|   1|0x00000000fc100000, 0x00000000fc100000, 0x00000000fc200000|  0%| F|  |TAMS 0x00000000fc100000, 0x00000000fc100000| Untracked 
|   2|0x00000000fc200000, 0x00000000fc200000, 0x00000000fc300000|  0%| F|  |TAMS 0x00000000fc200000, 0x00000000fc200000| Untracked 
|   3|0x00000000fc300000, 0x00000000fc300000, 0x00000000fc400000|  0%| F|  |TAMS 0x00000000fc300000, 0x00000000fc300000| Untracked 
|   4|0x00000000fc400000, 0x00000000fc400000, 0x00000000fc500000|  0%| F|  |TAMS 0x00000000fc400000, 0x00000000fc400000| Untracked 
|   5|0x00000000fc500000, 0x00000000fc500000, 0x00000000fc600000|  0%| F|  |TAMS 0x00000000fc500000, 0x00000000fc500000| Untracked 
|   6|0x00000000fc600000, 0x00000000fc600000, 0x00000000fc700000|  0%| F|  |TAMS 0x00000000fc600000, 0x00000000fc600000| Untracked 
|   7|0x00000000fc700000, 0x00000000fc700000, 0x00000000fc800000|  0%| F|  |TAMS 0x00000000fc700000, 0x00000000fc700000| Untracked 
|   8|0x00000000fc800000, 0x00000000fc800000, 0x00000000fc900000|  0%| F|  |TAMS 0x00000000fc800000, 0x00000000fc800000| Untracked 
|   9|0x00000000fc900000, 0x00000000fc900000, 0x00000000fca00000|  0%| F|  |TAMS 0x00000000fc900000, 0x00000000fc900000| Untracked 
|  10|0x00000000fca00000, 0x00000000fca00000, 0x00000000fcb00000|  0%| F|  |TAMS 0x00000000fca00000, 0x00000000fca00000| Untracked 
|  11|0x00000000fcb00000, 0x00000000fcb00000, 0x00000000fcc00000|  0%| F|  |TAMS 0x00000000fcb00000, 0x00000000fcb00000| Untracked 
|  12|0x00000000fcc00000, 0x00000000fcc00000, 0x00000000fcd00000|  0%| F|  |TAMS 0x00000000fcc00000, 0x00000000fcc00000| Untracked 
|  13|0x00000000fcd00000, 0x00000000fcd00000, 0x00000000fce00000|  0%| F|  |TAMS 0x00000000fcd00000, 0x00000000fcd00000| Untracked 
|  14|0x00000000fce00000, 0x00000000fce00000, 0x00000000fcf00000|  0%| F|  |TAMS 0x00000000fce00000, 0x00000000fce00000| Untracked 
|  15|0x00000000fcf00000, 0x00000000fcf00000, 0x00000000fd000000|  0%| F|  |TAMS 0x00000000fcf00000, 0x00000000fcf00000| Untracked 
|  16|0x00000000fd000000, 0x00000000fd000000, 0x00000000fd100000|  0%| F|  |TAMS 0x00000000fd000000, 0x00000000fd000000| Untracked 
|  17|0x00000000fd100000, 0x00000000fd100000, 0x00000000fd200000|  0%| F|  |TAMS 0x00000000fd100000, 0x00000000fd100000| Untracked 
|  18|0x00000000fd200000, 0x00000000fd200000, 0x00000000fd300000|  0%| F|  |TAMS 0x00000000fd200000, 0x00000000fd200000| Untracked 
|  19|0x00000000fd300000, 0x00000000fd300000, 0x00000000fd400000|  0%| F|  |TAMS 0x00000000fd300000, 0x00000000fd300000| Untracked 
|  20|0x00000000fd400000, 0x00000000fd400000, 0x00000000fd500000|  0%| F|  |TAMS 0x00000000fd400000, 0x00000000fd400000| Untracked 
|  21|0x00000000fd500000, 0x00000000fd500000, 0x00000000fd600000|  0%| F|  |TAMS 0x00000000fd500000, 0x00000000fd500000| Untracked 
|  22|0x00000000fd600000, 0x00000000fd600000, 0x00000000fd700000|  0%| F|  |TAMS 0x00000000fd600000, 0x00000000fd600000| Untracked 
|  23|0x00000000fd700000, 0x00000000fd700000, 0x00000000fd800000|  0%| F|  |TAMS 0x00000000fd700000, 0x00000000fd700000| Untracked 
|  24|0x00000000fd800000, 0x00000000fd800000, 0x00000000fd900000|  0%| F|  |TAMS 0x00000000fd800000, 0x00000000fd800000| Untracked 
|  25|0x00000000fd900000, 0x00000000fd900000, 0x00000000fda00000|  0%| F|  |TAMS 0x00000000fd900000, 0x00000000fd900000| Untracked 
|  26|0x00000000fda00000, 0x00000000fda00000, 0x00000000fdb00000|  0%| F|  |TAMS 0x00000000fda00000, 0x00000000fda00000| Untracked 
|  27|0x00000000fdb00000, 0x00000000fdb00000, 0x00000000fdc00000|  0%| F|  |TAMS 0x00000000fdb00000, 0x00000000fdb00000| Untracked 
|  28|0x00000000fdc00000, 0x00000000fdc00000, 0x00000000fdd00000|  0%| F|  |TAMS 0x00000000fdc00000, 0x00000000fdc00000| Untracked 
|  29|0x00000000fdd00000, 0x00000000fdd00000, 0x00000000fde00000|  0%| F|  |TAMS 0x00000000fdd00000, 0x00000000fdd00000| Untracked 
|  30|0x00000000fde00000, 0x00000000fde00000, 0x00000000fdf00000|  0%| F|  |TAMS 0x00000000fde00000, 0x00000000fde00000| Untracked 
|  31|0x00000000fdf00000, 0x00000000fdf00000, 0x00000000fe000000|  0%| F|  |TAMS 0x00000000fdf00000, 0x00000000fdf00000| Untracked 
|  32|0x00000000fe000000, 0x00000000fe000000, 0x00000000fe100000|  0%| F|  |TAMS 0x00000000fe000000, 0x00000000fe000000| Untracked 
|  33|0x00000000fe100000, 0x00000000fe100000, 0x00000000fe200000|  0%| F|  |TAMS 0x00000000fe100000, 0x00000000fe100000| Untracked 
|  34|0x00000000fe200000, 0x00000000fe200000, 0x00000000fe300000|  0%| F|  |TAMS 0x00000000fe200000, 0x00000000fe200000| Untracked 
|  35|0x00000000fe300000, 0x00000000fe300000, 0x00000000fe400000|  0%| F|  |TAMS 0x00000000fe300000, 0x00000000fe300000| Untracked 
|  36|0x00000000fe400000, 0x00000000fe400000, 0x00000000fe500000|  0%| F|  |TAMS 0x00000000fe400000, 0x00000000fe400000| Untracked 
|  37|0x00000000fe500000, 0x00000000fe500000, 0x00000000fe600000|  0%| F|  |TAMS 0x00000000fe500000, 0x00000000fe500000| Untracked 
|  38|0x00000000fe600000, 0x00000000fe600000, 0x00000000fe700000|  0%| F|  |TAMS 0x00000000fe600000, 0x00000000fe600000| Untracked 
|  39|0x00000000fe700000, 0x00000000fe700000, 0x00000000fe800000|  0%| F|  |TAMS 0x00000000fe700000, 0x00000000fe700000| Untracked 
|  40|0x00000000fe800000, 0x00000000fe800000, 0x00000000fe900000|  0%| F|  |TAMS 0x00000000fe800000, 0x00000000fe800000| Untracked 
|  41|0x00000000fe900000, 0x00000000fe900000, 0x00000000fea00000|  0%| F|  |TAMS 0x00000000fe900000, 0x00000000fe900000| Untracked 
|  42|0x00000000fea00000, 0x00000000fea00000, 0x00000000feb00000|  0%| F|  |TAMS 0x00000000fea00000, 0x00000000fea00000| Untracked 
|  43|0x00000000feb00000, 0x00000000feb00000, 0x00000000fec00000|  0%| F|  |TAMS 0x00000000feb00000, 0x00000000feb00000| Untracked 
|  44|0x00000000fec00000, 0x00000000fec00000, 0x00000000fed00000|  0%| F|  |TAMS 0x00000000fec00000, 0x00000000fec00000| Untracked 
|  45|0x00000000fed00000, 0x00000000fed00000, 0x00000000fee00000|  0%| F|  |TAMS 0x00000000fed00000, 0x00000000fed00000| Untracked 
|  46|0x00000000fee00000, 0x00000000fee00000, 0x00000000fef00000|  0%| F|  |TAMS 0x00000000fee00000, 0x00000000fee00000| Untracked 
|  47|0x00000000fef00000, 0x00000000fef00000, 0x00000000ff000000|  0%| F|  |TAMS 0x00000000fef00000, 0x00000000fef00000| Untracked 
|  48|0x00000000ff000000, 0x00000000ff000000, 0x00000000ff100000|  0%| F|  |TAMS 0x00000000ff000000, 0x00000000ff000000| Untracked 
|  49|0x00000000ff100000, 0x00000000ff100000, 0x00000000ff200000|  0%| F|  |TAMS 0x00000000ff100000, 0x00000000ff100000| Untracked 
|  50|0x00000000ff200000, 0x00000000ff200000, 0x00000000ff300000|  0%| F|  |TAMS 0x00000000ff200000, 0x00000000ff200000| Untracked 
|  51|0x00000000ff300000, 0x00000000ff300000, 0x00000000ff400000|  0%| F|  |TAMS 0x00000000ff300000, 0x00000000ff300000| Untracked 
|  52|0x00000000ff400000, 0x00000000ff400000, 0x00000000ff500000|  0%| F|  |TAMS 0x00000000ff400000, 0x00000000ff400000| Untracked 
|  53|0x00000000ff500000, 0x00000000ff500000, 0x00000000ff600000|  0%| F|  |TAMS 0x00000000ff500000, 0x00000000ff500000| Untracked 
|  54|0x00000000ff600000, 0x00000000ff600000, 0x00000000ff700000|  0%| F|  |TAMS 0x00000000ff600000, 0x00000000ff600000| Untracked 
|  55|0x00000000ff700000, 0x00000000ff700000, 0x00000000ff800000|  0%| F|  |TAMS 0x00000000ff700000, 0x00000000ff700000| Untracked 
|  56|0x00000000ff800000, 0x00000000ff800000, 0x00000000ff900000|  0%| F|  |TAMS 0x00000000ff800000, 0x00000000ff800000| Untracked 
|  57|0x00000000ff900000, 0x00000000ff97b730, 0x00000000ffa00000| 48%| E|  |TAMS 0x00000000ff900000, 0x00000000ff900000| Complete 
|  58|0x00000000ffa00000, 0x00000000ffb00000, 0x00000000ffb00000|100%| E|CS|TAMS 0x00000000ffa00000, 0x00000000ffa00000| Complete 
|  59|0x00000000ffb00000, 0x00000000ffc00000, 0x00000000ffc00000|100%| E|CS|TAMS 0x00000000ffb00000, 0x00000000ffb00000| Complete 
|  60|0x00000000ffc00000, 0x00000000ffd00000, 0x00000000ffd00000|100%| E|CS|TAMS 0x00000000ffc00000, 0x00000000ffc00000| Complete 
|  61|0x00000000ffd00000, 0x00000000ffe00000, 0x00000000ffe00000|100%| E|  |TAMS 0x00000000ffd00000, 0x00000000ffd00000| Complete 
|  62|0x00000000ffe00000, 0x00000000fff00000, 0x00000000fff00000|100%| E|CS|TAMS 0x00000000ffe00000, 0x00000000ffe00000| Complete 
|  63|0x00000000fff00000, 0x0000000100000000, 0x0000000100000000|100%| E|CS|TAMS 0x00000000fff00000, 0x00000000fff00000| Complete 

Card table byte_map: [0x000002a5819e0000,0x000002a581a00000] _byte_map_base: 0x000002a581200000

Marking Bits (Prev, Next): (CMBitMap*) 0x000002a583a4c948, (CMBitMap*) 0x000002a583a4c980
 Prev Bits: [0x000002a59b4d0000, 0x000002a59b5d0000)
 Next Bits: [0x000002a59b5d0000, 0x000002a59b6d0000)

Polling page: 0x000002a581990000

Metaspace:

Usage:
  Non-class:      6.51 MB capacity,     6.41 MB ( 98%) used,   105.66 KB (  2%) free+waste,     5.19 KB ( <1%) overhead. 
      Class:    682.00 KB capacity,   624.66 KB ( 92%) used,    54.90 KB (  8%) free+waste,     2.44 KB ( <1%) overhead. 
       Both:      7.18 MB capacity,     7.02 MB ( 98%) used,   160.56 KB (  2%) free+waste,     7.63 KB ( <1%) overhead. 

Virtual space:
  Non-class space:        8.00 MB reserved,       6.75 MB ( 84%) committed 
      Class space:        1.00 GB reserved,     768.00 KB ( <1%) committed 
             Both:        1.01 GB reserved,       7.50 MB ( <1%) committed 

Chunk freelists:
   Non-Class:  49.00 KB
       Class:  0 bytes
        Both:  49.00 KB

MaxMetaspaceSize: 17179869184.00 GB
CompressedClassSpaceSize: 1.00 GB
Initial GC threshold: 20.80 MB
Current GC threshold: 20.80 MB
CDS: off

CodeHeap 'non-profiled nmethods': size=120000Kb used=113Kb max_used=113Kb free=119886Kb
 bounds [0x000002a593c70000, 0x000002a593ee0000, 0x000002a59b1a0000]
CodeHeap 'profiled nmethods': size=120000Kb used=616Kb max_used=616Kb free=119383Kb
 bounds [0x000002a58c740000, 0x000002a58c9b0000, 0x000002a593c70000]
CodeHeap 'non-nmethods': size=5760Kb used=1106Kb max_used=1118Kb free=4654Kb
 bounds [0x000002a58c1a0000, 0x000002a58c410000, 0x000002a58c740000]
 total_blobs=741 nmethods=388 adapters=266
 compilation: enabled
              stopped_count=0, restarted_count=0
 full_count=0

Compilation events (20 events):
Event: 11.058 Thread 0x000002a59e94c000 nmethod 379 0x000002a58c7d6310 code [0x000002a58c7d64c0, 0x000002a58c7d65f8]
Event: 11.594 Thread 0x000002a59e94c000  380   !   3       java.util.zip.ZipFile::getEntry (73 bytes)
Event: 11.595 Thread 0x000002a59e94c000 nmethod 380 0x000002a58c7d6710 code [0x000002a58c7d6920, 0x000002a58c7d6f68]
Event: 11.601 Thread 0x000002a59e94c000  381   !   3       java.io.WinNTFileSystem::isInvalid (78 bytes)
Event: 11.602 Thread 0x000002a59e94c000 nmethod 381 0x000002a58c7d7290 code [0x000002a58c7d7480, 0x000002a58c7d7878]
Event: 11.602 Thread 0x000002a59e94c000  382       3       java.util.LinkedHashMap::get (33 bytes)
Event: 11.603 Thread 0x000002a59e94c000 nmethod 382 0x000002a58c7d7a10 code [0x000002a58c7d7c00, 0x000002a58c7d8028]
Event: 11.603 Thread 0x000002a59e94c000  383       3       java.util.LinkedHashMap::newNode (23 bytes)
Event: 11.604 Thread 0x000002a59e94c000 nmethod 383 0x000002a58c7d8190 code [0x000002a58c7d8380, 0x000002a58c7d8958]
Event: 11.604 Thread 0x000002a59e94c000  384       3       java.util.LinkedHashMap$Entry::<init> (10 bytes)
Event: 11.605 Thread 0x000002a59e94c000 nmethod 384 0x000002a58c7d8b10 code [0x000002a58c7d8ce0, 0x000002a58c7d8fb8]
Event: 11.605 Thread 0x000002a59e94a000  385 %     4       java.lang.StringLatin1::toLowerCase @ 114 (180 bytes)
Event: 11.605 Thread 0x000002a59e94c000  386       3       java.util.LinkedHashMap$LinkedHashIterator::hasNext (13 bytes)
Event: 11.606 Thread 0x000002a59e94c000 nmethod 386 0x000002a58c7d9090 code [0x000002a58c7d9240, 0x000002a58c7d9398]
Event: 11.606 Thread 0x000002a59e94c000  387       3       java.util.LinkedHashMap$LinkedKeyIterator::next (8 bytes)
Event: 11.606 Thread 0x000002a59e94c000 nmethod 387 0x000002a58c7d9410 code [0x000002a58c7d95c0, 0x000002a58c7d9708]
Event: 11.606 Thread 0x000002a59e94c000  388       3       java.util.LinkedHashMap$LinkedHashIterator::nextNode (54 bytes)
Event: 11.607 Thread 0x000002a59e94c000 nmethod 388 0x000002a58c7d9810 code [0x000002a58c7d9a00, 0x000002a58c7d9d38]
Event: 11.611 Thread 0x000002a59e94c000  390       3       java.util.Collections$UnmodifiableCollection$1::next (10 bytes)
Event: 11.611 Thread 0x000002a59e94c000 nmethod 390 0x000002a58c7d9e90 code [0x000002a58c7da040, 0x000002a58c7da208]

GC Heap History (0 events):
No events

Deoptimization events (20 events):
Event: 6.550 Thread 0x000002a583a2d000 DEOPT PACKING pc=0x000002a58c79120e sp=0x000000cd697f63e0
Event: 6.551 Thread 0x000002a583a2d000 DEOPT UNPACKING pc=0x000002a58c1ea95e sp=0x000000cd697f5880 mode 0
Event: 6.551 Thread 0x000002a583a2d000 DEOPT PACKING pc=0x000002a58c7918bb sp=0x000000cd697f63b0
Event: 6.551 Thread 0x000002a583a2d000 DEOPT UNPACKING pc=0x000002a58c1ea95e sp=0x000000cd697f5880 mode 0
Event: 6.551 Thread 0x000002a583a2d000 DEOPT PACKING pc=0x000002a58c79120e sp=0x000000cd697f63e0
Event: 6.551 Thread 0x000002a583a2d000 DEOPT UNPACKING pc=0x000002a58c1ea95e sp=0x000000cd697f5880 mode 0
Event: 6.551 Thread 0x000002a583a2d000 DEOPT PACKING pc=0x000002a58c7918bb sp=0x000000cd697f63b0
Event: 6.551 Thread 0x000002a583a2d000 DEOPT UNPACKING pc=0x000002a58c1ea95e sp=0x000000cd697f5880 mode 0
Event: 6.551 Thread 0x000002a583a2d000 DEOPT PACKING pc=0x000002a58c79120e sp=0x000000cd697f63e0
Event: 6.551 Thread 0x000002a583a2d000 DEOPT UNPACKING pc=0x000002a58c1ea95e sp=0x000000cd697f5880 mode 0
Event: 6.551 Thread 0x000002a583a2d000 DEOPT PACKING pc=0x000002a58c7918bb sp=0x000000cd697f63b0
Event: 6.551 Thread 0x000002a583a2d000 DEOPT UNPACKING pc=0x000002a58c1ea95e sp=0x000000cd697f5880 mode 0
Event: 6.552 Thread 0x000002a583a2d000 DEOPT PACKING pc=0x000002a58c79120e sp=0x000000cd697f63e0
Event: 6.552 Thread 0x000002a583a2d000 DEOPT UNPACKING pc=0x000002a58c1ea95e sp=0x000000cd697f5880 mode 0
Event: 6.552 Thread 0x000002a583a2d000 DEOPT PACKING pc=0x000002a58c7918bb sp=0x000000cd697f63b0
Event: 6.552 Thread 0x000002a583a2d000 DEOPT UNPACKING pc=0x000002a58c1ea95e sp=0x000000cd697f5880 mode 0
Event: 8.686 Thread 0x000002a583a2d000 DEOPT PACKING pc=0x000002a58c77509b sp=0x000000cd697fd550
Event: 8.699 Thread 0x000002a583a2d000 DEOPT UNPACKING pc=0x000002a58c1ea95e sp=0x000000cd697fc9c0 mode 0
Event: 8.706 Thread 0x000002a583a2d000 DEOPT PACKING pc=0x000002a58c7a0f5b sp=0x000000cd697fd540
Event: 8.706 Thread 0x000002a583a2d000 DEOPT UNPACKING pc=0x000002a58c1ea95e sp=0x000000cd697fc9b8 mode 0

Classes redefined (0 events):
No events

Internal exceptions (3 events):
Event: 6.613 Thread 0x000002a583a2d000 Exception <a 'java/lang/NoSuchMethodError'{0x00000000ffc644a0}: 'int java.lang.invoke.DirectMethodHandle$Holder.invokeStaticInit(java.lang.Object, java.lang.Object)'> (0x00000000ffc644a0) thrown at [./src/hotspot/share/interpreter/linkResolver.cpp, line 773]
Event: 8.720 Thread 0x000002a583a2d000 Exception <a 'java/lang/NoSuchMethodError'{0x00000000ffb3f8e0}: 'int java.lang.invoke.DirectMethodHandle$Holder.invokeSpecial(java.lang.Object, java.lang.Object, java.lang.Object, java.lang.Object)'> (0x00000000ffb3f8e0) thrown at [./src/hotspot/share/interpreter/linkResolver.cpp, line 773]
Event: 8.740 Thread 0x000002a583a2d000 Exception <a 'java/lang/NoSuchMethodError'{0x00000000ffb78710}: 'int java.lang.invoke.DirectMethodHandle$Holder.invokeSpecialIFC(java.lang.Object, java.lang.Object, int)'> (0x00000000ffb78710) thrown at [./src/hotspot/share/interpreter/linkResolver.cpp, line 773]

Events (20 events):
Event: 7.816 loading class org/gradle/api/internal/classpath/DefaultModuleRegistry$DefaultModule
Event: 7.816 loading class org/gradle/api/internal/classpath/DefaultModuleRegistry$DefaultModule done
Event: 7.842 loading class java/util/Collections$SingletonSet
Event: 7.843 loading class java/util/Collections$SingletonSet done
Event: 7.844 loading class java/util/Collections$1
Event: 7.844 loading class java/util/Collections$1 done
Event: 8.721 loading class org/gradle/api/internal/classpath/DefaultModuleRegistry
Event: 8.721 loading class org/gradle/api/internal/classpath/DefaultModuleRegistry done
Event: 8.732 loading class java/lang/invoke/DirectMethodHandle$Constructor
Event: 8.732 loading class java/lang/invoke/DirectMethodHandle$Constructor done
Event: 8.733 loading class org/gradle/util/internal/GUtil
Event: 8.733 loading class org/gradle/util/internal/GUtil done
Event: 8.737 loading class org/gradle/internal/InternalTransformer
Event: 8.737 loading class org/gradle/internal/InternalTransformer done
Event: 8.742 loading class java/util/regex/Pattern$StartS
Event: 8.742 loading class java/util/regex/Pattern$StartS done
Event: 8.746 loading class org/gradle/internal/IoActions
Event: 8.746 loading class org/gradle/internal/IoActions done
Event: 8.747 loading class org/gradle/api/Action
Event: 8.747 loading class org/gradle/api/Action done


Dynamic libraries:
0x00007ff703c50000 - 0x00007ff703c5d000 	C:\Program Files\Microsoft\jdk-11.0.18.10-hotspot\bin\java.exe
0x00007ff9c3c10000 - 0x00007ff9c3e27000 	C:\WINDOWS\SYSTEM32\ntdll.dll
0x00007ff9c2920000 - 0x00007ff9c29e4000 	C:\WINDOWS\System32\KERNEL32.DLL
0x00007ff9c0f90000 - 0x00007ff9c1336000 	C:\WINDOWS\System32\KERNELBASE.dll
0x00007ff9c17e0000 - 0x00007ff9c18f1000 	C:\WINDOWS\System32\ucrtbase.dll
0x00007ff9b8570000 - 0x00007ff9b8587000 	C:\Program Files\Microsoft\jdk-11.0.18.10-hotspot\bin\jli.dll
0x00007ff9c1b70000 - 0x00007ff9c1d1e000 	C:\WINDOWS\System32\USER32.dll
0x00007ff9c15c0000 - 0x00007ff9c15e6000 	C:\WINDOWS\System32\win32u.dll
0x00007ff9c1f00000 - 0x00007ff9c1f29000 	C:\WINDOWS\System32\GDI32.dll
0x00007ff9c1340000 - 0x00007ff9c1458000 	C:\WINDOWS\System32\gdi32full.dll
0x00007ff9c1460000 - 0x00007ff9c14fa000 	C:\WINDOWS\System32\msvcp_win.dll
0x00007ff9b8550000 - 0x00007ff9b8565000 	C:\Program Files\Microsoft\jdk-11.0.18.10-hotspot\bin\VCRUNTIME140.dll
0x00007ff9a9690000 - 0x00007ff9a9923000 	C:\WINDOWS\WinSxS\amd64_microsoft.windows.common-controls_6595b64144ccf1df_6.0.22621.2361_none_2712ced57382f843\COMCTL32.dll
0x00007ff9c20b0000 - 0x00007ff9c2157000 	C:\WINDOWS\System32\msvcrt.dll
0x00007ff9c2e80000 - 0x00007ff9c2eb1000 	C:\WINDOWS\System32\IMM32.DLL
0x00007ff9a28b0000 - 0x00007ff9a294b000 	C:\Program Files\Microsoft\jdk-11.0.18.10-hotspot\bin\msvcp140.dll
0x00007ff92b8b0000 - 0x00007ff92c442000 	C:\Program Files\Microsoft\jdk-11.0.18.10-hotspot\bin\server\jvm.dll
0x00007ff9c38f0000 - 0x00007ff9c39a0000 	C:\WINDOWS\System32\ADVAPI32.dll
0x00007ff9c2ed0000 - 0x00007ff9c2f76000 	C:\WINDOWS\System32\sechost.dll
0x00007ff9c2660000 - 0x00007ff9c2777000 	C:\WINDOWS\System32\RPCRT4.dll
0x00007ff9c2ec0000 - 0x00007ff9c2ec8000 	C:\WINDOWS\System32\PSAPI.DLL
0x00007ff9bea90000 - 0x00007ff9bea99000 	C:\WINDOWS\SYSTEM32\WSOCK32.dll
0x00007ff9c3af0000 - 0x00007ff9c3b61000 	C:\WINDOWS\System32\WS2_32.dll
0x00007ff9bc580000 - 0x00007ff9bc5b4000 	C:\WINDOWS\SYSTEM32\WINMM.dll
0x00007ff9beaf0000 - 0x00007ff9beafa000 	C:\WINDOWS\SYSTEM32\VERSION.dll
0x00007ff9c0010000 - 0x00007ff9c0028000 	C:\WINDOWS\SYSTEM32\kernel.appcore.dll
0x00007ff9b9d40000 - 0x00007ff9b9d50000 	C:\Program Files\Microsoft\jdk-11.0.18.10-hotspot\bin\verify.dll
0x00007ff9bdc00000 - 0x00007ff9bde2e000 	C:\WINDOWS\SYSTEM32\DBGHELP.DLL
0x00007ff9c29f0000 - 0x00007ff9c2d7a000 	C:\WINDOWS\System32\combase.dll
0x00007ff9c1970000 - 0x00007ff9c1a47000 	C:\WINDOWS\System32\OLEAUT32.dll
0x00007ff9b9090000 - 0x00007ff9b90c2000 	C:\WINDOWS\SYSTEM32\dbgcore.DLL
0x00007ff9c1760000 - 0x00007ff9c17da000 	C:\WINDOWS\System32\bcryptPrimitives.dll
0x00007ff9b2810000 - 0x00007ff9b2838000 	C:\Program Files\Microsoft\jdk-11.0.18.10-hotspot\bin\java.dll
0x00007ff9b7ca0000 - 0x00007ff9b7caa000 	C:\Program Files\Microsoft\jdk-11.0.18.10-hotspot\bin\jimage.dll
0x00007ff9b27f0000 - 0x00007ff9b2808000 	C:\Program Files\Microsoft\jdk-11.0.18.10-hotspot\bin\zip.dll
0x00007ff9c2f80000 - 0x00007ff9c37d8000 	C:\WINDOWS\System32\SHELL32.dll
0x00007ff9beea0000 - 0x00007ff9bf792000 	C:\WINDOWS\SYSTEM32\windows.storage.dll
0x00007ff9bed60000 - 0x00007ff9bee9e000 	C:\WINDOWS\SYSTEM32\wintypes.dll
0x00007ff9c2d80000 - 0x00007ff9c2e73000 	C:\WINDOWS\System32\SHCORE.dll
0x00007ff9c1f30000 - 0x00007ff9c1f8e000 	C:\WINDOWS\System32\shlwapi.dll
0x00007ff9c0ec0000 - 0x00007ff9c0ee6000 	C:\WINDOWS\SYSTEM32\profapi.dll
0x00007ff9a6f30000 - 0x00007ff9a6f49000 	C:\Program Files\Microsoft\jdk-11.0.18.10-hotspot\bin\net.dll
0x00007ff9bc9c0000 - 0x00007ff9bcaf7000 	C:\WINDOWS\SYSTEM32\WINHTTP.dll
0x00007ff9c0510000 - 0x00007ff9c0579000 	C:\WINDOWS\system32\mswsock.dll
0x00007ff9a6f10000 - 0x00007ff9a6f23000 	C:\Program Files\Microsoft\jdk-11.0.18.10-hotspot\bin\nio.dll

dbghelp: loaded successfully - version: 4.0.5 - missing functions: none
symbol engine: initialized successfully - sym options: 0x614 - pdb path: .;C:\Program Files\Microsoft\jdk-11.0.18.10-hotspot\bin;C:\WINDOWS\SYSTEM32;C:\WINDOWS\WinSxS\amd64_microsoft.windows.common-controls_6595b64144ccf1df_6.0.22621.2361_none_2712ced57382f843;C:\Program Files\Microsoft\jdk-11.0.18.10-hotspot\bin\server

VM Arguments:
jvm_args: -Xmx64m -Xms64m -Dorg.gradle.appname=gradlew 
java_command: org.gradle.wrapper.GradleWrapperMain tasks
java_class_path (initial): D:\Assignment_Five_SignInPage\android\\gradle\wrapper\gradle-wrapper.jar
Launcher Type: SUN_STANDARD

[Global flags]
     intx CICompilerCount                          = 4                                         {product} {ergonomic}
     uint ConcGCThreads                            = 2                                         {product} {ergonomic}
     uint G1ConcRefinementThreads                  = 8                                         {product} {ergonomic}
   size_t G1HeapRegionSize                         = 1048576                                   {product} {ergonomic}
    uintx GCDrainStackTargetSize                   = 64                                        {product} {ergonomic}
   size_t InitialHeapSize                          = 67108864                                  {product} {command line}
   size_t MarkStackSize                            = 4194304                                   {product} {ergonomic}
   size_t MaxHeapSize                              = 67108864                                  {product} {command line}
   size_t MaxNewSize                               = 39845888                                  {product} {ergonomic}
   size_t MinHeapDeltaBytes                        = 1048576                                   {product} {ergonomic}
    uintx NonNMethodCodeHeapSize                   = 5836300                                {pd product} {ergonomic}
    uintx NonProfiledCodeHeapSize                  = 122910970                              {pd product} {ergonomic}
    uintx ProfiledCodeHeapSize                     = 122910970                              {pd product} {ergonomic}
    uintx ReservedCodeCacheSize                    = 251658240                              {pd product} {ergonomic}
     bool SegmentedCodeCache                       = true                                      {product} {ergonomic}
     bool UseCompressedClassPointers               = true                                 {lp64_product} {ergonomic}
     bool UseCompressedOops                        = true                                 {lp64_product} {ergonomic}
     bool UseG1GC                                  = true                                      {product} {ergonomic}
     bool UseLargePagesIndividualAllocation        = false                                  {pd product} {ergonomic}

Logging:
Log output configuration:
 #0: stdout all=warning uptime,level,tags
 #1: stderr all=off uptime,level,tags

Environment Variables:
JAVA_HOME=C:\Program Files\Microsoft\jdk-11.0.18.10-hotspot\
CLASSPATH=D:\Assignment_Five_SignInPage\android\\gradle\wrapper\gradle-wrapper.jar
PATH=D:\Assignment_Five_SignInPage\node_modules\.bin;D:\node_modules\.bin;C:\Users\Sahil Rawat\AppData\Roaming\npm\node_modules\npm\node_modules\@npmcli\run-script\lib\node-gyp-bin;D:\Assignment_Five_SignInPage\node_modules\.bin;D:\node_modules\.bin;C:\Users\Sahil Rawat\AppData\Roaming\npm\node_modules\npm\node_modules\@npmcli\run-script\lib\node-gyp-bin;C:\Program Files\Microsoft\jdk-11.0.18.10-hotspot\bin;C:\Python310\Scripts\;C:\Python310\;C:\Windows\system32;C:\Windows;C:\Windows\System32\Wbem;C:\Windows\System32\WindowsPowerShell\v1.0\;C:\Windows\System32\OpenSSH\;C:\Program Files (x86)\NVIDIA Corporation\PhysX\Common;C:\Program Files\NVIDIA Corporation\NVIDIA NvDLISR;C:\MinGW\bin;C:\Program Files\SourceGear\Common\DiffMerge\;C:\ProgramData\chocolatey\bin;C:\WINDOWS\system32;C:\WINDOWS;C:\WINDOWS\System32\Wbem;C:\WINDOWS\System32\WindowsPowerShell\v1.0\;C:\WINDOWS\System32\OpenSSH\;C:\Users\Sahil Rawat\AppData\Roaming\nvm;C:\Program Files\nodejs;C:\Users\Sahil Rawat\AppData\Local\Android\Sdk\platform-tools;C:\Program Files\Git\cmd;C:\Users\Sahil Rawat\AppData\Local\Microsoft\WindowsApps;C:\Program Files\Java\jdk-16.0.2\bin;C:\Users\Sahil Rawat\AppData\Local\Programs\Hyper\resources\bin;C:\Program Files\heroku\bin;C:\Users\Sahil Rawat\AppData\Local\Programs\Microsoft VS Code\bin;C:\Users\Sahil Rawat\AppData\Roaming\npm;C:\Users\Sahil Rawat\AppData\Roaming\nvm;C:\Program Files\nodejs
USERNAME=Sahil Rawat
LANG=en_US.UTF-8
OS=Windows_NT
PROCESSOR_IDENTIFIER=AMD64 Family 23 Model 24 Stepping 1, AuthenticAMD
TMP=C:\Users\SAHILR~1\AppData\Local\Temp
TEMP=C:\Users\SAHILR~1\AppData\Local\Temp



---------------  S Y S T E M  ---------------

OS: Windows 11 , 64 bit Build 22621 (10.0.22621.2361)
OS uptime: 1 days 22:21 hours
Hyper-V role detected

CPU:total 8 (initial active 8) (8 cores per cpu, 2 threads per core) family 23 model 24 stepping 1 microcode 0x0, cmov, cx8, fxsr, mmx, sse, sse2, sse3, ssse3, sse4.1, sse4.2, popcnt, avx, avx2, aes, clmul, mmxext, 3dnowpref, lzcnt, sse4a, ht, tsc, tscinvbit, tscinv, bmi1, bmi2, adx, sha, fma

Memory: 4k page, system-wide physical 6081M (106M free)
TotalPageFile size 24513M (AvailPageFile size 0M)
current process WorkingSet (physical memory assigned to process): 39M, peak: 40M
current process commit charge ("private bytes"): 140M, peak: 142M

vm_info: OpenJDK 64-Bit Server VM (11.0.18+10-LTS) for windows-amd64 JRE (11.0.18+10-LTS), built on Jan 18 2023 15:56:47 by "MicrosoftCorporation" with MS VC++ 15.9 (VS2017)

END.
