#
# A fatal error has been detected by the Java Runtime Environment:
#
#  EXCEPTION_ACCESS_VIOLATION (0xc0000005) at pc=0x00007ff9b7ca1bd5, pid=35596, tid=35064
#
# JRE version:  (11.0.18+10) (build )
# Java VM: OpenJDK 64-Bit Server VM (11.0.18+10-LTS, mixed mode, sharing, tiered, unknown gc, windows-amd64)
# Problematic frame:
# C  [jimage.dll+0x1bd5]
#
# No core dump will be written. Minidumps are not enabled by default on client versions of Windows
#
#

---------------  S U M M A R Y ------------

Command Line: 

Host: AMD Ryzen 5 3550H with Radeon Vega Mobile Gfx  , 8 cores, 5G,  Windows 11 , 64 bit Build 22621 (10.0.22621.2361)
Time: Fri Sep 29 10:24:53 2023 India Standard Time elapsed time: 0.606599 seconds (0d 0h 0m 0s)

---------------  T H R E A D  ---------------

Current thread is native thread

Stack: [0x0000007859800000,0x0000007859900000],  sp=0x00000078598fd2a0,  free space=1012k
Native frames: (J=compiled Java code, j=interpreted, Vv=VM code, C=native code)
C  [jimage.dll+0x1bd5]


siginfo: EXCEPTION_ACCESS_VIOLATION (0xc0000005), reading address 0x000000000001100c


Registers:
RAX=0x00000000000043fc, RBX=0x00000078598fd391, RCX=0x00007ff9b7ca6000, RDX=0x00000000000043fc
RSP=0x00000078598fd2a0, RBP=0x00000078598fd390, RSI=0x0000000000008500, RDI=0x00000078598fd390
R8 =0x00007ff9b7ca4268, R9 =0x000000000000001c, R10=0x00007ff92c156a00, R11=0x00007ff9b7ca6000
R12=0x00000078598ffa30, R13=0x00000255cbab4720, R14=0x00000078598fe400, R15=0x00007ff92c156a28
RIP=0x00007ff9b7ca1bd5, EFLAGS=0x0000000000010212

Top of Stack: (sp=0x00000078598fd2a0)
0x00000078598fd2a0:   0000000000020000 00000078598fd2d0
0x00000078598fd2b0:   00000078598fd2d0 00000078598fd2d0
0x00000078598fd2c0:   00000255cbabf770 00007ff9b7ca1d63
0x00000078598fd2d0:   000000000000000b 00000255cbabf770
0x00000078598fd2e0:   0000000000000001 00000078598fd760
0x00000078598fd2f0:   0000000000000000 0000000000000000
0x00000078598fd300:   0000000000000000 0000000000000000
0x00000078598fd310:   00000078598fd420 00007ff9c3c2b46f
0x00000078598fd320:   0000000000000000 0000000000000000
0x00000078598fd330:   00003446991e9b88 00007ff9b7ca0000
0x00000078598fd340:   00007ff92c133ad8 0000000000000017
0x00000078598fd350:   00000255cbabf770 00000078598fe400
0x00000078598fd360:   000000000000000b 00007ff9b7ca2641
0x00000078598fd370:   0000025501000020 00000078598fda10
0x00000078598fd380:   0000000000000000 00000078598fd9b8
0x00000078598fd390:   61622e6176616a2f 692f6b646a2f6573 

Instructions: (pc=0x00007ff9b7ca1bd5)
0x00007ff9b7ca1ad5:   48 85 c9 74 1d 80 3d 2f 45 00 00 00 74 06 48 8b
0x00007ff9b7ca1ae5:   53 18 eb 04 48 8b 53 40 e8 ae 0e 00 00 48 83 63
0x00007ff9b7ca1af5:   48 00 8b 4b 0c 83 f9 ff 74 09 e8 e4 0c 00 00 83
0x00007ff9b7ca1b05:   4b 0c ff 48 8b 4b 70 48 85 c9 74 0f ba 10 00 00
0x00007ff9b7ca1b15:   00 e8 fd 0e 00 00 48 83 63 70 00 48 83 c4 20 5b
0x00007ff9b7ca1b25:   c3 cc cc 40 53 48 83 ec 20 48 8b d9 48 8d 0d e8
0x00007ff9b7ca1b35:   46 00 00 e8 b3 0c 00 00 83 6b 08 01 75 24 48 8b
0x00007ff9b7ca1b45:   d3 48 8d 0d cb 44 00 00 e8 22 08 00 00 48 8b cb
0x00007ff9b7ca1b55:   e8 de fe ff ff ba 78 00 00 00 48 8b cb e8 b1 0e
0x00007ff9b7ca1b65:   00 00 48 8d 0d b2 46 00 00 48 83 c4 20 5b e9 80
0x00007ff9b7ca1b75:   0c 00 00 48 89 5c 24 08 48 89 74 24 10 57 48 83
0x00007ff9b7ca1b85:   ec 20 41 8b f1 4d 8b c8 48 8b fa 4c 8b d9 4d 85
0x00007ff9b7ca1b95:   c0 74 78 85 f6 74 74 44 8a 12 48 8d 5a 01 48 8b
0x00007ff9b7ca1ba5:   d3 b8 93 01 00 01 eb 12 69 c0 93 01 00 01 41 0f
0x00007ff9b7ca1bb5:   b6 ca 44 8a 12 33 c1 48 ff c2 45 84 d2 75 e9 4d
0x00007ff9b7ca1bc5:   8b 03 0f ba f0 1f 33 d2 49 8b cb f7 f6 48 63 c2
0x00007ff9b7ca1bd5:   41 8b 14 81 41 ff 50 08 85 c0 7e 24 8a 0f eb 10
0x00007ff9b7ca1be5:   69 c0 93 01 00 01 0f b6 c9 33 c1 8a 0b 48 ff c3
0x00007ff9b7ca1bf5:   84 c9 75 ec 0f ba f0 1f 33 d2 f7 f6 8b c2 eb 0e
0x00007ff9b7ca1c05:   79 09 83 c9 ff 2b c8 8b c1 eb 03 83 c8 ff 48 8b
0x00007ff9b7ca1c15:   5c 24 30 48 8b 74 24 38 48 83 c4 20 5f c3 cc 48
0x00007ff9b7ca1c25:   89 5c 24 08 48 89 74 24 10 57 48 83 ec 20 48 8b
0x00007ff9b7ca1c35:   f1 48 8d 0d e3 45 00 00 e8 ae 0b 00 00 33 ff 39
0x00007ff9b7ca1c45:   3d ce 43 00 00 76 24 48 8b 05 cd 43 00 00 48 8b
0x00007ff9b7ca1c55:   d6 48 8b 1c f8 48 8b 0b e8 be 1e 00 00 85 c0 74
0x00007ff9b7ca1c65:   2b ff c7 3b 3d aa 43 00 00 72 dc 33 db 48 8d 0d
0x00007ff9b7ca1c75:   a7 45 00 00 e8 7a 0b 00 00 48 8b 74 24 38 48 8b
0x00007ff9b7ca1c85:   c3 48 8b 5c 24 30 48 83 c4 20 5f c3 ff 43 08 eb
0x00007ff9b7ca1c95:   dc cc cc 48 89 5c 24 08 48 89 74 24 10 57 48 83
0x00007ff9b7ca1ca5:   ec 20 48 8b d9 48 8b f2 48 8b 49 10 49 8b f8 8b
0x00007ff9b7ca1cb5:   53 30 48 8b 01 ff 50 20 4c 8b 43 50 48 8b d6 48
0x00007ff9b7ca1cc5:   8b 4b 10 44 8b c8 e8 a8 fe ff ff 83 f8 ff 74 38 



---------------  P R O C E S S  ---------------

VM state:not at safepoint (not fully initialized)

VM Mutex/Monitor currently owned by a thread: None


Dynamic libraries:
0x00007ff703c50000 - 0x00007ff703c5d000 	C:\Program Files\Microsoft\jdk-11.0.18.10-hotspot\bin\java.exe
0x00007ff9c3c10000 - 0x00007ff9c3e27000 	C:\WINDOWS\SYSTEM32\ntdll.dll
0x00007ff9c2920000 - 0x00007ff9c29e4000 	C:\WINDOWS\System32\KERNEL32.DLL
0x00007ff9c0f90000 - 0x00007ff9c1336000 	C:\WINDOWS\System32\KERNELBASE.dll
0x00007ff9c17e0000 - 0x00007ff9c18f1000 	C:\WINDOWS\System32\ucrtbase.dll
0x00007ff9b8570000 - 0x00007ff9b8587000 	C:\Program Files\Microsoft\jdk-11.0.18.10-hotspot\bin\jli.dll
0x00007ff9b8550000 - 0x00007ff9b8565000 	C:\Program Files\Microsoft\jdk-11.0.18.10-hotspot\bin\VCRUNTIME140.dll
0x00007ff9c1b70000 - 0x00007ff9c1d1e000 	C:\WINDOWS\System32\USER32.dll
0x00007ff9c15c0000 - 0x00007ff9c15e6000 	C:\WINDOWS\System32\win32u.dll
0x00007ff9c1f00000 - 0x00007ff9c1f29000 	C:\WINDOWS\System32\GDI32.dll
0x00007ff9c1340000 - 0x00007ff9c1458000 	C:\WINDOWS\System32\gdi32full.dll
0x00007ff9c1460000 - 0x00007ff9c14fa000 	C:\WINDOWS\System32\msvcp_win.dll
0x00007ff9a9690000 - 0x00007ff9a9923000 	C:\WINDOWS\WinSxS\amd64_microsoft.windows.common-controls_6595b64144ccf1df_6.0.22621.2361_none_2712ced57382f843\COMCTL32.dll
0x00007ff9c20b0000 - 0x00007ff9c2157000 	C:\WINDOWS\System32\msvcrt.dll
0x00007ff9c2e80000 - 0x00007ff9c2eb1000 	C:\WINDOWS\System32\IMM32.DLL
0x00007ff9a28b0000 - 0x00007ff9a294b000 	C:\Program Files\Microsoft\jdk-11.0.18.10-hotspot\bin\msvcp140.dll
0x00007ff92b8b0000 - 0x00007ff92c442000 	C:\Program Files\Microsoft\jdk-11.0.18.10-hotspot\bin\server\jvm.dll
0x00007ff9c38f0000 - 0x00007ff9c39a0000 	C:\WINDOWS\System32\ADVAPI32.dll
0x00007ff9c2ed0000 - 0x00007ff9c2f76000 	C:\WINDOWS\System32\sechost.dll
0x00007ff9c2660000 - 0x00007ff9c2777000 	C:\WINDOWS\System32\RPCRT4.dll
0x00007ff9c2ec0000 - 0x00007ff9c2ec8000 	C:\WINDOWS\System32\PSAPI.DLL
0x00007ff9bea90000 - 0x00007ff9bea99000 	C:\WINDOWS\SYSTEM32\WSOCK32.dll
0x00007ff9c3af0000 - 0x00007ff9c3b61000 	C:\WINDOWS\System32\WS2_32.dll
0x00007ff9bc580000 - 0x00007ff9bc5b4000 	C:\WINDOWS\SYSTEM32\WINMM.dll
0x00007ff9beaf0000 - 0x00007ff9beafa000 	C:\WINDOWS\SYSTEM32\VERSION.dll
0x00007ff9c0010000 - 0x00007ff9c0028000 	C:\WINDOWS\SYSTEM32\kernel.appcore.dll
0x00007ff9b9d40000 - 0x00007ff9b9d50000 	C:\Program Files\Microsoft\jdk-11.0.18.10-hotspot\bin\verify.dll
0x00007ff9bdc00000 - 0x00007ff9bde2e000 	C:\WINDOWS\SYSTEM32\DBGHELP.DLL
0x00007ff9c29f0000 - 0x00007ff9c2d7a000 	C:\WINDOWS\System32\combase.dll
0x00007ff9c1970000 - 0x00007ff9c1a47000 	C:\WINDOWS\System32\OLEAUT32.dll
0x00007ff9b9090000 - 0x00007ff9b90c2000 	C:\WINDOWS\SYSTEM32\dbgcore.DLL
0x00007ff9c1760000 - 0x00007ff9c17da000 	C:\WINDOWS\System32\bcryptPrimitives.dll
0x00007ff9b2810000 - 0x00007ff9b2838000 	C:\Program Files\Microsoft\jdk-11.0.18.10-hotspot\bin\java.dll
0x00007ff9b7ca0000 - 0x00007ff9b7caa000 	C:\Program Files\Microsoft\jdk-11.0.18.10-hotspot\bin\jimage.dll

dbghelp: loaded successfully - version: 4.0.5 - missing functions: none
symbol engine: initialized successfully - sym options: 0x614 - pdb path: .;C:\Program Files\Microsoft\jdk-11.0.18.10-hotspot\bin;C:\WINDOWS\SYSTEM32;C:\WINDOWS\WinSxS\amd64_microsoft.windows.common-controls_6595b64144ccf1df_6.0.22621.2361_none_2712ced57382f843;C:\Program Files\Microsoft\jdk-11.0.18.10-hotspot\bin\server

VM Arguments:
java_command: <unknown>
java_class_path (initial): <not set>
Launcher Type: SUN_STANDARD

[Global flags]
     bool UseLargePagesIndividualAllocation        = false                                  {pd product} {ergonomic}

Logging:
Log output configuration:
 #0: stdout all=warning uptime,level,tags
 #1: stderr all=off uptime,level,tags

Environment Variables:
JAVA_HOME=C:\Program Files\Microsoft\jdk-11.0.18.10-hotspot\
CLASSPATH=D:\Assignment_Five_SignInPage\android\\gradle\wrapper\gradle-wrapper.jar
PATH=D:\Assignment_Five_SignInPage\node_modules\.bin;D:\node_modules\.bin;C:\Users\Sahil Rawat\AppData\Roaming\npm\node_modules\npm\node_modules\@npmcli\run-script\lib\node-gyp-bin;D:\Assignment_Five_SignInPage\node_modules\.bin;D:\node_modules\.bin;C:\Users\Sahil Rawat\AppData\Roaming\npm\node_modules\npm\node_modules\@npmcli\run-script\lib\node-gyp-bin;C:\Program Files\Microsoft\jdk-11.0.18.10-hotspot\bin;C:\Python310\Scripts\;C:\Python310\;C:\Windows\system32;C:\Windows;C:\Windows\System32\Wbem;C:\Windows\System32\WindowsPowerShell\v1.0\;C:\Windows\System32\OpenSSH\;C:\Program Files (x86)\NVIDIA Corporation\PhysX\Common;C:\Program Files\NVIDIA Corporation\NVIDIA NvDLISR;C:\MinGW\bin;C:\Program Files\SourceGear\Common\DiffMerge\;C:\ProgramData\chocolatey\bin;C:\WINDOWS\system32;C:\WINDOWS;C:\WINDOWS\System32\Wbem;C:\WINDOWS\System32\WindowsPowerShell\v1.0\;C:\WINDOWS\System32\OpenSSH\;C:\Users\Sahil Rawat\AppData\Roaming\nvm;C:\Program Files\nodejs;C:\Users\Sahil Rawat\AppData\Local\Android\Sdk\platform-tools;C:\Program Files\Git\cmd;C:\Users\Sahil Rawat\AppData\Local\Microsoft\WindowsApps;C:\Program Files\Java\jdk-16.0.2\bin;C:\Users\Sahil Rawat\AppData\Local\Programs\Hyper\resources\bin;C:\Program Files\heroku\bin;C:\Users\Sahil Rawat\AppData\Local\Programs\Microsoft VS Code\bin;C:\Users\Sahil Rawat\AppData\Roaming\npm;C:\Users\Sahil Rawat\AppData\Roaming\nvm;C:\Program Files\nodejs
USERNAME=Sahil Rawat
LANG=en_US.UTF-8
OS=Windows_NT
PROCESSOR_IDENTIFIER=AMD64 Family 23 Model 24 Stepping 1, AuthenticAMD
TMP=C:\Users\SAHILR~1\AppData\Local\Temp
TEMP=C:\Users\SAHILR~1\AppData\Local\Temp



---------------  S Y S T E M  ---------------

OS: Windows 11 , 64 bit Build 22621 (10.0.22621.2361)
OS uptime: 1 days 22:21 hours

CPU:total 8 (initial active 0) 

Memory: 4k page, system-wide physical 6081M (181M free)
TotalPageFile size 24513M (AvailPageFile size 755M)
current process WorkingSet (physical memory assigned to process): 8M, peak: 8M
current process commit charge ("private bytes"): 3M, peak: 3M

vm_info: OpenJDK 64-Bit Server VM (11.0.18+10-LTS) for windows-amd64 JRE (11.0.18+10-LTS), built on Jan 18 2023 15:56:47 by "MicrosoftCorporation" with MS VC++ 15.9 (VS2017)

END.
