#
# There is insufficient memory for the Java Runtime Environment to continue.
# Native memory allocation (malloc) failed to allocate 32744 bytes for ChunkPool::allocate
# Possible reasons:
#   The system is out of physical RAM or swap space
#   The process is running with CompressedOops enabled, and the Java Heap may be blocking the growth of the native heap
# Possible solutions:
#   Reduce memory load on the system
#   Increase physical memory or swap space
#   Check if swap backing store is full
#   Decrease Java heap size (-Xmx/-Xms)
#   Decrease number of Java threads
#   Decrease Java thread stack sizes (-Xss)
#   Set larger code cache with -XX:ReservedCodeCacheSize=
#   JVM is running with Unscaled Compressed Oops mode in which the Java heap is
#     placed in the first 4GB address space. The Java Heap base address is the
#     maximum limit for the native heap growth. Please use -XX:HeapBaseMinAddress
#     to set the Java Heap base and to place the Java Heap above 4GB virtual address.
# This output file may be truncated or incomplete.
#
#  Out of Memory Error (./src/hotspot/share/memory/arena.cpp:81), pid=8844, tid=28736
#
# JRE version: OpenJDK Runtime Environment Microsoft-7208460 (11.0.18+10) (build 11.0.18+10-LTS)
# Java VM: OpenJDK 64-Bit Server VM Microsoft-7208460 (11.0.18+10-LTS, mixed mode, tiered, compressed oops, g1 gc, windows-amd64)
# No core dump will be written. Minidumps are not enabled by default on client versions of Windows
#

---------------  S U M M A R Y ------------

Command Line: -XX:MaxMetaspaceSize=512m --add-opens=java.base/java.util=ALL-UNNAMED --add-opens=java.base/java.lang=ALL-UNNAMED --add-opens=java.base/java.lang.invoke=ALL-UNNAMED --add-opens=java.prefs/java.util.prefs=ALL-UNNAMED --add-opens=java.base/java.nio.charset=ALL-UNNAMED --add-opens=java.base/java.net=ALL-UNNAMED --add-opens=java.base/java.util.concurrent.atomic=ALL-UNNAMED -Xmx2048m -Dfile.encoding=windows-1252 -Duser.country=IN -Duser.language=en -Duser.variant org.gradle.launcher.daemon.bootstrap.GradleDaemon 8.0.1

Host: AMD Ryzen 5 3550H with Radeon Vega Mobile Gfx  , 8 cores, 5G,  Windows 11 , 64 bit Build 22621 (10.0.22621.2361)
Time: Fri Sep 29 10:24:53 2023 India Standard Time elapsed time: 179.264956 seconds (0d 0h 2m 59s)

---------------  T H R E A D  ---------------

Current thread (0x00000260331ba000):  JavaThread "C1 CompilerThread0" daemon [_thread_in_native, id=28736, stack(0x000000d3c4b00000,0x000000d3c4c00000)]


Current CompileTask:
C1: 179265 7270       3       org.gradle.internal.reflect.annotations.impl.DefaultTypeAnnotationMetadataStore$PropertyAnnotationMetadataBuilder::resolveAnnotations (253 bytes)

Stack: [0x000000d3c4b00000,0x000000d3c4c00000]
Native frames: (J=compiled Java code, j=interpreted, Vv=VM code, C=native code)
V  [jvm.dll+0x62bf8a]
V  [jvm.dll+0x7b8fb9]
V  [jvm.dll+0x7ba6a8]
V  [jvm.dll+0x7bad83]
V  [jvm.dll+0x250248]
V  [jvm.dll+0xc286b]
V  [jvm.dll+0xc2bcc]
V  [jvm.dll+0x112fe6]
V  [jvm.dll+0x16f97d]
V  [jvm.dll+0x170693]
V  [jvm.dll+0x12ae95]
V  [jvm.dll+0x12a70f]
V  [jvm.dll+0x12a93f]
V  [jvm.dll+0x129be4]
V  [jvm.dll+0x12baf7]
V  [jvm.dll+0x217eec]
V  [jvm.dll+0x21612b]
V  [jvm.dll+0x77bac0]
V  [jvm.dll+0x7749f4]
V  [jvm.dll+0x62adf5]
C  [ucrtbase.dll+0x29363]
C  [KERNEL32.DLL+0x1257d]
C  [ntdll.dll+0x5aa78]


---------------  P R O C E S S  ---------------

Threads class SMR info:
_java_thread_list=0x0000026037b370f0, length=72, elements={
0x000002601378d800, 0x000002603284b000, 0x0000026032854800, 0x00000260328a8800,
0x00000260328ab800, 0x00000260331b0800, 0x00000260331b4000, 0x00000260331ba000,
0x00000260331ee800, 0x0000026033327800, 0x0000026034449800, 0x00000260343da000,
0x00000260345b7800, 0x0000026033f07800, 0x0000026033c6c800, 0x00000260342d6800,
0x0000026034b6b800, 0x00000260342e8000, 0x0000026034002800, 0x0000026033293800,
0x0000026033295000, 0x0000026033297800, 0x0000026033299000, 0x0000026033296000,
0x000002603329a000, 0x0000026033297000, 0x0000026033298800, 0x0000026033294800,
0x00000260360d6800, 0x00000260360d4800, 0x00000260360d4000, 0x00000260360d7000,
0x00000260360dd000, 0x00000260360dd800, 0x00000260360de800, 0x00000260360d9800,
0x00000260360d9000, 0x00000260360df800, 0x00000260360e0000, 0x00000260360da800,
0x00000260360e1000, 0x00000260360db800, 0x0000026037386000, 0x0000026037383800,
0x0000026037385000, 0x0000026037384800, 0x0000026037387000, 0x0000026037381000,
0x0000026037387800, 0x0000026037382000, 0x0000026037388800, 0x0000026037383000,
0x000002603738b000, 0x0000026037389800, 0x0000026037390000, 0x000002603738a000,
0x000002603738b800, 0x000002603738e000, 0x000002603738d800, 0x000002603738f000,
0x000002603738c800, 0x000002603967f000, 0x0000026039679800, 0x000002603967b800,
0x000002603967e000, 0x0000026039680000, 0x000002603967a000, 0x000002603967c800,
0x000002603967d800, 0x0000026039680800, 0x0000026039681800, 0x0000026039682800
}

Java Threads: ( => current thread )
  0x000002601378d800 JavaThread "main" [_thread_blocked, id=24936, stack(0x000000d3c3d00000,0x000000d3c3e00000)]
  0x000002603284b000 JavaThread "Reference Handler" daemon [_thread_blocked, id=18264, stack(0x000000d3c4500000,0x000000d3c4600000)]
  0x0000026032854800 JavaThread "Finalizer" daemon [_thread_blocked, id=12188, stack(0x000000d3c4600000,0x000000d3c4700000)]
  0x00000260328a8800 JavaThread "Signal Dispatcher" daemon [_thread_blocked, id=18956, stack(0x000000d3c4700000,0x000000d3c4800000)]
  0x00000260328ab800 JavaThread "Attach Listener" daemon [_thread_blocked, id=9916, stack(0x000000d3c4800000,0x000000d3c4900000)]
  0x00000260331b0800 JavaThread "Service Thread" daemon [_thread_blocked, id=19676, stack(0x000000d3c4900000,0x000000d3c4a00000)]
  0x00000260331b4000 JavaThread "C2 CompilerThread0" daemon [_thread_in_native, id=28716, stack(0x000000d3c4a00000,0x000000d3c4b00000)]
=>0x00000260331ba000 JavaThread "C1 CompilerThread0" daemon [_thread_in_native, id=28736, stack(0x000000d3c4b00000,0x000000d3c4c00000)]
  0x00000260331ee800 JavaThread "Sweeper thread" daemon [_thread_blocked, id=13028, stack(0x000000d3c4c00000,0x000000d3c4d00000)]
  0x0000026033327800 JavaThread "Common-Cleaner" daemon [_thread_blocked, id=26248, stack(0x000000d3c4d00000,0x000000d3c4e00000)]
  0x0000026034449800 JavaThread "Daemon health stats" [_thread_blocked, id=23656, stack(0x000000d3c5000000,0x000000d3c5100000)]
  0x00000260343da000 JavaThread "Incoming local TCP Connector on port 64785" [_thread_in_native, id=29884, stack(0x000000d3c5300000,0x000000d3c5400000)]
  0x00000260345b7800 JavaThread "Daemon periodic checks" [_thread_blocked, id=31692, stack(0x000000d3c5800000,0x000000d3c5900000)]
  0x0000026033f07800 JavaThread "Daemon" [_thread_blocked, id=6184, stack(0x000000d3c3c00000,0x000000d3c3d00000)]
  0x0000026033c6c800 JavaThread "Handler for socket connection from /127.0.0.1:64785 to /127.0.0.1:64788" [_thread_in_native, id=26644, stack(0x000000d3c3e00000,0x000000d3c3f00000)]
  0x00000260342d6800 JavaThread "Cancel handler" [_thread_blocked, id=15216, stack(0x000000d3c5900000,0x000000d3c5a00000)]
  0x0000026034b6b800 JavaThread "Daemon worker" [_thread_in_native, id=25828, stack(0x000000d3c5a00000,0x000000d3c5b00000)]
  0x00000260342e8000 JavaThread "Asynchronous log dispatcher for DefaultDaemonConnection: socket connection from /127.0.0.1:64785 to /127.0.0.1:64788" [_thread_blocked, id=31348, stack(0x000000d3c5b00000,0x000000d3c5c00000)]
  0x0000026034002800 JavaThread "Daemon client event forwarder" [_thread_blocked, id=27220, stack(0x000000d3c5d00000,0x000000d3c5e00000)]
  0x0000026033293800 JavaThread "Cache worker for journal cache (C:\Users\Sahil Rawat\.gradle\caches\journal-1)" [_thread_blocked, id=28712, stack(0x000000d3c5e00000,0x000000d3c5f00000)]
  0x0000026033295000 JavaThread "File lock request listener" [_thread_in_native, id=30244, stack(0x000000d3c6200000,0x000000d3c6300000)]
  0x0000026033297800 JavaThread "Cache worker for file hash cache (C:\Users\Sahil Rawat\.gradle\caches\8.0.1\fileHashes)" [_thread_blocked, id=30148, stack(0x000000d3c6300000,0x000000d3c6400000)]
  0x0000026033299000 JavaThread "File watcher server" daemon [_thread_in_native, id=34480, stack(0x000000d3c6400000,0x000000d3c6500000)]
  0x0000026033296000 JavaThread "File watcher consumer" daemon [_thread_blocked, id=34484, stack(0x000000d3c6500000,0x000000d3c6600000)]
  0x000002603329a000 JavaThread "Cache worker for checksums cache (D:\Assignment_Five_SignInPage\android\.gradle\8.0.1\checksums)" [_thread_blocked, id=34508, stack(0x000000d3c6600000,0x000000d3c6700000)]
  0x0000026033297000 JavaThread "Cache worker for cache directory md-rule (C:\Users\Sahil Rawat\.gradle\caches\8.0.1\md-rule)" [_thread_blocked, id=34580, stack(0x000000d3c6700000,0x000000d3c6800000)]
  0x0000026033298800 JavaThread "Cache worker for file content cache (C:\Users\Sahil Rawat\.gradle\caches\8.0.1\fileContent)" [_thread_blocked, id=34628, stack(0x000000d3c6800000,0x000000d3c6900000)]
  0x0000026033294800 JavaThread "Cache worker for file hash cache (D:\Assignment_Five_SignInPage\android\.gradle\8.0.1\fileHashes)" [_thread_blocked, id=34792, stack(0x000000d3c6900000,0x000000d3c6a00000)]
  0x00000260360d6800 JavaThread "Cache worker for cache directory md-supplier (C:\Users\Sahil Rawat\.gradle\caches\8.0.1\md-supplier)" [_thread_blocked, id=18284, stack(0x000000d3c6a00000,0x000000d3c6b00000)]
  0x00000260360d4800 JavaThread "Cache worker for execution history cache (C:\Users\Sahil Rawat\.gradle\caches\8.0.1\executionHistory)" [_thread_blocked, id=29736, stack(0x000000d3c6b00000,0x000000d3c6c00000)]
  0x00000260360d4000 JavaThread "jar transforms" [_thread_blocked, id=3420, stack(0x000000d3c6c00000,0x000000d3c6d00000)]
  0x00000260360d7000 JavaThread "jar transforms Thread 2" [_thread_blocked, id=13596, stack(0x000000d3c6d00000,0x000000d3c6e00000)]
  0x00000260360dd000 JavaThread "jar transforms Thread 3" [_thread_blocked, id=11016, stack(0x000000d3c6e00000,0x000000d3c6f00000)]
  0x00000260360dd800 JavaThread "jar transforms Thread 4" [_thread_blocked, id=21900, stack(0x000000d3c6f00000,0x000000d3c7000000)]
  0x00000260360de800 JavaThread "File lock release action executor" [_thread_blocked, id=5756, stack(0x000000d3c5100000,0x000000d3c5200000)]
  0x00000260360d9800 JavaThread "Cache worker for kotlin-dsl (C:\Users\Sahil Rawat\.gradle\caches\8.0.1\kotlin-dsl)" [_thread_blocked, id=21724, stack(0x000000d3c7000000,0x000000d3c7100000)]
  0x00000260360d9000 JavaThread "jar transforms Thread 5" [_thread_blocked, id=32104, stack(0x000000d3c5c00000,0x000000d3c5d00000)]
  0x00000260360df800 JavaThread "jar transforms Thread 6" [_thread_blocked, id=33468, stack(0x000000d3c7100000,0x000000d3c7200000)]
  0x00000260360e0000 JavaThread "Cache worker for dependencies-accessors (D:\Assignment_Five_SignInPage\android\.gradle\8.0.1\dependencies-accessors)" [_thread_blocked, id=28140, stack(0x000000d3c7200000,0x000000d3c7300000)]
  0x00000260360da800 JavaThread "Cache worker for Build Output Cleanup Cache (D:\Assignment_Five_SignInPage\node_modules\@react-native\gradle-plugin\.gradle\buildOutputCleanup)" [_thread_blocked, id=12804, stack(0x000000d3c7300000,0x000000d3c7400000)]
  0x00000260360e1000 JavaThread "jar transforms Thread 7" [_thread_blocked, id=13776, stack(0x000000d3c7400000,0x000000d3c7500000)]
  0x00000260360db800 JavaThread "File lock release action executor Thread 2" [_thread_blocked, id=31464, stack(0x000000d3c7500000,0x000000d3c7600000)]
  0x0000026037386000 JavaThread "Unconstrained build operations" [_thread_blocked, id=22744, stack(0x000000d3c7700000,0x000000d3c7800000)]
  0x0000026037383800 JavaThread "Unconstrained build operations Thread 2" [_thread_blocked, id=27712, stack(0x000000d3c7800000,0x000000d3c7900000)]
  0x0000026037385000 JavaThread "Unconstrained build operations Thread 3" [_thread_blocked, id=24960, stack(0x000000d3c7900000,0x000000d3c7a00000)]
  0x0000026037384800 JavaThread "Unconstrained build operations Thread 4" [_thread_blocked, id=33712, stack(0x000000d3c7a00000,0x000000d3c7b00000)]
  0x0000026037387000 JavaThread "Unconstrained build operations Thread 5" [_thread_blocked, id=30748, stack(0x000000d3c7b00000,0x000000d3c7c00000)]
  0x0000026037381000 JavaThread "Unconstrained build operations Thread 6" [_thread_blocked, id=15364, stack(0x000000d3c7c00000,0x000000d3c7d00000)]
  0x0000026037387800 JavaThread "Unconstrained build operations Thread 7" [_thread_blocked, id=29772, stack(0x000000d3c7d00000,0x000000d3c7e00000)]
  0x0000026037382000 JavaThread "Unconstrained build operations Thread 8" [_thread_blocked, id=32272, stack(0x000000d3c7e00000,0x000000d3c7f00000)]
  0x0000026037388800 JavaThread "Unconstrained build operations Thread 9" [_thread_blocked, id=17956, stack(0x000000d3c7f00000,0x000000d3c8000000)]
  0x0000026037383000 JavaThread "Unconstrained build operations Thread 10" [_thread_blocked, id=33152, stack(0x000000d3c8000000,0x000000d3c8100000)]
  0x000002603738b000 JavaThread "Unconstrained build operations Thread 11" [_thread_blocked, id=32968, stack(0x000000d3c8100000,0x000000d3c8200000)]
  0x0000026037389800 JavaThread "Unconstrained build operations Thread 12" [_thread_blocked, id=24832, stack(0x000000d3c8200000,0x000000d3c8300000)]
  0x0000026037390000 JavaThread "Unconstrained build operations Thread 13" [_thread_blocked, id=15808, stack(0x000000d3c8300000,0x000000d3c8400000)]
  0x000002603738a000 JavaThread "Unconstrained build operations Thread 14" [_thread_blocked, id=32908, stack(0x000000d3c8400000,0x000000d3c8500000)]
  0x000002603738b800 JavaThread "Unconstrained build operations Thread 15" [_thread_blocked, id=11276, stack(0x000000d3c8500000,0x000000d3c8600000)]
  0x000002603738e000 JavaThread "Unconstrained build operations Thread 16" [_thread_blocked, id=10172, stack(0x000000d3c8600000,0x000000d3c8700000)]
  0x000002603738d800 JavaThread "Unconstrained build operations Thread 17" [_thread_blocked, id=6844, stack(0x000000d3c8700000,0x000000d3c8800000)]
  0x000002603738f000 JavaThread "Unconstrained build operations Thread 18" [_thread_blocked, id=19596, stack(0x000000d3c8800000,0x000000d3c8900000)]
  0x000002603738c800 JavaThread "Unconstrained build operations Thread 19" [_thread_blocked, id=18728, stack(0x000000d3c8900000,0x000000d3c8a00000)]
  0x000002603967f000 JavaThread "Unconstrained build operations Thread 20" [_thread_blocked, id=33392, stack(0x000000d3c8a00000,0x000000d3c8b00000)]
  0x0000026039679800 JavaThread "Unconstrained build operations Thread 21" [_thread_blocked, id=33336, stack(0x000000d3c8b00000,0x000000d3c8c00000)]
  0x000002603967b800 JavaThread "Unconstrained build operations Thread 22" [_thread_blocked, id=23472, stack(0x000000d3c8c00000,0x000000d3c8d00000)]
  0x000002603967e000 JavaThread "Unconstrained build operations Thread 23" [_thread_blocked, id=9536, stack(0x000000d3c8d00000,0x000000d3c8e00000)]
  0x0000026039680000 JavaThread "Unconstrained build operations Thread 24" [_thread_blocked, id=2660, stack(0x000000d3c8e00000,0x000000d3c8f00000)]
  0x000002603967a000 JavaThread "Unconstrained build operations Thread 25" [_thread_blocked, id=27512, stack(0x000000d3c8f00000,0x000000d3c9000000)]
  0x000002603967c800 JavaThread "Unconstrained build operations Thread 26" [_thread_blocked, id=17116, stack(0x000000d3c9000000,0x000000d3c9100000)]
  0x000002603967d800 JavaThread "File lock release action executor Thread 3" [_thread_blocked, id=28256, stack(0x000000d3c7600000,0x000000d3c7700000)]
  0x0000026039680800 JavaThread "jar transforms Thread 8" [_thread_blocked, id=26768, stack(0x000000d3c9100000,0x000000d3c9200000)]
  0x0000026039681800 JavaThread "Memory manager" [_thread_blocked, id=20348, stack(0x000000d3c9200000,0x000000d3c9300000)]
  0x0000026039682800 JavaThread "Cache worker for Build Output Cleanup Cache (D:\Assignment_Five_SignInPage\android\.gradle\buildOutputCleanup)" [_thread_blocked, id=32664, stack(0x000000d3c9300000,0x000000d3c9400000)]

Other Threads:
  0x0000026032846800 VMThread "VM Thread" [stack: 0x000000d3c4400000,0x000000d3c4500000] [id=9356]
  0x000002603333b800 WatcherThread [stack: 0x000000d3c4e00000,0x000000d3c4f00000] [id=22804]
  0x00000260137a7000 GCTaskThread "GC Thread#0" [stack: 0x000000d3c3f00000,0x000000d3c4000000] [id=9956]
  0x0000026033f37800 GCTaskThread "GC Thread#1" [stack: 0x000000d3c4f00000,0x000000d3c5000000] [id=26512]
  0x0000026034892800 GCTaskThread "GC Thread#2" [stack: 0x000000d3c5400000,0x000000d3c5500000] [id=17592]
  0x00000260343a5800 GCTaskThread "GC Thread#3" [stack: 0x000000d3c5500000,0x000000d3c5600000] [id=25824]
  0x0000026033e45000 GCTaskThread "GC Thread#4" [stack: 0x000000d3c5600000,0x000000d3c5700000] [id=1500]
  0x00000260348f4000 GCTaskThread "GC Thread#5" [stack: 0x000000d3c5700000,0x000000d3c5800000] [id=14520]
  0x00000260348e5000 GCTaskThread "GC Thread#6" [stack: 0x000000d3c5f00000,0x000000d3c6000000] [id=21208]
  0x0000026034467800 GCTaskThread "GC Thread#7" [stack: 0x000000d3c6000000,0x000000d3c6100000] [id=31544]
  0x00000260137d7800 ConcurrentGCThread "G1 Main Marker" [stack: 0x000000d3c4000000,0x000000d3c4100000] [id=14608]
  0x00000260137da000 ConcurrentGCThread "G1 Conc#0" [stack: 0x000000d3c4100000,0x000000d3c4200000] [id=22680]
  0x0000026034cee000 ConcurrentGCThread "G1 Conc#1" [stack: 0x000000d3c6100000,0x000000d3c6200000] [id=29504]
  0x00000260326c0800 ConcurrentGCThread "G1 Refine#0" [stack: 0x000000d3c4200000,0x000000d3c4300000] [id=22640]
  0x00000260326c1000 ConcurrentGCThread "G1 Young RemSet Sampling" [stack: 0x000000d3c4300000,0x000000d3c4400000] [id=14124]

Threads with active compile tasks:
C2 CompilerThread0   179329 7245       4       org.gradle.internal.serialize.kryo.StringDeduplicatingKryoBackedEncoder::writeNullableString (114 bytes)
C1 CompilerThread0   179330 7270       3       org.gradle.internal.reflect.annotations.impl.DefaultTypeAnnotationMetadataStore$PropertyAnnotationMetadataBuilder::resolveAnnotations (253 bytes)

VM state:not at safepoint (normal execution)

VM Mutex/Monitor currently owned by a thread: None

Heap address: 0x0000000080000000, size: 2048 MB, Compressed Oops mode: 32-bit
Narrow klass base: 0x0000000000000000, Narrow klass shift: 3
Compressed class space size: 528482304 Address: 0x0000000100000000

Heap:
 garbage-first heap   total 98304K, used 80453K [0x0000000080000000, 0x0000000100000000)
  region size 1024K, 30 young (30720K), 3 survivors (3072K)
 Metaspace       used 69178K, capacity 71256K, committed 71376K, reserved 579584K
  class space    used 8990K, capacity 9838K, committed 9856K, reserved 516096K
Heap Regions: E=young(eden), S=young(survivor), O=old, HS=humongous(starts), HC=humongous(continues), CS=collection set, F=free, A=archive, TAMS=top-at-mark-start (previous, next)
|   0|0x0000000080000000, 0x0000000080100000, 0x0000000080100000|100%|HS|  |TAMS 0x0000000080100000, 0x0000000080000000| Complete 
|   1|0x0000000080100000, 0x0000000080200000, 0x0000000080200000|100%|HC|  |TAMS 0x0000000080200000, 0x0000000080100000| Complete 
|   2|0x0000000080200000, 0x0000000080300000, 0x0000000080300000|100%|HC|  |TAMS 0x0000000080300000, 0x0000000080200000| Complete 
|   3|0x0000000080300000, 0x0000000080400000, 0x0000000080400000|100%|HC|  |TAMS 0x0000000080400000, 0x0000000080300000| Complete 
|   4|0x0000000080400000, 0x0000000080500000, 0x0000000080500000|100%| O|  |TAMS 0x0000000080500000, 0x0000000080400000| Untracked 
|   5|0x0000000080500000, 0x0000000080600000, 0x0000000080600000|100%| O|  |TAMS 0x0000000080600000, 0x0000000080500000| Untracked 
|   6|0x0000000080600000, 0x0000000080700000, 0x0000000080700000|100%| O|  |TAMS 0x0000000080700000, 0x0000000080600000| Untracked 
|   7|0x0000000080700000, 0x0000000080800000, 0x0000000080800000|100%| O|  |TAMS 0x0000000080800000, 0x0000000080700000| Untracked 
|   8|0x0000000080800000, 0x0000000080900000, 0x0000000080900000|100%| O|  |TAMS 0x0000000080900000, 0x0000000080800000| Untracked 
|   9|0x0000000080900000, 0x0000000080a00000, 0x0000000080a00000|100%| O|  |TAMS 0x0000000080a00000, 0x0000000080900000| Untracked 
|  10|0x0000000080a00000, 0x0000000080b00000, 0x0000000080b00000|100%| O|  |TAMS 0x0000000080b00000, 0x0000000080a00000| Untracked 
|  11|0x0000000080b00000, 0x0000000080c00000, 0x0000000080c00000|100%| O|  |TAMS 0x0000000080c00000, 0x0000000080b00000| Untracked 
|  12|0x0000000080c00000, 0x0000000080d00000, 0x0000000080d00000|100%| O|  |TAMS 0x0000000080d00000, 0x0000000080c00000| Untracked 
|  13|0x0000000080d00000, 0x0000000080e00000, 0x0000000080e00000|100%| O|  |TAMS 0x0000000080e00000, 0x0000000080d00000| Untracked 
|  14|0x0000000080e00000, 0x0000000080f00000, 0x0000000080f00000|100%| O|  |TAMS 0x0000000080f00000, 0x0000000080e00000| Untracked 
|  15|0x0000000080f00000, 0x0000000081000000, 0x0000000081000000|100%| O|  |TAMS 0x0000000081000000, 0x0000000080f00000| Untracked 
|  16|0x0000000081000000, 0x0000000081100000, 0x0000000081100000|100%| O|  |TAMS 0x0000000081100000, 0x0000000081000000| Untracked 
|  17|0x0000000081100000, 0x0000000081200000, 0x0000000081200000|100%| O|  |TAMS 0x0000000081200000, 0x0000000081100000| Untracked 
|  18|0x0000000081200000, 0x0000000081300000, 0x0000000081300000|100%| O|  |TAMS 0x0000000081300000, 0x0000000081200000| Untracked 
|  19|0x0000000081300000, 0x0000000081400000, 0x0000000081400000|100%| O|  |TAMS 0x0000000081400000, 0x0000000081300000| Untracked 
|  20|0x0000000081400000, 0x0000000081500000, 0x0000000081500000|100%| O|  |TAMS 0x0000000081500000, 0x0000000081400000| Untracked 
|  21|0x0000000081500000, 0x0000000081600000, 0x0000000081600000|100%| O|  |TAMS 0x0000000081600000, 0x0000000081500000| Untracked 
|  22|0x0000000081600000, 0x0000000081700000, 0x0000000081700000|100%| O|  |TAMS 0x0000000081700000, 0x0000000081600000| Untracked 
|  23|0x0000000081700000, 0x0000000081800000, 0x0000000081800000|100%| O|  |TAMS 0x0000000081800000, 0x0000000081700000| Untracked 
|  24|0x0000000081800000, 0x0000000081900000, 0x0000000081900000|100%| O|  |TAMS 0x0000000081900000, 0x0000000081800000| Untracked 
|  25|0x0000000081900000, 0x0000000081a00000, 0x0000000081a00000|100%| O|  |TAMS 0x0000000081a00000, 0x0000000081900000| Untracked 
|  26|0x0000000081a00000, 0x0000000081b00000, 0x0000000081b00000|100%| O|  |TAMS 0x0000000081b00000, 0x0000000081a00000| Untracked 
|  27|0x0000000081b00000, 0x0000000081c00000, 0x0000000081c00000|100%| O|  |TAMS 0x0000000081c00000, 0x0000000081b00000| Untracked 
|  28|0x0000000081c00000, 0x0000000081d00000, 0x0000000081d00000|100%| O|  |TAMS 0x0000000081d00000, 0x0000000081c00000| Untracked 
|  29|0x0000000081d00000, 0x0000000081e00000, 0x0000000081e00000|100%| O|  |TAMS 0x0000000081e00000, 0x0000000081d00000| Untracked 
|  30|0x0000000081e00000, 0x0000000081f00000, 0x0000000081f00000|100%| O|  |TAMS 0x0000000081f00000, 0x0000000081e00000| Untracked 
|  31|0x0000000081f00000, 0x0000000082000000, 0x0000000082000000|100%| O|  |TAMS 0x0000000082000000, 0x0000000081f00000| Untracked 
|  32|0x0000000082000000, 0x0000000082100000, 0x0000000082100000|100%| O|  |TAMS 0x0000000082100000, 0x0000000082000000| Untracked 
|  33|0x0000000082100000, 0x0000000082200000, 0x0000000082200000|100%|HS|  |TAMS 0x0000000082200000, 0x0000000082100000| Complete 
|  34|0x0000000082200000, 0x0000000082300000, 0x0000000082300000|100%|HC|  |TAMS 0x0000000082300000, 0x0000000082200000| Complete 
|  35|0x0000000082300000, 0x0000000082400000, 0x0000000082400000|100%|HS|  |TAMS 0x0000000082400000, 0x0000000082300000| Complete 
|  36|0x0000000082400000, 0x0000000082500000, 0x0000000082500000|100%|HC|  |TAMS 0x0000000082500000, 0x0000000082400000| Complete 
|  37|0x0000000082500000, 0x0000000082600000, 0x0000000082600000|100%|HC|  |TAMS 0x0000000082600000, 0x0000000082500000| Complete 
|  38|0x0000000082600000, 0x0000000082700000, 0x0000000082700000|100%|HC|  |TAMS 0x0000000082700000, 0x0000000082600000| Complete 
|  39|0x0000000082700000, 0x0000000082800000, 0x0000000082800000|100%| O|  |TAMS 0x0000000082800000, 0x0000000082700000| Untracked 
|  40|0x0000000082800000, 0x0000000082900000, 0x0000000082900000|100%| O|  |TAMS 0x0000000082900000, 0x0000000082800000| Untracked 
|  41|0x0000000082900000, 0x0000000082a00000, 0x0000000082a00000|100%| O|  |TAMS 0x0000000082a00000, 0x0000000082900000| Untracked 
|  42|0x0000000082a00000, 0x0000000082b00000, 0x0000000082b00000|100%| O|  |TAMS 0x0000000082b00000, 0x0000000082a00000| Untracked 
|  43|0x0000000082b00000, 0x0000000082c00000, 0x0000000082c00000|100%| O|  |TAMS 0x0000000082c00000, 0x0000000082b00000| Untracked 
|  44|0x0000000082c00000, 0x0000000082d00000, 0x0000000082d00000|100%| O|  |TAMS 0x0000000082d00000, 0x0000000082c00000| Untracked 
|  45|0x0000000082d00000, 0x0000000082e00000, 0x0000000082e00000|100%| O|  |TAMS 0x0000000082e00000, 0x0000000082d00000| Untracked 
|  46|0x0000000082e00000, 0x0000000082f00000, 0x0000000082f00000|100%| O|  |TAMS 0x0000000082f00000, 0x0000000082e00000| Untracked 
|  47|0x0000000082f00000, 0x0000000083000000, 0x0000000083000000|100%| O|  |TAMS 0x0000000083000000, 0x0000000082f00000| Untracked 
|  48|0x0000000083000000, 0x0000000083100000, 0x0000000083100000|100%| O|  |TAMS 0x0000000083100000, 0x0000000083000000| Untracked 
|  49|0x0000000083100000, 0x00000000831bfc00, 0x0000000083200000| 74%| O|  |TAMS 0x00000000831bfc00, 0x0000000083100000| Untracked 
|  50|0x0000000083200000, 0x0000000083200000, 0x0000000083300000|  0%| F|  |TAMS 0x0000000083200000, 0x0000000083200000| Untracked 
|  51|0x0000000083300000, 0x0000000083300000, 0x0000000083400000|  0%| F|  |TAMS 0x0000000083300000, 0x0000000083300000| Untracked 
|  52|0x0000000083400000, 0x0000000083400000, 0x0000000083500000|  0%| F|  |TAMS 0x0000000083400000, 0x0000000083400000| Untracked 
|  53|0x0000000083500000, 0x0000000083500000, 0x0000000083600000|  0%| F|  |TAMS 0x0000000083500000, 0x0000000083500000| Untracked 
|  54|0x0000000083600000, 0x0000000083600000, 0x0000000083700000|  0%| F|  |TAMS 0x0000000083600000, 0x0000000083600000| Untracked 
|  55|0x0000000083700000, 0x0000000083700000, 0x0000000083800000|  0%| F|  |TAMS 0x0000000083700000, 0x0000000083700000| Untracked 
|  56|0x0000000083800000, 0x0000000083800000, 0x0000000083900000|  0%| F|  |TAMS 0x0000000083800000, 0x0000000083800000| Untracked 
|  57|0x0000000083900000, 0x0000000083900000, 0x0000000083a00000|  0%| F|  |TAMS 0x0000000083900000, 0x0000000083900000| Untracked 
|  58|0x0000000083a00000, 0x0000000083a00000, 0x0000000083b00000|  0%| F|  |TAMS 0x0000000083a00000, 0x0000000083a00000| Untracked 
|  59|0x0000000083b00000, 0x0000000083b00000, 0x0000000083c00000|  0%| F|  |TAMS 0x0000000083b00000, 0x0000000083b00000| Untracked 
|  60|0x0000000083c00000, 0x0000000083c00000, 0x0000000083d00000|  0%| F|  |TAMS 0x0000000083c00000, 0x0000000083c00000| Untracked 
|  61|0x0000000083d00000, 0x0000000083d00000, 0x0000000083e00000|  0%| F|  |TAMS 0x0000000083d00000, 0x0000000083d00000| Untracked 
|  62|0x0000000083e00000, 0x0000000083e00000, 0x0000000083f00000|  0%| F|  |TAMS 0x0000000083e00000, 0x0000000083e00000| Untracked 
|  63|0x0000000083f00000, 0x0000000083fd1b90, 0x0000000084000000| 81%| S|CS|TAMS 0x0000000083f00000, 0x0000000083f00000| Complete 
|  64|0x0000000084000000, 0x0000000084100000, 0x0000000084100000|100%| S|CS|TAMS 0x0000000084000000, 0x0000000084000000| Complete 
|  65|0x0000000084100000, 0x0000000084200000, 0x0000000084200000|100%| S|CS|TAMS 0x0000000084100000, 0x0000000084100000| Complete 
|  66|0x0000000084200000, 0x0000000084200000, 0x0000000084300000|  0%| F|  |TAMS 0x0000000084200000, 0x0000000084200000| Untracked 
|  67|0x0000000084300000, 0x0000000084300000, 0x0000000084400000|  0%| F|  |TAMS 0x0000000084300000, 0x0000000084300000| Untracked 
|  68|0x0000000084400000, 0x0000000084400000, 0x0000000084500000|  0%| F|  |TAMS 0x0000000084400000, 0x0000000084400000| Untracked 
|  69|0x0000000084500000, 0x0000000084582010, 0x0000000084600000| 50%| E|  |TAMS 0x0000000084500000, 0x0000000084500000| Complete 
|  70|0x0000000084600000, 0x0000000084700000, 0x0000000084700000|100%| E|CS|TAMS 0x0000000084600000, 0x0000000084600000| Complete 
|  71|0x0000000084700000, 0x0000000084800000, 0x0000000084800000|100%| E|CS|TAMS 0x0000000084700000, 0x0000000084700000| Complete 
|  72|0x0000000084800000, 0x0000000084900000, 0x0000000084900000|100%| E|CS|TAMS 0x0000000084800000, 0x0000000084800000| Complete 
|  73|0x0000000084900000, 0x0000000084a00000, 0x0000000084a00000|100%| E|CS|TAMS 0x0000000084900000, 0x0000000084900000| Complete 
|  74|0x0000000084a00000, 0x0000000084b00000, 0x0000000084b00000|100%| E|CS|TAMS 0x0000000084a00000, 0x0000000084a00000| Complete 
|  75|0x0000000084b00000, 0x0000000084c00000, 0x0000000084c00000|100%| E|CS|TAMS 0x0000000084b00000, 0x0000000084b00000| Complete 
|  76|0x0000000084c00000, 0x0000000084d00000, 0x0000000084d00000|100%| E|CS|TAMS 0x0000000084c00000, 0x0000000084c00000| Complete 
|  77|0x0000000084d00000, 0x0000000084e00000, 0x0000000084e00000|100%| E|CS|TAMS 0x0000000084d00000, 0x0000000084d00000| Complete 
|  78|0x0000000084e00000, 0x0000000084f00000, 0x0000000084f00000|100%| E|CS|TAMS 0x0000000084e00000, 0x0000000084e00000| Complete 
|  79|0x0000000084f00000, 0x0000000085000000, 0x0000000085000000|100%| E|CS|TAMS 0x0000000084f00000, 0x0000000084f00000| Complete 
|  80|0x0000000085000000, 0x0000000085100000, 0x0000000085100000|100%| E|CS|TAMS 0x0000000085000000, 0x0000000085000000| Complete 
|  81|0x0000000085100000, 0x0000000085200000, 0x0000000085200000|100%| E|CS|TAMS 0x0000000085100000, 0x0000000085100000| Complete 
|  82|0x0000000085200000, 0x0000000085300000, 0x0000000085300000|100%| E|CS|TAMS 0x0000000085200000, 0x0000000085200000| Complete 
|  83|0x0000000085300000, 0x0000000085400000, 0x0000000085400000|100%| E|CS|TAMS 0x0000000085300000, 0x0000000085300000| Complete 
|  84|0x0000000085400000, 0x0000000085500000, 0x0000000085500000|100%| E|CS|TAMS 0x0000000085400000, 0x0000000085400000| Complete 
|  85|0x0000000085500000, 0x0000000085600000, 0x0000000085600000|100%| E|CS|TAMS 0x0000000085500000, 0x0000000085500000| Complete 
|  86|0x0000000085600000, 0x0000000085700000, 0x0000000085700000|100%| E|CS|TAMS 0x0000000085600000, 0x0000000085600000| Complete 
|  87|0x0000000085700000, 0x0000000085800000, 0x0000000085800000|100%| E|CS|TAMS 0x0000000085700000, 0x0000000085700000| Complete 
|  88|0x0000000085800000, 0x0000000085900000, 0x0000000085900000|100%| E|CS|TAMS 0x0000000085800000, 0x0000000085800000| Complete 
|  89|0x0000000085900000, 0x0000000085a00000, 0x0000000085a00000|100%| E|CS|TAMS 0x0000000085900000, 0x0000000085900000| Complete 
|  90|0x0000000085a00000, 0x0000000085b00000, 0x0000000085b00000|100%| E|CS|TAMS 0x0000000085a00000, 0x0000000085a00000| Complete 
|  91|0x0000000085b00000, 0x0000000085c00000, 0x0000000085c00000|100%| E|CS|TAMS 0x0000000085b00000, 0x0000000085b00000| Complete 
|  92|0x0000000085c00000, 0x0000000085d00000, 0x0000000085d00000|100%| E|CS|TAMS 0x0000000085c00000, 0x0000000085c00000| Complete 
|  93|0x0000000085d00000, 0x0000000085e00000, 0x0000000085e00000|100%| E|CS|TAMS 0x0000000085d00000, 0x0000000085d00000| Complete 
|  94|0x0000000085e00000, 0x0000000085f00000, 0x0000000085f00000|100%| E|CS|TAMS 0x0000000085e00000, 0x0000000085e00000| Complete 
|  95|0x0000000085f00000, 0x0000000086000000, 0x0000000086000000|100%| E|CS|TAMS 0x0000000085f00000, 0x0000000085f00000| Complete 

Card table byte_map: [0x000002602b630000,0x000002602ba30000] _byte_map_base: 0x000002602b230000

Marking Bits (Prev, Next): (CMBitMap*) 0x00000260137cead8, (CMBitMap*) 0x00000260137ceb10
 Prev Bits: [0x000002602be30000, 0x000002602de30000)
 Next Bits: [0x000002602de30000, 0x000002602fe30000)

Polling page: 0x00000260116e0000

Metaspace:

Usage:
  Non-class:     59.98 MB capacity,    58.78 MB ( 98%) used,  1008.30 KB (  2%) free+waste,   221.56 KB ( <1%) overhead. 
      Class:      9.61 MB capacity,     8.78 MB ( 91%) used,   740.72 KB (  8%) free+waste,   106.63 KB (  1%) overhead. 
       Both:     69.59 MB capacity,    67.56 MB ( 97%) used,     1.71 MB (  2%) free+waste,   328.19 KB ( <1%) overhead. 

Virtual space:
  Non-class space:       62.00 MB reserved,      60.08 MB ( 97%) committed 
      Class space:      504.00 MB reserved,       9.63 MB (  2%) committed 
             Both:      566.00 MB reserved,      69.70 MB ( 12%) committed 

Chunk freelists:
   Non-Class:  38.00 KB
       Class:  18.00 KB
        Both:  56.00 KB

MaxMetaspaceSize: 512.00 MB
CompressedClassSpaceSize: 504.00 MB
Initial GC threshold: 20.80 MB
Current GC threshold: 114.30 MB
CDS: off

CodeHeap 'non-profiled nmethods': size=120000Kb used=3976Kb max_used=3976Kb free=116023Kb
 bounds [0x00000260239d0000, 0x0000026023dc0000, 0x000002602af00000]
CodeHeap 'profiled nmethods': size=120000Kb used=14991Kb max_used=14991Kb free=105008Kb
 bounds [0x000002601c4a0000, 0x000002601d350000, 0x00000260239d0000]
CodeHeap 'non-nmethods': size=5760Kb used=2345Kb max_used=2394Kb free=3414Kb
 bounds [0x000002601bf00000, 0x000002601c170000, 0x000002601c4a0000]
 total_blobs=8047 nmethods=7186 adapters=773
 compilation: enabled
              stopped_count=0, restarted_count=0
 full_count=0

Compilation events (20 events):
Event: 179.249 Thread 0x00000260331ba000 nmethod 7257 0x000002601d33df10 code [0x000002601d33e0c0, 0x000002601d33e278]
Event: 179.249 Thread 0x00000260331ba000 7259       3       org.gradle.internal.resolve.result.DefaultBuildableTypedResolveResult::hasResult (20 bytes)
Event: 179.250 Thread 0x00000260331ba000 nmethod 7259 0x000002601d33e310 code [0x000002601d33e4c0, 0x000002601d33e658]
Event: 179.250 Thread 0x00000260331ba000 7258       3       org.gradle.api.internal.artifacts.ivyservice.projectmodule.ProjectDependencyResolver::isProjectModule (5 bytes)
Event: 179.250 Thread 0x00000260331ba000 nmethod 7258 0x000002601d33e710 code [0x000002601d33e8c0, 0x000002601d33ead8]
Event: 179.250 Thread 0x00000260331ba000 7260       1       org.gradle.internal.component.model.DefaultCompatibilityCheckResult::getConsumerValue (5 bytes)
Event: 179.250 Thread 0x00000260331ba000 nmethod 7260 0x0000026023db1e10 code [0x0000026023db1fc0, 0x0000026023db2078]
Event: 179.250 Thread 0x00000260331ba000 7261       3       org.gradle.api.internal.AbstractTaskDependencyContainerVisitingContext::add (47 bytes)
Event: 179.251 Thread 0x00000260331ba000 nmethod 7261 0x000002601d33eb90 code [0x000002601d33eda0, 0x000002601d33f3a8]
Event: 179.251 Thread 0x00000260331ba000 7262       3       org.gradle.internal.reflect.annotations.impl.DefaultTypeAnnotationMetadataStore$PropertyAnnotationMetadataBuilder$$Lambda$896/0x000000010080e440::apply (13 bytes)
Event: 179.251 Thread 0x00000260331ba000 nmethod 7262 0x000002601d33f510 code [0x000002601d33f6e0, 0x000002601d33faa8]
Event: 179.251 Thread 0x00000260331ba000 7263       3       sun.reflect.annotation.AnnotationInvocationHandler::memberValueHashCode (137 bytes)
Event: 179.252 Thread 0x00000260331ba000 nmethod 7263 0x000002601d33fb90 code [0x000002601d33fe60, 0x000002601d340d28]
Event: 179.252 Thread 0x00000260331ba000 7264   !   3       com.sun.proxy.$Proxy36::hashCode (32 bytes)
Event: 179.253 Thread 0x00000260331ba000 nmethod 7264 0x000002601d340f90 code [0x000002601d341180, 0x000002601d341578]
Event: 179.253 Thread 0x00000260331ba000 7265       3       org.gradle.internal.reflect.annotations.impl.DefaultTypeAnnotationMetadataStore$PropertyAnnotationMetadataBuilder::inheritAnnotations (35 bytes)
Event: 179.254 Thread 0x00000260331ba000 nmethod 7265 0x000002601d341790 code [0x000002601d3419c0, 0x000002601d3421b8]
Event: 179.255 Thread 0x00000260331ba000 7272       3       org.gradle.internal.reflect.annotations.impl.DefaultPropertyAnnotationMetadata::collectAnnotationsByType (55 bytes)
Event: 179.256 Thread 0x00000260331ba000 nmethod 7272 0x000002601d342490 code [0x000002601d342780, 0x000002601d343978]
Event: 179.257 Thread 0x00000260331ba000 7270       3       org.gradle.internal.reflect.annotations.impl.DefaultTypeAnnotationMetadataStore$PropertyAnnotationMetadataBuilder::resolveAnnotations (253 bytes)

GC Heap History (20 events):
Event: 152.722 GC heap before
{Heap before GC invocations=14 (full 0):
 garbage-first heap   total 98304K, used 65562K [0x0000000080000000, 0x0000000100000000)
  region size 1024K, 37 young (37888K), 5 survivors (5120K)
 Metaspace       used 46685K, capacity 47968K, committed 48080K, reserved 559104K
  class space    used 5925K, capacity 6433K, committed 6528K, reserved 516096K
}
Event: 152.735 GC heap after
{Heap after GC invocations=15 (full 0):
 garbage-first heap   total 98304K, used 33771K [0x0000000080000000, 0x0000000100000000)
  region size 1024K, 3 young (3072K), 3 survivors (3072K)
 Metaspace       used 46685K, capacity 47968K, committed 48080K, reserved 559104K
  class space    used 5925K, capacity 6433K, committed 6528K, reserved 516096K
}
Event: 154.310 GC heap before
{Heap before GC invocations=15 (full 0):
 garbage-first heap   total 98304K, used 67563K [0x0000000080000000, 0x0000000100000000)
  region size 1024K, 36 young (36864K), 3 survivors (3072K)
 Metaspace       used 49359K, capacity 50788K, committed 51024K, reserved 561152K
  class space    used 6336K, capacity 6901K, committed 6912K, reserved 516096K
}
Event: 154.328 GC heap after
{Heap after GC invocations=16 (full 0):
 garbage-first heap   total 98304K, used 35101K [0x0000000080000000, 0x0000000100000000)
  region size 1024K, 3 young (3072K), 3 survivors (3072K)
 Metaspace       used 49359K, capacity 50788K, committed 51024K, reserved 561152K
  class space    used 6336K, capacity 6901K, committed 6912K, reserved 516096K
}
Event: 155.971 GC heap before
{Heap before GC invocations=16 (full 0):
 garbage-first heap   total 98304K, used 69917K [0x0000000080000000, 0x0000000100000000)
  region size 1024K, 37 young (37888K), 3 survivors (3072K)
 Metaspace       used 51655K, capacity 53131K, committed 53200K, reserved 563200K
  class space    used 6646K, capacity 7258K, committed 7296K, reserved 516096K
}
Event: 155.979 GC heap after
{Heap after GC invocations=17 (full 0):
 garbage-first heap   total 98304K, used 36100K [0x0000000080000000, 0x0000000100000000)
  region size 1024K, 3 young (3072K), 3 survivors (3072K)
 Metaspace       used 51655K, capacity 53131K, committed 53200K, reserved 563200K
  class space    used 6646K, capacity 7258K, committed 7296K, reserved 516096K
}
Event: 161.025 GC heap before
{Heap before GC invocations=17 (full 0):
 garbage-first heap   total 98304K, used 77060K [0x0000000080000000, 0x0000000100000000)
  region size 1024K, 38 young (38912K), 3 survivors (3072K)
 Metaspace       used 55597K, capacity 57133K, committed 57296K, reserved 567296K
  class space    used 7133K, capacity 7800K, committed 7808K, reserved 516096K
}
Event: 161.043 GC heap after
{Heap after GC invocations=18 (full 0):
 garbage-first heap   total 98304K, used 46110K [0x0000000080000000, 0x0000000100000000)
  region size 1024K, 5 young (5120K), 5 survivors (5120K)
 Metaspace       used 55597K, capacity 57133K, committed 57296K, reserved 567296K
  class space    used 7133K, capacity 7800K, committed 7808K, reserved 516096K
}
Event: 162.236 GC heap before
{Heap before GC invocations=18 (full 0):
 garbage-first heap   total 98304K, used 75806K [0x0000000080000000, 0x0000000100000000)
  region size 1024K, 34 young (34816K), 5 survivors (5120K)
 Metaspace       used 58054K, capacity 59769K, committed 59856K, reserved 569344K
  class space    used 7522K, capacity 8257K, committed 8320K, reserved 516096K
}
Event: 162.254 GC heap after
{Heap after GC invocations=19 (full 0):
 garbage-first heap   total 98304K, used 47394K [0x0000000080000000, 0x0000000100000000)
  region size 1024K, 2 young (2048K), 2 survivors (2048K)
 Metaspace       used 58054K, capacity 59769K, committed 59856K, reserved 569344K
  class space    used 7522K, capacity 8257K, committed 8320K, reserved 516096K
}
Event: 163.557 GC heap before
{Heap before GC invocations=19 (full 0):
 garbage-first heap   total 98304K, used 76066K [0x0000000080000000, 0x0000000100000000)
  region size 1024K, 30 young (30720K), 2 survivors (2048K)
 Metaspace       used 60378K, capacity 62247K, committed 62544K, reserved 571392K
  class space    used 7839K, capacity 8591K, committed 8704K, reserved 516096K
}
Event: 163.567 GC heap after
{Heap after GC invocations=20 (full 0):
 garbage-first heap   total 98304K, used 48571K [0x0000000080000000, 0x0000000100000000)
  region size 1024K, 3 young (3072K), 3 survivors (3072K)
 Metaspace       used 60378K, capacity 62247K, committed 62544K, reserved 571392K
  class space    used 7839K, capacity 8591K, committed 8704K, reserved 516096K
}
Event: 164.852 GC heap before
{Heap before GC invocations=21 (full 0):
 garbage-first heap   total 98304K, used 78267K [0x0000000080000000, 0x0000000100000000)
  region size 1024K, 32 young (32768K), 3 survivors (3072K)
 Metaspace       used 62574K, capacity 64449K, committed 64592K, reserved 573440K
  class space    used 8124K, capacity 8877K, committed 8960K, reserved 516096K
}
Event: 164.860 GC heap after
{Heap after GC invocations=22 (full 0):
 garbage-first heap   total 98304K, used 49537K [0x0000000080000000, 0x0000000100000000)
  region size 1024K, 3 young (3072K), 3 survivors (3072K)
 Metaspace       used 62574K, capacity 64449K, committed 64592K, reserved 573440K
  class space    used 8124K, capacity 8877K, committed 8960K, reserved 516096K
}
Event: 166.738 GC heap before
{Heap before GC invocations=22 (full 0):
 garbage-first heap   total 98304K, used 79233K [0x0000000080000000, 0x0000000100000000)
  region size 1024K, 32 young (32768K), 3 survivors (3072K)
 Metaspace       used 64479K, capacity 66322K, committed 66640K, reserved 575488K
  class space    used 8350K, capacity 9112K, committed 9216K, reserved 516096K
}
Event: 166.748 GC heap after
{Heap after GC invocations=23 (full 0):
 garbage-first heap   total 98304K, used 51956K [0x0000000080000000, 0x0000000100000000)
  region size 1024K, 4 young (4096K), 4 survivors (4096K)
 Metaspace       used 64479K, capacity 66322K, committed 66640K, reserved 575488K
  class space    used 8350K, capacity 9112K, committed 9216K, reserved 516096K
}
Event: 169.425 GC heap before
{Heap before GC invocations=24 (full 0):
 garbage-first heap   total 98304K, used 78580K [0x0000000080000000, 0x0000000100000000)
  region size 1024K, 31 young (31744K), 4 survivors (4096K)
 Metaspace       used 66637K, capacity 68473K, committed 68688K, reserved 575488K
  class space    used 8646K, capacity 9418K, committed 9472K, reserved 516096K
}
Event: 169.438 GC heap after
{Heap after GC invocations=25 (full 0):
 garbage-first heap   total 98304K, used 52039K [0x0000000080000000, 0x0000000100000000)
  region size 1024K, 2 young (2048K), 2 survivors (2048K)
 Metaspace       used 66637K, capacity 68473K, committed 68688K, reserved 575488K
  class space    used 8646K, capacity 9418K, committed 9472K, reserved 516096K
}
Event: 170.464 GC heap before
{Heap before GC invocations=25 (full 0):
 garbage-first heap   total 98304K, used 80711K [0x0000000080000000, 0x0000000100000000)
  region size 1024K, 30 young (30720K), 2 survivors (2048K)
 Metaspace       used 67794K, capacity 69831K, committed 69968K, reserved 577536K
  class space    used 8831K, capacity 9655K, committed 9728K, reserved 516096K
}
Event: 170.486 GC heap after
{Heap after GC invocations=26 (full 0):
 garbage-first heap   total 98304K, used 53829K [0x0000000080000000, 0x0000000100000000)
  region size 1024K, 3 young (3072K), 3 survivors (3072K)
 Metaspace       used 67794K, capacity 69831K, committed 69968K, reserved 577536K
  class space    used 8831K, capacity 9655K, committed 9728K, reserved 516096K
}

Deoptimization events (20 events):
Event: 171.968 Thread 0x0000026034b6b800 Uncommon trap: trap_request=0xffffffbe fr.pc=0x0000026023d52ea4 relative=0x0000000000000c24
Event: 171.968 Thread 0x0000026034b6b800 Uncommon trap: reason=profile_predicate action=maybe_recompile pc=0x0000026023d52ea4 method=java.util.TreeMap.getEntryUsingComparator(Ljava/lang/Object;)Ljava/util/TreeMap$Entry; @ 19 c2
Event: 171.968 Thread 0x0000026034b6b800 DEOPT PACKING pc=0x0000026023d52ea4 sp=0x000000d3c5af5d10
Event: 171.968 Thread 0x0000026034b6b800 DEOPT UNPACKING pc=0x000002601bf4a1af sp=0x000000d3c5af5c30 mode 2
Event: 171.968 Thread 0x0000026034b6b800 Uncommon trap: trap_request=0xffffffbe fr.pc=0x0000026023d52ea4 relative=0x0000000000000c24
Event: 171.968 Thread 0x0000026034b6b800 Uncommon trap: reason=profile_predicate action=maybe_recompile pc=0x0000026023d52ea4 method=java.util.TreeMap.getEntryUsingComparator(Ljava/lang/Object;)Ljava/util/TreeMap$Entry; @ 19 c2
Event: 171.968 Thread 0x0000026034b6b800 DEOPT PACKING pc=0x0000026023d52ea4 sp=0x000000d3c5af5d10
Event: 171.968 Thread 0x0000026034b6b800 DEOPT UNPACKING pc=0x000002601bf4a1af sp=0x000000d3c5af5c30 mode 2
Event: 171.969 Thread 0x0000026034b6b800 Uncommon trap: trap_request=0xffffffbe fr.pc=0x0000026023d52ea4 relative=0x0000000000000c24
Event: 171.969 Thread 0x0000026034b6b800 Uncommon trap: reason=profile_predicate action=maybe_recompile pc=0x0000026023d52ea4 method=java.util.TreeMap.getEntryUsingComparator(Ljava/lang/Object;)Ljava/util/TreeMap$Entry; @ 19 c2
Event: 171.969 Thread 0x0000026034b6b800 DEOPT PACKING pc=0x0000026023d52ea4 sp=0x000000d3c5af5d10
Event: 171.969 Thread 0x0000026034b6b800 DEOPT UNPACKING pc=0x000002601bf4a1af sp=0x000000d3c5af5c30 mode 2
Event: 171.992 Thread 0x0000026034b6b800 Uncommon trap: trap_request=0xffffffc6 fr.pc=0x0000026023cf1b9c relative=0x00000000000000dc
Event: 171.992 Thread 0x0000026034b6b800 Uncommon trap: reason=bimorphic_or_optimized_type_check action=maybe_recompile pc=0x0000026023cf1b9c method=com.google.common.collect.AbstractIndexedListIterator.next()Ljava/lang/Object; @ 27 c2
Event: 171.992 Thread 0x0000026034b6b800 DEOPT PACKING pc=0x0000026023cf1b9c sp=0x000000d3c5af5d20
Event: 171.992 Thread 0x0000026034b6b800 DEOPT UNPACKING pc=0x000002601bf4a1af sp=0x000000d3c5af5cb8 mode 2
Event: 172.043 Thread 0x0000026034b6b800 Uncommon trap: trap_request=0xffffffc6 fr.pc=0x0000026023cf1b9c relative=0x00000000000000dc
Event: 172.043 Thread 0x0000026034b6b800 Uncommon trap: reason=bimorphic_or_optimized_type_check action=maybe_recompile pc=0x0000026023cf1b9c method=com.google.common.collect.AbstractIndexedListIterator.next()Ljava/lang/Object; @ 27 c2
Event: 172.044 Thread 0x0000026034b6b800 DEOPT PACKING pc=0x0000026023cf1b9c sp=0x000000d3c5af8310
Event: 172.044 Thread 0x0000026034b6b800 DEOPT UNPACKING pc=0x000002601bf4a1af sp=0x000000d3c5af82a8 mode 2

Classes redefined (0 events):
No events

Internal exceptions (20 events):
Event: 169.555 Thread 0x0000026034b6b800 Exception <a 'java/lang/ClassNotFoundException'{0x0000000085edc968}: org/gradle/internal/metaobject/ConfigureDelegateCustomizer> (0x0000000085edc968) thrown at [./src/hotspot/share/classfile/systemDictionary.cpp, line 230]
Event: 169.566 Thread 0x0000026034b6b800 Exception <a 'java/lang/ClassNotFoundException'{0x0000000085d55e70}: org/gradle/api/internal/initialization/DefaultScriptHandlerBeanInfo> (0x0000000085d55e70) thrown at [./src/hotspot/share/classfile/systemDictionary.cpp, line 230]
Event: 169.568 Thread 0x0000026034b6b800 Exception <a 'java/lang/ClassNotFoundException'{0x0000000085d85178}: org/gradle/api/internal/initialization/DefaultScriptHandlerCustomizer> (0x0000000085d85178) thrown at [./src/hotspot/share/classfile/systemDictionary.cpp, line 230]
Event: 169.613 Thread 0x0000026034b6b800 Exception <a 'java/lang/ClassNotFoundException'{0x00000000859d84a0}: org/gradle/api/internal/artifacts/dsl/DefaultRepositoryHandler_DecoratedBeanInfo> (0x00000000859d84a0) thrown at [./src/hotspot/share/classfile/systemDictionary.cpp, line 230]
Event: 169.616 Thread 0x0000026034b6b800 Exception <a 'java/lang/ClassNotFoundException'{0x000000008581b740}: org/gradle/api/internal/artifacts/dsl/DefaultRepositoryHandlerBeanInfo> (0x000000008581b740) thrown at [./src/hotspot/share/classfile/systemDictionary.cpp, line 230]
Event: 169.618 Thread 0x0000026034b6b800 Exception <a 'java/lang/ClassNotFoundException'{0x00000000858613b8}: org/gradle/api/internal/artifacts/DefaultArtifactRepositoryContainerBeanInfo> (0x00000000858613b8) thrown at [./src/hotspot/share/classfile/systemDictionary.cpp, line 230]
Event: 169.620 Thread 0x0000026034b6b800 Exception <a 'java/lang/ClassNotFoundException'{0x0000000085891600}: org/gradle/api/internal/DefaultNamedDomainObjectListBeanInfo> (0x0000000085891600) thrown at [./src/hotspot/share/classfile/systemDictionary.cpp, line 230]
Event: 169.622 Thread 0x0000026034b6b800 Exception <a 'java/lang/ClassNotFoundException'{0x00000000858c2e88}: org/gradle/api/internal/DefaultNamedDomainObjectCollectionBeanInfo> (0x00000000858c2e88) thrown at [./src/hotspot/share/classfile/systemDictionary.cpp, line 230]
Event: 169.624 Thread 0x0000026034b6b800 Exception <a 'java/lang/ClassNotFoundException'{0x00000000858f3268}: org/gradle/api/internal/DefaultDomainObjectCollectionBeanInfo> (0x00000000858f3268) thrown at [./src/hotspot/share/classfile/systemDictionary.cpp, line 230]
Event: 169.629 Thread 0x0000026034b6b800 Exception <a 'java/lang/ClassNotFoundException'{0x0000000085724178}: org/gradle/api/internal/DefaultDomainObjectCollectionCustomizer> (0x0000000085724178) thrown at [./src/hotspot/share/classfile/systemDictionary.cpp, line 230]
Event: 169.632 Thread 0x0000026034b6b800 Exception <a 'java/lang/ClassNotFoundException'{0x0000000085772bf0}: org/gradle/api/internal/DefaultNamedDomainObjectCollectionCustomizer> (0x0000000085772bf0) thrown at [./src/hotspot/share/classfile/systemDictionary.cpp, line 230]
Event: 169.638 Thread 0x0000026034b6b800 Exception <a 'java/lang/ClassNotFoundException'{0x00000000857c8c48}: org/gradle/api/internal/DefaultNamedDomainObjectListCustomizer> (0x00000000857c8c48) thrown at [./src/hotspot/share/classfile/systemDictionary.cpp, line 230]
Event: 169.644 Thread 0x0000026034b6b800 Exception <a 'java/lang/ClassNotFoundException'{0x0000000085628650}: org/gradle/api/internal/artifacts/DefaultArtifactRepositoryContainerCustomizer> (0x0000000085628650) thrown at [./src/hotspot/share/classfile/systemDictionary.cpp, line 230]
Event: 169.648 Thread 0x0000026034b6b800 Exception <a 'java/lang/ClassNotFoundException'{0x000000008567c308}: org/gradle/api/internal/artifacts/dsl/DefaultRepositoryHandlerCustomizer> (0x000000008567c308) thrown at [./src/hotspot/share/classfile/systemDictionary.cpp, line 230]
Event: 169.653 Thread 0x0000026034b6b800 Exception <a 'java/lang/ClassNotFoundException'{0x00000000856e3300}: org/gradle/api/internal/artifacts/dsl/DefaultRepositoryHandler_DecoratedCustomizer> (0x00000000856e3300) thrown at [./src/hotspot/share/classfile/systemDictionary.cpp, line 230]
Event: 169.667 Thread 0x0000026034b6b800 Exception <a 'java/lang/ClassNotFoundException'{0x00000000855bc978}: org/gradle/api/internal/artifacts/dsl/dependencies/DefaultDependencyHandler_DecoratedBeanInfo> (0x00000000855bc978) thrown at [./src/hotspot/share/classfile/systemDictionary.cpp, line 230]
Event: 169.672 Thread 0x0000026034b6b800 Exception <a 'java/lang/ClassNotFoundException'{0x0000000085404f80}: org/gradle/api/internal/artifacts/dsl/dependencies/DefaultDependencyHandlerBeanInfo> (0x0000000085404f80) thrown at [./src/hotspot/share/classfile/systemDictionary.cpp, line 230]
Event: 169.674 Thread 0x0000026034b6b800 Exception <a 'java/lang/ClassNotFoundException'{0x000000008544cd78}: org/gradle/api/internal/artifacts/dsl/dependencies/DefaultDependencyHandlerCustomizer> (0x000000008544cd78) thrown at [./src/hotspot/share/classfile/systemDictionary.cpp, line 230]
Event: 169.678 Thread 0x0000026034b6b800 Exception <a 'java/lang/ClassNotFoundException'{0x00000000854be240}: org/gradle/api/internal/artifacts/dsl/dependencies/DefaultDependencyHandler_DecoratedCustomizer> (0x00000000854be240) thrown at [./src/hotspot/share/classfile/systemDictionary.cpp, line 230]
Event: 171.816 Thread 0x0000026034b6b800 Exception <a 'java/lang/NoSuchMethodError'{0x0000000085165cc0}: 'java.lang.Object java.lang.invoke.Invokers$Holder.linkToTargetMethod(java.lang.Object, java.lang.Object, java.lang.Object, java.lang.Object, java.lang.Object, java.lang.Object, java.lang.Object, java.lang.Object, java.lang.Object)'> (0x0000000085165cc0) thrown at [./src/hotspot/share/interpreter/linkResolver.cpp, line 773]

Events (20 events):
Event: 174.729 Executing VM operation: RevokeBias
Event: 174.731 Executing VM operation: RevokeBias done
Event: 174.732 Executing VM operation: RevokeBias
Event: 174.734 Executing VM operation: RevokeBias done
Event: 174.964 Executing VM operation: RevokeBias
Event: 174.964 Executing VM operation: RevokeBias done
Event: 174.965 Executing VM operation: RevokeBias
Event: 174.966 Executing VM operation: RevokeBias done
Event: 174.966 Executing VM operation: RevokeBias
Event: 174.968 Executing VM operation: RevokeBias done
Event: 174.969 Executing VM operation: RevokeBias
Event: 174.970 Executing VM operation: RevokeBias done
Event: 179.230 Executing VM operation: RevokeBias
Event: 179.234 Executing VM operation: RevokeBias done
Event: 179.234 Executing VM operation: RevokeBias
Event: 179.236 Executing VM operation: RevokeBias done
Event: 179.236 Executing VM operation: RevokeBias
Event: 179.238 Executing VM operation: RevokeBias done
Event: 179.239 Executing VM operation: RevokeBias
Event: 179.241 Executing VM operation: RevokeBias done


Dynamic libraries:
0x00007ff703c50000 - 0x00007ff703c5d000 	C:\Program Files\Microsoft\jdk-11.0.18.10-hotspot\bin\java.exe
0x00007ff9c3c10000 - 0x00007ff9c3e27000 	C:\WINDOWS\SYSTEM32\ntdll.dll
0x00007ff9c2920000 - 0x00007ff9c29e4000 	C:\WINDOWS\System32\KERNEL32.DLL
0x00007ff9c0f90000 - 0x00007ff9c1336000 	C:\WINDOWS\System32\KERNELBASE.dll
0x00007ff9c17e0000 - 0x00007ff9c18f1000 	C:\WINDOWS\System32\ucrtbase.dll
0x00007ff9b8570000 - 0x00007ff9b8587000 	C:\Program Files\Microsoft\jdk-11.0.18.10-hotspot\bin\jli.dll
0x00007ff9c1b70000 - 0x00007ff9c1d1e000 	C:\WINDOWS\System32\USER32.dll
0x00007ff9c15c0000 - 0x00007ff9c15e6000 	C:\WINDOWS\System32\win32u.dll
0x00007ff9c1f00000 - 0x00007ff9c1f29000 	C:\WINDOWS\System32\GDI32.dll
0x00007ff9c1340000 - 0x00007ff9c1458000 	C:\WINDOWS\System32\gdi32full.dll
0x00007ff9c1460000 - 0x00007ff9c14fa000 	C:\WINDOWS\System32\msvcp_win.dll
0x00007ff9b8550000 - 0x00007ff9b8565000 	C:\Program Files\Microsoft\jdk-11.0.18.10-hotspot\bin\VCRUNTIME140.dll
0x00007ff9a9690000 - 0x00007ff9a9923000 	C:\WINDOWS\WinSxS\amd64_microsoft.windows.common-controls_6595b64144ccf1df_6.0.22621.2361_none_2712ced57382f843\COMCTL32.dll
0x00007ff9c20b0000 - 0x00007ff9c2157000 	C:\WINDOWS\System32\msvcrt.dll
0x00007ff9c2e80000 - 0x00007ff9c2eb1000 	C:\WINDOWS\System32\IMM32.DLL
0x00007ff9a28b0000 - 0x00007ff9a294b000 	C:\Program Files\Microsoft\jdk-11.0.18.10-hotspot\bin\msvcp140.dll
0x00007ff92b8b0000 - 0x00007ff92c442000 	C:\Program Files\Microsoft\jdk-11.0.18.10-hotspot\bin\server\jvm.dll
0x00007ff9c38f0000 - 0x00007ff9c39a0000 	C:\WINDOWS\System32\ADVAPI32.dll
0x00007ff9c2ed0000 - 0x00007ff9c2f76000 	C:\WINDOWS\System32\sechost.dll
0x00007ff9c2660000 - 0x00007ff9c2777000 	C:\WINDOWS\System32\RPCRT4.dll
0x00007ff9c2ec0000 - 0x00007ff9c2ec8000 	C:\WINDOWS\System32\PSAPI.DLL
0x00007ff9bea90000 - 0x00007ff9bea99000 	C:\WINDOWS\SYSTEM32\WSOCK32.dll
0x00007ff9c3af0000 - 0x00007ff9c3b61000 	C:\WINDOWS\System32\WS2_32.dll
0x00007ff9bc580000 - 0x00007ff9bc5b4000 	C:\WINDOWS\SYSTEM32\WINMM.dll
0x00007ff9beaf0000 - 0x00007ff9beafa000 	C:\WINDOWS\SYSTEM32\VERSION.dll
0x00007ff9c0010000 - 0x00007ff9c0028000 	C:\WINDOWS\SYSTEM32\kernel.appcore.dll
0x00007ff9b9d40000 - 0x00007ff9b9d50000 	C:\Program Files\Microsoft\jdk-11.0.18.10-hotspot\bin\verify.dll
0x00007ff9bdc00000 - 0x00007ff9bde2e000 	C:\WINDOWS\SYSTEM32\DBGHELP.DLL
0x00007ff9c29f0000 - 0x00007ff9c2d7a000 	C:\WINDOWS\System32\combase.dll
0x00007ff9c1970000 - 0x00007ff9c1a47000 	C:\WINDOWS\System32\OLEAUT32.dll
0x00007ff9b9090000 - 0x00007ff9b90c2000 	C:\WINDOWS\SYSTEM32\dbgcore.DLL
0x00007ff9c1760000 - 0x00007ff9c17da000 	C:\WINDOWS\System32\bcryptPrimitives.dll
0x00007ff9b2810000 - 0x00007ff9b2838000 	C:\Program Files\Microsoft\jdk-11.0.18.10-hotspot\bin\java.dll
0x00007ff9b7ca0000 - 0x00007ff9b7caa000 	C:\Program Files\Microsoft\jdk-11.0.18.10-hotspot\bin\jimage.dll
0x00007ff9b27f0000 - 0x00007ff9b2808000 	C:\Program Files\Microsoft\jdk-11.0.18.10-hotspot\bin\zip.dll
0x00007ff9c2f80000 - 0x00007ff9c37d8000 	C:\WINDOWS\System32\SHELL32.dll
0x00007ff9beea0000 - 0x00007ff9bf792000 	C:\WINDOWS\SYSTEM32\windows.storage.dll
0x00007ff9bed60000 - 0x00007ff9bee9e000 	C:\WINDOWS\SYSTEM32\wintypes.dll
0x00007ff9c2d80000 - 0x00007ff9c2e73000 	C:\WINDOWS\System32\SHCORE.dll
0x00007ff9c1f30000 - 0x00007ff9c1f8e000 	C:\WINDOWS\System32\shlwapi.dll
0x00007ff9c0ec0000 - 0x00007ff9c0ee6000 	C:\WINDOWS\SYSTEM32\profapi.dll
0x00007ff9a6f30000 - 0x00007ff9a6f49000 	C:\Program Files\Microsoft\jdk-11.0.18.10-hotspot\bin\net.dll
0x00007ff9bc9c0000 - 0x00007ff9bcaf7000 	C:\WINDOWS\SYSTEM32\WINHTTP.dll
0x00007ff9c0510000 - 0x00007ff9c0579000 	C:\WINDOWS\system32\mswsock.dll
0x00007ff9a6f10000 - 0x00007ff9a6f23000 	C:\Program Files\Microsoft\jdk-11.0.18.10-hotspot\bin\nio.dll
0x00007ff9939e0000 - 0x00007ff993a07000 	C:\Users\Sahil Rawat\.gradle\native\68d5fa5c4cc2d200863cafc0d521ce42e7d3e7ee720ec0a83991735586a16f82\windows-amd64\native-platform.dll
0x00007ff977bf0000 - 0x00007ff977d34000 	C:\Users\Sahil Rawat\.gradle\native\e376f236ea51e6404a007f0833ffe2c6e607c4080706a723a18a27aeea778392\windows-amd64\native-platform-file-events.dll
0x00007ff9a6f00000 - 0x00007ff9a6f09000 	C:\Program Files\Microsoft\jdk-11.0.18.10-hotspot\bin\management.dll
0x00007ff9a6ef0000 - 0x00007ff9a6efb000 	C:\Program Files\Microsoft\jdk-11.0.18.10-hotspot\bin\management_ext.dll
0x00007ff9c07a0000 - 0x00007ff9c07bb000 	C:\WINDOWS\SYSTEM32\CRYPTSP.dll
0x00007ff9bff70000 - 0x00007ff9bffa5000 	C:\WINDOWS\system32\rsaenh.dll
0x00007ff9c0630000 - 0x00007ff9c065c000 	C:\WINDOWS\SYSTEM32\USERENV.dll
0x00007ff9c0950000 - 0x00007ff9c0978000 	C:\WINDOWS\SYSTEM32\bcrypt.dll
0x00007ff9c0790000 - 0x00007ff9c079c000 	C:\WINDOWS\SYSTEM32\CRYPTBASE.dll
0x00007ff9bfa00000 - 0x00007ff9bfa2d000 	C:\WINDOWS\SYSTEM32\IPHLPAPI.DLL
0x00007ff9c2020000 - 0x00007ff9c2029000 	C:\WINDOWS\System32\NSI.dll
0x00007ff9bccc0000 - 0x00007ff9bccd9000 	C:\WINDOWS\SYSTEM32\dhcpcsvc6.DLL
0x00007ff9bc780000 - 0x00007ff9bc79f000 	C:\WINDOWS\SYSTEM32\dhcpcsvc.DLL
0x00007ff9bfa70000 - 0x00007ff9bfb69000 	C:\WINDOWS\SYSTEM32\DNSAPI.dll

dbghelp: loaded successfully - version: 4.0.5 - missing functions: none
symbol engine: initialized successfully - sym options: 0x614 - pdb path: .;C:\Program Files\Microsoft\jdk-11.0.18.10-hotspot\bin;C:\WINDOWS\SYSTEM32;C:\WINDOWS\WinSxS\amd64_microsoft.windows.common-controls_6595b64144ccf1df_6.0.22621.2361_none_2712ced57382f843;C:\Program Files\Microsoft\jdk-11.0.18.10-hotspot\bin\server;C:\Users\Sahil Rawat\.gradle\native\68d5fa5c4cc2d200863cafc0d521ce42e7d3e7ee720ec0a83991735586a16f82\windows-amd64;C:\Users\Sahil Rawat\.gradle\native\e376f236ea51e6404a007f0833ffe2c6e607c4080706a723a18a27aeea778392\windows-amd64

VM Arguments:
jvm_args: -XX:MaxMetaspaceSize=512m --add-opens=java.base/java.util=ALL-UNNAMED --add-opens=java.base/java.lang=ALL-UNNAMED --add-opens=java.base/java.lang.invoke=ALL-UNNAMED --add-opens=java.prefs/java.util.prefs=ALL-UNNAMED --add-opens=java.base/java.nio.charset=ALL-UNNAMED --add-opens=java.base/java.net=ALL-UNNAMED --add-opens=java.base/java.util.concurrent.atomic=ALL-UNNAMED -Xmx2048m -Dfile.encoding=windows-1252 -Duser.country=IN -Duser.language=en -Duser.variant 
java_command: org.gradle.launcher.daemon.bootstrap.GradleDaemon 8.0.1
java_class_path (initial): C:\Users\Sahil Rawat\.gradle\wrapper\dists\gradle-8.0.1-all\aro4hu1c3oeioove7l0i4i14o\gradle-8.0.1\lib\gradle-launcher-8.0.1.jar
Launcher Type: SUN_STANDARD

[Global flags]
     intx CICompilerCount                          = 4                                         {product} {ergonomic}
   size_t CompressedClassSpaceSize                 = 528482304                                 {product} {ergonomic}
     uint ConcGCThreads                            = 2                                         {product} {ergonomic}
     uint G1ConcRefinementThreads                  = 8                                         {product} {ergonomic}
   size_t G1HeapRegionSize                         = 1048576                                   {product} {ergonomic}
    uintx GCDrainStackTargetSize                   = 64                                        {product} {ergonomic}
   size_t InitialHeapSize                          = 100663296                                 {product} {ergonomic}
   size_t MarkStackSize                            = 4194304                                   {product} {ergonomic}
   size_t MaxHeapSize                              = 2147483648                                {product} {command line}
   size_t MaxMetaspaceSize                         = 536870912                                 {product} {command line}
   size_t MaxNewSize                               = 1287651328                                {product} {ergonomic}
   size_t MinHeapDeltaBytes                        = 1048576                                   {product} {ergonomic}
    uintx NonNMethodCodeHeapSize                   = 5836300                                {pd product} {ergonomic}
    uintx NonProfiledCodeHeapSize                  = 122910970                              {pd product} {ergonomic}
    uintx ProfiledCodeHeapSize                     = 122910970                              {pd product} {ergonomic}
    uintx ReservedCodeCacheSize                    = 251658240                              {pd product} {ergonomic}
     bool SegmentedCodeCache                       = true                                      {product} {ergonomic}
     bool UseCompressedClassPointers               = true                                 {lp64_product} {ergonomic}
     bool UseCompressedOops                        = true                                 {lp64_product} {ergonomic}
     bool UseG1GC                                  = true                                      {product} {ergonomic}
     bool UseLargePagesIndividualAllocation        = false                                  {pd product} {ergonomic}

Logging:
Log output configuration:
 #0: stdout all=warning uptime,level,tags
 #1: stderr all=off uptime,level,tags

Environment Variables:
JAVA_HOME=C:\Program Files\Microsoft\jdk-11.0.18.10-hotspot\
CLASSPATH=D:\Assignment_Five_SignInPage\android\\gradle\wrapper\gradle-wrapper.jar
PATH=D:\Assignment_Five_SignInPage\node_modules\.bin;D:\node_modules\.bin;C:\Users\Sahil Rawat\AppData\Roaming\npm\node_modules\npm\node_modules\@npmcli\run-script\lib\node-gyp-bin;D:\Assignment_Five_SignInPage\node_modules\.bin;D:\node_modules\.bin;C:\Users\Sahil Rawat\AppData\Roaming\npm\node_modules\npm\node_modules\@npmcli\run-script\lib\node-gyp-bin;C:\Program Files\Microsoft\jdk-11.0.18.10-hotspot\bin;C:\Python310\Scripts\;C:\Python310\;C:\Windows\system32;C:\Windows;C:\Windows\System32\Wbem;C:\Windows\System32\WindowsPowerShell\v1.0\;C:\Windows\System32\OpenSSH\;C:\Program Files (x86)\NVIDIA Corporation\PhysX\Common;C:\Program Files\NVIDIA Corporation\NVIDIA NvDLISR;C:\MinGW\bin;C:\Program Files\SourceGear\Common\DiffMerge\;C:\ProgramData\chocolatey\bin;C:\WINDOWS\system32;C:\WINDOWS;C:\WINDOWS\System32\Wbem;C:\WINDOWS\System32\WindowsPowerShell\v1.0\;C:\WINDOWS\System32\OpenSSH\;C:\Users\Sahil Rawat\AppData\Roaming\nvm;C:\Program Files\nodejs;C:\Users\Sahil Rawat\AppData\Local\Android\Sdk\platform-tools;C:\Program Files\Git\cmd;C:\Users\Sahil Rawat\AppData\Local\Microsoft\WindowsApps;C:\Program Files\Java\jdk-16.0.2\bin;C:\Users\Sahil Rawat\AppData\Local\Programs\Hyper\resources\bin;C:\Program Files\heroku\bin;C:\Users\Sahil Rawat\AppData\Local\Programs\Microsoft VS Code\bin;C:\Users\Sahil Rawat\AppData\Roaming\npm;C:\Users\Sahil Rawat\AppData\Roaming\nvm;C:\Program Files\nodejs
USERNAME=Sahil Rawat
LANG=en_US.UTF-8
OS=Windows_NT
PROCESSOR_IDENTIFIER=AMD64 Family 23 Model 24 Stepping 1, AuthenticAMD
TMP=C:\Users\SAHILR~1\AppData\Local\Temp
TEMP=C:\Users\SAHILR~1\AppData\Local\Temp



---------------  S Y S T E M  ---------------

OS: Windows 11 , 64 bit Build 22621 (10.0.22621.2361)
OS uptime: 1 days 22:21 hours
Hyper-V role detected

CPU:total 8 (initial active 8) (8 cores per cpu, 2 threads per core) family 23 model 24 stepping 1 microcode 0x0, cmov, cx8, fxsr, mmx, sse, sse2, sse3, ssse3, sse4.1, sse4.2, popcnt, avx, avx2, aes, clmul, mmxext, 3dnowpref, lzcnt, sse4a, ht, tsc, tscinvbit, tscinv, bmi1, bmi2, adx, sha, fma

Memory: 4k page, system-wide physical 6081M (85M free)
TotalPageFile size 24513M (AvailPageFile size 1M)
current process WorkingSet (physical memory assigned to process): 214M, peak: 252M
current process commit charge ("private bytes"): 306M, peak: 335M

vm_info: OpenJDK 64-Bit Server VM (11.0.18+10-LTS) for windows-amd64 JRE (11.0.18+10-LTS), built on Jan 18 2023 15:56:47 by "MicrosoftCorporation" with MS VC++ 15.9 (VS2017)

END.
