#
# There is insufficient memory for the Java Runtime Environment to continue.
# Native memory allocation (mmap) failed to map 25165824 bytes for Failed to commit area from 0x0000000087400000 to 0x0000000088c00000 of length 25165824.
# Possible reasons:
#   The system is out of physical RAM or swap space
#   The process is running with CompressedOops enabled, and the Java Heap may be blocking the growth of the native heap
# Possible solutions:
#   Reduce memory load on the system
#   Increase physical memory or swap space
#   Check if swap backing store is full
#   Decrease Java heap size (-Xmx/-Xms)
#   Decrease number of Java threads
#   Decrease Java thread stack sizes (-Xss)
#   Set larger code cache with -XX:ReservedCodeCacheSize=
#   JVM is running with Unscaled Compressed Oops mode in which the Java heap is
#     placed in the first 4GB address space. The Java Heap base address is the
#     maximum limit for the native heap growth. Please use -XX:HeapBaseMinAddress
#     to set the Java Heap base and to place the Java Heap above 4GB virtual address.
# This output file may be truncated or incomplete.
#
#  Out of Memory Error (./src/hotspot/os/windows/os_windows.cpp:3386), pid=8384, tid=30556
#
# JRE version: OpenJDK Runtime Environment Microsoft-7208460 (11.0.18+10) (build 11.0.18+10-LTS)
# Java VM: OpenJDK 64-Bit Server VM Microsoft-7208460 (11.0.18+10-LTS, mixed mode, tiered, compressed oops, g1 gc, windows-amd64)
# No core dump will be written. Minidumps are not enabled by default on client versions of Windows
#

---------------  S U M M A R Y ------------

Command Line: -XX:MaxMetaspaceSize=512m --add-opens=java.base/java.util=ALL-UNNAMED --add-opens=java.base/java.lang=ALL-UNNAMED --add-opens=java.base/java.lang.invoke=ALL-UNNAMED --add-opens=java.prefs/java.util.prefs=ALL-UNNAMED --add-opens=java.base/java.nio.charset=ALL-UNNAMED --add-opens=java.base/java.net=ALL-UNNAMED --add-opens=java.base/java.util.concurrent.atomic=ALL-UNNAMED -Xmx2048m -Dfile.encoding=windows-1252 -Duser.country=IN -Duser.language=en -Duser.variant org.gradle.launcher.daemon.bootstrap.GradleDaemon 8.0.1

Host: AMD Ryzen 5 3550H with Radeon Vega Mobile Gfx  , 8 cores, 5G,  Windows 11 , 64 bit Build 22621 (10.0.22621.2361)
Time: Fri Sep 29 10:36:36 2023 India Standard Time elapsed time: 627.219441 seconds (0d 0h 10m 27s)

---------------  T H R E A D  ---------------

Current thread (0x0000022ffacc5000):  VMThread "VM Thread" [stack: 0x0000009836300000,0x0000009836400000] [id=30556]

Stack: [0x0000009836300000,0x0000009836400000]
[error occurred during error reporting (printing stack bounds), id 0xc0000005, EXCEPTION_ACCESS_VIOLATION (0xc0000005) at pc=0x0000022f8000112d]

Native frames: (J=compiled Java code, j=interpreted, Vv=VM code, C=native code)
V  [jvm.dll+0x62bf8a]
V  [jvm.dll+0x7b8fb9]
V  [jvm.dll+0x7ba6a8]
V  [jvm.dll+0x7bace5]
V  [jvm.dll+0x7bac9b]
V  [jvm.dll+0x62b317]
V  [jvm.dll+0x62ba28]
C  [ntdll.dll+0xa430f]
C  [ntdll.dll+0x1e456]
C  [ntdll.dll+0xa32fe]
C  0x0000022f8000112d

VM_Operation (0x00000098384fdb60): G1CollectForAllocation, mode: safepoint, requested by thread 0x0000022ffcf8c000


---------------  P R O C E S S  ---------------

Threads class SMR info:
_java_thread_list=0x0000022f910beaf0, length=133, elements={
0x0000022fe8b9c000, 0x0000022ffaccb000, 0x0000022ffaccd000, 0x0000022ffad2d800,
0x0000022ffb630800, 0x0000022ffb631000, 0x0000022ffb635000, 0x0000022ffb6a1000,
0x0000022ffb6a2800, 0x0000022ffb7a0800, 0x0000022ffc1e5000, 0x0000022ffcd74000,
0x0000022ffcd2d000, 0x0000022ffdaeb800, 0x0000022ffcd2c000, 0x0000022ffc45a800,
0x0000022ffca72800, 0x0000022ffbe23000, 0x0000022ffc72d000, 0x0000022ffcf8a800,
0x0000022ffcf86000, 0x0000022ffcf8c000, 0x0000022ffcf8b000, 0x0000022ffcf8d000,
0x0000022ffcf87000, 0x0000022ffcf88000, 0x0000022ffcf88800, 0x0000022f8f893000,
0x0000022f8f898000, 0x0000022f8f895800, 0x0000022f8f892800, 0x0000022f8f894800,
0x0000022f8f897000, 0x0000022f8f899000, 0x0000022f8f899800, 0x0000022f8f894000,
0x0000022f8f89d000, 0x0000022f8f89f800, 0x0000022f8f89d800, 0x0000022f8f89e800,
0x0000022f8f8a0000, 0x0000022f8f89a800, 0x0000022f8f8a1000, 0x0000022f8f89b800,
0x0000022f8f89c000, 0x0000022ffe278000, 0x0000022ffe275800, 0x0000022ffe272800,
0x0000022ffe276800, 0x0000022ffe277000, 0x0000022ffe273000, 0x0000022ffe279000,
0x0000022ffe274000, 0x0000022ffe275000, 0x0000022ffd05c800, 0x0000022ffd056800,
0x0000022ffd057800, 0x0000022ffd05a800, 0x0000022ffd05b800, 0x0000022ffd05a000,
0x0000022ffd05d000, 0x0000022ffd05e000, 0x0000022ffd058000, 0x0000022ffd05f000,
0x0000022ffd059000, 0x0000022ffd063800, 0x0000022ffd062000, 0x0000022ffd063000,
0x0000022ffd05f800, 0x0000022ffd065800, 0x0000022ffd060800, 0x0000022ffd061000,
0x0000022f8f769800, 0x0000022f8f76d800, 0x0000022f8f76c800, 0x0000022f8f76f000,
0x0000022f8f76e000, 0x0000022f8f770800, 0x0000022f8f76b000, 0x0000022f8f76b800,
0x0000022f8f771800, 0x0000022f8f773000, 0x0000022f8f774000, 0x0000022f8f770000,
0x0000022f8f778000, 0x0000022f8f774800, 0x0000022f8f775800, 0x0000022f8f776800,
0x0000022f8f777000, 0x0000022f8f772800, 0x0000022f8f888000, 0x0000022f8f886800,
0x0000022f8f887000, 0x0000022f8f882000, 0x0000022f8f888800, 0x0000022f8f883000,
0x0000022f8f889800, 0x0000022f8f884000, 0x0000022f8f88a800, 0x0000022f8f884800,
0x0000022f8f88b000, 0x0000022f8f885800, 0x0000022f8f88d000, 0x0000022f8f891000,
0x0000022f8f88d800, 0x0000022f8f88e800, 0x0000022f8f88f800, 0x0000022f8f88c000,
0x0000022f8f890000, 0x0000022ffddd5000, 0x0000022ffddd6000, 0x0000022ffddd8800,
0x0000022ffddd6800, 0x0000022ffddd7800, 0x0000022ffddd4000, 0x0000022ffddd9000,
0x0000022ffddd3800, 0x0000022ffddda000, 0x0000022ffdddf000, 0x0000022ffdddb000,
0x0000022ffdddf800, 0x0000022ffdde0800, 0x0000022ffdde1800, 0x0000022ffdddb800,
0x0000022ffdddd000, 0x0000022ffddde000, 0x0000022ffdde2000, 0x0000022ffdddc800,
0x0000022ffe434800, 0x0000022ffe43a000, 0x0000022ffe43b000, 0x0000022ffe437800,
0x0000022ffe435000
}

Java Threads: ( => current thread )
  0x0000022fe8b9c000 JavaThread "main" [_thread_blocked, id=34532, stack(0x0000009835d00000,0x0000009835e00000)]
  0x0000022ffaccb000 JavaThread "Reference Handler" daemon [_thread_blocked, id=3856, stack(0x0000009836400000,0x0000009836500000)]
  0x0000022ffaccd000 JavaThread "Finalizer" daemon [_thread_blocked, id=13356, stack(0x0000009836500000,0x0000009836600000)]
  0x0000022ffad2d800 JavaThread "Signal Dispatcher" daemon [_thread_blocked, id=24864, stack(0x0000009836600000,0x0000009836700000)]
  0x0000022ffb630800 JavaThread "Attach Listener" daemon [_thread_blocked, id=8028, stack(0x0000009836700000,0x0000009836800000)]
  0x0000022ffb631000 JavaThread "Service Thread" daemon [_thread_blocked, id=13224, stack(0x0000009836800000,0x0000009836900000)]
  0x0000022ffb635000 JavaThread "C2 CompilerThread0" daemon [_thread_blocked, id=26520, stack(0x0000009836900000,0x0000009836a00000)]
  0x0000022ffb6a1000 JavaThread "C1 CompilerThread0" daemon [_thread_blocked, id=5916, stack(0x0000009836a00000,0x0000009836b00000)]
  0x0000022ffb6a2800 JavaThread "Sweeper thread" daemon [_thread_blocked, id=11476, stack(0x0000009836b00000,0x0000009836c00000)]
  0x0000022ffb7a0800 JavaThread "Common-Cleaner" daemon [_thread_blocked, id=7744, stack(0x0000009836c00000,0x0000009836d00000)]
  0x0000022ffc1e5000 JavaThread "Daemon health stats" [_thread_blocked, id=25128, stack(0x0000009835b00000,0x0000009835c00000)]
  0x0000022ffcd74000 JavaThread "Incoming local TCP Connector on port 65279" [_thread_in_native, id=15576, stack(0x0000009837300000,0x0000009837400000)]
  0x0000022ffcd2d000 JavaThread "Daemon periodic checks" [_thread_blocked, id=30944, stack(0x0000009837400000,0x0000009837500000)]
  0x0000022ffdaeb800 JavaThread "Daemon" [_thread_blocked, id=26364, stack(0x0000009837700000,0x0000009837800000)]
  0x0000022ffcd2c000 JavaThread "Handler for socket connection from /127.0.0.1:65279 to /127.0.0.1:65288" [_thread_in_native, id=33768, stack(0x0000009837800000,0x0000009837900000)]
  0x0000022ffc45a800 JavaThread "Cancel handler" [_thread_blocked, id=19688, stack(0x0000009837900000,0x0000009837a00000)]
  0x0000022ffca72800 JavaThread "Daemon worker" [_thread_blocked, id=34580, stack(0x0000009837a00000,0x0000009837b00000)]
  0x0000022ffbe23000 JavaThread "Asynchronous log dispatcher for DefaultDaemonConnection: socket connection from /127.0.0.1:65279 to /127.0.0.1:65288" [_thread_blocked, id=28232, stack(0x0000009837b00000,0x0000009837c00000)]
  0x0000022ffc72d000 JavaThread "Daemon client event forwarder" [_thread_blocked, id=11536, stack(0x0000009837d00000,0x0000009837e00000)]
  0x0000022ffcf8a800 JavaThread "Cache worker for journal cache (C:\Users\Sahil Rawat\.gradle\caches\journal-1)" [_thread_blocked, id=19944, stack(0x0000009837200000,0x0000009837300000)]
  0x0000022ffcf86000 JavaThread "File lock request listener" [_thread_in_native, id=9900, stack(0x0000009838200000,0x0000009838300000)]
  0x0000022ffcf8c000 JavaThread "Cache worker for file hash cache (C:\Users\Sahil Rawat\.gradle\caches\8.0.1\fileHashes)" [_thread_blocked, id=17984, stack(0x0000009838400000,0x0000009838500000)]
  0x0000022ffcf8b000 JavaThread "File watcher server" daemon [_thread_in_native, id=35808, stack(0x0000009838500000,0x0000009838600000)]
  0x0000022ffcf8d000 JavaThread "File watcher consumer" daemon [_thread_blocked, id=4368, stack(0x0000009838600000,0x0000009838700000)]
  0x0000022ffcf87000 JavaThread "Cache worker for checksums cache (D:\Assignment_Five_SignInPage\android\.gradle\8.0.1\checksums)" [_thread_blocked, id=7248, stack(0x0000009838700000,0x0000009838800000)]
  0x0000022ffcf88000 JavaThread "Cache worker for cache directory md-rule (C:\Users\Sahil Rawat\.gradle\caches\8.0.1\md-rule)" [_thread_blocked, id=21376, stack(0x0000009838800000,0x0000009838900000)]
  0x0000022ffcf88800 JavaThread "Cache worker for file content cache (C:\Users\Sahil Rawat\.gradle\caches\8.0.1\fileContent)" [_thread_blocked, id=17628, stack(0x0000009838900000,0x0000009838a00000)]
  0x0000022f8f893000 JavaThread "Cache worker for file hash cache (D:\Assignment_Five_SignInPage\android\.gradle\8.0.1\fileHashes)" [_thread_blocked, id=17972, stack(0x0000009838a00000,0x0000009838b00000)]
  0x0000022f8f898000 JavaThread "Cache worker for cache directory md-supplier (C:\Users\Sahil Rawat\.gradle\caches\8.0.1\md-supplier)" [_thread_blocked, id=30680, stack(0x0000009838b00000,0x0000009838c00000)]
  0x0000022f8f895800 JavaThread "Cache worker for execution history cache (C:\Users\Sahil Rawat\.gradle\caches\8.0.1\executionHistory)" [_thread_blocked, id=2200, stack(0x0000009838c00000,0x0000009838d00000)]
  0x0000022f8f892800 JavaThread "jar transforms" [_thread_blocked, id=31700, stack(0x0000009838d00000,0x0000009838e00000)]
  0x0000022f8f894800 JavaThread "jar transforms Thread 2" [_thread_blocked, id=31620, stack(0x0000009838e00000,0x0000009838f00000)]
  0x0000022f8f897000 JavaThread "jar transforms Thread 3" [_thread_blocked, id=32272, stack(0x0000009838f00000,0x0000009839000000)]
  0x0000022f8f899000 JavaThread "jar transforms Thread 4" [_thread_blocked, id=13124, stack(0x0000009839000000,0x0000009839100000)]
  0x0000022f8f899800 JavaThread "Cache worker for kotlin-dsl (C:\Users\Sahil Rawat\.gradle\caches\8.0.1\kotlin-dsl)" [_thread_blocked, id=34968, stack(0x0000009837c00000,0x0000009837d00000)]
  0x0000022f8f894000 JavaThread "jar transforms Thread 5" [_thread_blocked, id=3712, stack(0x0000009837500000,0x0000009837600000)]
  0x0000022f8f89d000 JavaThread "jar transforms Thread 6" [_thread_blocked, id=6696, stack(0x0000009839100000,0x0000009839200000)]
  0x0000022f8f89f800 JavaThread "Cache worker for dependencies-accessors (D:\Assignment_Five_SignInPage\android\.gradle\8.0.1\dependencies-accessors)" [_thread_blocked, id=16808, stack(0x0000009839200000,0x0000009839300000)]
  0x0000022f8f89d800 JavaThread "Cache worker for Build Output Cleanup Cache (D:\Assignment_Five_SignInPage\node_modules\@react-native\gradle-plugin\.gradle\buildOutputCleanup)" [_thread_blocked, id=17048, stack(0x0000009839300000,0x0000009839400000)]
  0x0000022f8f89e800 JavaThread "jar transforms Thread 7" [_thread_blocked, id=25688, stack(0x0000009839400000,0x0000009839500000)]
  0x0000022f8f8a0000 JavaThread "Unconstrained build operations" [_thread_blocked, id=9196, stack(0x0000009839500000,0x0000009839600000)]
  0x0000022f8f89a800 JavaThread "Unconstrained build operations Thread 2" [_thread_blocked, id=25824, stack(0x0000009839600000,0x0000009839700000)]
  0x0000022f8f8a1000 JavaThread "Unconstrained build operations Thread 3" [_thread_blocked, id=33176, stack(0x0000009839700000,0x0000009839800000)]
  0x0000022f8f89b800 JavaThread "Unconstrained build operations Thread 4" [_thread_blocked, id=34296, stack(0x0000009839800000,0x0000009839900000)]
  0x0000022f8f89c000 JavaThread "Unconstrained build operations Thread 5" [_thread_blocked, id=27636, stack(0x0000009839900000,0x0000009839a00000)]
  0x0000022ffe278000 JavaThread "Unconstrained build operations Thread 6" [_thread_blocked, id=30520, stack(0x0000009839a00000,0x0000009839b00000)]
  0x0000022ffe275800 JavaThread "Unconstrained build operations Thread 7" [_thread_blocked, id=12180, stack(0x0000009839b00000,0x0000009839c00000)]
  0x0000022ffe272800 JavaThread "Unconstrained build operations Thread 8" [_thread_blocked, id=20884, stack(0x0000009839c00000,0x0000009839d00000)]
  0x0000022ffe276800 JavaThread "Unconstrained build operations Thread 9" [_thread_blocked, id=32476, stack(0x0000009839d00000,0x0000009839e00000)]
  0x0000022ffe277000 JavaThread "Unconstrained build operations Thread 10" [_thread_blocked, id=10212, stack(0x0000009839e00000,0x0000009839f00000)]
  0x0000022ffe273000 JavaThread "Unconstrained build operations Thread 11" [_thread_blocked, id=11816, stack(0x0000009839f00000,0x000000983a000000)]
  0x0000022ffe279000 JavaThread "Unconstrained build operations Thread 12" [_thread_blocked, id=35288, stack(0x000000983a000000,0x000000983a100000)]
  0x0000022ffe274000 JavaThread "Unconstrained build operations Thread 13" [_thread_blocked, id=25804, stack(0x000000983a100000,0x000000983a200000)]
  0x0000022ffe275000 JavaThread "Unconstrained build operations Thread 14" [_thread_blocked, id=22644, stack(0x000000983a200000,0x000000983a300000)]
  0x0000022ffd05c800 JavaThread "Unconstrained build operations Thread 15" [_thread_blocked, id=29516, stack(0x000000983a300000,0x000000983a400000)]
  0x0000022ffd056800 JavaThread "Unconstrained build operations Thread 16" [_thread_blocked, id=28476, stack(0x000000983a400000,0x000000983a500000)]
  0x0000022ffd057800 JavaThread "Unconstrained build operations Thread 17" [_thread_blocked, id=28536, stack(0x000000983a500000,0x000000983a600000)]
  0x0000022ffd05a800 JavaThread "Unconstrained build operations Thread 18" [_thread_blocked, id=28540, stack(0x000000983a600000,0x000000983a700000)]
  0x0000022ffd05b800 JavaThread "Unconstrained build operations Thread 19" [_thread_blocked, id=28544, stack(0x000000983a700000,0x000000983a800000)]
  0x0000022ffd05a000 JavaThread "Unconstrained build operations Thread 20" [_thread_blocked, id=27208, stack(0x000000983a800000,0x000000983a900000)]
  0x0000022ffd05d000 JavaThread "Unconstrained build operations Thread 21" [_thread_blocked, id=18532, stack(0x000000983a900000,0x000000983aa00000)]
  0x0000022ffd05e000 JavaThread "Unconstrained build operations Thread 22" [_thread_blocked, id=21144, stack(0x000000983aa00000,0x000000983ab00000)]
  0x0000022ffd058000 JavaThread "Unconstrained build operations Thread 23" [_thread_blocked, id=18668, stack(0x000000983ab00000,0x000000983ac00000)]
  0x0000022ffd05f000 JavaThread "Unconstrained build operations Thread 24" [_thread_blocked, id=13824, stack(0x000000983ac00000,0x000000983ad00000)]
  0x0000022ffd059000 JavaThread "Unconstrained build operations Thread 25" [_thread_blocked, id=604, stack(0x000000983ad00000,0x000000983ae00000)]
  0x0000022ffd063800 JavaThread "Unconstrained build operations Thread 26" [_thread_blocked, id=27756, stack(0x000000983ae00000,0x000000983af00000)]
  0x0000022ffd062000 JavaThread "jar transforms Thread 8" [_thread_blocked, id=30560, stack(0x000000983af00000,0x000000983b000000)]
  0x0000022ffd063000 JavaThread "Memory manager" [_thread_blocked, id=25304, stack(0x0000009837600000,0x0000009837700000)]
  0x0000022ffd05f800 JavaThread "Cache worker for Build Output Cleanup Cache (D:\Assignment_Five_SignInPage\android\.gradle\buildOutputCleanup)" [_thread_blocked, id=33728, stack(0x000000983b100000,0x000000983b200000)]
  0x0000022ffd065800 JavaThread "Execution worker" [_thread_blocked, id=26276, stack(0x000000983b300000,0x000000983b400000)]
  0x0000022ffd060800 JavaThread "Execution worker Thread 2" [_thread_blocked, id=15416, stack(0x000000983b400000,0x000000983b500000)]
  0x0000022ffd061000 JavaThread "Execution worker Thread 3" [_thread_blocked, id=27084, stack(0x000000983b500000,0x000000983b600000)]
  0x0000022f8f769800 JavaThread "Execution worker Thread 4" [_thread_blocked, id=11336, stack(0x000000983b600000,0x000000983b700000)]
  0x0000022f8f76d800 JavaThread "Execution worker Thread 5" [_thread_blocked, id=33740, stack(0x000000983b700000,0x000000983b800000)]
  0x0000022f8f76c800 JavaThread "Execution worker Thread 6" [_thread_blocked, id=23044, stack(0x000000983b800000,0x000000983b900000)]
  0x0000022f8f76f000 JavaThread "Execution worker Thread 7" [_thread_blocked, id=2032, stack(0x000000983b900000,0x000000983ba00000)]
  0x0000022f8f76e000 JavaThread "Cache worker for execution history cache (D:\Assignment_Five_SignInPage\node_modules\@react-native\gradle-plugin\.gradle\8.0.1\executionHistory)" [_thread_blocked, id=3908, stack(0x000000983ba00000,0x000000983bb00000)]
  0x0000022f8f770800 JavaThread "Unconstrained build operations Thread 27" [_thread_blocked, id=5136, stack(0x000000983bb00000,0x000000983bc00000)]
  0x0000022f8f76b000 JavaThread "Unconstrained build operations Thread 28" [_thread_blocked, id=25948, stack(0x000000983bc00000,0x000000983bd00000)]
  0x0000022f8f76b800 JavaThread "Unconstrained build operations Thread 29" [_thread_blocked, id=34284, stack(0x000000983bd00000,0x000000983be00000)]
  0x0000022f8f771800 JavaThread "Unconstrained build operations Thread 30" [_thread_blocked, id=16244, stack(0x000000983be00000,0x000000983bf00000)]
  0x0000022f8f773000 JavaThread "Unconstrained build operations Thread 31" [_thread_blocked, id=6340, stack(0x000000983bf00000,0x000000983c000000)]
  0x0000022f8f774000 JavaThread "Unconstrained build operations Thread 32" [_thread_blocked, id=20280, stack(0x000000983c000000,0x000000983c100000)]
  0x0000022f8f770000 JavaThread "Unconstrained build operations Thread 33" [_thread_blocked, id=35136, stack(0x000000983c100000,0x000000983c200000)]
  0x0000022f8f778000 JavaThread "Unconstrained build operations Thread 34" [_thread_blocked, id=30044, stack(0x000000983c200000,0x000000983c300000)]
  0x0000022f8f774800 JavaThread "Unconstrained build operations Thread 35" [_thread_blocked, id=16852, stack(0x000000983c300000,0x000000983c400000)]
  0x0000022f8f775800 JavaThread "Unconstrained build operations Thread 36" [_thread_blocked, id=15952, stack(0x000000983c400000,0x000000983c500000)]
  0x0000022f8f776800 JavaThread "Unconstrained build operations Thread 37" [_thread_blocked, id=30104, stack(0x000000983c500000,0x000000983c600000)]
  0x0000022f8f777000 JavaThread "Unconstrained build operations Thread 38" [_thread_blocked, id=27752, stack(0x000000983c600000,0x000000983c700000)]
  0x0000022f8f772800 JavaThread "Unconstrained build operations Thread 39" [_thread_blocked, id=22056, stack(0x000000983c700000,0x000000983c800000)]
  0x0000022f8f888000 JavaThread "Unconstrained build operations Thread 40" [_thread_blocked, id=25860, stack(0x000000983c800000,0x000000983c900000)]
  0x0000022f8f886800 JavaThread "Unconstrained build operations Thread 41" [_thread_blocked, id=35568, stack(0x000000983c900000,0x000000983ca00000)]
  0x0000022f8f887000 JavaThread "Unconstrained build operations Thread 42" [_thread_blocked, id=5980, stack(0x000000983ca00000,0x000000983cb00000)]
  0x0000022f8f882000 JavaThread "Unconstrained build operations Thread 43" [_thread_blocked, id=16472, stack(0x000000983cb00000,0x000000983cc00000)]
  0x0000022f8f888800 JavaThread "Unconstrained build operations Thread 44" [_thread_blocked, id=33156, stack(0x000000983cc00000,0x000000983cd00000)]
  0x0000022f8f883000 JavaThread "Unconstrained build operations Thread 45" [_thread_blocked, id=13284, stack(0x000000983cd00000,0x000000983ce00000)]
  0x0000022f8f889800 JavaThread "Unconstrained build operations Thread 46" [_thread_blocked, id=19172, stack(0x000000983ce00000,0x000000983cf00000)]
  0x0000022f8f884000 JavaThread "Unconstrained build operations Thread 47" [_thread_blocked, id=28212, stack(0x000000983cf00000,0x000000983d000000)]
  0x0000022f8f88a800 JavaThread "Unconstrained build operations Thread 48" [_thread_blocked, id=29000, stack(0x000000983d000000,0x000000983d100000)]
  0x0000022f8f884800 JavaThread "Unconstrained build operations Thread 49" [_thread_blocked, id=21744, stack(0x000000983d100000,0x000000983d200000)]
  0x0000022f8f88b000 JavaThread "Unconstrained build operations Thread 50" [_thread_blocked, id=10872, stack(0x000000983d200000,0x000000983d300000)]
  0x0000022f8f885800 JavaThread "Unconstrained build operations Thread 51" [_thread_blocked, id=13316, stack(0x000000983d300000,0x000000983d400000)]
  0x0000022f8f88d000 JavaThread "Unconstrained build operations Thread 52" [_thread_blocked, id=33100, stack(0x000000983d400000,0x000000983d500000)]
  0x0000022f8f891000 JavaThread "Unconstrained build operations Thread 53" [_thread_blocked, id=28636, stack(0x000000983d500000,0x000000983d600000)]
  0x0000022f8f88d800 JavaThread "Unconstrained build operations Thread 54" [_thread_blocked, id=32920, stack(0x000000983d600000,0x000000983d700000)]
  0x0000022f8f88e800 JavaThread "Unconstrained build operations Thread 55" [_thread_blocked, id=30024, stack(0x000000983d700000,0x000000983d800000)]
  0x0000022f8f88f800 JavaThread "Unconstrained build operations Thread 56" [_thread_blocked, id=2224, stack(0x000000983d800000,0x000000983d900000)]
  0x0000022f8f88c000 JavaThread "Unconstrained build operations Thread 57" [_thread_blocked, id=27728, stack(0x000000983d900000,0x000000983da00000)]
  0x0000022f8f890000 JavaThread "Unconstrained build operations Thread 58" [_thread_blocked, id=30452, stack(0x000000983da00000,0x000000983db00000)]
  0x0000022ffddd5000 JavaThread "Unconstrained build operations Thread 59" [_thread_blocked, id=16928, stack(0x000000983db00000,0x000000983dc00000)]
  0x0000022ffddd6000 JavaThread "Unconstrained build operations Thread 60" [_thread_blocked, id=22456, stack(0x000000983dc00000,0x000000983dd00000)]
  0x0000022ffddd8800 JavaThread "Unconstrained build operations Thread 61" [_thread_blocked, id=21584, stack(0x000000983dd00000,0x000000983de00000)]
  0x0000022ffddd6800 JavaThread "Unconstrained build operations Thread 62" [_thread_blocked, id=30528, stack(0x000000983de00000,0x000000983df00000)]
  0x0000022ffddd7800 JavaThread "Unconstrained build operations Thread 63" [_thread_blocked, id=33752, stack(0x000000983df00000,0x000000983e000000)]
  0x0000022ffddd4000 JavaThread "Unconstrained build operations Thread 64" [_thread_blocked, id=24940, stack(0x000000983e000000,0x000000983e100000)]
  0x0000022ffddd9000 JavaThread "Unconstrained build operations Thread 65" [_thread_blocked, id=15232, stack(0x000000983e100000,0x000000983e200000)]
  0x0000022ffddd3800 JavaThread "Unconstrained build operations Thread 66" [_thread_blocked, id=29932, stack(0x000000983e200000,0x000000983e300000)]
  0x0000022ffddda000 JavaThread "Unconstrained build operations Thread 67" [_thread_blocked, id=32468, stack(0x000000983e300000,0x000000983e400000)]
  0x0000022ffdddf000 JavaThread "Unconstrained build operations Thread 68" [_thread_blocked, id=10108, stack(0x000000983e400000,0x000000983e500000)]
  0x0000022ffdddb000 JavaThread "Unconstrained build operations Thread 69" [_thread_blocked, id=7780, stack(0x000000983e500000,0x000000983e600000)]
  0x0000022ffdddf800 JavaThread "Unconstrained build operations Thread 70" [_thread_blocked, id=27824, stack(0x000000983e600000,0x000000983e700000)]
  0x0000022ffdde0800 JavaThread "Unconstrained build operations Thread 71" [_thread_blocked, id=5688, stack(0x000000983e700000,0x000000983e800000)]
  0x0000022ffdde1800 JavaThread "Unconstrained build operations Thread 72" [_thread_blocked, id=13752, stack(0x000000983e800000,0x000000983e900000)]
  0x0000022ffdddb800 JavaThread "Unconstrained build operations Thread 73" [_thread_blocked, id=34276, stack(0x000000983e900000,0x000000983ea00000)]
  0x0000022ffdddd000 JavaThread "Unconstrained build operations Thread 74" [_thread_blocked, id=14616, stack(0x000000983ea00000,0x000000983eb00000)]
  0x0000022ffddde000 JavaThread "Unconstrained build operations Thread 75" [_thread_blocked, id=28852, stack(0x000000983eb00000,0x000000983ec00000)]
  0x0000022ffdde2000 JavaThread "Unconstrained build operations Thread 76" [_thread_blocked, id=5684, stack(0x000000983ec00000,0x000000983ed00000)]
  0x0000022ffdddc800 JavaThread "Unconstrained build operations Thread 77" [_thread_blocked, id=2456, stack(0x000000983ed00000,0x000000983ee00000)]
  0x0000022ffe434800 JavaThread "Unconstrained build operations Thread 78" [_thread_blocked, id=31564, stack(0x000000983ee00000,0x000000983ef00000)]
  0x0000022ffe43a000 JavaThread "Unconstrained build operations Thread 79" [_thread_blocked, id=34160, stack(0x000000983ef00000,0x000000983f000000)]
  0x0000022ffe43b000 JavaThread "Unconstrained build operations Thread 80" [_thread_blocked, id=35388, stack(0x000000983f000000,0x000000983f100000)]
  0x0000022ffe437800 JavaThread "File lock release action executor Thread 2" [_thread_blocked, id=16884, stack(0x0000009838300000,0x0000009838400000)]
  0x0000022ffe435000 JavaThread "File lock release action executor Thread 3" [_thread_blocked, id=35028, stack(0x000000983b000000,0x000000983b100000)]

Other Threads:
=>0x0000022ffacc5000 VMThread "VM Thread" [stack: 0x0000009836300000,0x0000009836400000] [id=30556]
  0x0000022ffb7b8000 WatcherThread [stack: 0x0000009836d00000,0x0000009836e00000] [id=33676]
  0x0000022feac07000 GCTaskThread "GC Thread#0" [stack: 0x0000009835e00000,0x0000009835f00000] [id=6456]
  0x0000022ffb858800 GCTaskThread "GC Thread#1" [stack: 0x0000009836e00000,0x0000009836f00000] [id=34680]
  0x0000022ffc2bb800 GCTaskThread "GC Thread#2" [stack: 0x0000009835c00000,0x0000009835d00000] [id=19288]
  0x0000022ffc1a4800 GCTaskThread "GC Thread#3" [stack: 0x0000009836f00000,0x0000009837000000] [id=6044]
  0x0000022ffccda000 GCTaskThread "GC Thread#4" [stack: 0x0000009837e00000,0x0000009837f00000] [id=34944]
  0x0000022ffccdb000 GCTaskThread "GC Thread#5" [stack: 0x0000009837f00000,0x0000009838000000] [id=15216]
  0x0000022ffcaa4800 GCTaskThread "GC Thread#6" [stack: 0x0000009838000000,0x0000009838100000] [id=31588]
  0x0000022ffcaa5000 GCTaskThread "GC Thread#7" [stack: 0x0000009838100000,0x0000009838200000] [id=23484]
  0x0000022feac37800 ConcurrentGCThread "G1 Main Marker" [stack: 0x0000009835f00000,0x0000009836000000] [id=34604]
  0x0000022feac39000 ConcurrentGCThread "G1 Conc#0" [stack: 0x0000009836000000,0x0000009836100000] [id=32996]
  0x0000022ffda81800 ConcurrentGCThread "G1 Conc#1" [stack: 0x0000009837100000,0x0000009837200000] [id=32124]
  0x0000022ffab40800 ConcurrentGCThread "G1 Refine#0" [stack: 0x0000009836100000,0x0000009836200000] [id=24076]
  0x0000022ffd893000 ConcurrentGCThread "G1 Refine#1" [stack: 0x0000009837000000,0x0000009837100000] [id=31992]
  0x0000022ffab41000 ConcurrentGCThread "G1 Young RemSet Sampling" [stack: 0x0000009836200000,0x0000009836300000] [id=11196]

Threads with active compile tasks:

VM state:at safepoint (normal execution)

VM Mutex/Monitor currently owned by a thread:  ([mutex/lock_event])
[0x0000022fe8b9b890] Threads_lock - owner thread: 0x0000022ffacc5000
[0x0000022fe8b9b9b0] Heap_lock - owner thread: 0x0000022ffcf8c000

Heap address: 0x0000000080000000, size: 2048 MB, Compressed Oops mode: 32-bit
Narrow klass base: 0x0000000000000000, Narrow klass shift: 3
Compressed class space size: 528482304 Address: 0x0000000100000000

Heap:
 garbage-first heap   total 143360K, used 100359K [0x0000000080000000, 0x0000000100000000)
  region size 1024K, 1 young (1024K), 1 survivors (1024K)
 Metaspace       used 96096K, capacity 99042K, committed 99336K, reserved 602112K
  class space    used 12569K, capacity 13752K, committed 13824K, reserved 516096K
Heap Regions: E=young(eden), S=young(survivor), O=old, HS=humongous(starts), HC=humongous(continues), CS=collection set, F=free, A=archive, TAMS=top-at-mark-start (previous, next)
|   0|0x0000000080000000, 0x0000000080100000, 0x0000000080100000|100%|HS|  |TAMS 0x0000000080100000, 0x0000000080100000| Complete 
|   1|0x0000000080100000, 0x0000000080200000, 0x0000000080200000|100%|HC|  |TAMS 0x0000000080200000, 0x0000000080200000| Complete 
|   2|0x0000000080200000, 0x0000000080300000, 0x0000000080300000|100%|HC|  |TAMS 0x0000000080300000, 0x0000000080300000| Complete 
|   3|0x0000000080300000, 0x0000000080400000, 0x0000000080400000|100%|HC|  |TAMS 0x0000000080400000, 0x0000000080400000| Complete 
|   4|0x0000000080400000, 0x0000000080500000, 0x0000000080500000|100%| O|  |TAMS 0x0000000080500000, 0x0000000080500000| Untracked 
|   5|0x0000000080500000, 0x0000000080600000, 0x0000000080600000|100%| O|  |TAMS 0x0000000080600000, 0x0000000080600000| Untracked 
|   6|0x0000000080600000, 0x0000000080700000, 0x0000000080700000|100%| O|  |TAMS 0x0000000080700000, 0x0000000080700000| Untracked 
|   7|0x0000000080700000, 0x0000000080800000, 0x0000000080800000|100%| O|  |TAMS 0x0000000080800000, 0x0000000080800000| Untracked 
|   8|0x0000000080800000, 0x0000000080900000, 0x0000000080900000|100%| O|  |TAMS 0x0000000080900000, 0x0000000080900000| Untracked 
|   9|0x0000000080900000, 0x0000000080a00000, 0x0000000080a00000|100%| O|  |TAMS 0x0000000080a00000, 0x0000000080a00000| Untracked 
|  10|0x0000000080a00000, 0x0000000080b00000, 0x0000000080b00000|100%| O|  |TAMS 0x0000000080b00000, 0x0000000080b00000| Untracked 
|  11|0x0000000080b00000, 0x0000000080c00000, 0x0000000080c00000|100%| O|  |TAMS 0x0000000080c00000, 0x0000000080c00000| Untracked 
|  12|0x0000000080c00000, 0x0000000080d00000, 0x0000000080d00000|100%| O|  |TAMS 0x0000000080d00000, 0x0000000080d00000| Untracked 
|  13|0x0000000080d00000, 0x0000000080e00000, 0x0000000080e00000|100%| O|  |TAMS 0x0000000080e00000, 0x0000000080e00000| Untracked 
|  14|0x0000000080e00000, 0x0000000080f00000, 0x0000000080f00000|100%| O|  |TAMS 0x0000000080f00000, 0x0000000080f00000| Untracked 
|  15|0x0000000080f00000, 0x0000000081000000, 0x0000000081000000|100%| O|  |TAMS 0x0000000081000000, 0x0000000081000000| Untracked 
|  16|0x0000000081000000, 0x0000000081100000, 0x0000000081100000|100%| O|  |TAMS 0x0000000081100000, 0x0000000081100000| Untracked 
|  17|0x0000000081100000, 0x0000000081200000, 0x0000000081200000|100%| O|  |TAMS 0x0000000081200000, 0x0000000081200000| Untracked 
|  18|0x0000000081200000, 0x0000000081300000, 0x0000000081300000|100%| O|  |TAMS 0x0000000081300000, 0x0000000081300000| Untracked 
|  19|0x0000000081300000, 0x0000000081400000, 0x0000000081400000|100%| O|  |TAMS 0x0000000081400000, 0x0000000081400000| Untracked 
|  20|0x0000000081400000, 0x0000000081500000, 0x0000000081500000|100%| O|  |TAMS 0x0000000081500000, 0x0000000081500000| Untracked 
|  21|0x0000000081500000, 0x0000000081600000, 0x0000000081600000|100%| O|  |TAMS 0x0000000081600000, 0x0000000081600000| Untracked 
|  22|0x0000000081600000, 0x0000000081700000, 0x0000000081700000|100%| O|  |TAMS 0x0000000081700000, 0x0000000081700000| Untracked 
|  23|0x0000000081700000, 0x0000000081800000, 0x0000000081800000|100%| O|  |TAMS 0x0000000081800000, 0x0000000081800000| Untracked 
|  24|0x0000000081800000, 0x0000000081900000, 0x0000000081900000|100%| O|  |TAMS 0x0000000081900000, 0x0000000081900000| Untracked 
|  25|0x0000000081900000, 0x0000000081a00000, 0x0000000081a00000|100%| O|  |TAMS 0x0000000081a00000, 0x0000000081a00000| Untracked 
|  26|0x0000000081a00000, 0x0000000081b00000, 0x0000000081b00000|100%| O|  |TAMS 0x0000000081b00000, 0x0000000081b00000| Untracked 
|  27|0x0000000081b00000, 0x0000000081c00000, 0x0000000081c00000|100%| O|  |TAMS 0x0000000081c00000, 0x0000000081c00000| Untracked 
|  28|0x0000000081c00000, 0x0000000081d00000, 0x0000000081d00000|100%| O|  |TAMS 0x0000000081d00000, 0x0000000081d00000| Untracked 
|  29|0x0000000081d00000, 0x0000000081e00000, 0x0000000081e00000|100%| O|  |TAMS 0x0000000081e00000, 0x0000000081e00000| Untracked 
|  30|0x0000000081e00000, 0x0000000081f00000, 0x0000000081f00000|100%| O|  |TAMS 0x0000000081f00000, 0x0000000081f00000| Untracked 
|  31|0x0000000081f00000, 0x0000000082000000, 0x0000000082000000|100%|HS|  |TAMS 0x0000000082000000, 0x0000000082000000| Complete 
|  32|0x0000000082000000, 0x0000000082100000, 0x0000000082100000|100%|HC|  |TAMS 0x0000000082100000, 0x0000000082100000| Complete 
|  33|0x0000000082100000, 0x0000000082200000, 0x0000000082200000|100%|HS|  |TAMS 0x0000000082200000, 0x0000000082200000| Complete 
|  34|0x0000000082200000, 0x0000000082300000, 0x0000000082300000|100%|HC|  |TAMS 0x0000000082300000, 0x0000000082300000| Complete 
|  35|0x0000000082300000, 0x0000000082400000, 0x0000000082400000|100%|HC|  |TAMS 0x0000000082400000, 0x0000000082400000| Complete 
|  36|0x0000000082400000, 0x0000000082500000, 0x0000000082500000|100%|HC|  |TAMS 0x0000000082500000, 0x0000000082500000| Complete 
|  37|0x0000000082500000, 0x0000000082600000, 0x0000000082600000|100%| O|  |TAMS 0x0000000082600000, 0x0000000082600000| Untracked 
|  38|0x0000000082600000, 0x0000000082700000, 0x0000000082700000|100%| O|  |TAMS 0x0000000082700000, 0x0000000082700000| Untracked 
|  39|0x0000000082700000, 0x0000000082800000, 0x0000000082800000|100%| O|  |TAMS 0x0000000082800000, 0x0000000082800000| Untracked 
|  40|0x0000000082800000, 0x0000000082900000, 0x0000000082900000|100%| O|  |TAMS 0x0000000082900000, 0x0000000082900000| Untracked 
|  41|0x0000000082900000, 0x0000000082a00000, 0x0000000082a00000|100%| O|  |TAMS 0x0000000082a00000, 0x0000000082a00000| Untracked 
|  42|0x0000000082a00000, 0x0000000082b00000, 0x0000000082b00000|100%| O|  |TAMS 0x0000000082b00000, 0x0000000082b00000| Untracked 
|  43|0x0000000082b00000, 0x0000000082c00000, 0x0000000082c00000|100%| O|  |TAMS 0x0000000082c00000, 0x0000000082c00000| Untracked 
|  44|0x0000000082c00000, 0x0000000082d00000, 0x0000000082d00000|100%| O|  |TAMS 0x0000000082d00000, 0x0000000082d00000| Untracked 
|  45|0x0000000082d00000, 0x0000000082e00000, 0x0000000082e00000|100%| O|  |TAMS 0x0000000082e00000, 0x0000000082e00000| Untracked 
|  46|0x0000000082e00000, 0x0000000082f00000, 0x0000000082f00000|100%| O|  |TAMS 0x0000000082f00000, 0x0000000082f00000| Untracked 
|  47|0x0000000082f00000, 0x0000000083000000, 0x0000000083000000|100%| O|  |TAMS 0x0000000083000000, 0x0000000083000000| Untracked 
|  48|0x0000000083000000, 0x0000000083100000, 0x0000000083100000|100%| O|  |TAMS 0x0000000083100000, 0x0000000083100000| Untracked 
|  49|0x0000000083100000, 0x0000000083200000, 0x0000000083200000|100%| O|  |TAMS 0x0000000083200000, 0x0000000083200000| Untracked 
|  50|0x0000000083200000, 0x0000000083300000, 0x0000000083300000|100%| O|  |TAMS 0x0000000083300000, 0x0000000083300000| Untracked 
|  51|0x0000000083300000, 0x0000000083400000, 0x0000000083400000|100%| O|  |TAMS 0x0000000083400000, 0x0000000083400000| Untracked 
|  52|0x0000000083400000, 0x0000000083500000, 0x0000000083500000|100%| O|  |TAMS 0x0000000083500000, 0x0000000083500000| Untracked 
|  53|0x0000000083500000, 0x0000000083600000, 0x0000000083600000|100%| O|  |TAMS 0x0000000083600000, 0x0000000083600000| Untracked 
|  54|0x0000000083600000, 0x0000000083700000, 0x0000000083700000|100%| O|  |TAMS 0x0000000083700000, 0x0000000083700000| Untracked 
|  55|0x0000000083700000, 0x0000000083800000, 0x0000000083800000|100%| O|  |TAMS 0x0000000083800000, 0x0000000083800000| Untracked 
|  56|0x0000000083800000, 0x0000000083900000, 0x0000000083900000|100%|HS|  |TAMS 0x0000000083900000, 0x0000000083900000| Complete 
|  57|0x0000000083900000, 0x0000000083a00000, 0x0000000083a00000|100%| O|  |TAMS 0x0000000083a00000, 0x0000000083a00000| Untracked 
|  58|0x0000000083a00000, 0x0000000083b00000, 0x0000000083b00000|100%|HS|  |TAMS 0x0000000083b00000, 0x0000000083b00000| Complete 
|  59|0x0000000083b00000, 0x0000000083c00000, 0x0000000083c00000|100%| O|  |TAMS 0x0000000083c00000, 0x0000000083c00000| Untracked 
|  60|0x0000000083c00000, 0x0000000083d00000, 0x0000000083d00000|100%| O|  |TAMS 0x0000000083d00000, 0x0000000083d00000| Untracked 
|  61|0x0000000083d00000, 0x0000000083e00000, 0x0000000083e00000|100%| O|  |TAMS 0x0000000083e00000, 0x0000000083e00000| Untracked 
|  62|0x0000000083e00000, 0x0000000083e9d200, 0x0000000083f00000| 61%| O|  |TAMS 0x0000000083e9d200, 0x0000000083e9d200| Untracked 
|  63|0x0000000083f00000, 0x0000000084000000, 0x0000000084000000|100%| O|  |TAMS 0x0000000084000000, 0x0000000084000000| Untracked 
|  64|0x0000000084000000, 0x0000000084100000, 0x0000000084100000|100%| O|  |TAMS 0x0000000084100000, 0x0000000084100000| Untracked 
|  65|0x0000000084100000, 0x0000000084200000, 0x0000000084200000|100%| O|  |TAMS 0x0000000084200000, 0x0000000084200000| Untracked 
|  66|0x0000000084200000, 0x0000000084300000, 0x0000000084300000|100%| O|  |TAMS 0x0000000084300000, 0x0000000084300000| Untracked 
|  67|0x0000000084300000, 0x0000000084400000, 0x0000000084400000|100%| O|  |TAMS 0x0000000084400000, 0x0000000084400000| Untracked 
|  68|0x0000000084400000, 0x0000000084500000, 0x0000000084500000|100%| O|  |TAMS 0x0000000084500000, 0x0000000084500000| Untracked 
|  69|0x0000000084500000, 0x0000000084600000, 0x0000000084600000|100%| O|  |TAMS 0x0000000084600000, 0x0000000084600000| Untracked 
|  70|0x0000000084600000, 0x0000000084700000, 0x0000000084700000|100%| O|  |TAMS 0x0000000084700000, 0x0000000084700000| Untracked 
|  71|0x0000000084700000, 0x0000000084800000, 0x0000000084800000|100%| O|  |TAMS 0x0000000084800000, 0x0000000084800000| Untracked 
|  72|0x0000000084800000, 0x0000000084900000, 0x0000000084900000|100%| O|  |TAMS 0x0000000084900000, 0x0000000084900000| Untracked 
|  73|0x0000000084900000, 0x0000000084a00000, 0x0000000084a00000|100%| O|  |TAMS 0x0000000084a00000, 0x0000000084a00000| Untracked 
|  74|0x0000000084a00000, 0x0000000084b00000, 0x0000000084b00000|100%| O|  |TAMS 0x0000000084b00000, 0x0000000084b00000| Untracked 
|  75|0x0000000084b00000, 0x0000000084c00000, 0x0000000084c00000|100%| O|  |TAMS 0x0000000084c00000, 0x0000000084c00000| Untracked 
|  76|0x0000000084c00000, 0x0000000084d00000, 0x0000000084d00000|100%| O|  |TAMS 0x0000000084d00000, 0x0000000084d00000| Untracked 
|  77|0x0000000084d00000, 0x0000000084e00000, 0x0000000084e00000|100%| O|  |TAMS 0x0000000084e00000, 0x0000000084e00000| Untracked 
|  78|0x0000000084e00000, 0x0000000084f00000, 0x0000000084f00000|100%| O|  |TAMS 0x0000000084f00000, 0x0000000084f00000| Untracked 
|  79|0x0000000084f00000, 0x0000000085000000, 0x0000000085000000|100%| O|  |TAMS 0x0000000085000000, 0x0000000085000000| Untracked 
|  80|0x0000000085000000, 0x0000000085100000, 0x0000000085100000|100%| O|  |TAMS 0x0000000085100000, 0x0000000085100000| Untracked 
|  81|0x0000000085100000, 0x0000000085200000, 0x0000000085200000|100%| O|  |TAMS 0x0000000085200000, 0x0000000085200000| Untracked 
|  82|0x0000000085200000, 0x0000000085300000, 0x0000000085300000|100%| O|  |TAMS 0x0000000085300000, 0x0000000085300000| Untracked 
|  83|0x0000000085300000, 0x0000000085400000, 0x0000000085400000|100%|HS|  |TAMS 0x0000000085400000, 0x0000000085400000| Complete 
|  84|0x0000000085400000, 0x0000000085500000, 0x0000000085500000|100%|HC|  |TAMS 0x0000000085500000, 0x0000000085500000| Complete 
|  85|0x0000000085500000, 0x0000000085600000, 0x0000000085600000|100%|HS|  |TAMS 0x0000000085600000, 0x0000000085600000| Complete 
|  86|0x0000000085600000, 0x0000000085700000, 0x0000000085700000|100%|HC|  |TAMS 0x0000000085700000, 0x0000000085700000| Complete 
|  87|0x0000000085700000, 0x0000000085800000, 0x0000000085800000|100%|HC|  |TAMS 0x0000000085800000, 0x0000000085800000| Complete 
|  88|0x0000000085800000, 0x0000000085900000, 0x0000000085900000|100%|HC|  |TAMS 0x0000000085900000, 0x0000000085900000| Complete 
|  89|0x0000000085900000, 0x0000000085a00000, 0x0000000085a00000|100%| O|  |TAMS 0x0000000085a00000, 0x0000000085a00000| Untracked 
|  90|0x0000000085a00000, 0x0000000085b00000, 0x0000000085b00000|100%| O|  |TAMS 0x0000000085b00000, 0x0000000085b00000| Untracked 
|  91|0x0000000085b00000, 0x0000000085c00000, 0x0000000085c00000|100%| O|  |TAMS 0x0000000085c00000, 0x0000000085c00000| Untracked 
|  92|0x0000000085c00000, 0x0000000085d00000, 0x0000000085d00000|100%| O|  |TAMS 0x0000000085d00000, 0x0000000085d00000| Untracked 
|  93|0x0000000085d00000, 0x0000000085e00000, 0x0000000085e00000|100%| O|  |TAMS 0x0000000085e00000, 0x0000000085e00000| Untracked 
|  94|0x0000000085e00000, 0x0000000085f00000, 0x0000000085f00000|100%| O|  |TAMS 0x0000000085f00000, 0x0000000085f00000| Untracked 
|  95|0x0000000085f00000, 0x0000000086000000, 0x0000000086000000|100%| O|  |TAMS 0x0000000086000000, 0x0000000086000000| Untracked 
|  96|0x0000000086000000, 0x0000000086100000, 0x0000000086100000|100%| O|  |TAMS 0x0000000086100000, 0x0000000086100000| Untracked 
|  97|0x0000000086100000, 0x0000000086200000, 0x0000000086200000|100%| O|  |TAMS 0x0000000086200000, 0x0000000086200000| Untracked 
|  98|0x0000000086200000, 0x0000000086200000, 0x0000000086300000|  0%| F|  |TAMS 0x0000000086200000, 0x0000000086200000| Untracked 
|  99|0x0000000086300000, 0x0000000086300000, 0x0000000086400000|  0%| F|  |TAMS 0x0000000086300000, 0x0000000086300000| Untracked 
| 100|0x0000000086400000, 0x0000000086400000, 0x0000000086500000|  0%| F|  |TAMS 0x0000000086400000, 0x0000000086400000| Untracked 
| 101|0x0000000086500000, 0x0000000086500000, 0x0000000086600000|  0%| F|  |TAMS 0x0000000086500000, 0x0000000086500000| Untracked 
| 102|0x0000000086600000, 0x0000000086600000, 0x0000000086700000|  0%| F|  |TAMS 0x0000000086600000, 0x0000000086600000| Untracked 
| 103|0x0000000086700000, 0x0000000086700000, 0x0000000086800000|  0%| F|  |TAMS 0x0000000086700000, 0x0000000086700000| Untracked 
| 104|0x0000000086800000, 0x0000000086800000, 0x0000000086900000|  0%| F|  |TAMS 0x0000000086800000, 0x0000000086800000| Untracked 
| 105|0x0000000086900000, 0x0000000086900000, 0x0000000086a00000|  0%| F|  |TAMS 0x0000000086900000, 0x0000000086900000| Untracked 
| 106|0x0000000086a00000, 0x0000000086a00000, 0x0000000086b00000|  0%| F|  |TAMS 0x0000000086a00000, 0x0000000086a00000| Untracked 
| 107|0x0000000086b00000, 0x0000000086b00000, 0x0000000086c00000|  0%| F|  |TAMS 0x0000000086b00000, 0x0000000086b00000| Untracked 
| 108|0x0000000086c00000, 0x0000000086c00000, 0x0000000086d00000|  0%| F|  |TAMS 0x0000000086c00000, 0x0000000086c00000| Untracked 
| 109|0x0000000086d00000, 0x0000000086d00000, 0x0000000086e00000|  0%| F|  |TAMS 0x0000000086d00000, 0x0000000086d00000| Untracked 
| 110|0x0000000086e00000, 0x0000000086e00000, 0x0000000086f00000|  0%| F|  |TAMS 0x0000000086e00000, 0x0000000086e00000| Untracked 
| 111|0x0000000086f00000, 0x0000000086f64bb8, 0x0000000087000000| 39%| S|CS|TAMS 0x0000000086f00000, 0x0000000086f00000| Complete 
| 112|0x0000000087000000, 0x0000000087000000, 0x0000000087100000|  0%| F|  |TAMS 0x0000000087000000, 0x0000000087000000| Untracked 
| 113|0x0000000087100000, 0x0000000087100000, 0x0000000087200000|  0%| F|  |TAMS 0x0000000087100000, 0x0000000087100000| Untracked 
| 114|0x0000000087200000, 0x0000000087200000, 0x0000000087300000|  0%| F|  |TAMS 0x0000000087200000, 0x0000000087200000| Untracked 
| 115|0x0000000087300000, 0x0000000087300000, 0x0000000087400000|  0%| F|  |TAMS 0x0000000087300000, 0x0000000087300000| Untracked 

Card table byte_map: [0x0000022ff3a90000,0x0000022ff3e90000] _byte_map_base: 0x0000022ff3690000

Marking Bits (Prev, Next): (CMBitMap*) 0x0000022feac2ee40, (CMBitMap*) 0x0000022feac2ee08
 Prev Bits: [0x0000022ff6290000, 0x0000022ff8290000)
 Next Bits: [0x0000022ff4290000, 0x0000022ff6290000)

Polling page: 0x0000022fe8bd0000

Metaspace:

Usage:
  Non-class:     83.29 MB capacity,    81.57 MB ( 98%) used,     1.43 MB (  2%) free+waste,   303.00 KB ( <1%) overhead. 
      Class:     13.43 MB capacity,    12.27 MB ( 91%) used,     1.02 MB (  8%) free+waste,   141.44 KB (  1%) overhead. 
       Both:     96.72 MB capacity,    93.84 MB ( 97%) used,     2.44 MB (  3%) free+waste,   444.44 KB ( <1%) overhead. 

Virtual space:
  Non-class space:       84.00 MB reserved,      83.51 MB (>99%) committed 
      Class space:      504.00 MB reserved,      13.50 MB (  3%) committed 
             Both:      588.00 MB reserved,      97.01 MB ( 16%) committed 

Chunk freelists:
   Non-Class:  30.00 KB
       Class:  0 bytes
        Both:  30.00 KB

MaxMetaspaceSize: 512.00 MB
CompressedClassSpaceSize: 504.00 MB
Initial GC threshold: 20.80 MB
Current GC threshold: 161.68 MB
CDS: off

CodeHeap 'non-profiled nmethods': size=120000Kb used=7416Kb max_used=7416Kb free=112583Kb
 bounds [0x0000022f87ad0000, 0x0000022f88210000, 0x0000022f8f000000]
CodeHeap 'profiled nmethods': size=120000Kb used=24690Kb max_used=24690Kb free=95309Kb
 bounds [0x0000022f805a0000, 0x0000022f81dc0000, 0x0000022f87ad0000]
CodeHeap 'non-nmethods': size=5760Kb used=2397Kb max_used=2461Kb free=3362Kb
 bounds [0x0000022f80000000, 0x0000022f80280000, 0x0000022f805a0000]
 total_blobs=11990 nmethods=11065 adapters=837
 compilation: enabled
              stopped_count=0, restarted_count=0
 full_count=0

Compilation events (20 events):
Event: 620.247 Thread 0x0000022ffb6a1000 11212       3       org.gradle.internal.model.CalculatedValueContainer$CalculationState::lambda$attachValue$0 (52 bytes)
Event: 620.248 Thread 0x0000022ffb6a1000 nmethod 11212 0x0000022f81db6590 code [0x0000022f81db6840, 0x0000022f81db7478]
Event: 620.269 Thread 0x0000022ffb635000 11213       4       org.gradle.internal.resources.DefaultResourceLockCoordinationService::maybeNotifyStateChange (94 bytes)
Event: 620.339 Thread 0x0000022ffb635000 nmethod 11213 0x0000022f8820a410 code [0x0000022f8820a6a0, 0x0000022f8820c3e8]
Event: 624.346 Thread 0x0000022ffb6a1000 11214       1       net.rubygrapefruit.platform.internal.jni.NativeLogger$LogLevel::getLevel (5 bytes)
Event: 624.346 Thread 0x0000022ffb6a1000 nmethod 11214 0x0000022f8820cf90 code [0x0000022f8820d140, 0x0000022f8820d1f8]
Event: 624.646 Thread 0x0000022ffb635000 11215       4       com.esotericsoftware.kryo.io.Output::writeUtf8Length (405 bytes)
Event: 624.668 Thread 0x0000022ffb635000 nmethod 11215 0x0000022f8820d290 code [0x0000022f8820d460, 0x0000022f8820de18]
Event: 625.564 Thread 0x0000022ffb6a1000 11216       3       com.esotericsoftware.kryo.io.Output::writeByte (36 bytes)
Event: 625.565 Thread 0x0000022ffb6a1000 nmethod 11216 0x0000022f81db7890 code [0x0000022f81db7a60, 0x0000022f81db7c28]
Event: 626.503 Thread 0x0000022ffb6a1000 11217       3       org.gradle.internal.work.DefaultWorkerLeaseService::acquireLocksWithoutWorkerLeaseWhileBlocked (22 bytes)
Event: 626.504 Thread 0x0000022ffb6a1000 nmethod 11217 0x0000022f81db7d10 code [0x0000022f81db7f00, 0x0000022f81db82d8]
Event: 626.509 Thread 0x0000022ffb6a1000 11218       3       org.gradle.api.internal.artifacts.ivyservice.resolveengine.artifact.ArtifactBackedResolvedVariant$SingleArtifactSet::visit (98 bytes)
Event: 626.512 Thread 0x0000022ffb6a1000 nmethod 11218 0x0000022f81db8490 code [0x0000022f81db88e0, 0x0000022f81dba988]
Event: 626.512 Thread 0x0000022ffb6a1000 11219       3       org.gradle.api.internal.artifacts.ivyservice.ResolvedFileCollectionVisitor::endVisitCollection (24 bytes)
Event: 626.513 Thread 0x0000022ffb6a1000 nmethod 11219 0x0000022f81dbb390 code [0x0000022f81dbb560, 0x0000022f81dbb918]
Event: 626.513 Thread 0x0000022ffb6a1000 11220       3       org.gradle.api.internal.artifacts.DefaultResolvableArtifact::getFile (22 bytes)
Event: 626.513 Thread 0x0000022ffb6a1000 nmethod 11220 0x0000022f81dbba10 code [0x0000022f81dbbc20, 0x0000022f81dbc128]
Event: 626.513 Thread 0x0000022ffb6a1000 11221   !   3       org.gradle.api.internal.artifacts.ivyservice.ResolvedFilesCollectingVisitor::visitArtifact (39 bytes)
Event: 626.514 Thread 0x0000022ffb6a1000 nmethod 11221 0x0000022f81dbc390 code [0x0000022f81dbc580, 0x0000022f81dbc928]

GC Heap History (20 events):
Event: 577.236 GC heap after
{Heap after GC invocations=100 (full 0):
 garbage-first heap   total 118784K, used 100236K [0x0000000080000000, 0x0000000100000000)
  region size 1024K, 1 young (1024K), 1 survivors (1024K)
 Metaspace       used 96001K, capacity 98960K, committed 99080K, reserved 602112K
  class space    used 12567K, capacity 13750K, committed 13824K, reserved 516096K
}
Event: 581.320 GC heap before
{Heap before GC invocations=100 (full 0):
 garbage-first heap   total 118784K, used 104332K [0x0000000080000000, 0x0000000100000000)
  region size 1024K, 5 young (5120K), 1 survivors (1024K)
 Metaspace       used 96067K, capacity 98974K, committed 99080K, reserved 602112K
  class space    used 12569K, capacity 13752K, committed 13824K, reserved 516096K
}
Event: 581.402 GC heap after
{Heap after GC invocations=101 (full 0):
 garbage-first heap   total 118784K, used 99971K [0x0000000080000000, 0x0000000100000000)
  region size 1024K, 1 young (1024K), 1 survivors (1024K)
 Metaspace       used 96067K, capacity 98974K, committed 99080K, reserved 602112K
  class space    used 12569K, capacity 13752K, committed 13824K, reserved 516096K
}
Event: 589.310 GC heap before
{Heap before GC invocations=101 (full 0):
 garbage-first heap   total 118784K, used 103043K [0x0000000080000000, 0x0000000100000000)
  region size 1024K, 5 young (5120K), 1 survivors (1024K)
 Metaspace       used 96067K, capacity 98974K, committed 99080K, reserved 602112K
  class space    used 12569K, capacity 13752K, committed 13824K, reserved 516096K
}
Event: 589.349 GC heap after
{Heap after GC invocations=102 (full 0):
 garbage-first heap   total 118784K, used 100059K [0x0000000080000000, 0x0000000100000000)
  region size 1024K, 1 young (1024K), 1 survivors (1024K)
 Metaspace       used 96067K, capacity 98974K, committed 99080K, reserved 602112K
  class space    used 12569K, capacity 13752K, committed 13824K, reserved 516096K
}
Event: 593.826 GC heap before
{Heap before GC invocations=103 (full 0):
 garbage-first heap   total 118784K, used 103131K [0x0000000080000000, 0x0000000100000000)
  region size 1024K, 5 young (5120K), 1 survivors (1024K)
 Metaspace       used 96067K, capacity 98974K, committed 99080K, reserved 602112K
  class space    used 12569K, capacity 13752K, committed 13824K, reserved 516096K
}
Event: 593.830 GC heap after
{Heap after GC invocations=104 (full 0):
 garbage-first heap   total 118784K, used 100112K [0x0000000080000000, 0x0000000100000000)
  region size 1024K, 1 young (1024K), 1 survivors (1024K)
 Metaspace       used 96067K, capacity 98974K, committed 99080K, reserved 602112K
  class space    used 12569K, capacity 13752K, committed 13824K, reserved 516096K
}
Event: 600.787 GC heap before
{Heap before GC invocations=104 (full 0):
 garbage-first heap   total 118784K, used 103184K [0x0000000080000000, 0x0000000100000000)
  region size 1024K, 5 young (5120K), 1 survivors (1024K)
 Metaspace       used 96074K, capacity 98975K, committed 99080K, reserved 602112K
  class space    used 12569K, capacity 13752K, committed 13824K, reserved 516096K
}
Event: 600.790 GC heap after
{Heap after GC invocations=105 (full 0):
 garbage-first heap   total 118784K, used 100144K [0x0000000080000000, 0x0000000100000000)
  region size 1024K, 1 young (1024K), 1 survivors (1024K)
 Metaspace       used 96074K, capacity 98975K, committed 99080K, reserved 602112K
  class space    used 12569K, capacity 13752K, committed 13824K, reserved 516096K
}
Event: 605.820 GC heap before
{Heap before GC invocations=106 (full 0):
 garbage-first heap   total 118784K, used 103216K [0x0000000080000000, 0x0000000100000000)
  region size 1024K, 5 young (5120K), 1 survivors (1024K)
 Metaspace       used 96074K, capacity 98975K, committed 99080K, reserved 602112K
  class space    used 12569K, capacity 13752K, committed 13824K, reserved 516096K
}
Event: 605.823 GC heap after
{Heap after GC invocations=107 (full 0):
 garbage-first heap   total 118784K, used 100118K [0x0000000080000000, 0x0000000100000000)
  region size 1024K, 1 young (1024K), 1 survivors (1024K)
 Metaspace       used 96074K, capacity 98975K, committed 99080K, reserved 602112K
  class space    used 12569K, capacity 13752K, committed 13824K, reserved 516096K
}
Event: 611.554 GC heap before
{Heap before GC invocations=107 (full 0):
 garbage-first heap   total 118784K, used 103190K [0x0000000080000000, 0x0000000100000000)
  region size 1024K, 5 young (5120K), 1 survivors (1024K)
 Metaspace       used 96074K, capacity 98975K, committed 99080K, reserved 602112K
  class space    used 12569K, capacity 13752K, committed 13824K, reserved 516096K
}
Event: 611.558 GC heap after
{Heap after GC invocations=108 (full 0):
 garbage-first heap   total 118784K, used 100286K [0x0000000080000000, 0x0000000100000000)
  region size 1024K, 1 young (1024K), 1 survivors (1024K)
 Metaspace       used 96074K, capacity 98975K, committed 99080K, reserved 602112K
  class space    used 12569K, capacity 13752K, committed 13824K, reserved 516096K
}
Event: 615.413 GC heap before
{Heap before GC invocations=109 (full 0):
 garbage-first heap   total 118784K, used 103358K [0x0000000080000000, 0x0000000100000000)
  region size 1024K, 5 young (5120K), 1 survivors (1024K)
 Metaspace       used 96074K, capacity 98975K, committed 99080K, reserved 602112K
  class space    used 12569K, capacity 13752K, committed 13824K, reserved 516096K
}
Event: 615.421 GC heap after
{Heap after GC invocations=110 (full 0):
 garbage-first heap   total 118784K, used 100218K [0x0000000080000000, 0x0000000100000000)
  region size 1024K, 1 young (1024K), 1 survivors (1024K)
 Metaspace       used 96074K, capacity 98975K, committed 99080K, reserved 602112K
  class space    used 12569K, capacity 13752K, committed 13824K, reserved 516096K
}
Event: 618.465 GC heap before
{Heap before GC invocations=110 (full 0):
 garbage-first heap   total 118784K, used 103290K [0x0000000080000000, 0x0000000100000000)
  region size 1024K, 5 young (5120K), 1 survivors (1024K)
 Metaspace       used 96092K, capacity 99042K, committed 99336K, reserved 602112K
  class space    used 12569K, capacity 13752K, committed 13824K, reserved 516096K
}
Event: 618.467 GC heap after
{Heap after GC invocations=111 (full 0):
 garbage-first heap   total 118784K, used 100246K [0x0000000080000000, 0x0000000100000000)
  region size 1024K, 1 young (1024K), 1 survivors (1024K)
 Metaspace       used 96092K, capacity 99042K, committed 99336K, reserved 602112K
  class space    used 12569K, capacity 13752K, committed 13824K, reserved 516096K
}
Event: 621.958 GC heap before
{Heap before GC invocations=112 (full 0):
 garbage-first heap   total 118784K, used 103318K [0x0000000080000000, 0x0000000100000000)
  region size 1024K, 5 young (5120K), 1 survivors (1024K)
 Metaspace       used 96092K, capacity 99042K, committed 99336K, reserved 602112K
  class space    used 12569K, capacity 13752K, committed 13824K, reserved 516096K
}
Event: 621.960 GC heap after
{Heap after GC invocations=113 (full 0):
 garbage-first heap   total 118784K, used 100287K [0x0000000080000000, 0x0000000100000000)
  region size 1024K, 1 young (1024K), 1 survivors (1024K)
 Metaspace       used 96092K, capacity 99042K, committed 99336K, reserved 602112K
  class space    used 12569K, capacity 13752K, committed 13824K, reserved 516096K
}
Event: 627.198 GC heap before
{Heap before GC invocations=113 (full 0):
 garbage-first heap   total 118784K, used 103359K [0x0000000080000000, 0x0000000100000000)
  region size 1024K, 5 young (5120K), 1 survivors (1024K)
 Metaspace       used 96096K, capacity 99042K, committed 99336K, reserved 602112K
  class space    used 12569K, capacity 13752K, committed 13824K, reserved 516096K
}

Deoptimization events (20 events):
Event: 499.031 Thread 0x0000022ffca72800 Uncommon trap: trap_request=0xffffffc6 fr.pc=0x0000022f881599dc relative=0x00000000000005fc
Event: 499.031 Thread 0x0000022ffca72800 Uncommon trap: reason=bimorphic_or_optimized_type_check action=maybe_recompile pc=0x0000022f881599dc method=groovy.lang.MetaClassImpl.filterPropertyMethod(Ljava/lang/Object;ZZ)Ljava/lang/Object; @ 38 c2
Event: 499.031 Thread 0x0000022ffca72800 DEOPT PACKING pc=0x0000022f881599dc sp=0x0000009837af38e0
Event: 499.031 Thread 0x0000022ffca72800 DEOPT UNPACKING pc=0x0000022f8004a1af sp=0x0000009837af3848 mode 2
Event: 499.040 Thread 0x0000022ffca72800 DEOPT PACKING pc=0x0000022f8115e3eb sp=0x0000009837af3a90
Event: 499.040 Thread 0x0000022ffca72800 DEOPT UNPACKING pc=0x0000022f8004a95e sp=0x0000009837af2ef0 mode 0
Event: 499.483 Thread 0x0000022ffca72800 DEOPT PACKING pc=0x0000022f81a32e1d sp=0x0000009837af8980
Event: 499.483 Thread 0x0000022ffca72800 DEOPT UNPACKING pc=0x0000022f8004a95e sp=0x0000009837af7ed8 mode 0
Event: 500.188 Thread 0x0000022ffca72800 Uncommon trap: trap_request=0xffffffde fr.pc=0x0000022f87cda27c relative=0x000000000000005c
Event: 500.188 Thread 0x0000022ffca72800 Uncommon trap: reason=class_check action=maybe_recompile pc=0x0000022f87cda27c method=java.util.stream.StreamOpFlag.fromCharacteristics(Ljava/util/Spliterator;)I @ 14 c2
Event: 500.188 Thread 0x0000022ffca72800 DEOPT PACKING pc=0x0000022f87cda27c sp=0x0000009837af6b10
Event: 500.188 Thread 0x0000022ffca72800 DEOPT UNPACKING pc=0x0000022f8004a1af sp=0x0000009837af6aa0 mode 2
Event: 578.542 Thread 0x0000022ffca72800 Uncommon trap: trap_request=0xffffff4d fr.pc=0x0000022f87f1e44c relative=0x00000000000024cc
Event: 578.542 Thread 0x0000022ffca72800 Uncommon trap: reason=unstable_if action=reinterpret pc=0x0000022f87f1e44c method=com.esotericsoftware.kryo.io.Output.writeString(Ljava/lang/String;)V @ 39 c2
Event: 578.544 Thread 0x0000022ffca72800 DEOPT PACKING pc=0x0000022f87f1e44c sp=0x0000009837af85b0
Event: 578.549 Thread 0x0000022ffca72800 DEOPT UNPACKING pc=0x0000022f8004a1af sp=0x0000009837af8520 mode 2
Event: 578.571 Thread 0x0000022ffca72800 Uncommon trap: trap_request=0xffffff4d fr.pc=0x0000022f880dda4c relative=0x00000000000001ac
Event: 578.571 Thread 0x0000022ffca72800 Uncommon trap: reason=unstable_if action=reinterpret pc=0x0000022f880dda4c method=java.lang.StringLatin1.lastIndexOf([BI[BII)I @ 111 c2
Event: 578.571 Thread 0x0000022ffca72800 DEOPT PACKING pc=0x0000022f880dda4c sp=0x0000009837af8230
Event: 578.571 Thread 0x0000022ffca72800 DEOPT UNPACKING pc=0x0000022f8004a1af sp=0x0000009837af8188 mode 2

Classes redefined (0 events):
No events

Internal exceptions (20 events):
Event: 498.938 Thread 0x0000022ffca72800 Exception <a 'java/lang/ClassNotFoundException'{0x00000000871a8f38}: org/gradle/api/internal/artifacts/repositories/AbstractResolutionAwareArtifactRepositoryBeanInfo> (0x00000000871a8f38) thrown at [./src/hotspot/share/classfile/systemDictionary.cpp, line 230]
Event: 498.941 Thread 0x0000022ffca72800 Exception <a 'java/lang/ClassNotFoundException'{0x00000000871f5d68}: org/gradle/api/internal/artifacts/repositories/AbstractArtifactRepositoryBeanInfo> (0x00000000871f5d68) thrown at [./src/hotspot/share/classfile/systemDictionary.cpp, line 230]
Event: 498.946 Thread 0x0000022ffca72800 Exception <a 'java/lang/ClassNotFoundException'{0x0000000087045950}: org/gradle/api/internal/artifacts/repositories/AbstractArtifactRepositoryCustomizer> (0x0000000087045950) thrown at [./src/hotspot/share/classfile/systemDictionary.cpp, line 230]
Event: 498.954 Thread 0x0000022ffca72800 Exception <a 'java/lang/ClassNotFoundException'{0x00000000870b7948}: org/gradle/api/internal/artifacts/repositories/AbstractResolutionAwareArtifactRepositoryCustomizer> (0x00000000870b7948) thrown at [./src/hotspot/share/classfile/systemDictionary.cpp, line 230]
Event: 498.958 Thread 0x0000022ffca72800 Exception <a 'java/lang/ClassNotFoundException'{0x0000000086f14ee0}: org/gradle/api/internal/artifacts/repositories/AbstractAuthenticationSupportedRepositoryCustomizer> (0x0000000086f14ee0) thrown at [./src/hotspot/share/classfile/systemDictionary.cpp, line 230]
Event: 498.963 Thread 0x0000022ffca72800 Exception <a 'java/lang/ClassNotFoundException'{0x0000000086f75800}: org/gradle/api/internal/artifacts/repositories/DefaultMavenArtifactRepositoryCustomizer> (0x0000000086f75800) thrown at [./src/hotspot/share/classfile/systemDictionary.cpp, line 230]
Event: 498.967 Thread 0x0000022ffca72800 Exception <a 'java/lang/ClassNotFoundException'{0x0000000086fdfff0}: org/gradle/api/internal/artifacts/repositories/DefaultMavenArtifactRepository_DecoratedCustomizer> (0x0000000086fdfff0) thrown at [./src/hotspot/share/classfile/systemDictionary.cpp, line 230]
Event: 498.972 Thread 0x0000022ffca72800 Exception <a 'java/lang/ClassNotFoundException'{0x0000000086e517f8}: build_bv1ql13meqrbzr9gcg1lvqt2y$_run_closure3BeanInfo> (0x0000000086e517f8) thrown at [./src/hotspot/share/classfile/systemDictionary.cpp, line 230]
Event: 498.973 Thread 0x0000022ffca72800 Exception <a 'java/lang/ClassNotFoundException'{0x0000000086e64398}: build_bv1ql13meqrbzr9gcg1lvqt2y$_run_closure3Customizer> (0x0000000086e64398) thrown at [./src/hotspot/share/classfile/systemDictionary.cpp, line 230]
Event: 499.013 Thread 0x0000022ffca72800 Exception <a 'java/lang/ClassNotFoundException'{0x000000008732afb0}: sun/nio/fs/WindowsPathBeanInfo> (0x000000008732afb0) thrown at [./src/hotspot/share/classfile/systemDictionary.cpp, line 230]
Event: 499.013 Thread 0x0000022ffca72800 Exception <a 'java/lang/ClassNotFoundException'{0x000000008733b408}: sun/nio/fs/WindowsPathCustomizer> (0x000000008733b408) thrown at [./src/hotspot/share/classfile/systemDictionary.cpp, line 230]
Event: 499.042 Thread 0x0000022ffca72800 Exception <a 'java/lang/ClassNotFoundException'{0x00000000873b60c0}: java/nio/file/PathsBeanInfo> (0x00000000873b60c0) thrown at [./src/hotspot/share/classfile/systemDictionary.cpp, line 230]
Event: 499.043 Thread 0x0000022ffca72800 Exception <a 'java/lang/ClassNotFoundException'{0x00000000873c60a0}: java/nio/file/PathsCustomizer> (0x00000000873c60a0) thrown at [./src/hotspot/share/classfile/systemDictionary.cpp, line 230]
Event: 499.575 Thread 0x0000022ffca72800 Exception <a 'java/lang/ClassNotFoundException'{0x000000008735d608}: com/android/build/gradle/internal/api/LibraryVariantOutputImpl_DecoratedBeanInfo> (0x000000008735d608) thrown at [./src/hotspot/share/classfile/systemDictionary.cpp, line 230]
Event: 499.576 Thread 0x0000022ffca72800 Exception <a 'java/lang/ClassNotFoundException'{0x0000000087379d90}: com/android/build/gradle/internal/api/LibraryVariantOutputImplBeanInfo> (0x0000000087379d90) thrown at [./src/hotspot/share/classfile/systemDictionary.cpp, line 230]
Event: 499.577 Thread 0x0000022ffca72800 Exception <a 'java/lang/ClassNotFoundException'{0x0000000087395b18}: com/android/build/gradle/internal/api/LibraryVariantOutputImplCustomizer> (0x0000000087395b18) thrown at [./src/hotspot/share/classfile/systemDictionary.cpp, line 230]
Event: 499.579 Thread 0x0000022ffca72800 Exception <a 'java/lang/ClassNotFoundException'{0x00000000873bbbd0}: com/android/build/gradle/internal/api/LibraryVariantOutputImpl_DecoratedCustomizer> (0x00000000873bbbd0) thrown at [./src/hotspot/share/classfile/systemDictionary.cpp, line 230]
Event: 499.582 Thread 0x0000022ffca72800 Exception <a 'java/lang/NoClassDefFoundError'{0x00000000873f0de8}: org/jetbrains/kotlin/gradle/plugin/KotlinBasePluginWrapper> (0x00000000873f0de8) thrown at [./src/hotspot/share/oops/constantPool.cpp, line 775]
Event: 500.182 Thread 0x0000022ffca72800 Exception <a 'java/lang/ClassNotFoundException'{0x0000000087187338}: build_27zi5ib0ntak3vrmblmj9l88bBeanInfo> (0x0000000087187338) thrown at [./src/hotspot/share/classfile/systemDictionary.cpp, line 230]
Event: 500.182 Thread 0x0000022ffca72800 Exception <a 'java/lang/ClassNotFoundException'{0x0000000087192a78}: build_27zi5ib0ntak3vrmblmj9l88bCustomizer> (0x0000000087192a78) thrown at [./src/hotspot/share/classfile/systemDictionary.cpp, line 230]

Events (20 events):
Event: 620.308 Executing VM operation: RevokeBias done
Event: 620.695 Executing VM operation: RevokeBias
Event: 620.696 Executing VM operation: RevokeBias done
Event: 620.696 Executing VM operation: RevokeBias
Event: 620.696 Executing VM operation: RevokeBias done
Event: 621.958 Executing VM operation: G1CollectForAllocation
Event: 621.960 Executing VM operation: G1CollectForAllocation done
Event: 621.961 Executing VM operation: RevokeBias
Event: 621.961 Executing VM operation: RevokeBias done
Event: 621.961 Executing VM operation: RevokeBias
Event: 621.962 Executing VM operation: RevokeBias done
Event: 625.057 Executing VM operation: RevokeBias
Event: 625.058 Executing VM operation: RevokeBias done
Event: 625.058 Executing VM operation: RevokeBias
Event: 625.058 Executing VM operation: RevokeBias done
Event: 626.706 Executing VM operation: RevokeBias
Event: 626.707 Executing VM operation: RevokeBias done
Event: 626.707 Executing VM operation: RevokeBias
Event: 626.707 Executing VM operation: RevokeBias done
Event: 627.197 Executing VM operation: G1CollectForAllocation


Dynamic libraries:
0x00007ff703c50000 - 0x00007ff703c5d000 	C:\Program Files\Microsoft\jdk-11.0.18.10-hotspot\bin\java.exe
0x00007ff9c3c10000 - 0x00007ff9c3e27000 	C:\WINDOWS\SYSTEM32\ntdll.dll
0x00007ff9c2920000 - 0x00007ff9c29e4000 	C:\WINDOWS\System32\KERNEL32.DLL
0x00007ff9c0f90000 - 0x00007ff9c1336000 	C:\WINDOWS\System32\KERNELBASE.dll
0x00007ff9c17e0000 - 0x00007ff9c18f1000 	C:\WINDOWS\System32\ucrtbase.dll
0x00007ff9b8570000 - 0x00007ff9b8587000 	C:\Program Files\Microsoft\jdk-11.0.18.10-hotspot\bin\jli.dll
0x00007ff9c1b70000 - 0x00007ff9c1d1e000 	C:\WINDOWS\System32\USER32.dll
0x00007ff9c15c0000 - 0x00007ff9c15e6000 	C:\WINDOWS\System32\win32u.dll
0x00007ff9c1f00000 - 0x00007ff9c1f29000 	C:\WINDOWS\System32\GDI32.dll
0x00007ff9c1340000 - 0x00007ff9c1458000 	C:\WINDOWS\System32\gdi32full.dll
0x00007ff9c1460000 - 0x00007ff9c14fa000 	C:\WINDOWS\System32\msvcp_win.dll
0x00007ff9b8550000 - 0x00007ff9b8565000 	C:\Program Files\Microsoft\jdk-11.0.18.10-hotspot\bin\VCRUNTIME140.dll
0x00007ff9a9690000 - 0x00007ff9a9923000 	C:\WINDOWS\WinSxS\amd64_microsoft.windows.common-controls_6595b64144ccf1df_6.0.22621.2361_none_2712ced57382f843\COMCTL32.dll
0x00007ff9c20b0000 - 0x00007ff9c2157000 	C:\WINDOWS\System32\msvcrt.dll
0x00007ff9c2e80000 - 0x00007ff9c2eb1000 	C:\WINDOWS\System32\IMM32.DLL
0x00007ff9a28b0000 - 0x00007ff9a294b000 	C:\Program Files\Microsoft\jdk-11.0.18.10-hotspot\bin\msvcp140.dll
0x00007ff92b8b0000 - 0x00007ff92c442000 	C:\Program Files\Microsoft\jdk-11.0.18.10-hotspot\bin\server\jvm.dll
0x00007ff9c38f0000 - 0x00007ff9c39a0000 	C:\WINDOWS\System32\ADVAPI32.dll
0x00007ff9c2ed0000 - 0x00007ff9c2f76000 	C:\WINDOWS\System32\sechost.dll
0x00007ff9c2660000 - 0x00007ff9c2777000 	C:\WINDOWS\System32\RPCRT4.dll
0x00007ff9c2ec0000 - 0x00007ff9c2ec8000 	C:\WINDOWS\System32\PSAPI.DLL
0x00007ff9bea90000 - 0x00007ff9bea99000 	C:\WINDOWS\SYSTEM32\WSOCK32.dll
0x00007ff9c3af0000 - 0x00007ff9c3b61000 	C:\WINDOWS\System32\WS2_32.dll
0x00007ff9bc580000 - 0x00007ff9bc5b4000 	C:\WINDOWS\SYSTEM32\WINMM.dll
0x00007ff9beaf0000 - 0x00007ff9beafa000 	C:\WINDOWS\SYSTEM32\VERSION.dll
0x00007ff9c0010000 - 0x00007ff9c0028000 	C:\WINDOWS\SYSTEM32\kernel.appcore.dll
0x00007ff9b9d40000 - 0x00007ff9b9d50000 	C:\Program Files\Microsoft\jdk-11.0.18.10-hotspot\bin\verify.dll
0x00007ff9bdc00000 - 0x00007ff9bde2e000 	C:\WINDOWS\SYSTEM32\DBGHELP.DLL
0x00007ff9c29f0000 - 0x00007ff9c2d7a000 	C:\WINDOWS\System32\combase.dll
0x00007ff9c1970000 - 0x00007ff9c1a47000 	C:\WINDOWS\System32\OLEAUT32.dll
0x00007ff9b9090000 - 0x00007ff9b90c2000 	C:\WINDOWS\SYSTEM32\dbgcore.DLL
0x00007ff9c1760000 - 0x00007ff9c17da000 	C:\WINDOWS\System32\bcryptPrimitives.dll
0x00007ff9b2810000 - 0x00007ff9b2838000 	C:\Program Files\Microsoft\jdk-11.0.18.10-hotspot\bin\java.dll
0x00007ff9b7ca0000 - 0x00007ff9b7caa000 	C:\Program Files\Microsoft\jdk-11.0.18.10-hotspot\bin\jimage.dll
0x00007ff9b27f0000 - 0x00007ff9b2808000 	C:\Program Files\Microsoft\jdk-11.0.18.10-hotspot\bin\zip.dll
0x00007ff9c2f80000 - 0x00007ff9c37d8000 	C:\WINDOWS\System32\SHELL32.dll
0x00007ff9beea0000 - 0x00007ff9bf792000 	C:\WINDOWS\SYSTEM32\windows.storage.dll
0x00007ff9bed60000 - 0x00007ff9bee9e000 	C:\WINDOWS\SYSTEM32\wintypes.dll
0x00007ff9c2d80000 - 0x00007ff9c2e73000 	C:\WINDOWS\System32\SHCORE.dll
0x00007ff9c1f30000 - 0x00007ff9c1f8e000 	C:\WINDOWS\System32\shlwapi.dll
0x00007ff9c0ec0000 - 0x00007ff9c0ee6000 	C:\WINDOWS\SYSTEM32\profapi.dll
0x00007ff9a6f30000 - 0x00007ff9a6f49000 	C:\Program Files\Microsoft\jdk-11.0.18.10-hotspot\bin\net.dll
0x00007ff9bc9c0000 - 0x00007ff9bcaf7000 	C:\WINDOWS\SYSTEM32\WINHTTP.dll
0x00007ff9c0510000 - 0x00007ff9c0579000 	C:\WINDOWS\system32\mswsock.dll
0x00007ff9a6f10000 - 0x00007ff9a6f23000 	C:\Program Files\Microsoft\jdk-11.0.18.10-hotspot\bin\nio.dll
0x00007ff9939e0000 - 0x00007ff993a07000 	C:\Users\Sahil Rawat\.gradle\native\68d5fa5c4cc2d200863cafc0d521ce42e7d3e7ee720ec0a83991735586a16f82\windows-amd64\native-platform.dll
0x00007ff977bf0000 - 0x00007ff977d34000 	C:\Users\Sahil Rawat\.gradle\native\e376f236ea51e6404a007f0833ffe2c6e607c4080706a723a18a27aeea778392\windows-amd64\native-platform-file-events.dll
0x00007ff9a6f00000 - 0x00007ff9a6f09000 	C:\Program Files\Microsoft\jdk-11.0.18.10-hotspot\bin\management.dll
0x00007ff9a6ef0000 - 0x00007ff9a6efb000 	C:\Program Files\Microsoft\jdk-11.0.18.10-hotspot\bin\management_ext.dll
0x00007ff9c07a0000 - 0x00007ff9c07bb000 	C:\WINDOWS\SYSTEM32\CRYPTSP.dll
0x00007ff9bff70000 - 0x00007ff9bffa5000 	C:\WINDOWS\system32\rsaenh.dll
0x00007ff9c0630000 - 0x00007ff9c065c000 	C:\WINDOWS\SYSTEM32\USERENV.dll
0x00007ff9c0950000 - 0x00007ff9c0978000 	C:\WINDOWS\SYSTEM32\bcrypt.dll
0x00007ff9c0790000 - 0x00007ff9c079c000 	C:\WINDOWS\SYSTEM32\CRYPTBASE.dll
0x00007ff9bfa00000 - 0x00007ff9bfa2d000 	C:\WINDOWS\SYSTEM32\IPHLPAPI.DLL
0x00007ff9c2020000 - 0x00007ff9c2029000 	C:\WINDOWS\System32\NSI.dll
0x00007ff9bccc0000 - 0x00007ff9bccd9000 	C:\WINDOWS\SYSTEM32\dhcpcsvc6.DLL
0x00007ff9bc780000 - 0x00007ff9bc79f000 	C:\WINDOWS\SYSTEM32\dhcpcsvc.DLL
0x00007ff9bfa70000 - 0x00007ff9bfb69000 	C:\WINDOWS\SYSTEM32\DNSAPI.dll

dbghelp: loaded successfully - version: 4.0.5 - missing functions: none
symbol engine: initialized successfully - sym options: 0x614 - pdb path: .;C:\Program Files\Microsoft\jdk-11.0.18.10-hotspot\bin;C:\WINDOWS\SYSTEM32;C:\WINDOWS\WinSxS\amd64_microsoft.windows.common-controls_6595b64144ccf1df_6.0.22621.2361_none_2712ced57382f843;C:\Program Files\Microsoft\jdk-11.0.18.10-hotspot\bin\server;C:\Users\Sahil Rawat\.gradle\native\68d5fa5c4cc2d200863cafc0d521ce42e7d3e7ee720ec0a83991735586a16f82\windows-amd64;C:\Users\Sahil Rawat\.gradle\native\e376f236ea51e6404a007f0833ffe2c6e607c4080706a723a18a27aeea778392\windows-amd64

VM Arguments:
jvm_args: -XX:MaxMetaspaceSize=512m --add-opens=java.base/java.util=ALL-UNNAMED --add-opens=java.base/java.lang=ALL-UNNAMED --add-opens=java.base/java.lang.invoke=ALL-UNNAMED --add-opens=java.prefs/java.util.prefs=ALL-UNNAMED --add-opens=java.base/java.nio.charset=ALL-UNNAMED --add-opens=java.base/java.net=ALL-UNNAMED --add-opens=java.base/java.util.concurrent.atomic=ALL-UNNAMED -Xmx2048m -Dfile.encoding=windows-1252 -Duser.country=IN -Duser.language=en -Duser.variant 
java_command: org.gradle.launcher.daemon.bootstrap.GradleDaemon 8.0.1
java_class_path (initial): C:\Users\Sahil Rawat\.gradle\wrapper\dists\gradle-8.0.1-all\aro4hu1c3oeioove7l0i4i14o\gradle-8.0.1\lib\gradle-launcher-8.0.1.jar
Launcher Type: SUN_STANDARD

[Global flags]
     intx CICompilerCount                          = 4                                         {product} {ergonomic}
   size_t CompressedClassSpaceSize                 = 528482304                                 {product} {ergonomic}
     uint ConcGCThreads                            = 2                                         {product} {ergonomic}
     uint G1ConcRefinementThreads                  = 8                                         {product} {ergonomic}
   size_t G1HeapRegionSize                         = 1048576                                   {product} {ergonomic}
    uintx GCDrainStackTargetSize                   = 64                                        {product} {ergonomic}
   size_t InitialHeapSize                          = 100663296                                 {product} {ergonomic}
   size_t MarkStackSize                            = 4194304                                   {product} {ergonomic}
   size_t MaxHeapSize                              = 2147483648                                {product} {command line}
   size_t MaxMetaspaceSize                         = 536870912                                 {product} {command line}
   size_t MaxNewSize                               = 1287651328                                {product} {ergonomic}
   size_t MinHeapDeltaBytes                        = 1048576                                   {product} {ergonomic}
    uintx NonNMethodCodeHeapSize                   = 5836300                                {pd product} {ergonomic}
    uintx NonProfiledCodeHeapSize                  = 122910970                              {pd product} {ergonomic}
    uintx ProfiledCodeHeapSize                     = 122910970                              {pd product} {ergonomic}
    uintx ReservedCodeCacheSize                    = 251658240                              {pd product} {ergonomic}
     bool SegmentedCodeCache                       = true                                      {product} {ergonomic}
     bool UseCompressedClassPointers               = true                                 {lp64_product} {ergonomic}
     bool UseCompressedOops                        = true                                 {lp64_product} {ergonomic}
     bool UseG1GC                                  = true                                      {product} {ergonomic}
     bool UseLargePagesIndividualAllocation        = false                                  {pd product} {ergonomic}

Logging:
Log output configuration:
 #0: stdout all=warning uptime,level,tags
 #1: stderr all=off uptime,level,tags

Environment Variables:
JAVA_HOME=C:\Program Files\Microsoft\jdk-11.0.18.10-hotspot\
CLASSPATH=D:\Assignment_Five_SignInPage\android\\gradle\wrapper\gradle-wrapper.jar
PATH=D:\Assignment_Five_SignInPage\node_modules\.bin;D:\node_modules\.bin;C:\Users\Sahil Rawat\AppData\Roaming\npm\node_modules\npm\node_modules\@npmcli\run-script\lib\node-gyp-bin;D:\Assignment_Five_SignInPage\node_modules\.bin;D:\node_modules\.bin;C:\Users\Sahil Rawat\AppData\Roaming\npm\node_modules\npm\node_modules\@npmcli\run-script\lib\node-gyp-bin;C:\Program Files\Microsoft\jdk-11.0.18.10-hotspot\bin;C:\Python310\Scripts\;C:\Python310\;C:\Windows\system32;C:\Windows;C:\Windows\System32\Wbem;C:\Windows\System32\WindowsPowerShell\v1.0\;C:\Windows\System32\OpenSSH\;C:\Program Files (x86)\NVIDIA Corporation\PhysX\Common;C:\Program Files\NVIDIA Corporation\NVIDIA NvDLISR;C:\MinGW\bin;C:\Program Files\SourceGear\Common\DiffMerge\;C:\ProgramData\chocolatey\bin;C:\WINDOWS\system32;C:\WINDOWS;C:\WINDOWS\System32\Wbem;C:\WINDOWS\System32\WindowsPowerShell\v1.0\;C:\WINDOWS\System32\OpenSSH\;C:\Users\Sahil Rawat\AppData\Roaming\nvm;C:\Program Files\nodejs;C:\Users\Sahil Rawat\AppData\Local\Android\Sdk\platform-tools;C:\Program Files\Git\cmd;C:\Users\Sahil Rawat\AppData\Local\Microsoft\WindowsApps;C:\Program Files\Java\jdk-16.0.2\bin;C:\Users\Sahil Rawat\AppData\Local\Programs\Hyper\resources\bin;C:\Program Files\heroku\bin;C:\Users\Sahil Rawat\AppData\Local\Programs\Microsoft VS Code\bin;C:\Users\Sahil Rawat\AppData\Roaming\npm;C:\Users\Sahil Rawat\AppData\Roaming\nvm;C:\Program Files\nodejs
USERNAME=Sahil Rawat
LANG=en_US.UTF-8
OS=Windows_NT
PROCESSOR_IDENTIFIER=AMD64 Family 23 Model 24 Stepping 1, AuthenticAMD
TMP=C:\Users\SAHILR~1\AppData\Local\Temp
TEMP=C:\Users\SAHILR~1\AppData\Local\Temp



---------------  S Y S T E M  ---------------

OS: Windows 11 , 64 bit Build 22621 (10.0.22621.2361)
OS uptime: 1 days 22:33 hours
Hyper-V role detected

CPU:total 8 (initial active 8) (8 cores per cpu, 2 threads per core) family 23 model 24 stepping 1 microcode 0x0, cmov, cx8, fxsr, mmx, sse, sse2, sse3, ssse3, sse4.1, sse4.2, popcnt, avx, avx2, aes, clmul, mmxext, 3dnowpref, lzcnt, sse4a, ht, tsc, tscinvbit, tscinv, bmi1, bmi2, adx, sha, fma

Memory: 4k page, system-wide physical 6081M (113M free)
TotalPageFile size 24513M (AvailPageFile size 11M)
current process WorkingSet (physical memory assigned to process): 197M, peak: 275M
current process commit charge ("private bytes"): 409M, peak: 433M

vm_info: OpenJDK 64-Bit Server VM (11.0.18+10-LTS) for windows-amd64 JRE (11.0.18+10-LTS), built on Jan 18 2023 15:56:47 by "MicrosoftCorporation" with MS VC++ 15.9 (VS2017)

END.
