#
# There is insufficient memory for the Java Runtime Environment to continue.
# Native memory allocation (malloc) failed to allocate 1419536 bytes for Chunk::new
# Possible reasons:
#   The system is out of physical RAM or swap space
#   The process is running with CompressedOops enabled, and the Java Heap may be blocking the growth of the native heap
# Possible solutions:
#   Reduce memory load on the system
#   Increase physical memory or swap space
#   Check if swap backing store is full
#   Decrease Java heap size (-Xmx/-Xms)
#   Decrease number of Java threads
#   Decrease Java thread stack sizes (-Xss)
#   Set larger code cache with -XX:ReservedCodeCacheSize=
#   JVM is running with Unscaled Compressed Oops mode in which the Java heap is
#     placed in the first 4GB address space. The Java Heap base address is the
#     maximum limit for the native heap growth. Please use -XX:HeapBaseMinAddress
#     to set the Java Heap base and to place the Java Heap above 4GB virtual address.
# This output file may be truncated or incomplete.
#
#  Out of Memory Error (./src/hotspot/share/memory/arena.cpp:197), pid=31100, tid=30108
#
# JRE version: OpenJDK Runtime Environment Microsoft-7208460 (11.0.18+10) (build 11.0.18+10-LTS)
# Java VM: OpenJDK 64-Bit Server VM Microsoft-7208460 (11.0.18+10-LTS, mixed mode, tiered, compressed oops, g1 gc, windows-amd64)
# No core dump will be written. Minidumps are not enabled by default on client versions of Windows
#

---------------  S U M M A R Y ------------

Command Line: -XX:MaxMetaspaceSize=512m --add-opens=java.base/java.util=ALL-UNNAMED --add-opens=java.base/java.lang=ALL-UNNAMED --add-opens=java.base/java.lang.invoke=ALL-UNNAMED --add-opens=java.prefs/java.util.prefs=ALL-UNNAMED --add-opens=java.base/java.nio.charset=ALL-UNNAMED --add-opens=java.base/java.net=ALL-UNNAMED --add-opens=java.base/java.util.concurrent.atomic=ALL-UNNAMED -Xmx2048m -Dfile.encoding=windows-1252 -Duser.country=IN -Duser.language=en -Duser.variant org.gradle.launcher.daemon.bootstrap.GradleDaemon 8.0.1

Host: AMD Ryzen 5 3550H with Radeon Vega Mobile Gfx  , 8 cores, 5G,  Windows 11 , 64 bit Build 22621 (10.0.22621.2361)
Time: Fri Sep 29 10:39:40 2023 India Standard Time elapsed time: 1068.727387 seconds (0d 0h 17m 48s)

---------------  T H R E A D  ---------------

Current thread (0x00000146fd1b4800):  JavaThread "C2 CompilerThread0" daemon [_thread_in_native, id=30108, stack(0x00000007b2300000,0x00000007b2400000)]


Current CompileTask:
C2:1068727 9162       4       java.lang.reflect.Constructor::newInstance (76 bytes)

Stack: [0x00000007b2300000,0x00000007b2400000]
Native frames: (J=compiled Java code, j=interpreted, Vv=VM code, C=native code)
V  [jvm.dll+0x62bf8a]
V  [jvm.dll+0x7b8fb9]
V  [jvm.dll+0x7ba6a8]
V  [jvm.dll+0x7bad83]
V  [jvm.dll+0x250248]
V  [jvm.dll+0xc260c]
V  [jvm.dll+0xc2bcc]
V  [jvm.dll+0x35e182]
V  [jvm.dll+0x32a373]
V  [jvm.dll+0x3296aa]
V  [jvm.dll+0x2093b3]
V  [jvm.dll+0x20850d]
V  [jvm.dll+0x18a4b1]
V  [jvm.dll+0x217eec]
V  [jvm.dll+0x21612b]
V  [jvm.dll+0x77bac0]
V  [jvm.dll+0x7749f4]
V  [jvm.dll+0x62adf5]
C  [ucrtbase.dll+0x29363]
C  [KERNEL32.DLL+0x1257d]
C  [ntdll.dll+0x5aa78]


---------------  P R O C E S S  ---------------

Threads class SMR info:
_java_thread_list=0x000001469403dd00, length=131, elements={
0x00000146ea74c000, 0x00000146fc84a800, 0x00000146fc84c800, 0x00000146fc8aa800,
0x00000146fc8ae000, 0x00000146fd1b0800, 0x00000146fd1b4800, 0x00000146fd21f800,
0x00000146fd226000, 0x00000146fd31b800, 0x000001468f7e1800, 0x00000146fd8bb000,
0x00000146fe968000, 0x00000146fe2a5000, 0x00000146fe667800, 0x00000146fe26e000,
0x000001468f0af800, 0x00000146fed79000, 0x000001468f0f3800, 0x00000146fe62a000,
0x00000146fe628000, 0x00000146fe626000, 0x00000146fe62b000, 0x00000146fe625800,
0x00000146fe628800, 0x00000146fe629800, 0x00000146fe62c000, 0x00000146febcd800,
0x00000146febce000, 0x00000146febcb000, 0x00000146febcb800, 0x00000146febcc800,
0x00000146febca000, 0x00000146febd4800, 0x00000146febd3000, 0x00000146febd0800,
0x00000146febd5800, 0x00000146febd0000, 0x00000146febd6800, 0x00000146febd4000,
0x00000146febd7000, 0x00000146febd8000, 0x00000146febd9000, 0x00000146fe627000,
0x000001468fde3800, 0x000001468fde1000, 0x000001468fde2000, 0x000001468fde2800,
0x000001468fde4800, 0x000001468fde5000, 0x000001468fde6000, 0x000001468fde0000,
0x000001468fdec800, 0x000001468fdeb000, 0x000001468fde8800, 0x000001468fdeb800,
0x000001468fde6800, 0x000001468fded800, 0x000001468fde9000, 0x000001468fde7800,
0x000001468fdee000, 0x000001468fdef000, 0x000001468fdea000, 0x00000146febe7000,
0x00000146febe8000, 0x00000146febe2000, 0x00000146febe3800, 0x00000146febe8800,
0x00000146febe6000, 0x00000146febe3000, 0x00000146febec800, 0x00000146febeb000,
0x00000146febec000, 0x00000146febe9800, 0x00000146febea800, 0x00000146febed800,
0x00000146febee800, 0x00000146febef000, 0x00000146febf0000, 0x00000146febf1000,
0x00000146febd1800, 0x00000146febd2800, 0x000001469052e800, 0x0000014690531800,
0x0000014690532800, 0x0000014690533000, 0x0000014690534000, 0x000001469052f000,
0x0000014690530800, 0x0000014690530000, 0x0000014690539800, 0x0000014690539000,
0x000001469053a800, 0x0000014690536800, 0x0000014690535000, 0x0000014690537800,
0x000001469053b800, 0x0000014690535800, 0x000001469053c000, 0x000001469053d000,
0x0000014690538000, 0x00000146940c9800, 0x00000146940cc000, 0x00000146940cd800,
0x00000146940cd000, 0x00000146940c8000, 0x00000146940ca800, 0x00000146940ce800,
0x00000146940cb000, 0x00000146940c8800, 0x00000146940d2800, 0x00000146940d0000,
0x00000146940d1000, 0x00000146940d3800, 0x00000146940cf800, 0x00000146940d1800,
0x00000146940d4000, 0x00000146940d5000, 0x00000146940d6000, 0x00000146940d6800,
0x00000146934ba800, 0x00000146934b9000, 0x00000146934ba000, 0x00000146934b5000,
0x00000146934b8800, 0x00000146934bb800, 0x00000146934b6000, 0x00000146934bc800,
0x00000146934b6800, 0x00000146934bd000, 0x00000146934b7800
}

Java Threads: ( => current thread )
  0x00000146ea74c000 JavaThread "main" [_thread_blocked, id=19572, stack(0x00000007b1700000,0x00000007b1800000)]
  0x00000146fc84a800 JavaThread "Reference Handler" daemon [_thread_blocked, id=6336, stack(0x00000007b1e00000,0x00000007b1f00000)]
  0x00000146fc84c800 JavaThread "Finalizer" daemon [_thread_blocked, id=4004, stack(0x00000007b1f00000,0x00000007b2000000)]
  0x00000146fc8aa800 JavaThread "Signal Dispatcher" daemon [_thread_blocked, id=28020, stack(0x00000007b2000000,0x00000007b2100000)]
  0x00000146fc8ae000 JavaThread "Attach Listener" daemon [_thread_blocked, id=16264, stack(0x00000007b2100000,0x00000007b2200000)]
  0x00000146fd1b0800 JavaThread "Service Thread" daemon [_thread_blocked, id=2184, stack(0x00000007b2200000,0x00000007b2300000)]
=>0x00000146fd1b4800 JavaThread "C2 CompilerThread0" daemon [_thread_in_native, id=30108, stack(0x00000007b2300000,0x00000007b2400000)]
  0x00000146fd21f800 JavaThread "C1 CompilerThread0" daemon [_thread_blocked, id=19692, stack(0x00000007b2400000,0x00000007b2500000)]
  0x00000146fd226000 JavaThread "Sweeper thread" daemon [_thread_blocked, id=10368, stack(0x00000007b2500000,0x00000007b2600000)]
  0x00000146fd31b800 JavaThread "Common-Cleaner" daemon [_thread_blocked, id=31772, stack(0x00000007b2600000,0x00000007b2700000)]
  0x000001468f7e1800 JavaThread "Daemon health stats" [_thread_blocked, id=13060, stack(0x00000007b1500000,0x00000007b1600000)]
  0x00000146fd8bb000 JavaThread "Incoming local TCP Connector on port 64962" [_thread_in_native, id=30564, stack(0x00000007b2c00000,0x00000007b2d00000)]
  0x00000146fe968000 JavaThread "Daemon periodic checks" [_thread_blocked, id=28152, stack(0x00000007b2d00000,0x00000007b2e00000)]
  0x00000146fe2a5000 JavaThread "Daemon" [_thread_blocked, id=14528, stack(0x00000007b2e00000,0x00000007b2f00000)]
  0x00000146fe667800 JavaThread "Handler for socket connection from /127.0.0.1:64962 to /127.0.0.1:64965" [_thread_in_native, id=31860, stack(0x00000007b2f00000,0x00000007b3000000)]
  0x00000146fe26e000 JavaThread "Cancel handler" [_thread_blocked, id=31532, stack(0x00000007b3000000,0x00000007b3100000)]
  0x000001468f0af800 JavaThread "Daemon worker" [_thread_in_native, id=10372, stack(0x00000007b3100000,0x00000007b3200000)]
  0x00000146fed79000 JavaThread "Asynchronous log dispatcher for DefaultDaemonConnection: socket connection from /127.0.0.1:64962 to /127.0.0.1:64965" [_thread_blocked, id=34572, stack(0x00000007b3200000,0x00000007b3300000)]
  0x000001468f0f3800 JavaThread "Daemon client event forwarder" [_thread_blocked, id=22084, stack(0x00000007b3400000,0x00000007b3500000)]
  0x00000146fe62a000 JavaThread "Cache worker for journal cache (C:\Users\Sahil Rawat\.gradle\caches\journal-1)" [_thread_blocked, id=35828, stack(0x00000007b2b00000,0x00000007b2c00000)]
  0x00000146fe628000 JavaThread "File lock request listener" [_thread_in_native, id=1444, stack(0x00000007b3b00000,0x00000007b3c00000)]
  0x00000146fe626000 JavaThread "Cache worker for file hash cache (C:\Users\Sahil Rawat\.gradle\caches\8.0.1\fileHashes)" [_thread_blocked, id=10160, stack(0x00000007b3c00000,0x00000007b3d00000)]
  0x00000146fe62b000 JavaThread "File watcher server" daemon [_thread_in_native, id=10688, stack(0x00000007b3e00000,0x00000007b3f00000)]
  0x00000146fe625800 JavaThread "File watcher consumer" daemon [_thread_blocked, id=25440, stack(0x00000007b3f00000,0x00000007b4000000)]
  0x00000146fe628800 JavaThread "Cache worker for checksums cache (D:\Assignment_Five_SignInPage\android\.gradle\8.0.1\checksums)" [_thread_blocked, id=18728, stack(0x00000007b4000000,0x00000007b4100000)]
  0x00000146fe629800 JavaThread "Cache worker for cache directory md-rule (C:\Users\Sahil Rawat\.gradle\caches\8.0.1\md-rule)" [_thread_blocked, id=26768, stack(0x00000007b4100000,0x00000007b4200000)]
  0x00000146fe62c000 JavaThread "Cache worker for file content cache (C:\Users\Sahil Rawat\.gradle\caches\8.0.1\fileContent)" [_thread_blocked, id=12444, stack(0x00000007b4200000,0x00000007b4300000)]
  0x00000146febcd800 JavaThread "Cache worker for file hash cache (D:\Assignment_Five_SignInPage\android\.gradle\8.0.1\fileHashes)" [_thread_blocked, id=18080, stack(0x00000007b4300000,0x00000007b4400000)]
  0x00000146febce000 JavaThread "Cache worker for cache directory md-supplier (C:\Users\Sahil Rawat\.gradle\caches\8.0.1\md-supplier)" [_thread_blocked, id=32544, stack(0x00000007b4400000,0x00000007b4500000)]
  0x00000146febcb000 JavaThread "Cache worker for execution history cache (C:\Users\Sahil Rawat\.gradle\caches\8.0.1\executionHistory)" [_thread_blocked, id=24884, stack(0x00000007b4500000,0x00000007b4600000)]
  0x00000146febcb800 JavaThread "jar transforms" [_thread_blocked, id=15984, stack(0x00000007b4600000,0x00000007b4700000)]
  0x00000146febcc800 JavaThread "jar transforms Thread 2" [_thread_blocked, id=30496, stack(0x00000007b4700000,0x00000007b4800000)]
  0x00000146febca000 JavaThread "jar transforms Thread 3" [_thread_blocked, id=25492, stack(0x00000007b4800000,0x00000007b4900000)]
  0x00000146febd4800 JavaThread "jar transforms Thread 4" [_thread_blocked, id=13032, stack(0x00000007b4900000,0x00000007b4a00000)]
  0x00000146febd3000 JavaThread "Cache worker for kotlin-dsl (C:\Users\Sahil Rawat\.gradle\caches\8.0.1\kotlin-dsl)" [_thread_blocked, id=22508, stack(0x00000007b3300000,0x00000007b3400000)]
  0x00000146febd0800 JavaThread "jar transforms Thread 5" [_thread_blocked, id=15748, stack(0x00000007b3d00000,0x00000007b3e00000)]
  0x00000146febd5800 JavaThread "jar transforms Thread 6" [_thread_blocked, id=19940, stack(0x00000007b4a00000,0x00000007b4b00000)]
  0x00000146febd0000 JavaThread "Cache worker for dependencies-accessors (D:\Assignment_Five_SignInPage\android\.gradle\8.0.1\dependencies-accessors)" [_thread_blocked, id=6012, stack(0x00000007b4b00000,0x00000007b4c00000)]
  0x00000146febd6800 JavaThread "Cache worker for Build Output Cleanup Cache (D:\Assignment_Five_SignInPage\node_modules\@react-native\gradle-plugin\.gradle\buildOutputCleanup)" [_thread_blocked, id=25316, stack(0x00000007b4c00000,0x00000007b4d00000)]
  0x00000146febd4000 JavaThread "jar transforms Thread 7" [_thread_blocked, id=28072, stack(0x00000007b4d00000,0x00000007b4e00000)]
  0x00000146febd7000 JavaThread "Unconstrained build operations" [_thread_blocked, id=25472, stack(0x00000007b4f00000,0x00000007b5000000)]
  0x00000146febd8000 JavaThread "Unconstrained build operations Thread 2" [_thread_blocked, id=20932, stack(0x00000007b5000000,0x00000007b5100000)]
  0x00000146febd9000 JavaThread "Unconstrained build operations Thread 3" [_thread_blocked, id=12600, stack(0x00000007b5100000,0x00000007b5200000)]
  0x00000146fe627000 JavaThread "Unconstrained build operations Thread 4" [_thread_blocked, id=34400, stack(0x00000007b5200000,0x00000007b5300000)]
  0x000001468fde3800 JavaThread "Unconstrained build operations Thread 5" [_thread_blocked, id=9916, stack(0x00000007b5300000,0x00000007b5400000)]
  0x000001468fde1000 JavaThread "Unconstrained build operations Thread 6" [_thread_blocked, id=14376, stack(0x00000007b5400000,0x00000007b5500000)]
  0x000001468fde2000 JavaThread "Unconstrained build operations Thread 7" [_thread_blocked, id=18956, stack(0x00000007b5500000,0x00000007b5600000)]
  0x000001468fde2800 JavaThread "Unconstrained build operations Thread 8" [_thread_blocked, id=25092, stack(0x00000007b5600000,0x00000007b5700000)]
  0x000001468fde4800 JavaThread "Unconstrained build operations Thread 9" [_thread_blocked, id=2132, stack(0x00000007b5700000,0x00000007b5800000)]
  0x000001468fde5000 JavaThread "Unconstrained build operations Thread 10" [_thread_blocked, id=28868, stack(0x00000007b5800000,0x00000007b5900000)]
  0x000001468fde6000 JavaThread "Unconstrained build operations Thread 11" [_thread_blocked, id=13948, stack(0x00000007b5900000,0x00000007b5a00000)]
  0x000001468fde0000 JavaThread "Unconstrained build operations Thread 12" [_thread_blocked, id=29840, stack(0x00000007b5a00000,0x00000007b5b00000)]
  0x000001468fdec800 JavaThread "Unconstrained build operations Thread 13" [_thread_blocked, id=34788, stack(0x00000007b5b00000,0x00000007b5c00000)]
  0x000001468fdeb000 JavaThread "Unconstrained build operations Thread 14" [_thread_blocked, id=26548, stack(0x00000007b5c00000,0x00000007b5d00000)]
  0x000001468fde8800 JavaThread "Unconstrained build operations Thread 15" [_thread_blocked, id=29020, stack(0x00000007b5d00000,0x00000007b5e00000)]
  0x000001468fdeb800 JavaThread "Unconstrained build operations Thread 16" [_thread_blocked, id=23616, stack(0x00000007b5e00000,0x00000007b5f00000)]
  0x000001468fde6800 JavaThread "Unconstrained build operations Thread 17" [_thread_blocked, id=15108, stack(0x00000007b5f00000,0x00000007b6000000)]
  0x000001468fded800 JavaThread "Unconstrained build operations Thread 18" [_thread_blocked, id=34784, stack(0x00000007b6000000,0x00000007b6100000)]
  0x000001468fde9000 JavaThread "Unconstrained build operations Thread 19" [_thread_blocked, id=14160, stack(0x00000007b6100000,0x00000007b6200000)]
  0x000001468fde7800 JavaThread "Unconstrained build operations Thread 20" [_thread_blocked, id=10428, stack(0x00000007b6200000,0x00000007b6300000)]
  0x000001468fdee000 JavaThread "Unconstrained build operations Thread 21" [_thread_blocked, id=26140, stack(0x00000007b6300000,0x00000007b6400000)]
  0x000001468fdef000 JavaThread "Unconstrained build operations Thread 22" [_thread_blocked, id=33456, stack(0x00000007b6400000,0x00000007b6500000)]
  0x000001468fdea000 JavaThread "Unconstrained build operations Thread 23" [_thread_blocked, id=29244, stack(0x00000007b6500000,0x00000007b6600000)]
  0x00000146febe7000 JavaThread "Unconstrained build operations Thread 24" [_thread_blocked, id=17504, stack(0x00000007b6600000,0x00000007b6700000)]
  0x00000146febe8000 JavaThread "Unconstrained build operations Thread 25" [_thread_blocked, id=27720, stack(0x00000007b6700000,0x00000007b6800000)]
  0x00000146febe2000 JavaThread "Unconstrained build operations Thread 26" [_thread_blocked, id=12688, stack(0x00000007b6800000,0x00000007b6900000)]
  0x00000146febe3800 JavaThread "jar transforms Thread 8" [_thread_blocked, id=10028, stack(0x00000007b6900000,0x00000007b6a00000)]
  0x00000146febe8800 JavaThread "Memory manager" [_thread_blocked, id=31856, stack(0x00000007b3a00000,0x00000007b3b00000)]
  0x00000146febe6000 JavaThread "Cache worker for Build Output Cleanup Cache (D:\Assignment_Five_SignInPage\android\.gradle\buildOutputCleanup)" [_thread_blocked, id=8140, stack(0x00000007b6a00000,0x00000007b6b00000)]
  0x00000146febe3000 JavaThread "Execution worker" [_thread_blocked, id=33060, stack(0x00000007b6b00000,0x00000007b6c00000)]
  0x00000146febec800 JavaThread "Execution worker Thread 2" [_thread_blocked, id=35728, stack(0x00000007b6c00000,0x00000007b6d00000)]
  0x00000146febeb000 JavaThread "Execution worker Thread 3" [_thread_blocked, id=32500, stack(0x00000007b6d00000,0x00000007b6e00000)]
  0x00000146febec000 JavaThread "Execution worker Thread 4" [_thread_blocked, id=19840, stack(0x00000007b6e00000,0x00000007b6f00000)]
  0x00000146febe9800 JavaThread "Execution worker Thread 5" [_thread_blocked, id=33868, stack(0x00000007b6f00000,0x00000007b7000000)]
  0x00000146febea800 JavaThread "Execution worker Thread 6" [_thread_blocked, id=3828, stack(0x00000007b7000000,0x00000007b7100000)]
  0x00000146febed800 JavaThread "Execution worker Thread 7" [_thread_blocked, id=21188, stack(0x00000007b7100000,0x00000007b7200000)]
  0x00000146febee800 JavaThread "Cache worker for execution history cache (D:\Assignment_Five_SignInPage\node_modules\@react-native\gradle-plugin\.gradle\8.0.1\executionHistory)" [_thread_blocked, id=29680, stack(0x00000007b7200000,0x00000007b7300000)]
  0x00000146febef000 JavaThread "Unconstrained build operations Thread 27" [_thread_blocked, id=32200, stack(0x00000007b7300000,0x00000007b7400000)]
  0x00000146febf0000 JavaThread "Unconstrained build operations Thread 28" [_thread_blocked, id=30688, stack(0x00000007b7400000,0x00000007b7500000)]
  0x00000146febf1000 JavaThread "Unconstrained build operations Thread 29" [_thread_blocked, id=32576, stack(0x00000007b7500000,0x00000007b7600000)]
  0x00000146febd1800 JavaThread "Unconstrained build operations Thread 30" [_thread_blocked, id=11980, stack(0x00000007b7600000,0x00000007b7700000)]
  0x00000146febd2800 JavaThread "Unconstrained build operations Thread 31" [_thread_blocked, id=20484, stack(0x00000007b7700000,0x00000007b7800000)]
  0x000001469052e800 JavaThread "Unconstrained build operations Thread 32" [_thread_blocked, id=14360, stack(0x00000007b7800000,0x00000007b7900000)]
  0x0000014690531800 JavaThread "Unconstrained build operations Thread 33" [_thread_blocked, id=32940, stack(0x00000007b7900000,0x00000007b7a00000)]
  0x0000014690532800 JavaThread "Unconstrained build operations Thread 34" [_thread_blocked, id=6816, stack(0x00000007b7a00000,0x00000007b7b00000)]
  0x0000014690533000 JavaThread "Unconstrained build operations Thread 35" [_thread_blocked, id=30208, stack(0x00000007b7b00000,0x00000007b7c00000)]
  0x0000014690534000 JavaThread "Unconstrained build operations Thread 36" [_thread_blocked, id=10680, stack(0x00000007b7c00000,0x00000007b7d00000)]
  0x000001469052f000 JavaThread "Unconstrained build operations Thread 37" [_thread_blocked, id=25128, stack(0x00000007b7d00000,0x00000007b7e00000)]
  0x0000014690530800 JavaThread "Unconstrained build operations Thread 38" [_thread_blocked, id=19288, stack(0x00000007b7e00000,0x00000007b7f00000)]
  0x0000014690530000 JavaThread "Unconstrained build operations Thread 39" [_thread_blocked, id=6044, stack(0x00000007b7f00000,0x00000007b8000000)]
  0x0000014690539800 JavaThread "Unconstrained build operations Thread 40" [_thread_blocked, id=31992, stack(0x00000007b8000000,0x00000007b8100000)]
  0x0000014690539000 JavaThread "Unconstrained build operations Thread 41" [_thread_blocked, id=34532, stack(0x00000007b8100000,0x00000007b8200000)]
  0x000001469053a800 JavaThread "Unconstrained build operations Thread 42" [_thread_blocked, id=15576, stack(0x00000007b8200000,0x00000007b8300000)]
  0x0000014690536800 JavaThread "Unconstrained build operations Thread 43" [_thread_blocked, id=33768, stack(0x00000007b8300000,0x00000007b8400000)]
  0x0000014690535000 JavaThread "Unconstrained build operations Thread 44" [_thread_blocked, id=30944, stack(0x00000007b8400000,0x00000007b8500000)]
  0x0000014690537800 JavaThread "Unconstrained build operations Thread 45" [_thread_blocked, id=19688, stack(0x00000007b8500000,0x00000007b8600000)]
  0x000001469053b800 JavaThread "Unconstrained build operations Thread 46" [_thread_blocked, id=26364, stack(0x00000007b8600000,0x00000007b8700000)]
  0x0000014690535800 JavaThread "Unconstrained build operations Thread 47" [_thread_blocked, id=34580, stack(0x00000007b8700000,0x00000007b8800000)]
  0x000001469053c000 JavaThread "Unconstrained build operations Thread 48" [_thread_blocked, id=11536, stack(0x00000007b8800000,0x00000007b8900000)]
  0x000001469053d000 JavaThread "Unconstrained build operations Thread 49" [_thread_blocked, id=34944, stack(0x00000007b8900000,0x00000007b8a00000)]
  0x0000014690538000 JavaThread "Unconstrained build operations Thread 50" [_thread_blocked, id=15216, stack(0x00000007b8a00000,0x00000007b8b00000)]
  0x00000146940c9800 JavaThread "Unconstrained build operations Thread 51" [_thread_blocked, id=31588, stack(0x00000007b8b00000,0x00000007b8c00000)]
  0x00000146940cc000 JavaThread "Unconstrained build operations Thread 52" [_thread_blocked, id=27728, stack(0x00000007b8c00000,0x00000007b8d00000)]
  0x00000146940cd800 JavaThread "Unconstrained build operations Thread 53" [_thread_blocked, id=7768, stack(0x00000007b8d00000,0x00000007b8e00000)]
  0x00000146940cd000 JavaThread "Unconstrained build operations Thread 54" [_thread_blocked, id=18636, stack(0x00000007b8e00000,0x00000007b8f00000)]
  0x00000146940c8000 JavaThread "Unconstrained build operations Thread 55" [_thread_blocked, id=18356, stack(0x00000007b8f00000,0x00000007b9000000)]
  0x00000146940ca800 JavaThread "Unconstrained build operations Thread 56" [_thread_blocked, id=28580, stack(0x00000007b9000000,0x00000007b9100000)]
  0x00000146940ce800 JavaThread "Unconstrained build operations Thread 57" [_thread_blocked, id=32412, stack(0x00000007b9100000,0x00000007b9200000)]
  0x00000146940cb000 JavaThread "Unconstrained build operations Thread 58" [_thread_blocked, id=23132, stack(0x00000007b9200000,0x00000007b9300000)]
  0x00000146940c8800 JavaThread "Unconstrained build operations Thread 59" [_thread_blocked, id=26204, stack(0x00000007b9300000,0x00000007b9400000)]
  0x00000146940d2800 JavaThread "Unconstrained build operations Thread 60" [_thread_blocked, id=17192, stack(0x00000007b9400000,0x00000007b9500000)]
  0x00000146940d0000 JavaThread "Unconstrained build operations Thread 61" [_thread_blocked, id=29644, stack(0x00000007b9500000,0x00000007b9600000)]
  0x00000146940d1000 JavaThread "Unconstrained build operations Thread 62" [_thread_blocked, id=34596, stack(0x00000007b9600000,0x00000007b9700000)]
  0x00000146940d3800 JavaThread "Unconstrained build operations Thread 63" [_thread_blocked, id=28272, stack(0x00000007b9700000,0x00000007b9800000)]
  0x00000146940cf800 JavaThread "Unconstrained build operations Thread 64" [_thread_blocked, id=9132, stack(0x00000007b9800000,0x00000007b9900000)]
  0x00000146940d1800 JavaThread "Unconstrained build operations Thread 65" [_thread_blocked, id=33212, stack(0x00000007b9900000,0x00000007b9a00000)]
  0x00000146940d4000 JavaThread "Unconstrained build operations Thread 66" [_thread_blocked, id=31364, stack(0x00000007b9a00000,0x00000007b9b00000)]
  0x00000146940d5000 JavaThread "Unconstrained build operations Thread 67" [_thread_blocked, id=29460, stack(0x00000007b9b00000,0x00000007b9c00000)]
  0x00000146940d6000 JavaThread "Unconstrained build operations Thread 68" [_thread_blocked, id=29592, stack(0x00000007b9c00000,0x00000007b9d00000)]
  0x00000146940d6800 JavaThread "Unconstrained build operations Thread 69" [_thread_blocked, id=29456, stack(0x00000007b9d00000,0x00000007b9e00000)]
  0x00000146934ba800 JavaThread "Unconstrained build operations Thread 70" [_thread_blocked, id=25916, stack(0x00000007b9e00000,0x00000007b9f00000)]
  0x00000146934b9000 JavaThread "Unconstrained build operations Thread 71" [_thread_blocked, id=29884, stack(0x00000007b9f00000,0x00000007ba000000)]
  0x00000146934ba000 JavaThread "Unconstrained build operations Thread 72" [_thread_blocked, id=24936, stack(0x00000007ba000000,0x00000007ba100000)]
  0x00000146934b5000 JavaThread "Unconstrained build operations Thread 73" [_thread_blocked, id=20148, stack(0x00000007ba100000,0x00000007ba200000)]
  0x00000146934b8800 JavaThread "Unconstrained build operations Thread 74" [_thread_blocked, id=11420, stack(0x00000007ba200000,0x00000007ba300000)]
  0x00000146934bb800 JavaThread "Unconstrained build operations Thread 75" [_thread_blocked, id=32896, stack(0x00000007ba300000,0x00000007ba400000)]
  0x00000146934b6000 JavaThread "Unconstrained build operations Thread 76" [_thread_blocked, id=27692, stack(0x00000007ba400000,0x00000007ba500000)]
  0x00000146934bc800 JavaThread "Unconstrained build operations Thread 77" [_thread_blocked, id=32628, stack(0x00000007ba500000,0x00000007ba600000)]
  0x00000146934b6800 JavaThread "Unconstrained build operations Thread 78" [_thread_blocked, id=4864, stack(0x00000007ba600000,0x00000007ba700000)]
  0x00000146934bd000 JavaThread "Unconstrained build operations Thread 79" [_thread_blocked, id=26368, stack(0x00000007ba700000,0x00000007ba800000)]
  0x00000146934b7800 JavaThread "Unconstrained build operations Thread 80" [_thread_blocked, id=19568, stack(0x00000007ba800000,0x00000007ba900000)]

Other Threads:
  0x00000146fc844800 VMThread "VM Thread" [stack: 0x00000007b1d00000,0x00000007b1e00000] [id=6512]
  0x00000146fd355800 WatcherThread [stack: 0x00000007b2700000,0x00000007b2800000] [id=31816]
  0x00000146ec7a8800 GCTaskThread "GC Thread#0" [stack: 0x00000007b1800000,0x00000007b1900000] [id=25112]
  0x00000146fdbe8000 GCTaskThread "GC Thread#1" [stack: 0x00000007b2800000,0x00000007b2900000] [id=27908]
  0x000001468f02d800 GCTaskThread "GC Thread#2" [stack: 0x00000007b1600000,0x00000007b1700000] [id=32092]
  0x000001468f11a000 GCTaskThread "GC Thread#3" [stack: 0x00000007b2900000,0x00000007b2a00000] [id=30828]
  0x000001468f0b0000 GCTaskThread "GC Thread#4" [stack: 0x00000007b3500000,0x00000007b3600000] [id=33600]
  0x00000146fdf26800 GCTaskThread "GC Thread#5" [stack: 0x00000007b3600000,0x00000007b3700000] [id=34760]
  0x00000146feb04000 GCTaskThread "GC Thread#6" [stack: 0x00000007b3700000,0x00000007b3800000] [id=28244]
  0x00000146fe25e800 GCTaskThread "GC Thread#7" [stack: 0x00000007b3800000,0x00000007b3900000] [id=32260]
  0x00000146ec7d9000 ConcurrentGCThread "G1 Main Marker" [stack: 0x00000007b1900000,0x00000007b1a00000] [id=24248]
  0x00000146ec7db800 ConcurrentGCThread "G1 Conc#0" [stack: 0x00000007b1a00000,0x00000007b1b00000] [id=20852]
  0x00000146fe663800 ConcurrentGCThread "G1 Conc#1" [stack: 0x00000007b2a00000,0x00000007b2b00000] [id=32992]
  0x00000146fc6c0800 ConcurrentGCThread "G1 Refine#0" [stack: 0x00000007b1b00000,0x00000007b1c00000] [id=13376]
  0x00000146fc6c1800 ConcurrentGCThread "G1 Young RemSet Sampling" [stack: 0x00000007b1c00000,0x00000007b1d00000] [id=15912]

Threads with active compile tasks:
C2 CompilerThread0  1068829 9162       4       java.lang.reflect.Constructor::newInstance (76 bytes)

VM state:not at safepoint (normal execution)

VM Mutex/Monitor currently owned by a thread: None

Heap address: 0x0000000080000000, size: 2048 MB, Compressed Oops mode: 32-bit
Narrow klass base: 0x0000000000000000, Narrow klass shift: 3
Compressed class space size: 528482304 Address: 0x0000000100000000

Heap:
 garbage-first heap   total 98304K, used 66219K [0x0000000080000000, 0x0000000100000000)
  region size 1024K, 4 young (4096K), 2 survivors (2048K)
 Metaspace       used 77860K, capacity 80171K, committed 80464K, reserved 585728K
  class space    used 9978K, capacity 10916K, committed 11008K, reserved 516096K
Heap Regions: E=young(eden), S=young(survivor), O=old, HS=humongous(starts), HC=humongous(continues), CS=collection set, F=free, A=archive, TAMS=top-at-mark-start (previous, next)
|   0|0x0000000080000000, 0x0000000080100000, 0x0000000080100000|100%|HS|  |TAMS 0x0000000080100000, 0x0000000080000000| Complete 
|   1|0x0000000080100000, 0x0000000080200000, 0x0000000080200000|100%|HC|  |TAMS 0x0000000080200000, 0x0000000080100000| Complete 
|   2|0x0000000080200000, 0x0000000080300000, 0x0000000080300000|100%|HC|  |TAMS 0x0000000080300000, 0x0000000080200000| Complete 
|   3|0x0000000080300000, 0x0000000080400000, 0x0000000080400000|100%|HC|  |TAMS 0x0000000080400000, 0x0000000080300000| Complete 
|   4|0x0000000080400000, 0x0000000080500000, 0x0000000080500000|100%| O|  |TAMS 0x0000000080500000, 0x0000000080400000| Untracked 
|   5|0x0000000080500000, 0x0000000080600000, 0x0000000080600000|100%| O|  |TAMS 0x0000000080600000, 0x0000000080500000| Untracked 
|   6|0x0000000080600000, 0x0000000080700000, 0x0000000080700000|100%| O|  |TAMS 0x0000000080700000, 0x0000000080600000| Untracked 
|   7|0x0000000080700000, 0x0000000080800000, 0x0000000080800000|100%| O|  |TAMS 0x0000000080800000, 0x0000000080700000| Untracked 
|   8|0x0000000080800000, 0x0000000080900000, 0x0000000080900000|100%| O|  |TAMS 0x0000000080900000, 0x0000000080800000| Untracked 
|   9|0x0000000080900000, 0x0000000080a00000, 0x0000000080a00000|100%| O|  |TAMS 0x0000000080a00000, 0x0000000080900000| Untracked 
|  10|0x0000000080a00000, 0x0000000080b00000, 0x0000000080b00000|100%| O|  |TAMS 0x0000000080b00000, 0x0000000080a00000| Untracked 
|  11|0x0000000080b00000, 0x0000000080c00000, 0x0000000080c00000|100%| O|  |TAMS 0x0000000080c00000, 0x0000000080b00000| Untracked 
|  12|0x0000000080c00000, 0x0000000080d00000, 0x0000000080d00000|100%| O|  |TAMS 0x0000000080d00000, 0x0000000080c00000| Untracked 
|  13|0x0000000080d00000, 0x0000000080e00000, 0x0000000080e00000|100%| O|  |TAMS 0x0000000080e00000, 0x0000000080d00000| Untracked 
|  14|0x0000000080e00000, 0x0000000080f00000, 0x0000000080f00000|100%| O|  |TAMS 0x0000000080f00000, 0x0000000080e00000| Untracked 
|  15|0x0000000080f00000, 0x0000000081000000, 0x0000000081000000|100%| O|  |TAMS 0x0000000081000000, 0x0000000080f00000| Untracked 
|  16|0x0000000081000000, 0x0000000081100000, 0x0000000081100000|100%| O|  |TAMS 0x0000000081100000, 0x0000000081000000| Untracked 
|  17|0x0000000081100000, 0x0000000081200000, 0x0000000081200000|100%| O|  |TAMS 0x0000000081200000, 0x0000000081100000| Untracked 
|  18|0x0000000081200000, 0x0000000081300000, 0x0000000081300000|100%| O|  |TAMS 0x0000000081300000, 0x0000000081200000| Untracked 
|  19|0x0000000081300000, 0x0000000081400000, 0x0000000081400000|100%| O|  |TAMS 0x0000000081400000, 0x0000000081300000| Untracked 
|  20|0x0000000081400000, 0x0000000081500000, 0x0000000081500000|100%| O|  |TAMS 0x0000000081500000, 0x0000000081400000| Untracked 
|  21|0x0000000081500000, 0x0000000081600000, 0x0000000081600000|100%| O|  |TAMS 0x0000000081600000, 0x0000000081500000| Untracked 
|  22|0x0000000081600000, 0x0000000081700000, 0x0000000081700000|100%| O|  |TAMS 0x0000000081700000, 0x0000000081600000| Untracked 
|  23|0x0000000081700000, 0x0000000081800000, 0x0000000081800000|100%| O|  |TAMS 0x0000000081800000, 0x0000000081700000| Untracked 
|  24|0x0000000081800000, 0x0000000081900000, 0x0000000081900000|100%| O|  |TAMS 0x0000000081900000, 0x0000000081800000| Untracked 
|  25|0x0000000081900000, 0x0000000081a00000, 0x0000000081a00000|100%| O|  |TAMS 0x0000000081a00000, 0x0000000081900000| Untracked 
|  26|0x0000000081a00000, 0x0000000081b00000, 0x0000000081b00000|100%| O|  |TAMS 0x0000000081b00000, 0x0000000081a00000| Untracked 
|  27|0x0000000081b00000, 0x0000000081c00000, 0x0000000081c00000|100%| O|  |TAMS 0x0000000081c00000, 0x0000000081b00000| Untracked 
|  28|0x0000000081c00000, 0x0000000081d00000, 0x0000000081d00000|100%| O|  |TAMS 0x0000000081d00000, 0x0000000081c00000| Untracked 
|  29|0x0000000081d00000, 0x0000000081e00000, 0x0000000081e00000|100%| O|  |TAMS 0x0000000081e00000, 0x0000000081d00000| Untracked 
|  30|0x0000000081e00000, 0x0000000081f00000, 0x0000000081f00000|100%| O|  |TAMS 0x0000000081f00000, 0x0000000081e00000| Untracked 
|  31|0x0000000081f00000, 0x0000000082000000, 0x0000000082000000|100%|HS|  |TAMS 0x0000000082000000, 0x0000000081f00000| Complete 
|  32|0x0000000082000000, 0x0000000082100000, 0x0000000082100000|100%|HC|  |TAMS 0x0000000082100000, 0x0000000082000000| Complete 
|  33|0x0000000082100000, 0x0000000082200000, 0x0000000082200000|100%|HS|  |TAMS 0x0000000082200000, 0x0000000082100000| Complete 
|  34|0x0000000082200000, 0x0000000082300000, 0x0000000082300000|100%|HC|  |TAMS 0x0000000082300000, 0x0000000082200000| Complete 
|  35|0x0000000082300000, 0x0000000082400000, 0x0000000082400000|100%|HC|  |TAMS 0x0000000082400000, 0x0000000082300000| Complete 
|  36|0x0000000082400000, 0x0000000082500000, 0x0000000082500000|100%|HC|  |TAMS 0x0000000082500000, 0x0000000082400000| Complete 
|  37|0x0000000082500000, 0x0000000082600000, 0x0000000082600000|100%| O|  |TAMS 0x0000000082600000, 0x0000000082500000| Untracked 
|  38|0x0000000082600000, 0x0000000082700000, 0x0000000082700000|100%| O|  |TAMS 0x0000000082700000, 0x0000000082600000| Untracked 
|  39|0x0000000082700000, 0x0000000082800000, 0x0000000082800000|100%| O|  |TAMS 0x0000000082800000, 0x0000000082700000| Untracked 
|  40|0x0000000082800000, 0x0000000082900000, 0x0000000082900000|100%| O|  |TAMS 0x0000000082900000, 0x0000000082800000| Untracked 
|  41|0x0000000082900000, 0x0000000082a00000, 0x0000000082a00000|100%| O|  |TAMS 0x0000000082a00000, 0x0000000082900000| Untracked 
|  42|0x0000000082a00000, 0x0000000082b00000, 0x0000000082b00000|100%| O|  |TAMS 0x0000000082b00000, 0x0000000082a00000| Untracked 
|  43|0x0000000082b00000, 0x0000000082c00000, 0x0000000082c00000|100%| O|  |TAMS 0x0000000082c00000, 0x0000000082b00000| Untracked 
|  44|0x0000000082c00000, 0x0000000082d00000, 0x0000000082d00000|100%| O|  |TAMS 0x0000000082d00000, 0x0000000082c00000| Untracked 
|  45|0x0000000082d00000, 0x0000000082e00000, 0x0000000082e00000|100%| O|  |TAMS 0x0000000082e00000, 0x0000000082d00000| Untracked 
|  46|0x0000000082e00000, 0x0000000082f00000, 0x0000000082f00000|100%| O|  |TAMS 0x0000000082f00000, 0x0000000082e00000| Untracked 
|  47|0x0000000082f00000, 0x0000000083000000, 0x0000000083000000|100%| O|  |TAMS 0x0000000083000000, 0x0000000082f00000| Untracked 
|  48|0x0000000083000000, 0x0000000083100000, 0x0000000083100000|100%| O|  |TAMS 0x0000000083100000, 0x0000000083000000| Untracked 
|  49|0x0000000083100000, 0x0000000083200000, 0x0000000083200000|100%| O|  |TAMS 0x0000000083200000, 0x0000000083100000| Untracked 
|  50|0x0000000083200000, 0x0000000083300000, 0x0000000083300000|100%| O|  |TAMS 0x0000000083300000, 0x0000000083200000| Untracked 
|  51|0x0000000083300000, 0x0000000083400000, 0x0000000083400000|100%| O|  |TAMS 0x0000000083400000, 0x0000000083300000| Untracked 
|  52|0x0000000083400000, 0x0000000083500000, 0x0000000083500000|100%| O|  |TAMS 0x0000000083500000, 0x0000000083400000| Untracked 
|  53|0x0000000083500000, 0x0000000083600000, 0x0000000083600000|100%| O|  |TAMS 0x0000000083600000, 0x0000000083500000| Untracked 
|  54|0x0000000083600000, 0x0000000083700000, 0x0000000083700000|100%| O|  |TAMS 0x0000000083700000, 0x0000000083600000| Untracked 
|  55|0x0000000083700000, 0x0000000083800000, 0x0000000083800000|100%| O|  |TAMS 0x0000000083800000, 0x0000000083700000| Untracked 
|  56|0x0000000083800000, 0x0000000083900000, 0x0000000083900000|100%| O|  |TAMS 0x0000000083900000, 0x0000000083800000| Untracked 
|  57|0x0000000083900000, 0x0000000083a00000, 0x0000000083a00000|100%|HS|  |TAMS 0x0000000083a00000, 0x0000000083900000| Complete 
|  58|0x0000000083a00000, 0x0000000083b00000, 0x0000000083b00000|100%|HS|  |TAMS 0x0000000083b00000, 0x0000000083a00000| Complete 
|  59|0x0000000083b00000, 0x0000000083c00000, 0x0000000083c00000|100%| O|  |TAMS 0x0000000083c00000, 0x0000000083b00000| Untracked 
|  60|0x0000000083c00000, 0x0000000083d00000, 0x0000000083d00000|100%| O|  |TAMS 0x0000000083d00000, 0x0000000083c00000| Untracked 
|  61|0x0000000083d00000, 0x0000000083e00000, 0x0000000083e00000|100%| O|  |TAMS 0x0000000083e00000, 0x0000000083d00000| Untracked 
|  62|0x0000000083e00000, 0x0000000083e71200, 0x0000000083f00000| 44%| O|  |TAMS 0x0000000083e71200, 0x0000000083e00000| Untracked 
|  63|0x0000000083f00000, 0x0000000083f00000, 0x0000000084000000|  0%| F|  |TAMS 0x0000000083f00000, 0x0000000083f00000| Untracked 
|  64|0x0000000084000000, 0x0000000084000000, 0x0000000084100000|  0%| F|  |TAMS 0x0000000084000000, 0x0000000084000000| Untracked 
|  65|0x0000000084100000, 0x0000000084100000, 0x0000000084200000|  0%| F|  |TAMS 0x0000000084100000, 0x0000000084100000| Untracked 
|  66|0x0000000084200000, 0x0000000084200000, 0x0000000084300000|  0%| F|  |TAMS 0x0000000084200000, 0x0000000084200000| Untracked 
|  67|0x0000000084300000, 0x0000000084300000, 0x0000000084400000|  0%| F|  |TAMS 0x0000000084300000, 0x0000000084300000| Untracked 
|  68|0x0000000084400000, 0x0000000084400000, 0x0000000084500000|  0%| F|  |TAMS 0x0000000084400000, 0x0000000084400000| Untracked 
|  69|0x0000000084500000, 0x0000000084500000, 0x0000000084600000|  0%| F|  |TAMS 0x0000000084500000, 0x0000000084500000| Untracked 
|  70|0x0000000084600000, 0x0000000084600000, 0x0000000084700000|  0%| F|  |TAMS 0x0000000084600000, 0x0000000084600000| Untracked 
|  71|0x0000000084700000, 0x0000000084700000, 0x0000000084800000|  0%| F|  |TAMS 0x0000000084700000, 0x0000000084700000| Untracked 
|  72|0x0000000084800000, 0x0000000084800000, 0x0000000084900000|  0%| F|  |TAMS 0x0000000084800000, 0x0000000084800000| Untracked 
|  73|0x0000000084900000, 0x0000000084900000, 0x0000000084a00000|  0%| F|  |TAMS 0x0000000084900000, 0x0000000084900000| Untracked 
|  74|0x0000000084a00000, 0x0000000084a00000, 0x0000000084b00000|  0%| F|  |TAMS 0x0000000084a00000, 0x0000000084a00000| Untracked 
|  75|0x0000000084b00000, 0x0000000084b00000, 0x0000000084c00000|  0%| F|  |TAMS 0x0000000084b00000, 0x0000000084b00000| Untracked 
|  76|0x0000000084c00000, 0x0000000084c00000, 0x0000000084d00000|  0%| F|  |TAMS 0x0000000084c00000, 0x0000000084c00000| Untracked 
|  77|0x0000000084d00000, 0x0000000084d00000, 0x0000000084e00000|  0%| F|  |TAMS 0x0000000084d00000, 0x0000000084d00000| Untracked 
|  78|0x0000000084e00000, 0x0000000084e00000, 0x0000000084f00000|  0%| F|  |TAMS 0x0000000084e00000, 0x0000000084e00000| Untracked 
|  79|0x0000000084f00000, 0x0000000084f00000, 0x0000000085000000|  0%| F|  |TAMS 0x0000000084f00000, 0x0000000084f00000| Untracked 
|  80|0x0000000085000000, 0x0000000085000000, 0x0000000085100000|  0%| F|  |TAMS 0x0000000085000000, 0x0000000085000000| Untracked 
|  81|0x0000000085100000, 0x0000000085139cb8, 0x0000000085200000| 22%| S|CS|TAMS 0x0000000085100000, 0x0000000085100000| Complete 
|  82|0x0000000085200000, 0x0000000085300000, 0x0000000085300000|100%| S|CS|TAMS 0x0000000085200000, 0x0000000085200000| Complete 
|  83|0x0000000085300000, 0x0000000085300000, 0x0000000085400000|  0%| F|  |TAMS 0x0000000085300000, 0x0000000085300000| Untracked 
|  84|0x0000000085400000, 0x0000000085400000, 0x0000000085500000|  0%| F|  |TAMS 0x0000000085400000, 0x0000000085400000| Untracked 
|  85|0x0000000085500000, 0x0000000085500000, 0x0000000085600000|  0%| F|  |TAMS 0x0000000085500000, 0x0000000085500000| Untracked 
|  86|0x0000000085600000, 0x0000000085600000, 0x0000000085700000|  0%| F|  |TAMS 0x0000000085600000, 0x0000000085600000| Untracked 
|  87|0x0000000085700000, 0x0000000085700000, 0x0000000085800000|  0%| F|  |TAMS 0x0000000085700000, 0x0000000085700000| Untracked 
|  88|0x0000000085800000, 0x0000000085800000, 0x0000000085900000|  0%| F|  |TAMS 0x0000000085800000, 0x0000000085800000| Untracked 
|  89|0x0000000085900000, 0x0000000085900000, 0x0000000085a00000|  0%| F|  |TAMS 0x0000000085900000, 0x0000000085900000| Untracked 
|  90|0x0000000085a00000, 0x0000000085a00000, 0x0000000085b00000|  0%| F|  |TAMS 0x0000000085a00000, 0x0000000085a00000| Untracked 
|  91|0x0000000085b00000, 0x0000000085b00000, 0x0000000085c00000|  0%| F|  |TAMS 0x0000000085b00000, 0x0000000085b00000| Untracked 
|  92|0x0000000085c00000, 0x0000000085c00000, 0x0000000085d00000|  0%| F|  |TAMS 0x0000000085c00000, 0x0000000085c00000| Untracked 
|  93|0x0000000085d00000, 0x0000000085d00000, 0x0000000085e00000|  0%| F|  |TAMS 0x0000000085d00000, 0x0000000085d00000| Untracked 
|  94|0x0000000085e00000, 0x0000000085e59550, 0x0000000085f00000| 34%| E|  |TAMS 0x0000000085e00000, 0x0000000085e00000| Complete 
|  95|0x0000000085f00000, 0x0000000086000000, 0x0000000086000000|100%| E|CS|TAMS 0x0000000085f00000, 0x0000000085f00000| Complete 

Card table byte_map: [0x00000146f5630000,0x00000146f5a30000] _byte_map_base: 0x00000146f5230000

Marking Bits (Prev, Next): (CMBitMap*) 0x00000146ec7d04a8, (CMBitMap*) 0x00000146ec7d04e0
 Prev Bits: [0x00000146f5e30000, 0x00000146f7e30000)
 Next Bits: [0x00000146f7e30000, 0x00000146f9e30000)

Polling page: 0x00000146ebf60000

Metaspace:

Usage:
  Non-class:     67.63 MB capacity,    66.31 MB ( 98%) used,     1.08 MB (  2%) free+waste,   251.63 KB ( <1%) overhead. 
      Class:     10.66 MB capacity,     9.75 MB ( 91%) used,   817.55 KB (  7%) free+waste,   119.44 KB (  1%) overhead. 
       Both:     78.29 MB capacity,    76.05 MB ( 97%) used,     1.88 MB (  2%) free+waste,   371.06 KB ( <1%) overhead. 

Virtual space:
  Non-class space:       68.00 MB reserved,      67.83 MB (>99%) committed 
      Class space:      504.00 MB reserved,      10.75 MB (  2%) committed 
             Both:      572.00 MB reserved,      78.58 MB ( 14%) committed 

Chunk freelists:
   Non-Class:  9.00 KB
       Class:  28.00 KB
        Both:  37.00 KB

MaxMetaspaceSize: 512.00 MB
CompressedClassSpaceSize: 504.00 MB
Initial GC threshold: 20.80 MB
Current GC threshold: 129.09 MB
CDS: off

CodeHeap 'non-profiled nmethods': size=120000Kb used=5745Kb max_used=5745Kb free=114254Kb
 bounds [0x0000014687ad0000, 0x0000014688070000, 0x000001468f000000]
CodeHeap 'profiled nmethods': size=120000Kb used=19680Kb max_used=19680Kb free=100319Kb
 bounds [0x00000146805a0000, 0x00000146818e0000, 0x0000014687ad0000]
CodeHeap 'non-nmethods': size=5760Kb used=2364Kb max_used=2419Kb free=3395Kb
 bounds [0x0000014680000000, 0x0000014680270000, 0x00000146805a0000]
 total_blobs=9983 nmethods=9098 adapters=797
 compilation: enabled
              stopped_count=0, restarted_count=0
 full_count=0

Compilation events (20 events):
Event: 1068.303 Thread 0x00000146fd21f800 nmethod 9152 0x00000146818d1010 code [0x00000146818d1220, 0x00000146818d16c8]
Event: 1068.303 Thread 0x00000146fd21f800 9153       3       com.google.common.reflect.Types::newParameterizedTypeWithOwner (44 bytes)
Event: 1068.305 Thread 0x00000146fd21f800 nmethod 9153 0x00000146818d1890 code [0x00000146818d1b60, 0x00000146818d2808]
Event: 1068.305 Thread 0x00000146fd21f800 9154       3       com.google.common.reflect.Types::newParameterizedType (17 bytes)
Event: 1068.306 Thread 0x00000146fd21f800 nmethod 9154 0x00000146818d2c90 code [0x00000146818d2ec0, 0x00000146818d3458]
Event: 1068.306 Thread 0x00000146fd21f800 9155       3       com.google.common.reflect.Types$ParameterizedTypeImpl::<init> (55 bytes)
Event: 1068.309 Thread 0x00000146fd21f800 nmethod 9155 0x00000146818d3690 code [0x00000146818d3920, 0x00000146818d44a8]
Event: 1068.346 Thread 0x00000146fd1b4800 9156       4       java.util.concurrent.locks.ReentrantLock$NonfairSync::tryAcquire (6 bytes)
Event: 1068.353 Thread 0x00000146fd1b4800 nmethod 9156 0x000001468806b890 code [0x000001468806ba20, 0x000001468806bbb8]
Event: 1068.368 Thread 0x00000146fd21f800 9157       3       com.google.common.collect.AbstractIndexedListIterator::hasNext (17 bytes)
Event: 1068.368 Thread 0x00000146fd21f800 nmethod 9157 0x00000146818d4890 code [0x00000146818d4a40, 0x00000146818d4b98]
Event: 1068.371 Thread 0x00000146fd1b4800 9158   !   4       org.gradle.internal.service.DefaultServiceRegistry$SingletonService::prepare (111 bytes)
Event: 1068.378 Thread 0x00000146fd21f800 9159       3       com.google.common.reflect.TypeResolver::covariantly (15 bytes)
Event: 1068.380 Thread 0x00000146fd21f800 nmethod 9159 0x00000146818d4c10 code [0x00000146818d4f20, 0x00000146818d61d8]
Event: 1068.380 Thread 0x00000146fd21f800 9160       3       com.google.common.reflect.TypeResolver::<init> (16 bytes)
Event: 1068.381 Thread 0x00000146fd21f800 nmethod 9160 0x00000146818d6810 code [0x00000146818d69e0, 0x00000146818d6d78]
Event: 1068.381 Thread 0x00000146fd21f800 9161       3       com.google.common.reflect.TypeResolver$TypeMappingIntrospector::getTypeMappings (33 bytes)
Event: 1068.381 Thread 0x00000146fd1b4800 nmethod 9158 0x000001468806bc90 code [0x000001468806be40, 0x000001468806c418]
Event: 1068.382 Thread 0x00000146fd21f800 nmethod 9161 0x00000146818d6e90 code [0x00000146818d7120, 0x00000146818d7e08]
Event: 1068.398 Thread 0x00000146fd1b4800 9162       4       java.lang.reflect.Constructor::newInstance (76 bytes)

GC Heap History (20 events):
Event: 876.325 GC heap before
{Heap before GC invocations=27 (full 0):
 garbage-first heap   total 98304K, used 82323K [0x0000000080000000, 0x0000000100000000)
  region size 1024K, 31 young (31744K), 2 survivors (2048K)
 Metaspace       used 68765K, capacity 70753K, committed 71120K, reserved 577536K
  class space    used 8908K, capacity 9742K, committed 9856K, reserved 516096K
}
Event: 876.410 GC heap after
{Heap after GC invocations=28 (full 0):
 garbage-first heap   total 98304K, used 53146K [0x0000000080000000, 0x0000000100000000)
  region size 1024K, 2 young (2048K), 2 survivors (2048K)
 Metaspace       used 68765K, capacity 70753K, committed 71120K, reserved 577536K
  class space    used 8908K, capacity 9742K, committed 9856K, reserved 516096K
}
Event: 901.878 GC heap before
{Heap before GC invocations=29 (full 0):
 garbage-first heap   total 98304K, used 82842K [0x0000000080000000, 0x0000000100000000)
  region size 1024K, 31 young (31744K), 2 survivors (2048K)
 Metaspace       used 69494K, capacity 71586K, committed 71632K, reserved 579584K
  class space    used 8986K, capacity 9839K, committed 9856K, reserved 516096K
}
Event: 901.906 GC heap after
{Heap after GC invocations=30 (full 0):
 garbage-first heap   total 98304K, used 54658K [0x0000000080000000, 0x0000000100000000)
  region size 1024K, 4 young (4096K), 4 survivors (4096K)
 Metaspace       used 69494K, capacity 71586K, committed 71632K, reserved 579584K
  class space    used 8986K, capacity 9839K, committed 9856K, reserved 516096K
}
Event: 915.137 GC heap before
{Heap before GC invocations=30 (full 0):
 garbage-first heap   total 98304K, used 81282K [0x0000000080000000, 0x0000000100000000)
  region size 1024K, 31 young (31744K), 4 survivors (4096K)
 Metaspace       used 71148K, capacity 73371K, committed 73552K, reserved 579584K
  class space    used 9240K, capacity 10133K, committed 10240K, reserved 516096K
}
Event: 915.175 GC heap after
{Heap after GC invocations=31 (full 0):
 garbage-first heap   total 98304K, used 56485K [0x0000000080000000, 0x0000000100000000)
  region size 1024K, 4 young (4096K), 4 survivors (4096K)
 Metaspace       used 71148K, capacity 73371K, committed 73552K, reserved 579584K
  class space    used 9240K, capacity 10133K, committed 10240K, reserved 516096K
}
Event: 919.062 GC heap before
{Heap before GC invocations=32 (full 0):
 garbage-first heap   total 98304K, used 82085K [0x0000000080000000, 0x0000000100000000)
  region size 1024K, 30 young (30720K), 4 survivors (4096K)
 Metaspace       used 73044K, capacity 75256K, committed 75600K, reserved 581632K
  class space    used 9450K, capacity 10375K, committed 10496K, reserved 516096K
}
Event: 919.086 GC heap after
{Heap after GC invocations=33 (full 0):
 garbage-first heap   total 98304K, used 58743K [0x0000000080000000, 0x0000000100000000)
  region size 1024K, 3 young (3072K), 3 survivors (3072K)
 Metaspace       used 73044K, capacity 75256K, committed 75600K, reserved 581632K
  class space    used 9450K, capacity 10375K, committed 10496K, reserved 516096K
}
Event: 947.804 GC heap before
{Heap before GC invocations=33 (full 0):
 garbage-first heap   total 98304K, used 81271K [0x0000000080000000, 0x0000000100000000)
  region size 1024K, 26 young (26624K), 3 survivors (3072K)
 Metaspace       used 73446K, capacity 75687K, committed 75856K, reserved 581632K
  class space    used 9499K, capacity 10429K, committed 10496K, reserved 516096K
}
Event: 947.931 GC heap after
{Heap after GC invocations=34 (full 0):
 garbage-first heap   total 98304K, used 59060K [0x0000000080000000, 0x0000000100000000)
  region size 1024K, 3 young (3072K), 3 survivors (3072K)
 Metaspace       used 73446K, capacity 75687K, committed 75856K, reserved 581632K
  class space    used 9499K, capacity 10429K, committed 10496K, reserved 516096K
}
Event: 958.798 GC heap before
{Heap before GC invocations=35 (full 0):
 garbage-first heap   total 98304K, used 61108K [0x0000000080000000, 0x0000000100000000)
  region size 1024K, 6 young (6144K), 3 survivors (3072K)
 Metaspace       used 73459K, capacity 75698K, committed 75856K, reserved 581632K
  class space    used 9501K, capacity 10431K, committed 10496K, reserved 516096K
}
Event: 958.925 GC heap after
{Heap after GC invocations=36 (full 0):
 garbage-first heap   total 98304K, used 59209K [0x0000000080000000, 0x0000000100000000)
  region size 1024K, 1 young (1024K), 1 survivors (1024K)
 Metaspace       used 73459K, capacity 75698K, committed 75856K, reserved 581632K
  class space    used 9501K, capacity 10431K, committed 10496K, reserved 516096K
}
Event: 961.353 GC heap before
{Heap before GC invocations=37 (full 0):
 garbage-first heap   total 98304K, used 61257K [0x0000000080000000, 0x0000000100000000)
  region size 1024K, 4 young (4096K), 1 survivors (1024K)
 Metaspace       used 73536K, capacity 75810K, committed 75856K, reserved 581632K
  class space    used 9509K, capacity 10471K, committed 10496K, reserved 516096K
}
Event: 961.394 GC heap after
{Heap after GC invocations=38 (full 0):
 garbage-first heap   total 98304K, used 61669K [0x0000000080000000, 0x0000000100000000)
  region size 1024K, 3 young (3072K), 3 survivors (3072K)
 Metaspace       used 73536K, capacity 75810K, committed 75856K, reserved 581632K
  class space    used 9509K, capacity 10471K, committed 10496K, reserved 516096K
}
Event: 974.351 GC heap before
{Heap before GC invocations=39 (full 0):
 garbage-first heap   total 98304K, used 73957K [0x0000000080000000, 0x0000000100000000)
  region size 1024K, 15 young (15360K), 3 survivors (3072K)
 Metaspace       used 74783K, capacity 77026K, committed 77264K, reserved 583680K
  class space    used 9658K, capacity 10599K, committed 10624K, reserved 516096K
}
Event: 974.403 GC heap after
{Heap after GC invocations=40 (full 0):
 garbage-first heap   total 98304K, used 64061K [0x0000000080000000, 0x0000000100000000)
  region size 1024K, 2 young (2048K), 2 survivors (2048K)
 Metaspace       used 74783K, capacity 77026K, committed 77264K, reserved 583680K
  class space    used 9658K, capacity 10599K, committed 10624K, reserved 516096K
}
Event: 1021.679 GC heap before
{Heap before GC invocations=40 (full 0):
 garbage-first heap   total 98304K, used 76349K [0x0000000080000000, 0x0000000100000000)
  region size 1024K, 14 young (14336K), 2 survivors (2048K)
 Metaspace       used 76199K, capacity 78526K, committed 78672K, reserved 585728K
  class space    used 9812K, capacity 10752K, committed 10752K, reserved 516096K
}
Event: 1022.290 GC heap after
{Heap after GC invocations=41 (full 0):
 garbage-first heap   total 98304K, used 64572K [0x0000000080000000, 0x0000000100000000)
  region size 1024K, 1 young (1024K), 1 survivors (1024K)
 Metaspace       used 76199K, capacity 78526K, committed 78672K, reserved 585728K
  class space    used 9812K, capacity 10752K, committed 10752K, reserved 516096K
}
Event: 1064.639 GC heap before
{Heap before GC invocations=42 (full 0):
 garbage-first heap   total 98304K, used 75836K [0x0000000080000000, 0x0000000100000000)
  region size 1024K, 13 young (13312K), 1 survivors (1024K)
 Metaspace       used 77799K, capacity 80167K, committed 80464K, reserved 585728K
  class space    used 9975K, capacity 10915K, committed 11008K, reserved 516096K
}
Event: 1066.689 GC heap after
{Heap after GC invocations=43 (full 0):
 garbage-first heap   total 98304K, used 65195K [0x0000000080000000, 0x0000000100000000)
  region size 1024K, 2 young (2048K), 2 survivors (2048K)
 Metaspace       used 77799K, capacity 80167K, committed 80464K, reserved 585728K
  class space    used 9975K, capacity 10915K, committed 11008K, reserved 516096K
}

Deoptimization events (20 events):
Event: 1030.578 Thread 0x000001468f0af800 Uncommon trap: trap_request=0xffffffde fr.pc=0x0000014687e7143c relative=0x00000000000017fc
Event: 1030.578 Thread 0x000001468f0af800 Uncommon trap: reason=class_check action=maybe_recompile pc=0x0000014687e7143c method=sun.management.spi.PlatformMBeanProvider$PlatformComponent.getMBeans(Ljava/lang/Class;)Ljava/util/List; @ 26 c2
Event: 1030.578 Thread 0x000001468f0af800 DEOPT PACKING pc=0x0000014687e7143c sp=0x00000007b31f7050
Event: 1030.579 Thread 0x000001468f0af800 DEOPT UNPACKING pc=0x000001468004a1af sp=0x00000007b31f7028 mode 2
Event: 1031.168 Thread 0x000001468f0af800 Uncommon trap: trap_request=0xffffffde fr.pc=0x0000014687e7143c relative=0x00000000000017fc
Event: 1031.168 Thread 0x000001468f0af800 Uncommon trap: reason=class_check action=maybe_recompile pc=0x0000014687e7143c method=sun.management.spi.PlatformMBeanProvider$PlatformComponent.getMBeans(Ljava/lang/Class;)Ljava/util/List; @ 26 c2
Event: 1031.168 Thread 0x000001468f0af800 DEOPT PACKING pc=0x0000014687e7143c sp=0x00000007b31f6c30
Event: 1031.168 Thread 0x000001468f0af800 DEOPT UNPACKING pc=0x000001468004a1af sp=0x00000007b31f6bf8 mode 2
Event: 1031.600 Thread 0x000001468f0af800 Uncommon trap: trap_request=0xffffffde fr.pc=0x0000014687e7143c relative=0x00000000000017fc
Event: 1031.600 Thread 0x000001468f0af800 Uncommon trap: reason=class_check action=maybe_recompile pc=0x0000014687e7143c method=sun.management.spi.PlatformMBeanProvider$PlatformComponent.getMBeans(Ljava/lang/Class;)Ljava/util/List; @ 26 c2
Event: 1031.600 Thread 0x000001468f0af800 DEOPT PACKING pc=0x0000014687e7143c sp=0x00000007b31f7040
Event: 1031.600 Thread 0x000001468f0af800 DEOPT UNPACKING pc=0x000001468004a1af sp=0x00000007b31f7018 mode 2
Event: 1063.529 Thread 0x000001468f0af800 Uncommon trap: trap_request=0xffffffc6 fr.pc=0x0000014687f07418 relative=0x0000000000000058
Event: 1063.529 Thread 0x000001468f0af800 Uncommon trap: reason=bimorphic_or_optimized_type_check action=maybe_recompile pc=0x0000014687f07418 method=java.util.AbstractQueue.add(Ljava/lang/Object;)Z @ 2 c2
Event: 1063.529 Thread 0x000001468f0af800 DEOPT PACKING pc=0x0000014687f07418 sp=0x00000007b31f7fb0
Event: 1063.529 Thread 0x000001468f0af800 DEOPT UNPACKING pc=0x000001468004a1af sp=0x00000007b31f7f78 mode 2
Event: 1063.529 Thread 0x000001468f0af800 Uncommon trap: trap_request=0xffffffc6 fr.pc=0x0000014687f07418 relative=0x0000000000000058
Event: 1063.529 Thread 0x000001468f0af800 Uncommon trap: reason=bimorphic_or_optimized_type_check action=maybe_recompile pc=0x0000014687f07418 method=java.util.AbstractQueue.add(Ljava/lang/Object;)Z @ 2 c2
Event: 1063.529 Thread 0x000001468f0af800 DEOPT PACKING pc=0x0000014687f07418 sp=0x00000007b31f7fb0
Event: 1063.529 Thread 0x000001468f0af800 DEOPT UNPACKING pc=0x000001468004a1af sp=0x00000007b31f7f78 mode 2

Classes redefined (0 events):
No events

Internal exceptions (20 events):
Event: 961.448 Thread 0x000001468f0af800 Exception <a 'java/security/PrivilegedActionException'{0x0000000085f5ec00}> (0x0000000085f5ec00) thrown at [./src/hotspot/share/prims/jvm.cpp, line 1306]
Event: 961.449 Thread 0x000001468f0af800 Exception <a 'java/security/PrivilegedActionException'{0x0000000085f60168}> (0x0000000085f60168) thrown at [./src/hotspot/share/prims/jvm.cpp, line 1306]
Event: 961.450 Thread 0x000001468f0af800 Exception <a 'java/security/PrivilegedActionException'{0x0000000085f636a8}> (0x0000000085f636a8) thrown at [./src/hotspot/share/prims/jvm.cpp, line 1306]
Event: 961.450 Thread 0x000001468f0af800 Exception <a 'java/security/PrivilegedActionException'{0x0000000085f64c10}> (0x0000000085f64c10) thrown at [./src/hotspot/share/prims/jvm.cpp, line 1306]
Event: 961.452 Thread 0x000001468f0af800 Exception <a 'java/security/PrivilegedActionException'{0x0000000085f680a8}> (0x0000000085f680a8) thrown at [./src/hotspot/share/prims/jvm.cpp, line 1306]
Event: 961.453 Thread 0x000001468f0af800 Exception <a 'java/security/PrivilegedActionException'{0x0000000085f69610}> (0x0000000085f69610) thrown at [./src/hotspot/share/prims/jvm.cpp, line 1306]
Event: 966.733 Thread 0x000001468f0af800 Exception <a 'java/security/PrivilegedActionException'{0x000000008569bb48}> (0x000000008569bb48) thrown at [./src/hotspot/share/prims/jvm.cpp, line 1306]
Event: 966.733 Thread 0x000001468f0af800 Exception <a 'java/security/PrivilegedActionException'{0x000000008569d0b0}> (0x000000008569d0b0) thrown at [./src/hotspot/share/prims/jvm.cpp, line 1306]
Event: 966.733 Thread 0x000001468f0af800 Exception <a 'java/security/PrivilegedActionException'{0x00000000856a0548}> (0x00000000856a0548) thrown at [./src/hotspot/share/prims/jvm.cpp, line 1306]
Event: 966.733 Thread 0x000001468f0af800 Exception <a 'java/security/PrivilegedActionException'{0x00000000856a1ab0}> (0x00000000856a1ab0) thrown at [./src/hotspot/share/prims/jvm.cpp, line 1306]
Event: 966.734 Thread 0x000001468f0af800 Exception <a 'java/security/PrivilegedActionException'{0x00000000856a5050}> (0x00000000856a5050) thrown at [./src/hotspot/share/prims/jvm.cpp, line 1306]
Event: 966.734 Thread 0x000001468f0af800 Exception <a 'java/security/PrivilegedActionException'{0x00000000856a65b8}> (0x00000000856a65b8) thrown at [./src/hotspot/share/prims/jvm.cpp, line 1306]
Event: 966.734 Thread 0x000001468f0af800 Exception <a 'java/security/PrivilegedActionException'{0x00000000856a9a58}> (0x00000000856a9a58) thrown at [./src/hotspot/share/prims/jvm.cpp, line 1306]
Event: 966.734 Thread 0x000001468f0af800 Exception <a 'java/security/PrivilegedActionException'{0x00000000856aafc0}> (0x00000000856aafc0) thrown at [./src/hotspot/share/prims/jvm.cpp, line 1306]
Event: 966.735 Thread 0x000001468f0af800 Exception <a 'java/security/PrivilegedActionException'{0x00000000856ae4d8}> (0x00000000856ae4d8) thrown at [./src/hotspot/share/prims/jvm.cpp, line 1306]
Event: 966.735 Thread 0x000001468f0af800 Exception <a 'java/security/PrivilegedActionException'{0x00000000856afa40}> (0x00000000856afa40) thrown at [./src/hotspot/share/prims/jvm.cpp, line 1306]
Event: 966.735 Thread 0x000001468f0af800 Exception <a 'java/security/PrivilegedActionException'{0x00000000856b2fe0}> (0x00000000856b2fe0) thrown at [./src/hotspot/share/prims/jvm.cpp, line 1306]
Event: 966.735 Thread 0x000001468f0af800 Exception <a 'java/security/PrivilegedActionException'{0x00000000856b4808}> (0x00000000856b4808) thrown at [./src/hotspot/share/prims/jvm.cpp, line 1306]
Event: 999.346 Thread 0x000001468f0af800 Exception <a 'java/lang/NoSuchMethodError'{0x0000000085769db0}: 'java.lang.Object java.lang.invoke.DirectMethodHandle$Holder.invokeStatic(java.lang.Object, java.lang.Object, java.lang.Object, java.lang.Object, java.lang.Object, java.lang.Object, java.lang.Object, java.lang.Object, java.lang.Object, java.lang.Object, java.lang.Object, java.lang.Object, java.lang.Object, int)'> (0x0000000085769db0) thrown at [./src/hotspot/share/interpreter/linkResolver.cpp, line 773]
Event: 1000.328 Thread 0x000001468f0af800 Exception <a 'java/lang/NoSuchMethodError'{0x0000000085777798}: 'java.lang.Object java.lang.invoke.DirectMethodHandle$Holder.invokeStatic(java.lang.Object, java.lang.Object, java.lang.Object, java.lang.Object, java.lang.Object, java.lang.Object, java.lang.Object, java.lang.Object, java.lang.Object, java.lang.Object, java.lang.Object, java.lang.Object, java.lang.Object, int, int)'> (0x0000000085777798) thrown at [./src/hotspot/share/interpreter/linkResolver.cpp, line 773]

Events (20 events):
Event: 1064.433 loading class kotlin/KotlinNothingValueException
Event: 1064.433 loading class kotlin/KotlinNothingValueException done
Event: 1064.515 Executing VM operation: G1CollectForAllocation
Event: 1066.689 Executing VM operation: G1CollectForAllocation done
Event: 1066.719 Executing VM operation: RevokeBias
Event: 1066.726 Executing VM operation: RevokeBias done
Event: 1066.726 Executing VM operation: RevokeBias
Event: 1066.728 Executing VM operation: RevokeBias done
Event: 1068.432 loading class com/google/wireless/android/sdk/stats/GradleProjectOptionsSettings$Builder
Event: 1068.432 loading class com/google/wireless/android/sdk/stats/GradleProjectOptionsSettings$Builder done
Event: 1068.433 loading class com/android/build/gradle/options/BooleanOption
Event: 1068.433 loading class com/android/build/gradle/options/BooleanOption done
Event: 1068.433 loading class com/google/wireless/android/sdk/stats/GradleProjectOptionsSettings$Builder
Event: 1068.433 loading class com/google/wireless/android/sdk/stats/GradleProjectOptionsSettings$Builder done
Event: 1068.518 loading class com/android/tools/build/gradle/internal/profile/BooleanOption
Event: 1068.518 loading class com/android/tools/build/gradle/internal/profile/BooleanOption done
Event: 1068.604 loading class com/android/tools/build/gradle/internal/profile/BooleanOption$1
Event: 1068.604 loading class com/android/tools/build/gradle/internal/profile/BooleanOption$1 done
Event: 1068.606 loading class com/android/tools/build/gradle/internal/profile/AnalyticsEnums
Event: 1068.606 loading class com/android/tools/build/gradle/internal/profile/AnalyticsEnums done


Dynamic libraries:
0x00007ff703c50000 - 0x00007ff703c5d000 	C:\Program Files\Microsoft\jdk-11.0.18.10-hotspot\bin\java.exe
0x00007ff9c3c10000 - 0x00007ff9c3e27000 	C:\WINDOWS\SYSTEM32\ntdll.dll
0x00007ff9c2920000 - 0x00007ff9c29e4000 	C:\WINDOWS\System32\KERNEL32.DLL
0x00007ff9c0f90000 - 0x00007ff9c1336000 	C:\WINDOWS\System32\KERNELBASE.dll
0x00007ff9c17e0000 - 0x00007ff9c18f1000 	C:\WINDOWS\System32\ucrtbase.dll
0x00007ff9b8570000 - 0x00007ff9b8587000 	C:\Program Files\Microsoft\jdk-11.0.18.10-hotspot\bin\jli.dll
0x00007ff9b8550000 - 0x00007ff9b8565000 	C:\Program Files\Microsoft\jdk-11.0.18.10-hotspot\bin\VCRUNTIME140.dll
0x00007ff9c1b70000 - 0x00007ff9c1d1e000 	C:\WINDOWS\System32\USER32.dll
0x00007ff9c15c0000 - 0x00007ff9c15e6000 	C:\WINDOWS\System32\win32u.dll
0x00007ff9c1f00000 - 0x00007ff9c1f29000 	C:\WINDOWS\System32\GDI32.dll
0x00007ff9c1340000 - 0x00007ff9c1458000 	C:\WINDOWS\System32\gdi32full.dll
0x00007ff9c1460000 - 0x00007ff9c14fa000 	C:\WINDOWS\System32\msvcp_win.dll
0x00007ff9a9690000 - 0x00007ff9a9923000 	C:\WINDOWS\WinSxS\amd64_microsoft.windows.common-controls_6595b64144ccf1df_6.0.22621.2361_none_2712ced57382f843\COMCTL32.dll
0x00007ff9c20b0000 - 0x00007ff9c2157000 	C:\WINDOWS\System32\msvcrt.dll
0x00007ff9c2e80000 - 0x00007ff9c2eb1000 	C:\WINDOWS\System32\IMM32.DLL
0x00007ff9a28b0000 - 0x00007ff9a294b000 	C:\Program Files\Microsoft\jdk-11.0.18.10-hotspot\bin\msvcp140.dll
0x00007ff92b8b0000 - 0x00007ff92c442000 	C:\Program Files\Microsoft\jdk-11.0.18.10-hotspot\bin\server\jvm.dll
0x00007ff9c38f0000 - 0x00007ff9c39a0000 	C:\WINDOWS\System32\ADVAPI32.dll
0x00007ff9c2ed0000 - 0x00007ff9c2f76000 	C:\WINDOWS\System32\sechost.dll
0x00007ff9c2660000 - 0x00007ff9c2777000 	C:\WINDOWS\System32\RPCRT4.dll
0x00007ff9c2ec0000 - 0x00007ff9c2ec8000 	C:\WINDOWS\System32\PSAPI.DLL
0x00007ff9bc580000 - 0x00007ff9bc5b4000 	C:\WINDOWS\SYSTEM32\WINMM.dll
0x00007ff9bea90000 - 0x00007ff9bea99000 	C:\WINDOWS\SYSTEM32\WSOCK32.dll
0x00007ff9c3af0000 - 0x00007ff9c3b61000 	C:\WINDOWS\System32\WS2_32.dll
0x00007ff9beaf0000 - 0x00007ff9beafa000 	C:\WINDOWS\SYSTEM32\VERSION.dll
0x00007ff9c0010000 - 0x00007ff9c0028000 	C:\WINDOWS\SYSTEM32\kernel.appcore.dll
0x00007ff9b9d40000 - 0x00007ff9b9d50000 	C:\Program Files\Microsoft\jdk-11.0.18.10-hotspot\bin\verify.dll
0x00007ff9bdc00000 - 0x00007ff9bde2e000 	C:\WINDOWS\SYSTEM32\DBGHELP.DLL
0x00007ff9c29f0000 - 0x00007ff9c2d7a000 	C:\WINDOWS\System32\combase.dll
0x00007ff9c1970000 - 0x00007ff9c1a47000 	C:\WINDOWS\System32\OLEAUT32.dll
0x00007ff9b9090000 - 0x00007ff9b90c2000 	C:\WINDOWS\SYSTEM32\dbgcore.DLL
0x00007ff9c1760000 - 0x00007ff9c17da000 	C:\WINDOWS\System32\bcryptPrimitives.dll
0x00007ff9b2810000 - 0x00007ff9b2838000 	C:\Program Files\Microsoft\jdk-11.0.18.10-hotspot\bin\java.dll
0x00007ff9b7ca0000 - 0x00007ff9b7caa000 	C:\Program Files\Microsoft\jdk-11.0.18.10-hotspot\bin\jimage.dll
0x00007ff9b27f0000 - 0x00007ff9b2808000 	C:\Program Files\Microsoft\jdk-11.0.18.10-hotspot\bin\zip.dll
0x00007ff9c2f80000 - 0x00007ff9c37d8000 	C:\WINDOWS\System32\SHELL32.dll
0x00007ff9beea0000 - 0x00007ff9bf792000 	C:\WINDOWS\SYSTEM32\windows.storage.dll
0x00007ff9bed60000 - 0x00007ff9bee9e000 	C:\WINDOWS\SYSTEM32\wintypes.dll
0x00007ff9c2d80000 - 0x00007ff9c2e73000 	C:\WINDOWS\System32\SHCORE.dll
0x00007ff9c1f30000 - 0x00007ff9c1f8e000 	C:\WINDOWS\System32\shlwapi.dll
0x00007ff9c0ec0000 - 0x00007ff9c0ee6000 	C:\WINDOWS\SYSTEM32\profapi.dll
0x00007ff9a6f30000 - 0x00007ff9a6f49000 	C:\Program Files\Microsoft\jdk-11.0.18.10-hotspot\bin\net.dll
0x00007ff9bc9c0000 - 0x00007ff9bcaf7000 	C:\WINDOWS\SYSTEM32\WINHTTP.dll
0x00007ff9c0510000 - 0x00007ff9c0579000 	C:\WINDOWS\system32\mswsock.dll
0x00007ff9a6f10000 - 0x00007ff9a6f23000 	C:\Program Files\Microsoft\jdk-11.0.18.10-hotspot\bin\nio.dll
0x00007ff9939e0000 - 0x00007ff993a07000 	C:\Users\Sahil Rawat\.gradle\native\68d5fa5c4cc2d200863cafc0d521ce42e7d3e7ee720ec0a83991735586a16f82\windows-amd64\native-platform.dll
0x00007ff977bf0000 - 0x00007ff977d34000 	C:\Users\Sahil Rawat\.gradle\native\e376f236ea51e6404a007f0833ffe2c6e607c4080706a723a18a27aeea778392\windows-amd64\native-platform-file-events.dll
0x00007ff9a6f00000 - 0x00007ff9a6f09000 	C:\Program Files\Microsoft\jdk-11.0.18.10-hotspot\bin\management.dll
0x00007ff9a6ef0000 - 0x00007ff9a6efb000 	C:\Program Files\Microsoft\jdk-11.0.18.10-hotspot\bin\management_ext.dll
0x00007ff9c07a0000 - 0x00007ff9c07bb000 	C:\WINDOWS\SYSTEM32\CRYPTSP.dll
0x00007ff9bff70000 - 0x00007ff9bffa5000 	C:\WINDOWS\system32\rsaenh.dll
0x00007ff9c0630000 - 0x00007ff9c065c000 	C:\WINDOWS\SYSTEM32\USERENV.dll
0x00007ff9c0950000 - 0x00007ff9c0978000 	C:\WINDOWS\SYSTEM32\bcrypt.dll
0x00007ff9c0790000 - 0x00007ff9c079c000 	C:\WINDOWS\SYSTEM32\CRYPTBASE.dll
0x00007ff9bfa00000 - 0x00007ff9bfa2d000 	C:\WINDOWS\SYSTEM32\IPHLPAPI.DLL
0x00007ff9c2020000 - 0x00007ff9c2029000 	C:\WINDOWS\System32\NSI.dll
0x00007ff9bccc0000 - 0x00007ff9bccd9000 	C:\WINDOWS\SYSTEM32\dhcpcsvc6.DLL
0x00007ff9bc780000 - 0x00007ff9bc79f000 	C:\WINDOWS\SYSTEM32\dhcpcsvc.DLL
0x00007ff9bfa70000 - 0x00007ff9bfb69000 	C:\WINDOWS\SYSTEM32\DNSAPI.dll

dbghelp: loaded successfully - version: 4.0.5 - missing functions: none
symbol engine: initialized successfully - sym options: 0x614 - pdb path: .;C:\Program Files\Microsoft\jdk-11.0.18.10-hotspot\bin;C:\WINDOWS\SYSTEM32;C:\WINDOWS\WinSxS\amd64_microsoft.windows.common-controls_6595b64144ccf1df_6.0.22621.2361_none_2712ced57382f843;C:\Program Files\Microsoft\jdk-11.0.18.10-hotspot\bin\server;C:\Users\Sahil Rawat\.gradle\native\68d5fa5c4cc2d200863cafc0d521ce42e7d3e7ee720ec0a83991735586a16f82\windows-amd64;C:\Users\Sahil Rawat\.gradle\native\e376f236ea51e6404a007f0833ffe2c6e607c4080706a723a18a27aeea778392\windows-amd64

VM Arguments:
jvm_args: -XX:MaxMetaspaceSize=512m --add-opens=java.base/java.util=ALL-UNNAMED --add-opens=java.base/java.lang=ALL-UNNAMED --add-opens=java.base/java.lang.invoke=ALL-UNNAMED --add-opens=java.prefs/java.util.prefs=ALL-UNNAMED --add-opens=java.base/java.nio.charset=ALL-UNNAMED --add-opens=java.base/java.net=ALL-UNNAMED --add-opens=java.base/java.util.concurrent.atomic=ALL-UNNAMED -Xmx2048m -Dfile.encoding=windows-1252 -Duser.country=IN -Duser.language=en -Duser.variant 
java_command: org.gradle.launcher.daemon.bootstrap.GradleDaemon 8.0.1
java_class_path (initial): C:\Users\Sahil Rawat\.gradle\wrapper\dists\gradle-8.0.1-all\aro4hu1c3oeioove7l0i4i14o\gradle-8.0.1\lib\gradle-launcher-8.0.1.jar
Launcher Type: SUN_STANDARD

[Global flags]
     intx CICompilerCount                          = 4                                         {product} {ergonomic}
   size_t CompressedClassSpaceSize                 = 528482304                                 {product} {ergonomic}
     uint ConcGCThreads                            = 2                                         {product} {ergonomic}
     uint G1ConcRefinementThreads                  = 8                                         {product} {ergonomic}
   size_t G1HeapRegionSize                         = 1048576                                   {product} {ergonomic}
    uintx GCDrainStackTargetSize                   = 64                                        {product} {ergonomic}
   size_t InitialHeapSize                          = 100663296                                 {product} {ergonomic}
   size_t MarkStackSize                            = 4194304                                   {product} {ergonomic}
   size_t MaxHeapSize                              = 2147483648                                {product} {command line}
   size_t MaxMetaspaceSize                         = 536870912                                 {product} {command line}
   size_t MaxNewSize                               = 1287651328                                {product} {ergonomic}
   size_t MinHeapDeltaBytes                        = 1048576                                   {product} {ergonomic}
    uintx NonNMethodCodeHeapSize                   = 5836300                                {pd product} {ergonomic}
    uintx NonProfiledCodeHeapSize                  = 122910970                              {pd product} {ergonomic}
    uintx ProfiledCodeHeapSize                     = 122910970                              {pd product} {ergonomic}
    uintx ReservedCodeCacheSize                    = 251658240                              {pd product} {ergonomic}
     bool SegmentedCodeCache                       = true                                      {product} {ergonomic}
     bool UseCompressedClassPointers               = true                                 {lp64_product} {ergonomic}
     bool UseCompressedOops                        = true                                 {lp64_product} {ergonomic}
     bool UseG1GC                                  = true                                      {product} {ergonomic}
     bool UseLargePagesIndividualAllocation        = false                                  {pd product} {ergonomic}

Logging:
Log output configuration:
 #0: stdout all=warning uptime,level,tags
 #1: stderr all=off uptime,level,tags

Environment Variables:
JAVA_HOME=C:\Program Files\Microsoft\jdk-11.0.18.10-hotspot\
CLASSPATH=D:\Assignment_Five_SignInPage\android\\gradle\wrapper\gradle-wrapper.jar
PATH=D:\Assignment_Five_SignInPage\node_modules\.bin;D:\node_modules\.bin;C:\Users\Sahil Rawat\AppData\Roaming\npm\node_modules\npm\node_modules\@npmcli\run-script\lib\node-gyp-bin;D:\Assignment_Five_SignInPage\node_modules\.bin;D:\node_modules\.bin;C:\Users\Sahil Rawat\AppData\Roaming\npm\node_modules\npm\node_modules\@npmcli\run-script\lib\node-gyp-bin;C:\Program Files\Microsoft\jdk-11.0.18.10-hotspot\bin;C:\Python310\Scripts\;C:\Python310\;C:\Windows\system32;C:\Windows;C:\Windows\System32\Wbem;C:\Windows\System32\WindowsPowerShell\v1.0\;C:\Windows\System32\OpenSSH\;C:\Program Files (x86)\NVIDIA Corporation\PhysX\Common;C:\Program Files\NVIDIA Corporation\NVIDIA NvDLISR;C:\MinGW\bin;C:\Program Files\SourceGear\Common\DiffMerge\;C:\ProgramData\chocolatey\bin;C:\WINDOWS\system32;C:\WINDOWS;C:\WINDOWS\System32\Wbem;C:\WINDOWS\System32\WindowsPowerShell\v1.0\;C:\WINDOWS\System32\OpenSSH\;C:\Users\Sahil Rawat\AppData\Roaming\nvm;C:\Program Files\nodejs;C:\Users\Sahil Rawat\AppData\Local\Android\Sdk\platform-tools;C:\Program Files\Git\cmd;C:\Users\Sahil Rawat\AppData\Local\Microsoft\WindowsApps;C:\Program Files\Java\jdk-16.0.2\bin;C:\Users\Sahil Rawat\AppData\Local\Programs\Hyper\resources\bin;C:\Program Files\heroku\bin;C:\Users\Sahil Rawat\AppData\Local\Programs\Microsoft VS Code\bin;C:\Users\Sahil Rawat\AppData\Roaming\npm;C:\Users\Sahil Rawat\AppData\Roaming\nvm;C:\Program Files\nodejs
USERNAME=Sahil Rawat
LANG=en_US.UTF-8
OS=Windows_NT
PROCESSOR_IDENTIFIER=AMD64 Family 23 Model 24 Stepping 1, AuthenticAMD
TMP=C:\Users\SAHILR~1\AppData\Local\Temp
TEMP=C:\Users\SAHILR~1\AppData\Local\Temp



---------------  S Y S T E M  ---------------

OS: Windows 11 , 64 bit Build 22621 (10.0.22621.2361)
OS uptime: 1 days 22:36 hours
Hyper-V role detected

CPU:total 8 (initial active 8) (8 cores per cpu, 2 threads per core) family 23 model 24 stepping 1 microcode 0x0, cmov, cx8, fxsr, mmx, sse, sse2, sse3, ssse3, sse4.1, sse4.2, popcnt, avx, avx2, aes, clmul, mmxext, 3dnowpref, lzcnt, sse4a, ht, tsc, tscinvbit, tscinv, bmi1, bmi2, adx, sha, fma

Memory: 4k page, system-wide physical 6081M (13M free)
TotalPageFile size 24513M (AvailPageFile size 2M)
current process WorkingSet (physical memory assigned to process): 93M, peak: 210M
current process commit charge ("private bytes"): 344M, peak: 362M

vm_info: OpenJDK 64-Bit Server VM (11.0.18+10-LTS) for windows-amd64 JRE (11.0.18+10-LTS), built on Jan 18 2023 15:56:47 by "MicrosoftCorporation" with MS VC++ 15.9 (VS2017)

END.
