#
# There is insufficient memory for the Java Runtime Environment to continue.
# Native memory allocation (malloc) failed to allocate 1004176 bytes for Chunk::new
# Possible reasons:
#   The system is out of physical RAM or swap space
#   The process is running with CompressedOops enabled, and the Java Heap may be blocking the growth of the native heap
# Possible solutions:
#   Reduce memory load on the system
#   Increase physical memory or swap space
#   Check if swap backing store is full
#   Decrease Java heap size (-Xmx/-Xms)
#   Decrease number of Java threads
#   Decrease Java thread stack sizes (-Xss)
#   Set larger code cache with -XX:ReservedCodeCacheSize=
#   JVM is running with Unscaled Compressed Oops mode in which the Java heap is
#     placed in the first 4GB address space. The Java Heap base address is the
#     maximum limit for the native heap growth. Please use -XX:HeapBaseMinAddress
#     to set the Java Heap base and to place the Java Heap above 4GB virtual address.
# This output file may be truncated or incomplete.
#
#  Out of Memory Error (./src/hotspot/share/memory/arena.cpp:197), pid=23320, tid=6740
#
# JRE version: OpenJDK Runtime Environment Microsoft-7208460 (11.0.18+10) (build 11.0.18+10-LTS)
# Java VM: OpenJDK 64-Bit Server VM Microsoft-7208460 (11.0.18+10-LTS, mixed mode, tiered, compressed oops, g1 gc, windows-amd64)
# No core dump will be written. Minidumps are not enabled by default on client versions of Windows
#

---------------  S U M M A R Y ------------

Command Line: -XX:MaxMetaspaceSize=512m --add-opens=java.base/java.util=ALL-UNNAMED --add-opens=java.base/java.lang=ALL-UNNAMED --add-opens=java.base/java.lang.invoke=ALL-UNNAMED --add-opens=java.prefs/java.util.prefs=ALL-UNNAMED --add-opens=java.base/java.nio.charset=ALL-UNNAMED --add-opens=java.base/java.net=ALL-UNNAMED --add-opens=java.base/java.util.concurrent.atomic=ALL-UNNAMED -Xmx2048m -Dfile.encoding=windows-1252 -Duser.country=IN -Duser.language=en -Duser.variant org.gradle.launcher.daemon.bootstrap.GradleDaemon 8.0.1

Host: AMD Ryzen 5 3550H with Radeon Vega Mobile Gfx  , 8 cores, 5G,  Windows 11 , 64 bit Build 22621 (10.0.22621.2361)
Time: Fri Sep 29 10:39:40 2023 India Standard Time elapsed time: 840.278449 seconds (0d 0h 14m 0s)

---------------  T H R E A D  ---------------

Current thread (0x000001ba74220800):  JavaThread "C2 CompilerThread0" daemon [_thread_in_native, id=6740, stack(0x0000003c44300000,0x0000003c44400000)]


Current CompileTask:
C2: 840278 14309       4       com.google.common.reflect.TypeResolver::resolveType (74 bytes)

Stack: [0x0000003c44300000,0x0000003c44400000]
Native frames: (J=compiled Java code, j=interpreted, Vv=VM code, C=native code)
V  [jvm.dll+0x62bf8a]
V  [jvm.dll+0x7b8fb9]
V  [jvm.dll+0x7ba6a8]
V  [jvm.dll+0x7bad83]
V  [jvm.dll+0x250248]
V  [jvm.dll+0xc260c]
V  [jvm.dll+0xc2bcc]
V  [jvm.dll+0x35e182]
V  [jvm.dll+0x19ebe9]
V  [jvm.dll+0x209495]
V  [jvm.dll+0x20850d]
V  [jvm.dll+0x18a4b1]
V  [jvm.dll+0x217eec]
V  [jvm.dll+0x21612b]
V  [jvm.dll+0x77bac0]
V  [jvm.dll+0x7749f4]
V  [jvm.dll+0x62adf5]
C  [ucrtbase.dll+0x29363]
C  [KERNEL32.DLL+0x1257d]
C  [ntdll.dll+0x5aa78]


---------------  P R O C E S S  ---------------

Threads class SMR info:
_java_thread_list=0x000001ba7744fa70, length=136, elements={
0x000001ba5302e000, 0x000001ba741fa000, 0x000001ba741fc800, 0x000001ba7421a800,
0x000001ba7421b800, 0x000001ba7421c000, 0x000001ba74220800, 0x000001ba74221800,
0x000001ba74225000, 0x000001ba74c75800, 0x000001ba763b1800, 0x000001ba75265800,
0x000001ba76738000, 0x000001ba7669b800, 0x000001ba75a2b800, 0x000001ba762e8800,
0x000001ba74fc4800, 0x000001ba7601a800, 0x000001ba7529d000, 0x000001ba76bf1800,
0x000001ba76bf2000, 0x000001ba76bf3000, 0x000001ba76bf4000, 0x000001ba76bf4800,
0x000001ba76bf0800, 0x000001ba76bf5800, 0x000001ba76bf7000, 0x000001ba76e2c000,
0x000001ba76e31000, 0x000001ba76e2b000, 0x000001ba76e2d000, 0x000001ba76e33800,
0x000001ba76e2d800, 0x000001ba76e34000, 0x000001ba76e2f000, 0x000001ba76e36800,
0x000001ba76e37800, 0x000001ba76e35000, 0x000001ba76e31800, 0x000001ba76e38000,
0x000001ba76e39000, 0x000001ba76e3a000, 0x000001ba76bf6800, 0x000001ba7767b000,
0x000001ba7767e800, 0x000001ba7767c000, 0x000001ba7767c800, 0x000001ba7767f000,
0x000001ba77680000, 0x000001ba7767a000, 0x000001ba77680800, 0x000001ba77682800,
0x000001ba7767d800, 0x000001ba77683000, 0x000001ba77684000, 0x000001ba77681800,
0x000001ba77685000, 0x000001ba77685800, 0x000001ba77686800, 0x000001ba77687000,
0x000001ba77688000, 0x000001ba77689000, 0x000001ba76b6a800, 0x000001ba76b6c000,
0x000001ba76b6d000, 0x000001ba76b68000, 0x000001ba76b6b000, 0x000001ba76b6d800,
0x000001ba76b6e800, 0x000001ba76b6f000, 0x000001ba76b69800, 0x000001ba76b71800,
0x000001ba76b71000, 0x000001ba76b75000, 0x000001ba76b70000, 0x000001ba76b75800,
0x000001ba76b74000, 0x000001ba76b73800, 0x000001ba76b76800, 0x000001ba7b56f000,
0x000001ba7b56b000, 0x000001ba7b569000, 0x000001ba7b56f800, 0x000001ba7b56b800,
0x000001ba7b56c800, 0x000001ba7b56d800, 0x000001ba7b56e000, 0x000001ba7b56a000,
0x000001ba7b576800, 0x000001ba7b570800, 0x000001ba7b575800, 0x000001ba7b573000,
0x000001ba7b574000, 0x000001ba7b574800, 0x000001ba7b577000, 0x000001ba7b571800,
0x000001ba7b578000, 0x000001ba7b572000, 0x000001ba7b2e9000, 0x000001ba7b2e5000,
0x000001ba7b2e4000, 0x000001ba7b2e3800, 0x000001ba7b2e5800, 0x000001ba7b2e8000,
0x000001ba7b2ea800, 0x000001ba7b2e6800, 0x000001ba7b2e7800, 0x000001ba7b2ee800,
0x000001ba7b2ed000, 0x000001ba7b2ec000, 0x000001ba7b2eb800, 0x000001ba7b2ef800,
0x000001ba7b2ee000, 0x000001ba7b2ea000, 0x000001ba7b2f2000, 0x000001ba7b2f1000,
0x000001ba7b2f0800, 0x000001ba7af59000, 0x000001ba7af5a800, 0x000001ba7af5b800,
0x000001ba7af5c000, 0x000001ba7af5d800, 0x000001ba7af59800, 0x000001ba7af62000,
0x000001ba7af61000, 0x000001ba7af62800, 0x000001ba7af60000, 0x000001ba7af5d000,
0x000001ba7af64800, 0x000001ba7af63800, 0x000001ba7af5e800, 0x000001ba7af65000,
0x000001ba7af5f800, 0x000001ba7af66000, 0x000001ba7af66800, 0x000001ba7af67800
}

Java Threads: ( => current thread )
  0x000001ba5302e000 JavaThread "main" [_thread_blocked, id=28408, stack(0x0000003c43700000,0x0000003c43800000)]
  0x000001ba741fa000 JavaThread "Reference Handler" daemon [_thread_blocked, id=30644, stack(0x0000003c43e00000,0x0000003c43f00000)]
  0x000001ba741fc800 JavaThread "Finalizer" daemon [_thread_blocked, id=30648, stack(0x0000003c43f00000,0x0000003c44000000)]
  0x000001ba7421a800 JavaThread "Signal Dispatcher" daemon [_thread_blocked, id=29536, stack(0x0000003c44000000,0x0000003c44100000)]
  0x000001ba7421b800 JavaThread "Attach Listener" daemon [_thread_blocked, id=29608, stack(0x0000003c44100000,0x0000003c44200000)]
  0x000001ba7421c000 JavaThread "Service Thread" daemon [_thread_blocked, id=25764, stack(0x0000003c44200000,0x0000003c44300000)]
=>0x000001ba74220800 JavaThread "C2 CompilerThread0" daemon [_thread_in_native, id=6740, stack(0x0000003c44300000,0x0000003c44400000)]
  0x000001ba74221800 JavaThread "C1 CompilerThread0" daemon [_thread_blocked, id=10640, stack(0x0000003c44400000,0x0000003c44500000)]
  0x000001ba74225000 JavaThread "Sweeper thread" daemon [_thread_blocked, id=12976, stack(0x0000003c44500000,0x0000003c44600000)]
  0x000001ba74c75800 JavaThread "Common-Cleaner" daemon [_thread_blocked, id=8176, stack(0x0000003c44600000,0x0000003c44700000)]
  0x000001ba763b1800 JavaThread "Daemon health stats" [_thread_blocked, id=14940, stack(0x0000003c43400000,0x0000003c43500000)]
  0x000001ba75265800 JavaThread "Incoming local TCP Connector on port 65184" [_thread_in_native, id=19708, stack(0x0000003c44d00000,0x0000003c44e00000)]
  0x000001ba76738000 JavaThread "Daemon periodic checks" [_thread_blocked, id=32084, stack(0x0000003c44e00000,0x0000003c44f00000)]
  0x000001ba7669b800 JavaThread "Daemon" [_thread_blocked, id=34060, stack(0x0000003c44f00000,0x0000003c45000000)]
  0x000001ba75a2b800 JavaThread "Handler for socket connection from /127.0.0.1:65184 to /127.0.0.1:65198" [_thread_in_native, id=29392, stack(0x0000003c45000000,0x0000003c45100000)]
  0x000001ba762e8800 JavaThread "Cancel handler" [_thread_blocked, id=34356, stack(0x0000003c45300000,0x0000003c45400000)]
  0x000001ba74fc4800 JavaThread "Daemon worker" [_thread_blocked, id=12908, stack(0x0000003c43500000,0x0000003c43600000)]
  0x000001ba7601a800 JavaThread "Asynchronous log dispatcher for DefaultDaemonConnection: socket connection from /127.0.0.1:65184 to /127.0.0.1:65198" [_thread_blocked, id=28388, stack(0x0000003c43600000,0x0000003c43700000)]
  0x000001ba7529d000 JavaThread "Daemon client event forwarder" [_thread_blocked, id=32604, stack(0x0000003c45500000,0x0000003c45600000)]
  0x000001ba76bf1800 JavaThread "Cache worker for journal cache (C:\Users\Sahil Rawat\.gradle\caches\journal-1)" [_thread_blocked, id=29928, stack(0x0000003c45b00000,0x0000003c45c00000)]
  0x000001ba76bf2000 JavaThread "File lock request listener" [_thread_in_native, id=15444, stack(0x0000003c45c00000,0x0000003c45d00000)]
  0x000001ba76bf3000 JavaThread "Cache worker for file hash cache (C:\Users\Sahil Rawat\.gradle\caches\8.0.1\fileHashes)" [_thread_blocked, id=18612, stack(0x0000003c45d00000,0x0000003c45e00000)]
  0x000001ba76bf4000 JavaThread "File watcher server" daemon [_thread_in_native, id=9356, stack(0x0000003c45f00000,0x0000003c46000000)]
  0x000001ba76bf4800 JavaThread "File watcher consumer" daemon [_thread_blocked, id=27052, stack(0x0000003c46000000,0x0000003c46100000)]
  0x000001ba76bf0800 JavaThread "Cache worker for checksums cache (D:\Assignment_Five_SignInPage\android\.gradle\8.0.1\checksums)" [_thread_blocked, id=17528, stack(0x0000003c46100000,0x0000003c46200000)]
  0x000001ba76bf5800 JavaThread "Cache worker for cache directory md-rule (C:\Users\Sahil Rawat\.gradle\caches\8.0.1\md-rule)" [_thread_blocked, id=7388, stack(0x0000003c46200000,0x0000003c46300000)]
  0x000001ba76bf7000 JavaThread "Cache worker for file content cache (C:\Users\Sahil Rawat\.gradle\caches\8.0.1\fileContent)" [_thread_blocked, id=24920, stack(0x0000003c46300000,0x0000003c46400000)]
  0x000001ba76e2c000 JavaThread "Cache worker for file hash cache (D:\Assignment_Five_SignInPage\android\.gradle\8.0.1\fileHashes)" [_thread_blocked, id=10816, stack(0x0000003c46400000,0x0000003c46500000)]
  0x000001ba76e31000 JavaThread "Cache worker for cache directory md-supplier (C:\Users\Sahil Rawat\.gradle\caches\8.0.1\md-supplier)" [_thread_blocked, id=21900, stack(0x0000003c46500000,0x0000003c46600000)]
  0x000001ba76e2b000 JavaThread "Cache worker for execution history cache (C:\Users\Sahil Rawat\.gradle\caches\8.0.1\executionHistory)" [_thread_blocked, id=27504, stack(0x0000003c46600000,0x0000003c46700000)]
  0x000001ba76e2d000 JavaThread "jar transforms" [_thread_blocked, id=3372, stack(0x0000003c46700000,0x0000003c46800000)]
  0x000001ba76e33800 JavaThread "jar transforms Thread 2" [_thread_blocked, id=13740, stack(0x0000003c46800000,0x0000003c46900000)]
  0x000001ba76e2d800 JavaThread "jar transforms Thread 3" [_thread_blocked, id=10472, stack(0x0000003c46900000,0x0000003c46a00000)]
  0x000001ba76e34000 JavaThread "jar transforms Thread 4" [_thread_blocked, id=8632, stack(0x0000003c46a00000,0x0000003c46b00000)]
  0x000001ba76e2f000 JavaThread "Cache worker for kotlin-dsl (C:\Users\Sahil Rawat\.gradle\caches\8.0.1\kotlin-dsl)" [_thread_blocked, id=16396, stack(0x0000003c45200000,0x0000003c45300000)]
  0x000001ba76e36800 JavaThread "jar transforms Thread 5" [_thread_blocked, id=12248, stack(0x0000003c45400000,0x0000003c45500000)]
  0x000001ba76e37800 JavaThread "jar transforms Thread 6" [_thread_blocked, id=2752, stack(0x0000003c45e00000,0x0000003c45f00000)]
  0x000001ba76e35000 JavaThread "Cache worker for dependencies-accessors (D:\Assignment_Five_SignInPage\android\.gradle\8.0.1\dependencies-accessors)" [_thread_blocked, id=30460, stack(0x0000003c46b00000,0x0000003c46c00000)]
  0x000001ba76e31800 JavaThread "Cache worker for Build Output Cleanup Cache (D:\Assignment_Five_SignInPage\node_modules\@react-native\gradle-plugin\.gradle\buildOutputCleanup)" [_thread_blocked, id=25244, stack(0x0000003c46c00000,0x0000003c46d00000)]
  0x000001ba76e38000 JavaThread "jar transforms Thread 7" [_thread_blocked, id=12188, stack(0x0000003c46e00000,0x0000003c46f00000)]
  0x000001ba76e39000 JavaThread "Unconstrained build operations" [_thread_blocked, id=13556, stack(0x0000003c46f00000,0x0000003c47000000)]
  0x000001ba76e3a000 JavaThread "Unconstrained build operations Thread 2" [_thread_blocked, id=29232, stack(0x0000003c47000000,0x0000003c47100000)]
  0x000001ba76bf6800 JavaThread "Unconstrained build operations Thread 3" [_thread_blocked, id=33612, stack(0x0000003c47100000,0x0000003c47200000)]
  0x000001ba7767b000 JavaThread "Unconstrained build operations Thread 4" [_thread_blocked, id=31864, stack(0x0000003c47200000,0x0000003c47300000)]
  0x000001ba7767e800 JavaThread "Unconstrained build operations Thread 5" [_thread_blocked, id=1612, stack(0x0000003c47300000,0x0000003c47400000)]
  0x000001ba7767c000 JavaThread "Unconstrained build operations Thread 6" [_thread_blocked, id=22912, stack(0x0000003c47400000,0x0000003c47500000)]
  0x000001ba7767c800 JavaThread "Unconstrained build operations Thread 7" [_thread_blocked, id=29844, stack(0x0000003c47500000,0x0000003c47600000)]
  0x000001ba7767f000 JavaThread "Unconstrained build operations Thread 8" [_thread_blocked, id=12820, stack(0x0000003c47600000,0x0000003c47700000)]
  0x000001ba77680000 JavaThread "Unconstrained build operations Thread 9" [_thread_blocked, id=31852, stack(0x0000003c47700000,0x0000003c47800000)]
  0x000001ba7767a000 JavaThread "Unconstrained build operations Thread 10" [_thread_blocked, id=29740, stack(0x0000003c47800000,0x0000003c47900000)]
  0x000001ba77680800 JavaThread "Unconstrained build operations Thread 11" [_thread_blocked, id=25856, stack(0x0000003c47900000,0x0000003c47a00000)]
  0x000001ba77682800 JavaThread "Unconstrained build operations Thread 12" [_thread_blocked, id=33976, stack(0x0000003c47a00000,0x0000003c47b00000)]
  0x000001ba7767d800 JavaThread "Unconstrained build operations Thread 13" [_thread_blocked, id=2196, stack(0x0000003c47b00000,0x0000003c47c00000)]
  0x000001ba77683000 JavaThread "Unconstrained build operations Thread 14" [_thread_blocked, id=17044, stack(0x0000003c47c00000,0x0000003c47d00000)]
  0x000001ba77684000 JavaThread "Unconstrained build operations Thread 15" [_thread_blocked, id=32368, stack(0x0000003c47d00000,0x0000003c47e00000)]
  0x000001ba77681800 JavaThread "Unconstrained build operations Thread 16" [_thread_blocked, id=34536, stack(0x0000003c47e00000,0x0000003c47f00000)]
  0x000001ba77685000 JavaThread "Unconstrained build operations Thread 17" [_thread_blocked, id=31212, stack(0x0000003c47f00000,0x0000003c48000000)]
  0x000001ba77685800 JavaThread "Unconstrained build operations Thread 18" [_thread_blocked, id=15784, stack(0x0000003c48000000,0x0000003c48100000)]
  0x000001ba77686800 JavaThread "Unconstrained build operations Thread 19" [_thread_blocked, id=14204, stack(0x0000003c48100000,0x0000003c48200000)]
  0x000001ba77687000 JavaThread "Unconstrained build operations Thread 20" [_thread_blocked, id=3404, stack(0x0000003c48200000,0x0000003c48300000)]
  0x000001ba77688000 JavaThread "Unconstrained build operations Thread 21" [_thread_blocked, id=14296, stack(0x0000003c48300000,0x0000003c48400000)]
  0x000001ba77689000 JavaThread "Unconstrained build operations Thread 22" [_thread_blocked, id=26828, stack(0x0000003c48400000,0x0000003c48500000)]
  0x000001ba76b6a800 JavaThread "Unconstrained build operations Thread 23" [_thread_blocked, id=9444, stack(0x0000003c48500000,0x0000003c48600000)]
  0x000001ba76b6c000 JavaThread "Unconstrained build operations Thread 24" [_thread_blocked, id=33920, stack(0x0000003c48600000,0x0000003c48700000)]
  0x000001ba76b6d000 JavaThread "Unconstrained build operations Thread 25" [_thread_blocked, id=9464, stack(0x0000003c48700000,0x0000003c48800000)]
  0x000001ba76b68000 JavaThread "Unconstrained build operations Thread 26" [_thread_blocked, id=28524, stack(0x0000003c48800000,0x0000003c48900000)]
  0x000001ba76b6b000 JavaThread "jar transforms Thread 8" [_thread_blocked, id=10032, stack(0x0000003c48900000,0x0000003c48a00000)]
  0x000001ba76b6d800 JavaThread "Memory manager" [_thread_blocked, id=14168, stack(0x0000003c48a00000,0x0000003c48b00000)]
  0x000001ba76b6e800 JavaThread "Cache worker for Build Output Cleanup Cache (D:\Assignment_Five_SignInPage\android\.gradle\buildOutputCleanup)" [_thread_blocked, id=27328, stack(0x0000003c48b00000,0x0000003c48c00000)]
  0x000001ba76b6f000 JavaThread "Execution worker" [_thread_blocked, id=10636, stack(0x0000003c48d00000,0x0000003c48e00000)]
  0x000001ba76b69800 JavaThread "Execution worker Thread 2" [_thread_blocked, id=19004, stack(0x0000003c48e00000,0x0000003c48f00000)]
  0x000001ba76b71800 JavaThread "Execution worker Thread 3" [_thread_blocked, id=34676, stack(0x0000003c48f00000,0x0000003c49000000)]
  0x000001ba76b71000 JavaThread "Execution worker Thread 4" [_thread_blocked, id=26076, stack(0x0000003c49000000,0x0000003c49100000)]
  0x000001ba76b75000 JavaThread "Execution worker Thread 5" [_thread_blocked, id=29276, stack(0x0000003c49100000,0x0000003c49200000)]
  0x000001ba76b70000 JavaThread "Execution worker Thread 6" [_thread_blocked, id=15996, stack(0x0000003c49200000,0x0000003c49300000)]
  0x000001ba76b75800 JavaThread "Execution worker Thread 7" [_thread_blocked, id=2768, stack(0x0000003c49300000,0x0000003c49400000)]
  0x000001ba76b74000 JavaThread "Cache worker for execution history cache (D:\Assignment_Five_SignInPage\node_modules\@react-native\gradle-plugin\.gradle\8.0.1\executionHistory)" [_thread_blocked, id=29400, stack(0x0000003c49400000,0x0000003c49500000)]
  0x000001ba76b73800 JavaThread "Unconstrained build operations Thread 27" [_thread_blocked, id=24872, stack(0x0000003c49500000,0x0000003c49600000)]
  0x000001ba76b76800 JavaThread "Unconstrained build operations Thread 28" [_thread_blocked, id=12968, stack(0x0000003c49600000,0x0000003c49700000)]
  0x000001ba7b56f000 JavaThread "Unconstrained build operations Thread 29" [_thread_blocked, id=1852, stack(0x0000003c49700000,0x0000003c49800000)]
  0x000001ba7b56b000 JavaThread "Unconstrained build operations Thread 30" [_thread_blocked, id=26656, stack(0x0000003c49800000,0x0000003c49900000)]
  0x000001ba7b569000 JavaThread "Unconstrained build operations Thread 31" [_thread_blocked, id=19636, stack(0x0000003c49900000,0x0000003c49a00000)]
  0x000001ba7b56f800 JavaThread "Unconstrained build operations Thread 32" [_thread_blocked, id=32484, stack(0x0000003c49a00000,0x0000003c49b00000)]
  0x000001ba7b56b800 JavaThread "Unconstrained build operations Thread 33" [_thread_blocked, id=34612, stack(0x0000003c49b00000,0x0000003c49c00000)]
  0x000001ba7b56c800 JavaThread "Unconstrained build operations Thread 34" [_thread_blocked, id=12112, stack(0x0000003c49c00000,0x0000003c49d00000)]
  0x000001ba7b56d800 JavaThread "Unconstrained build operations Thread 35" [_thread_blocked, id=10364, stack(0x0000003c49d00000,0x0000003c49e00000)]
  0x000001ba7b56e000 JavaThread "Unconstrained build operations Thread 36" [_thread_blocked, id=13452, stack(0x0000003c49e00000,0x0000003c49f00000)]
  0x000001ba7b56a000 JavaThread "Unconstrained build operations Thread 37" [_thread_blocked, id=15796, stack(0x0000003c49f00000,0x0000003c4a000000)]
  0x000001ba7b576800 JavaThread "Unconstrained build operations Thread 38" [_thread_blocked, id=33496, stack(0x0000003c4a000000,0x0000003c4a100000)]
  0x000001ba7b570800 JavaThread "Unconstrained build operations Thread 39" [_thread_blocked, id=34200, stack(0x0000003c4a100000,0x0000003c4a200000)]
  0x000001ba7b575800 JavaThread "Unconstrained build operations Thread 40" [_thread_blocked, id=18988, stack(0x0000003c4a200000,0x0000003c4a300000)]
  0x000001ba7b573000 JavaThread "Unconstrained build operations Thread 41" [_thread_blocked, id=9200, stack(0x0000003c4a300000,0x0000003c4a400000)]
  0x000001ba7b574000 JavaThread "Unconstrained build operations Thread 42" [_thread_blocked, id=14544, stack(0x0000003c4a400000,0x0000003c4a500000)]
  0x000001ba7b574800 JavaThread "Unconstrained build operations Thread 43" [_thread_blocked, id=28760, stack(0x0000003c4a500000,0x0000003c4a600000)]
  0x000001ba7b577000 JavaThread "Unconstrained build operations Thread 44" [_thread_blocked, id=18420, stack(0x0000003c4a600000,0x0000003c4a700000)]
  0x000001ba7b571800 JavaThread "Unconstrained build operations Thread 45" [_thread_blocked, id=21400, stack(0x0000003c4a700000,0x0000003c4a800000)]
  0x000001ba7b578000 JavaThread "Unconstrained build operations Thread 46" [_thread_blocked, id=28980, stack(0x0000003c4a800000,0x0000003c4a900000)]
  0x000001ba7b572000 JavaThread "Unconstrained build operations Thread 47" [_thread_blocked, id=28444, stack(0x0000003c4a900000,0x0000003c4aa00000)]
  0x000001ba7b2e9000 JavaThread "Unconstrained build operations Thread 48" [_thread_blocked, id=28396, stack(0x0000003c4aa00000,0x0000003c4ab00000)]
  0x000001ba7b2e5000 JavaThread "Unconstrained build operations Thread 49" [_thread_blocked, id=25636, stack(0x0000003c4ab00000,0x0000003c4ac00000)]
  0x000001ba7b2e4000 JavaThread "Unconstrained build operations Thread 50" [_thread_blocked, id=28336, stack(0x0000003c4ac00000,0x0000003c4ad00000)]
  0x000001ba7b2e3800 JavaThread "Unconstrained build operations Thread 51" [_thread_blocked, id=31984, stack(0x0000003c4ad00000,0x0000003c4ae00000)]
  0x000001ba7b2e5800 JavaThread "Unconstrained build operations Thread 52" [_thread_blocked, id=2000, stack(0x0000003c46d00000,0x0000003c46e00000)]
  0x000001ba7b2e8000 JavaThread "Unconstrained build operations Thread 53" [_thread_blocked, id=26712, stack(0x0000003c4ae00000,0x0000003c4af00000)]
  0x000001ba7b2ea800 JavaThread "Unconstrained build operations Thread 54" [_thread_blocked, id=17568, stack(0x0000003c4af00000,0x0000003c4b000000)]
  0x000001ba7b2e6800 JavaThread "Unconstrained build operations Thread 55" [_thread_blocked, id=7384, stack(0x0000003c4b000000,0x0000003c4b100000)]
  0x000001ba7b2e7800 JavaThread "Unconstrained build operations Thread 56" [_thread_blocked, id=27800, stack(0x0000003c4b100000,0x0000003c4b200000)]
  0x000001ba7b2ee800 JavaThread "Unconstrained build operations Thread 57" [_thread_blocked, id=27628, stack(0x0000003c4b200000,0x0000003c4b300000)]
  0x000001ba7b2ed000 JavaThread "Unconstrained build operations Thread 58" [_thread_blocked, id=18168, stack(0x0000003c4b300000,0x0000003c4b400000)]
  0x000001ba7b2ec000 JavaThread "Unconstrained build operations Thread 59" [_thread_blocked, id=21680, stack(0x0000003c4b400000,0x0000003c4b500000)]
  0x000001ba7b2eb800 JavaThread "Unconstrained build operations Thread 60" [_thread_blocked, id=26264, stack(0x0000003c4b500000,0x0000003c4b600000)]
  0x000001ba7b2ef800 JavaThread "Unconstrained build operations Thread 61" [_thread_blocked, id=33400, stack(0x0000003c4b600000,0x0000003c4b700000)]
  0x000001ba7b2ee000 JavaThread "Unconstrained build operations Thread 62" [_thread_blocked, id=35016, stack(0x0000003c4b700000,0x0000003c4b800000)]
  0x000001ba7b2ea000 JavaThread "Unconstrained build operations Thread 63" [_thread_blocked, id=29636, stack(0x0000003c4b800000,0x0000003c4b900000)]
  0x000001ba7b2f2000 JavaThread "Unconstrained build operations Thread 64" [_thread_blocked, id=24360, stack(0x0000003c4b900000,0x0000003c4ba00000)]
  0x000001ba7b2f1000 JavaThread "Unconstrained build operations Thread 65" [_thread_blocked, id=35276, stack(0x0000003c4ba00000,0x0000003c4bb00000)]
  0x000001ba7b2f0800 JavaThread "Unconstrained build operations Thread 66" [_thread_blocked, id=18308, stack(0x0000003c4bb00000,0x0000003c4bc00000)]
  0x000001ba7af59000 JavaThread "Unconstrained build operations Thread 67" [_thread_blocked, id=25656, stack(0x0000003c4bc00000,0x0000003c4bd00000)]
  0x000001ba7af5a800 JavaThread "Unconstrained build operations Thread 68" [_thread_blocked, id=15384, stack(0x0000003c4bd00000,0x0000003c4be00000)]
  0x000001ba7af5b800 JavaThread "Unconstrained build operations Thread 69" [_thread_blocked, id=29092, stack(0x0000003c4be00000,0x0000003c4bf00000)]
  0x000001ba7af5c000 JavaThread "Unconstrained build operations Thread 70" [_thread_blocked, id=8428, stack(0x0000003c4bf00000,0x0000003c4c000000)]
  0x000001ba7af5d800 JavaThread "Unconstrained build operations Thread 71" [_thread_blocked, id=29896, stack(0x0000003c4c000000,0x0000003c4c100000)]
  0x000001ba7af59800 JavaThread "Unconstrained build operations Thread 72" [_thread_blocked, id=16408, stack(0x0000003c4c100000,0x0000003c4c200000)]
  0x000001ba7af62000 JavaThread "Unconstrained build operations Thread 73" [_thread_blocked, id=25348, stack(0x0000003c4c200000,0x0000003c4c300000)]
  0x000001ba7af61000 JavaThread "Unconstrained build operations Thread 74" [_thread_blocked, id=14660, stack(0x0000003c4c300000,0x0000003c4c400000)]
  0x000001ba7af62800 JavaThread "Unconstrained build operations Thread 75" [_thread_blocked, id=12352, stack(0x0000003c4c400000,0x0000003c4c500000)]
  0x000001ba7af60000 JavaThread "Unconstrained build operations Thread 76" [_thread_blocked, id=17440, stack(0x0000003c4c500000,0x0000003c4c600000)]
  0x000001ba7af5d000 JavaThread "Unconstrained build operations Thread 77" [_thread_blocked, id=20612, stack(0x0000003c4c600000,0x0000003c4c700000)]
  0x000001ba7af64800 JavaThread "Unconstrained build operations Thread 78" [_thread_blocked, id=31504, stack(0x0000003c4c700000,0x0000003c4c800000)]
  0x000001ba7af63800 JavaThread "Unconstrained build operations Thread 79" [_thread_blocked, id=18380, stack(0x0000003c4c800000,0x0000003c4c900000)]
  0x000001ba7af5e800 JavaThread "Unconstrained build operations Thread 80" [_thread_blocked, id=13764, stack(0x0000003c4c900000,0x0000003c4ca00000)]
  0x000001ba7af65000 JavaThread "File lock release action executor Thread 3" [_thread_blocked, id=32824, stack(0x0000003c48c00000,0x0000003c48d00000)]
  0x000001ba7af5f800 JavaThread "pool-3-thread-1" [_thread_blocked, id=36028, stack(0x0000003c45100000,0x0000003c45200000)]
  0x000001ba7af66000 JavaThread "build event listener" [_thread_blocked, id=36032, stack(0x0000003c4ca00000,0x0000003c4cb00000)]
  0x000001ba7af66800 JavaThread "included builds Thread 2" [_thread_in_vm, id=36064, stack(0x0000003c4cb00000,0x0000003c4cc00000)]
  0x000001ba7af67800 JavaThread "Cache worker for execution history cache (D:\Assignment_Five_SignInPage\android\.gradle\8.0.1\executionHistory)" [_thread_blocked, id=36068, stack(0x0000003c4cc00000,0x0000003c4cd00000)]

Other Threads:
  0x000001ba741f4800 VMThread "VM Thread" [stack: 0x0000003c43d00000,0x0000003c43e00000] [id=23884]
  0x000001ba74d1b800 WatcherThread [stack: 0x0000003c44700000,0x0000003c44800000] [id=22960]
  0x000001ba55149000 GCTaskThread "GC Thread#0" [stack: 0x0000003c43800000,0x0000003c43900000] [id=25984]
  0x000001ba75891800 GCTaskThread "GC Thread#1" [stack: 0x0000003c44800000,0x0000003c44900000] [id=22312]
  0x000001ba76251800 GCTaskThread "GC Thread#2" [stack: 0x0000003c44900000,0x0000003c44a00000] [id=25956]
  0x000001ba7576a800 GCTaskThread "GC Thread#3" [stack: 0x0000003c44a00000,0x0000003c44b00000] [id=31904]
  0x000001ba75eb6800 GCTaskThread "GC Thread#4" [stack: 0x0000003c45600000,0x0000003c45700000] [id=6768]
  0x000001ba76585800 GCTaskThread "GC Thread#5" [stack: 0x0000003c45700000,0x0000003c45800000] [id=32580]
  0x000001ba76586000 GCTaskThread "GC Thread#6" [stack: 0x0000003c45800000,0x0000003c45900000] [id=10312]
  0x000001ba760bb800 GCTaskThread "GC Thread#7" [stack: 0x0000003c45900000,0x0000003c45a00000] [id=28048]
  0x000001ba55179800 ConcurrentGCThread "G1 Main Marker" [stack: 0x0000003c43900000,0x0000003c43a00000] [id=25988]
  0x000001ba5517b000 ConcurrentGCThread "G1 Conc#0" [stack: 0x0000003c43a00000,0x0000003c43b00000] [id=25460]
  0x000001ba759a7800 ConcurrentGCThread "G1 Conc#1" [stack: 0x0000003c45a00000,0x0000003c45b00000] [id=33696]
  0x000001ba74070800 ConcurrentGCThread "G1 Refine#0" [stack: 0x0000003c43b00000,0x0000003c43c00000] [id=29212]
  0x000001ba7576b000 ConcurrentGCThread "G1 Refine#1" [stack: 0x0000003c44b00000,0x0000003c44c00000] [id=28492]
  0x000001ba74efd000 ConcurrentGCThread "G1 Refine#2" [stack: 0x0000003c44c00000,0x0000003c44d00000] [id=4536]
  0x000001ba74071000 ConcurrentGCThread "G1 Young RemSet Sampling" [stack: 0x0000003c43c00000,0x0000003c43d00000] [id=25332]

Threads with active compile tasks:
C2 CompilerThread0   840399 14309       4       com.google.common.reflect.TypeResolver::resolveType (74 bytes)

VM state:not at safepoint (normal execution)

VM Mutex/Monitor currently owned by a thread: None

Heap address: 0x0000000080000000, size: 2048 MB, Compressed Oops mode: 32-bit
Narrow klass base: 0x0000000000000000, Narrow klass shift: 3
Compressed class space size: 528482304 Address: 0x0000000100000000

Heap:
 garbage-first heap   total 182272K, used 177792K [0x0000000080000000, 0x0000000100000000)
  region size 1024K, 6 young (6144K), 1 survivors (1024K)
 Metaspace       used 113341K, capacity 117182K, committed 117384K, reserved 618496K
  class space    used 14677K, capacity 16192K, committed 16256K, reserved 516096K
Heap Regions: E=young(eden), S=young(survivor), O=old, HS=humongous(starts), HC=humongous(continues), CS=collection set, F=free, A=archive, TAMS=top-at-mark-start (previous, next)
|   0|0x0000000080000000, 0x0000000080100000, 0x0000000080100000|100%|HS|  |TAMS 0x0000000080100000, 0x0000000080000000| Complete 
|   1|0x0000000080100000, 0x0000000080200000, 0x0000000080200000|100%|HC|  |TAMS 0x0000000080200000, 0x0000000080100000| Complete 
|   2|0x0000000080200000, 0x0000000080300000, 0x0000000080300000|100%|HC|  |TAMS 0x0000000080300000, 0x0000000080200000| Complete 
|   3|0x0000000080300000, 0x0000000080400000, 0x0000000080400000|100%|HC|  |TAMS 0x0000000080400000, 0x0000000080300000| Complete 
|   4|0x0000000080400000, 0x0000000080500000, 0x0000000080500000|100%| O|  |TAMS 0x0000000080500000, 0x0000000080400000| Untracked 
|   5|0x0000000080500000, 0x0000000080600000, 0x0000000080600000|100%| O|  |TAMS 0x0000000080600000, 0x0000000080500000| Untracked 
|   6|0x0000000080600000, 0x0000000080700000, 0x0000000080700000|100%| O|  |TAMS 0x0000000080700000, 0x0000000080600000| Untracked 
|   7|0x0000000080700000, 0x0000000080800000, 0x0000000080800000|100%| O|  |TAMS 0x0000000080800000, 0x0000000080700000| Untracked 
|   8|0x0000000080800000, 0x0000000080900000, 0x0000000080900000|100%| O|  |TAMS 0x0000000080900000, 0x0000000080800000| Untracked 
|   9|0x0000000080900000, 0x0000000080a00000, 0x0000000080a00000|100%| O|  |TAMS 0x0000000080a00000, 0x0000000080900000| Untracked 
|  10|0x0000000080a00000, 0x0000000080b00000, 0x0000000080b00000|100%| O|  |TAMS 0x0000000080b00000, 0x0000000080a00000| Untracked 
|  11|0x0000000080b00000, 0x0000000080c00000, 0x0000000080c00000|100%| O|  |TAMS 0x0000000080c00000, 0x0000000080b00000| Untracked 
|  12|0x0000000080c00000, 0x0000000080d00000, 0x0000000080d00000|100%| O|  |TAMS 0x0000000080d00000, 0x0000000080c00000| Untracked 
|  13|0x0000000080d00000, 0x0000000080e00000, 0x0000000080e00000|100%| O|  |TAMS 0x0000000080e00000, 0x0000000080d00000| Untracked 
|  14|0x0000000080e00000, 0x0000000080f00000, 0x0000000080f00000|100%| O|  |TAMS 0x0000000080f00000, 0x0000000080e00000| Untracked 
|  15|0x0000000080f00000, 0x0000000081000000, 0x0000000081000000|100%| O|  |TAMS 0x0000000081000000, 0x0000000080f00000| Untracked 
|  16|0x0000000081000000, 0x0000000081100000, 0x0000000081100000|100%| O|  |TAMS 0x0000000081100000, 0x0000000081000000| Untracked 
|  17|0x0000000081100000, 0x0000000081200000, 0x0000000081200000|100%| O|  |TAMS 0x0000000081200000, 0x0000000081100000| Untracked 
|  18|0x0000000081200000, 0x0000000081300000, 0x0000000081300000|100%| O|  |TAMS 0x0000000081300000, 0x0000000081200000| Untracked 
|  19|0x0000000081300000, 0x0000000081400000, 0x0000000081400000|100%| O|  |TAMS 0x0000000081400000, 0x0000000081300000| Untracked 
|  20|0x0000000081400000, 0x0000000081500000, 0x0000000081500000|100%| O|  |TAMS 0x0000000081500000, 0x0000000081400000| Untracked 
|  21|0x0000000081500000, 0x0000000081600000, 0x0000000081600000|100%| O|  |TAMS 0x0000000081600000, 0x0000000081500000| Untracked 
|  22|0x0000000081600000, 0x0000000081700000, 0x0000000081700000|100%| O|  |TAMS 0x0000000081700000, 0x0000000081600000| Untracked 
|  23|0x0000000081700000, 0x0000000081800000, 0x0000000081800000|100%| O|  |TAMS 0x0000000081800000, 0x0000000081700000| Untracked 
|  24|0x0000000081800000, 0x0000000081900000, 0x0000000081900000|100%| O|  |TAMS 0x0000000081900000, 0x0000000081800000| Untracked 
|  25|0x0000000081900000, 0x0000000081a00000, 0x0000000081a00000|100%| O|  |TAMS 0x0000000081a00000, 0x0000000081900000| Untracked 
|  26|0x0000000081a00000, 0x0000000081b00000, 0x0000000081b00000|100%| O|  |TAMS 0x0000000081b00000, 0x0000000081a00000| Untracked 
|  27|0x0000000081b00000, 0x0000000081c00000, 0x0000000081c00000|100%| O|  |TAMS 0x0000000081c00000, 0x0000000081b00000| Untracked 
|  28|0x0000000081c00000, 0x0000000081d00000, 0x0000000081d00000|100%| O|  |TAMS 0x0000000081d00000, 0x0000000081c00000| Untracked 
|  29|0x0000000081d00000, 0x0000000081e00000, 0x0000000081e00000|100%| O|  |TAMS 0x0000000081e00000, 0x0000000081d00000| Untracked 
|  30|0x0000000081e00000, 0x0000000081f00000, 0x0000000081f00000|100%|HS|  |TAMS 0x0000000081f00000, 0x0000000081e00000| Complete 
|  31|0x0000000081f00000, 0x0000000082000000, 0x0000000082000000|100%|HC|  |TAMS 0x0000000082000000, 0x0000000081f00000| Complete 
|  32|0x0000000082000000, 0x0000000082100000, 0x0000000082100000|100%|HS|  |TAMS 0x0000000082100000, 0x0000000082000000| Complete 
|  33|0x0000000082100000, 0x0000000082200000, 0x0000000082200000|100%|HC|  |TAMS 0x0000000082200000, 0x0000000082100000| Complete 
|  34|0x0000000082200000, 0x0000000082300000, 0x0000000082300000|100%|HC|  |TAMS 0x0000000082300000, 0x0000000082200000| Complete 
|  35|0x0000000082300000, 0x0000000082400000, 0x0000000082400000|100%|HC|  |TAMS 0x0000000082400000, 0x0000000082300000| Complete 
|  36|0x0000000082400000, 0x0000000082500000, 0x0000000082500000|100%| O|  |TAMS 0x0000000082500000, 0x0000000082400000| Untracked 
|  37|0x0000000082500000, 0x0000000082600000, 0x0000000082600000|100%| O|  |TAMS 0x0000000082600000, 0x0000000082500000| Untracked 
|  38|0x0000000082600000, 0x0000000082700000, 0x0000000082700000|100%| O|  |TAMS 0x0000000082700000, 0x0000000082600000| Untracked 
|  39|0x0000000082700000, 0x0000000082800000, 0x0000000082800000|100%| O|  |TAMS 0x0000000082800000, 0x0000000082700000| Untracked 
|  40|0x0000000082800000, 0x0000000082900000, 0x0000000082900000|100%| O|  |TAMS 0x0000000082900000, 0x0000000082800000| Untracked 
|  41|0x0000000082900000, 0x0000000082a00000, 0x0000000082a00000|100%| O|  |TAMS 0x0000000082a00000, 0x0000000082900000| Untracked 
|  42|0x0000000082a00000, 0x0000000082b00000, 0x0000000082b00000|100%| O|  |TAMS 0x0000000082b00000, 0x0000000082a00000| Untracked 
|  43|0x0000000082b00000, 0x0000000082c00000, 0x0000000082c00000|100%| O|  |TAMS 0x0000000082c00000, 0x0000000082b00000| Untracked 
|  44|0x0000000082c00000, 0x0000000082d00000, 0x0000000082d00000|100%| O|  |TAMS 0x0000000082d00000, 0x0000000082c00000| Untracked 
|  45|0x0000000082d00000, 0x0000000082e00000, 0x0000000082e00000|100%| O|  |TAMS 0x0000000082e00000, 0x0000000082d00000| Untracked 
|  46|0x0000000082e00000, 0x0000000082f00000, 0x0000000082f00000|100%| O|  |TAMS 0x0000000082f00000, 0x0000000082e00000| Untracked 
|  47|0x0000000082f00000, 0x0000000083000000, 0x0000000083000000|100%| O|  |TAMS 0x0000000083000000, 0x0000000082f00000| Untracked 
|  48|0x0000000083000000, 0x0000000083100000, 0x0000000083100000|100%| O|  |TAMS 0x0000000083100000, 0x0000000083000000| Untracked 
|  49|0x0000000083100000, 0x0000000083200000, 0x0000000083200000|100%| O|  |TAMS 0x0000000083200000, 0x0000000083100000| Untracked 
|  50|0x0000000083200000, 0x0000000083300000, 0x0000000083300000|100%| O|  |TAMS 0x0000000083300000, 0x0000000083200000| Untracked 
|  51|0x0000000083300000, 0x0000000083400000, 0x0000000083400000|100%| O|  |TAMS 0x0000000083400000, 0x0000000083300000| Untracked 
|  52|0x0000000083400000, 0x0000000083500000, 0x0000000083500000|100%| O|  |TAMS 0x0000000083500000, 0x0000000083400000| Untracked 
|  53|0x0000000083500000, 0x0000000083600000, 0x0000000083600000|100%| O|  |TAMS 0x0000000083600000, 0x0000000083500000| Untracked 
|  54|0x0000000083600000, 0x0000000083700000, 0x0000000083700000|100%| O|  |TAMS 0x0000000083700000, 0x0000000083600000| Untracked 
|  55|0x0000000083700000, 0x0000000083800000, 0x0000000083800000|100%|HS|  |TAMS 0x0000000083800000, 0x0000000083700000| Complete 
|  56|0x0000000083800000, 0x0000000083900000, 0x0000000083900000|100%|HS|  |TAMS 0x0000000083900000, 0x0000000083800000| Complete 
|  57|0x0000000083900000, 0x0000000083a00000, 0x0000000083a00000|100%| O|  |TAMS 0x0000000083a00000, 0x0000000083900000| Untracked 
|  58|0x0000000083a00000, 0x0000000083b00000, 0x0000000083b00000|100%| O|  |TAMS 0x0000000083b00000, 0x0000000083a00000| Untracked 
|  59|0x0000000083b00000, 0x0000000083c00000, 0x0000000083c00000|100%| O|  |TAMS 0x0000000083c00000, 0x0000000083b00000| Untracked 
|  60|0x0000000083c00000, 0x0000000083d00000, 0x0000000083d00000|100%| O|  |TAMS 0x0000000083d00000, 0x0000000083c00000| Untracked 
|  61|0x0000000083d00000, 0x0000000083e00000, 0x0000000083e00000|100%| O|  |TAMS 0x0000000083e00000, 0x0000000083d00000| Untracked 
|  62|0x0000000083e00000, 0x0000000083f00000, 0x0000000083f00000|100%| O|  |TAMS 0x0000000083f00000, 0x0000000083e00000| Untracked 
|  63|0x0000000083f00000, 0x0000000084000000, 0x0000000084000000|100%| O|  |TAMS 0x0000000084000000, 0x0000000083f00000| Untracked 
|  64|0x0000000084000000, 0x0000000084100000, 0x0000000084100000|100%| O|  |TAMS 0x0000000084100000, 0x0000000084000000| Untracked 
|  65|0x0000000084100000, 0x0000000084200000, 0x0000000084200000|100%| O|  |TAMS 0x0000000084200000, 0x0000000084100000| Untracked 
|  66|0x0000000084200000, 0x0000000084300000, 0x0000000084300000|100%| O|  |TAMS 0x0000000084300000, 0x0000000084200000| Untracked 
|  67|0x0000000084300000, 0x0000000084400000, 0x0000000084400000|100%| O|  |TAMS 0x0000000084400000, 0x0000000084300000| Untracked 
|  68|0x0000000084400000, 0x0000000084500000, 0x0000000084500000|100%| O|  |TAMS 0x0000000084500000, 0x0000000084400000| Untracked 
|  69|0x0000000084500000, 0x0000000084600000, 0x0000000084600000|100%| O|  |TAMS 0x0000000084600000, 0x0000000084500000| Untracked 
|  70|0x0000000084600000, 0x0000000084700000, 0x0000000084700000|100%| O|  |TAMS 0x0000000084700000, 0x0000000084600000| Untracked 
|  71|0x0000000084700000, 0x0000000084800000, 0x0000000084800000|100%| O|  |TAMS 0x0000000084800000, 0x0000000084700000| Untracked 
|  72|0x0000000084800000, 0x0000000084900000, 0x0000000084900000|100%| O|  |TAMS 0x0000000084900000, 0x0000000084800000| Untracked 
|  73|0x0000000084900000, 0x0000000084a00000, 0x0000000084a00000|100%| O|  |TAMS 0x0000000084a00000, 0x0000000084900000| Untracked 
|  74|0x0000000084a00000, 0x0000000084b00000, 0x0000000084b00000|100%| O|  |TAMS 0x0000000084b00000, 0x0000000084a00000| Untracked 
|  75|0x0000000084b00000, 0x0000000084c00000, 0x0000000084c00000|100%| O|  |TAMS 0x0000000084c00000, 0x0000000084b00000| Untracked 
|  76|0x0000000084c00000, 0x0000000084d00000, 0x0000000084d00000|100%| O|  |TAMS 0x0000000084d00000, 0x0000000084c00000| Untracked 
|  77|0x0000000084d00000, 0x0000000084e00000, 0x0000000084e00000|100%| O|  |TAMS 0x0000000084e00000, 0x0000000084d00000| Untracked 
|  78|0x0000000084e00000, 0x0000000084f00000, 0x0000000084f00000|100%| O|  |TAMS 0x0000000084f00000, 0x0000000084e00000| Untracked 
|  79|0x0000000084f00000, 0x0000000085000000, 0x0000000085000000|100%| O|  |TAMS 0x0000000085000000, 0x0000000084f00000| Untracked 
|  80|0x0000000085000000, 0x0000000085100000, 0x0000000085100000|100%| O|  |TAMS 0x0000000085100000, 0x0000000085000000| Untracked 
|  81|0x0000000085100000, 0x0000000085200000, 0x0000000085200000|100%| O|  |TAMS 0x0000000085200000, 0x0000000085100000| Untracked 
|  82|0x0000000085200000, 0x0000000085300000, 0x0000000085300000|100%|HS|  |TAMS 0x0000000085300000, 0x0000000085200000| Complete 
|  83|0x0000000085300000, 0x0000000085400000, 0x0000000085400000|100%|HC|  |TAMS 0x0000000085400000, 0x0000000085300000| Complete 
|  84|0x0000000085400000, 0x0000000085500000, 0x0000000085500000|100%|HS|  |TAMS 0x0000000085500000, 0x0000000085400000| Complete 
|  85|0x0000000085500000, 0x0000000085600000, 0x0000000085600000|100%|HC|  |TAMS 0x0000000085600000, 0x0000000085500000| Complete 
|  86|0x0000000085600000, 0x0000000085700000, 0x0000000085700000|100%|HC|  |TAMS 0x0000000085700000, 0x0000000085600000| Complete 
|  87|0x0000000085700000, 0x0000000085800000, 0x0000000085800000|100%|HC|  |TAMS 0x0000000085800000, 0x0000000085700000| Complete 
|  88|0x0000000085800000, 0x0000000085900000, 0x0000000085900000|100%| O|  |TAMS 0x0000000085900000, 0x0000000085800000| Untracked 
|  89|0x0000000085900000, 0x0000000085a00000, 0x0000000085a00000|100%| O|  |TAMS 0x0000000085a00000, 0x0000000085900000| Untracked 
|  90|0x0000000085a00000, 0x0000000085b00000, 0x0000000085b00000|100%| O|  |TAMS 0x0000000085b00000, 0x0000000085a00000| Untracked 
|  91|0x0000000085b00000, 0x0000000085c00000, 0x0000000085c00000|100%| O|  |TAMS 0x0000000085c00000, 0x0000000085b00000| Untracked 
|  92|0x0000000085c00000, 0x0000000085d00000, 0x0000000085d00000|100%| O|  |TAMS 0x0000000085d00000, 0x0000000085c00000| Untracked 
|  93|0x0000000085d00000, 0x0000000085e00000, 0x0000000085e00000|100%| O|  |TAMS 0x0000000085e00000, 0x0000000085d00000| Untracked 
|  94|0x0000000085e00000, 0x0000000085f00000, 0x0000000085f00000|100%| O|  |TAMS 0x0000000085f00000, 0x0000000085e00000| Untracked 
|  95|0x0000000085f00000, 0x0000000086000000, 0x0000000086000000|100%| O|  |TAMS 0x0000000086000000, 0x0000000085f00000| Untracked 
|  96|0x0000000086000000, 0x0000000086100000, 0x0000000086100000|100%| O|  |TAMS 0x0000000086100000, 0x0000000086000000| Untracked 
|  97|0x0000000086100000, 0x0000000086200000, 0x0000000086200000|100%|HS|  |TAMS 0x0000000086200000, 0x0000000086100000| Complete 
|  98|0x0000000086200000, 0x0000000086300000, 0x0000000086300000|100%|HS|  |TAMS 0x0000000086300000, 0x0000000086200000| Complete 
|  99|0x0000000086300000, 0x0000000086400000, 0x0000000086400000|100%| O|  |TAMS 0x0000000086400000, 0x0000000086300000| Untracked 
| 100|0x0000000086400000, 0x0000000086500000, 0x0000000086500000|100%| O|  |TAMS 0x0000000086500000, 0x0000000086400000| Untracked 
| 101|0x0000000086500000, 0x0000000086600000, 0x0000000086600000|100%|HS|  |TAMS 0x0000000086600000, 0x0000000086500000| Complete 
| 102|0x0000000086600000, 0x0000000086700000, 0x0000000086700000|100%|HC|  |TAMS 0x0000000086700000, 0x0000000086600000| Complete 
| 103|0x0000000086700000, 0x0000000086800000, 0x0000000086800000|100%|HC|  |TAMS 0x0000000086800000, 0x0000000086700000| Complete 
| 104|0x0000000086800000, 0x0000000086900000, 0x0000000086900000|100%|HS|  |TAMS 0x0000000086900000, 0x0000000086800000| Complete 
| 105|0x0000000086900000, 0x0000000086a00000, 0x0000000086a00000|100%|HC|  |TAMS 0x0000000086a00000, 0x0000000086900000| Complete 
| 106|0x0000000086a00000, 0x0000000086b00000, 0x0000000086b00000|100%| O|  |TAMS 0x0000000086b00000, 0x0000000086a00000| Untracked 
| 107|0x0000000086b00000, 0x0000000086c00000, 0x0000000086c00000|100%| O|  |TAMS 0x0000000086c00000, 0x0000000086b00000| Untracked 
| 108|0x0000000086c00000, 0x0000000086d00000, 0x0000000086d00000|100%| O|  |TAMS 0x0000000086d00000, 0x0000000086c00000| Untracked 
| 109|0x0000000086d00000, 0x0000000086e00000, 0x0000000086e00000|100%| O|  |TAMS 0x0000000086e00000, 0x0000000086d00000| Untracked 
| 110|0x0000000086e00000, 0x0000000086f00000, 0x0000000086f00000|100%| O|  |TAMS 0x0000000086f00000, 0x0000000086e00000| Untracked 
| 111|0x0000000086f00000, 0x0000000087000000, 0x0000000087000000|100%| O|  |TAMS 0x0000000087000000, 0x0000000086f00000| Untracked 
| 112|0x0000000087000000, 0x0000000087100000, 0x0000000087100000|100%|HS|  |TAMS 0x0000000087100000, 0x0000000087000000| Complete 
| 113|0x0000000087100000, 0x0000000087200000, 0x0000000087200000|100%|HS|  |TAMS 0x0000000087200000, 0x0000000087100000| Complete 
| 114|0x0000000087200000, 0x0000000087300000, 0x0000000087300000|100%|HS|  |TAMS 0x0000000087300000, 0x0000000087200000| Complete 
| 115|0x0000000087300000, 0x0000000087400000, 0x0000000087400000|100%| O|  |TAMS 0x0000000087400000, 0x0000000087300000| Untracked 
| 116|0x0000000087400000, 0x0000000087500000, 0x0000000087500000|100%| O|  |TAMS 0x0000000087500000, 0x0000000087400000| Untracked 
| 117|0x0000000087500000, 0x0000000087600000, 0x0000000087600000|100%| O|  |TAMS 0x0000000087600000, 0x0000000087500000| Untracked 
| 118|0x0000000087600000, 0x0000000087700000, 0x0000000087700000|100%|HS|  |TAMS 0x0000000087700000, 0x0000000087600000| Complete 
| 119|0x0000000087700000, 0x0000000087800000, 0x0000000087800000|100%|HC|  |TAMS 0x0000000087800000, 0x0000000087700000| Complete 
| 120|0x0000000087800000, 0x0000000087900000, 0x0000000087900000|100%|HC|  |TAMS 0x0000000087900000, 0x0000000087800000| Complete 
| 121|0x0000000087900000, 0x0000000087a00000, 0x0000000087a00000|100%| O|  |TAMS 0x0000000087a00000, 0x0000000087900000| Untracked 
| 122|0x0000000087a00000, 0x0000000087b00000, 0x0000000087b00000|100%| O|  |TAMS 0x0000000087b00000, 0x0000000087a00000| Untracked 
| 123|0x0000000087b00000, 0x0000000087c00000, 0x0000000087c00000|100%| O|  |TAMS 0x0000000087c00000, 0x0000000087b00000| Untracked 
| 124|0x0000000087c00000, 0x0000000087d00000, 0x0000000087d00000|100%| O|  |TAMS 0x0000000087d00000, 0x0000000087c00000| Untracked 
| 125|0x0000000087d00000, 0x0000000087e00000, 0x0000000087e00000|100%| O|  |TAMS 0x0000000087e00000, 0x0000000087d00000| Untracked 
| 126|0x0000000087e00000, 0x0000000087f00000, 0x0000000087f00000|100%| O|  |TAMS 0x0000000087f00000, 0x0000000087e00000| Untracked 
| 127|0x0000000087f00000, 0x0000000088000000, 0x0000000088000000|100%| O|  |TAMS 0x0000000088000000, 0x0000000087f00000| Untracked 
| 128|0x0000000088000000, 0x0000000088100000, 0x0000000088100000|100%| O|  |TAMS 0x0000000088100000, 0x0000000088000000| Untracked 
| 129|0x0000000088100000, 0x0000000088200000, 0x0000000088200000|100%| O|  |TAMS 0x0000000088200000, 0x0000000088100000| Untracked 
| 130|0x0000000088200000, 0x0000000088300000, 0x0000000088300000|100%| O|  |TAMS 0x0000000088300000, 0x0000000088200000| Untracked 
| 131|0x0000000088300000, 0x0000000088400000, 0x0000000088400000|100%| O|  |TAMS 0x0000000088400000, 0x0000000088300000| Untracked 
| 132|0x0000000088400000, 0x0000000088500000, 0x0000000088500000|100%|HS|  |TAMS 0x0000000088500000, 0x0000000088400000| Complete 
| 133|0x0000000088500000, 0x0000000088600000, 0x0000000088600000|100%|HS|  |TAMS 0x0000000088600000, 0x0000000088500000| Complete 
| 134|0x0000000088600000, 0x0000000088700000, 0x0000000088700000|100%|HC|  |TAMS 0x0000000088700000, 0x0000000088600000| Complete 
| 135|0x0000000088700000, 0x0000000088800000, 0x0000000088800000|100%|HC|  |TAMS 0x0000000088800000, 0x0000000088700000| Complete 
| 136|0x0000000088800000, 0x0000000088900000, 0x0000000088900000|100%| O|  |TAMS 0x0000000088900000, 0x0000000088800000| Untracked 
| 137|0x0000000088900000, 0x0000000088a00000, 0x0000000088a00000|100%| O|  |TAMS 0x0000000088a00000, 0x0000000088900000| Untracked 
| 138|0x0000000088a00000, 0x0000000088b00000, 0x0000000088b00000|100%| O|  |TAMS 0x0000000088b00000, 0x0000000088a00000| Untracked 
| 139|0x0000000088b00000, 0x0000000088c00000, 0x0000000088c00000|100%| O|  |TAMS 0x0000000088c00000, 0x0000000088b00000| Untracked 
| 140|0x0000000088c00000, 0x0000000088d00000, 0x0000000088d00000|100%| O|  |TAMS 0x0000000088d00000, 0x0000000088c00000| Untracked 
| 141|0x0000000088d00000, 0x0000000088e00000, 0x0000000088e00000|100%| O|  |TAMS 0x0000000088e00000, 0x0000000088d00000| Untracked 
| 142|0x0000000088e00000, 0x0000000088f00000, 0x0000000088f00000|100%| O|  |TAMS 0x0000000088f00000, 0x0000000088e00000| Untracked 
| 143|0x0000000088f00000, 0x0000000089000000, 0x0000000089000000|100%|HS|  |TAMS 0x0000000089000000, 0x0000000088f00000| Complete 
| 144|0x0000000089000000, 0x0000000089100000, 0x0000000089100000|100%|HS|  |TAMS 0x0000000089100000, 0x0000000089000000| Complete 
| 145|0x0000000089100000, 0x0000000089200000, 0x0000000089200000|100%| O|  |TAMS 0x0000000089200000, 0x0000000089100000| Untracked 
| 146|0x0000000089200000, 0x0000000089300000, 0x0000000089300000|100%| S|CS|TAMS 0x0000000089200000, 0x0000000089200000| Complete 
| 147|0x0000000089300000, 0x0000000089300000, 0x0000000089400000|  0%| F|  |TAMS 0x0000000089300000, 0x0000000089300000| Untracked 
| 148|0x0000000089400000, 0x0000000089400000, 0x0000000089500000|  0%| F|  |TAMS 0x0000000089400000, 0x0000000089400000| Untracked 
| 149|0x0000000089500000, 0x00000000895753a8, 0x0000000089600000| 45%| E|  |TAMS 0x0000000089500000, 0x0000000089500000| Complete 
| 150|0x0000000089600000, 0x0000000089700000, 0x0000000089700000|100%| E|CS|TAMS 0x0000000089600000, 0x0000000089600000| Complete 
| 151|0x0000000089700000, 0x0000000089800000, 0x0000000089800000|100%| E|CS|TAMS 0x0000000089700000, 0x0000000089700000| Complete 
| 152|0x0000000089800000, 0x0000000089900000, 0x0000000089900000|100%| E|CS|TAMS 0x0000000089800000, 0x0000000089800000| Complete 
| 153|0x0000000089900000, 0x0000000089a00000, 0x0000000089a00000|100%| E|CS|TAMS 0x0000000089900000, 0x0000000089900000| Complete 
| 154|0x0000000089a00000, 0x0000000089b00000, 0x0000000089b00000|100%| O|  |TAMS 0x0000000089b00000, 0x0000000089a00000| Untracked 
| 155|0x0000000089b00000, 0x0000000089c00000, 0x0000000089c00000|100%| O|  |TAMS 0x0000000089c00000, 0x0000000089b00000| Untracked 
| 156|0x0000000089c00000, 0x0000000089d00000, 0x0000000089d00000|100%| O|  |TAMS 0x0000000089d00000, 0x0000000089c00000| Untracked 
| 157|0x0000000089d00000, 0x0000000089e00000, 0x0000000089e00000|100%| O|  |TAMS 0x0000000089e00000, 0x0000000089d00000| Untracked 
| 158|0x0000000089e00000, 0x0000000089f00000, 0x0000000089f00000|100%| O|  |TAMS 0x0000000089f00000, 0x0000000089e00000| Untracked 
| 159|0x0000000089f00000, 0x000000008a000000, 0x000000008a000000|100%| O|  |TAMS 0x000000008a000000, 0x0000000089f00000| Untracked 
| 160|0x000000008a000000, 0x000000008a100000, 0x000000008a100000|100%| O|  |TAMS 0x000000008a100000, 0x000000008a000000| Untracked 
| 161|0x000000008a100000, 0x000000008a200000, 0x000000008a200000|100%| E|CS|TAMS 0x000000008a100000, 0x000000008a100000| Complete 
| 162|0x000000008a200000, 0x000000008a300000, 0x000000008a300000|100%| O|  |TAMS 0x000000008a300000, 0x000000008a200000| Untracked 
| 163|0x000000008a300000, 0x000000008a400000, 0x000000008a400000|100%| O|  |TAMS 0x000000008a400000, 0x000000008a300000| Untracked 
| 164|0x000000008a400000, 0x000000008a500000, 0x000000008a500000|100%| O|  |TAMS 0x000000008a500000, 0x000000008a400000| Untracked 
| 165|0x000000008a500000, 0x000000008a600000, 0x000000008a600000|100%| O|  |TAMS 0x000000008a600000, 0x000000008a500000| Untracked 
| 166|0x000000008a600000, 0x000000008a700000, 0x000000008a700000|100%| O|  |TAMS 0x000000008a700000, 0x000000008a600000| Untracked 
| 167|0x000000008a700000, 0x000000008a800000, 0x000000008a800000|100%| O|  |TAMS 0x000000008a800000, 0x000000008a700000| Untracked 
| 168|0x000000008a800000, 0x000000008a900000, 0x000000008a900000|100%| O|  |TAMS 0x000000008a900000, 0x000000008a800000| Untracked 
| 169|0x000000008a900000, 0x000000008aa00000, 0x000000008aa00000|100%| O|  |TAMS 0x000000008aa00000, 0x000000008a900000| Untracked 
| 170|0x000000008aa00000, 0x000000008ab00000, 0x000000008ab00000|100%| O|  |TAMS 0x000000008ab00000, 0x000000008aa00000| Untracked 
| 171|0x000000008ab00000, 0x000000008ac00000, 0x000000008ac00000|100%| O|  |TAMS 0x000000008ac00000, 0x000000008ab00000| Untracked 
| 172|0x000000008ac00000, 0x000000008ad00000, 0x000000008ad00000|100%| O|  |TAMS 0x000000008ad00000, 0x000000008ac00000| Untracked 
| 173|0x000000008ad00000, 0x000000008ae00000, 0x000000008ae00000|100%| O|  |TAMS 0x000000008ae00000, 0x000000008ad00000| Untracked 
| 174|0x000000008ae00000, 0x000000008af00000, 0x000000008af00000|100%| O|  |TAMS 0x000000008af00000, 0x000000008ae00000| Untracked 
| 175|0x000000008af00000, 0x000000008b000000, 0x000000008b000000|100%| O|  |TAMS 0x000000008b000000, 0x000000008af00000| Untracked 
| 176|0x000000008b000000, 0x000000008b100000, 0x000000008b100000|100%| O|  |TAMS 0x000000008b0b1800, 0x000000008b000000| Untracked 
| 177|0x000000008b100000, 0x000000008b1a0200, 0x000000008b200000| 62%| O|  |TAMS 0x000000008b100000, 0x000000008b100000| Untracked 

Card table byte_map: [0x000001ba6cfd0000,0x000001ba6d3d0000] _byte_map_base: 0x000001ba6cbd0000

Marking Bits (Prev, Next): (CMBitMap*) 0x000001ba55170da0, (CMBitMap*) 0x000001ba55170d68
 Prev Bits: [0x000001ba6f7d0000, 0x000001ba717d0000)
 Next Bits: [0x000001ba6d7d0000, 0x000001ba6f7d0000)

Polling page: 0x000001ba54900000

Metaspace:

Usage:
  Non-class:     98.69 MB capacity,    96.39 MB ( 98%) used,     1.95 MB (  2%) free+waste,   355.88 KB ( <1%) overhead. 
      Class:     15.81 MB capacity,    14.34 MB ( 91%) used,     1.32 MB (  8%) free+waste,   163.00 KB (  1%) overhead. 
       Both:    114.50 MB capacity,   110.73 MB ( 97%) used,     3.26 MB (  3%) free+waste,   518.88 KB ( <1%) overhead. 

Virtual space:
  Non-class space:      100.00 MB reserved,      98.76 MB ( 99%) committed 
      Class space:      504.00 MB reserved,      15.88 MB (  3%) committed 
             Both:      604.00 MB reserved,     114.63 MB ( 19%) committed 

Chunk freelists:
   Non-Class:  9.00 KB
       Class:  0 bytes
        Both:  9.00 KB

MaxMetaspaceSize: 512.00 MB
CompressedClassSpaceSize: 504.00 MB
Initial GC threshold: 20.80 MB
Current GC threshold: 190.02 MB
CDS: off

CodeHeap 'non-profiled nmethods': size=120000Kb used=9915Kb max_used=9915Kb free=110084Kb
 bounds [0x000001ba65370000, 0x000001ba65d20000, 0x000001ba6c8a0000]
CodeHeap 'profiled nmethods': size=120000Kb used=32388Kb max_used=32388Kb free=87611Kb
 bounds [0x000001ba5de40000, 0x000001ba5fdf0000, 0x000001ba65370000]
CodeHeap 'non-nmethods': size=5760Kb used=2398Kb max_used=2475Kb free=3361Kb
 bounds [0x000001ba5d8a0000, 0x000001ba5db20000, 0x000001ba5de40000]
 total_blobs=15025 nmethods=14095 adapters=842
 compilation: enabled
              stopped_count=0, restarted_count=0
 full_count=0

Compilation events (20 events):
Event: 839.782 Thread 0x000001ba74221800 14308       3       com.android.build.gradle.internal.services.TaskCreationServicesImpl$sam$java_util_concurrent_Callable$0::<init> (10 bytes)
Event: 839.782 Thread 0x000001ba74221800 nmethod 14308 0x000001ba5fdd2e10 code [0x000001ba5fdd2fc0, 0x000001ba5fdd3178]
Event: 839.783 Thread 0x000001ba74221800 14312       3       org.gradle.internal.snapshot.impl.EnumValueSnapshot::hashCode (16 bytes)
Event: 839.783 Thread 0x000001ba74221800 nmethod 14312 0x000001ba5fdd3210 code [0x000001ba5fdd33e0, 0x000001ba5fdd3578]
Event: 839.784 Thread 0x000001ba74221800 14313       3       org.gradle.api.internal.artifacts.configurations.DefaultConfiguration_Decorated::getAllDependencies (39 bytes)
Event: 839.785 Thread 0x000001ba74221800 nmethod 14313 0x000001ba5fdd3690 code [0x000001ba5fdd38a0, 0x000001ba5fdd3d98]
Event: 839.785 Thread 0x000001ba74221800 14314       3       org.gradle.api.internal.artifacts.configurations.DefaultConfiguration::getAllDependencies (16 bytes)
Event: 839.786 Thread 0x000001ba74221800 nmethod 14314 0x000001ba5fdd3f90 code [0x000001ba5fdd4140, 0x000001ba5fdd42c8]
Event: 839.790 Thread 0x000001ba74220800 nmethod 14292 0x000001ba65d1d110 code [0x000001ba65d1d420, 0x000001ba65d1e500]
Event: 839.791 Thread 0x000001ba74220800 14309       4       com.google.common.reflect.TypeResolver::resolveType (74 bytes)
Event: 839.794 Thread 0x000001ba74221800 14315       3       org.gradle.api.internal.plugins.DslObject::getExtensions (33 bytes)
Event: 839.794 Thread 0x000001ba74221800 nmethod 14315 0x000001ba5fdd4390 code [0x000001ba5fdd4560, 0x000001ba5fdd48f8]
Event: 839.863 Thread 0x000001ba74221800 14316       3       org.gradle.api.internal.CompositeDomainObjectSet$DomainObjectCompositeCollection::collect (66 bytes)
Event: 839.864 Thread 0x000001ba74221800 nmethod 14316 0x000001ba5fdd4a10 code [0x000001ba5fdd4cc0, 0x000001ba5fdd5898]
Event: 839.866 Thread 0x000001ba74221800 14317       3       org.jetbrains.kotlin.gradle.plugin.sources.DefaultKotlinSourceSetKt::resolveAllDependsOnSourceSets (221 bytes)
Event: 839.869 Thread 0x000001ba74221800 nmethod 14317 0x000001ba5fdd5c90 code [0x000001ba5fdd60e0, 0x000001ba5fdd8128]
Event: 839.873 Thread 0x000001ba74221800 14318       3       org.gradle.api.internal.DelegatingDomainObjectSet::matching (11 bytes)
Event: 839.874 Thread 0x000001ba74221800 nmethod 14318 0x000001ba5fdd8a90 code [0x000001ba5fdd8c40, 0x000001ba5fdd8e08]
Event: 839.875 Thread 0x000001ba74221800 14319       3       org.gradle.api.internal.CompositeDomainObjectSet$DomainObjectCompositeCollection::realizePending (1 bytes)
Event: 839.875 Thread 0x000001ba74221800 nmethod 14319 0x000001ba5fdd8f10 code [0x000001ba5fdd90c0, 0x000001ba5fdd91b8]

GC Heap History (20 events):
Event: 818.088 GC heap before
{Heap before GC invocations=180 (full 0):
 garbage-first heap   total 172032K, used 169687K [0x0000000080000000, 0x0000000100000000)
  region size 1024K, 8 young (8192K), 1 survivors (1024K)
 Metaspace       used 110427K, capacity 114157K, committed 114440K, reserved 616448K
  class space    used 14343K, capacity 15829K, committed 15872K, reserved 516096K
}
Event: 818.092 GC heap after
{Heap after GC invocations=181 (full 0):
 garbage-first heap   total 172032K, used 163333K [0x0000000080000000, 0x0000000100000000)
  region size 1024K, 1 young (1024K), 1 survivors (1024K)
 Metaspace       used 110427K, capacity 114157K, committed 114440K, reserved 616448K
  class space    used 14343K, capacity 15829K, committed 15872K, reserved 516096K
}
Event: 819.606 GC heap before
{Heap before GC invocations=182 (full 0):
 garbage-first heap   total 172032K, used 170501K [0x0000000080000000, 0x0000000100000000)
  region size 1024K, 8 young (8192K), 1 survivors (1024K)
 Metaspace       used 110702K, capacity 114473K, committed 114696K, reserved 616448K
  class space    used 14379K, capacity 15866K, committed 15872K, reserved 516096K
}
Event: 819.611 GC heap after
{Heap after GC invocations=183 (full 0):
 garbage-first heap   total 173056K, used 164482K [0x0000000080000000, 0x0000000100000000)
  region size 1024K, 1 young (1024K), 1 survivors (1024K)
 Metaspace       used 110702K, capacity 114473K, committed 114696K, reserved 616448K
  class space    used 14379K, capacity 15866K, committed 15872K, reserved 516096K
}
Event: 820.438 GC heap before
{Heap before GC invocations=183 (full 0):
 garbage-first heap   total 173056K, used 171650K [0x0000000080000000, 0x0000000100000000)
  region size 1024K, 8 young (8192K), 1 survivors (1024K)
 Metaspace       used 111039K, capacity 114833K, committed 115080K, reserved 616448K
  class space    used 14426K, capacity 15899K, committed 16000K, reserved 516096K
}
Event: 820.442 GC heap after
{Heap after GC invocations=184 (full 0):
 garbage-first heap   total 174080K, used 165095K [0x0000000080000000, 0x0000000100000000)
  region size 1024K, 1 young (1024K), 1 survivors (1024K)
 Metaspace       used 111039K, capacity 114833K, committed 115080K, reserved 616448K
  class space    used 14426K, capacity 15899K, committed 16000K, reserved 516096K
}
Event: 822.143 GC heap before
{Heap before GC invocations=185 (full 0):
 garbage-first heap   total 174080K, used 172263K [0x0000000080000000, 0x0000000100000000)
  region size 1024K, 8 young (8192K), 1 survivors (1024K)
 Metaspace       used 111354K, capacity 115192K, committed 115336K, reserved 616448K
  class space    used 14467K, capacity 15968K, committed 16000K, reserved 516096K
}
Event: 822.146 GC heap after
{Heap after GC invocations=186 (full 0):
 garbage-first heap   total 175104K, used 166079K [0x0000000080000000, 0x0000000100000000)
  region size 1024K, 1 young (1024K), 1 survivors (1024K)
 Metaspace       used 111354K, capacity 115192K, committed 115336K, reserved 616448K
  class space    used 14467K, capacity 15968K, committed 16000K, reserved 516096K
}
Event: 823.696 GC heap before
{Heap before GC invocations=186 (full 0):
 garbage-first heap   total 175104K, used 173247K [0x0000000080000000, 0x0000000100000000)
  region size 1024K, 8 young (8192K), 1 survivors (1024K)
 Metaspace       used 111477K, capacity 115278K, committed 115336K, reserved 616448K
  class space    used 14482K, capacity 15982K, committed 16000K, reserved 516096K
}
Event: 823.702 GC heap after
{Heap after GC invocations=187 (full 0):
 garbage-first heap   total 177152K, used 168154K [0x0000000080000000, 0x0000000100000000)
  region size 1024K, 1 young (1024K), 1 survivors (1024K)
 Metaspace       used 111477K, capacity 115278K, committed 115336K, reserved 616448K
  class space    used 14482K, capacity 15982K, committed 16000K, reserved 516096K
}
Event: 829.782 GC heap before
{Heap before GC invocations=188 (full 0):
 garbage-first heap   total 177152K, used 174298K [0x0000000080000000, 0x0000000100000000)
  region size 1024K, 8 young (8192K), 1 survivors (1024K)
 Metaspace       used 111867K, capacity 115707K, committed 115976K, reserved 616448K
  class space    used 14512K, capacity 16016K, committed 16128K, reserved 516096K
}
Event: 829.785 GC heap after
{Heap after GC invocations=189 (full 0):
 garbage-first heap   total 178176K, used 169344K [0x0000000080000000, 0x0000000100000000)
  region size 1024K, 1 young (1024K), 1 survivors (1024K)
 Metaspace       used 111867K, capacity 115707K, committed 115976K, reserved 616448K
  class space    used 14512K, capacity 16016K, committed 16128K, reserved 516096K
}
Event: 832.309 GC heap before
{Heap before GC invocations=189 (full 0):
 garbage-first heap   total 178176K, used 176512K [0x0000000080000000, 0x0000000100000000)
  region size 1024K, 8 young (8192K), 1 survivors (1024K)
 Metaspace       used 112205K, capacity 115996K, committed 116232K, reserved 616448K
  class space    used 14564K, capacity 16048K, committed 16128K, reserved 516096K
}
Event: 832.313 GC heap after
{Heap after GC invocations=190 (full 0):
 garbage-first heap   total 179200K, used 169937K [0x0000000080000000, 0x0000000100000000)
  region size 1024K, 1 young (1024K), 1 survivors (1024K)
 Metaspace       used 112205K, capacity 115996K, committed 116232K, reserved 616448K
  class space    used 14564K, capacity 16048K, committed 16128K, reserved 516096K
}
Event: 834.994 GC heap before
{Heap before GC invocations=191 (full 0):
 garbage-first heap   total 179200K, used 177105K [0x0000000080000000, 0x0000000100000000)
  region size 1024K, 8 young (8192K), 1 survivors (1024K)
 Metaspace       used 112482K, capacity 116314K, committed 116488K, reserved 618496K
  class space    used 14580K, capacity 16058K, committed 16128K, reserved 516096K
}
Event: 835.024 GC heap after
{Heap after GC invocations=192 (full 0):
 garbage-first heap   total 180224K, used 171646K [0x0000000080000000, 0x0000000100000000)
  region size 1024K, 1 young (1024K), 1 survivors (1024K)
 Metaspace       used 112482K, capacity 116314K, committed 116488K, reserved 618496K
  class space    used 14580K, capacity 16058K, committed 16128K, reserved 516096K
}
Event: 837.709 GC heap before
{Heap before GC invocations=192 (full 0):
 garbage-first heap   total 180224K, used 178814K [0x0000000080000000, 0x0000000100000000)
  region size 1024K, 8 young (8192K), 1 survivors (1024K)
 Metaspace       used 112859K, capacity 116698K, committed 116744K, reserved 618496K
  class space    used 14632K, capacity 16122K, committed 16128K, reserved 516096K
}
Event: 837.714 GC heap after
{Heap after GC invocations=193 (full 0):
 garbage-first heap   total 181248K, used 172061K [0x0000000080000000, 0x0000000100000000)
  region size 1024K, 1 young (1024K), 1 survivors (1024K)
 Metaspace       used 112859K, capacity 116698K, committed 116744K, reserved 618496K
  class space    used 14632K, capacity 16122K, committed 16128K, reserved 516096K
}
Event: 839.720 GC heap before
{Heap before GC invocations=194 (full 0):
 garbage-first heap   total 181248K, used 179229K [0x0000000080000000, 0x0000000100000000)
  region size 1024K, 8 young (8192K), 1 survivors (1024K)
 Metaspace       used 113060K, capacity 116830K, committed 117128K, reserved 618496K
  class space    used 14660K, capacity 16160K, committed 16256K, reserved 516096K
}
Event: 839.724 GC heap after
{Heap after GC invocations=195 (full 0):
 garbage-first heap   total 182272K, used 173696K [0x0000000080000000, 0x0000000100000000)
  region size 1024K, 1 young (1024K), 1 survivors (1024K)
 Metaspace       used 113060K, capacity 116830K, committed 117128K, reserved 618496K
  class space    used 14660K, capacity 16160K, committed 16256K, reserved 516096K
}

Deoptimization events (20 events):
Event: 832.348 Thread 0x000001ba7af66800 DEOPT PACKING pc=0x000001ba5fd548ba sp=0x0000003c4cbf8ec0
Event: 832.348 Thread 0x000001ba7af66800 DEOPT UNPACKING pc=0x000001ba5d8ea95e sp=0x0000003c4cbf8368 mode 0
Event: 832.802 Thread 0x000001ba7af66800 Uncommon trap: trap_request=0xffffffd6 fr.pc=0x000001ba65d0326c relative=0x0000000000000aac
Event: 832.802 Thread 0x000001ba7af66800 Uncommon trap: reason=array_check action=maybe_recompile pc=0x000001ba65d0326c method=com.google.common.collect.RegularImmutableMap.fromEntryArrayCheckingBucketOverflow(I[Ljava/util/Map$Entry;Z)Lcom/google/common/collect/ImmutableMap; @ 216 c2
Event: 832.802 Thread 0x000001ba7af66800 DEOPT PACKING pc=0x000001ba65d0326c sp=0x0000003c4cbf7f20
Event: 832.802 Thread 0x000001ba7af66800 DEOPT UNPACKING pc=0x000001ba5d8ea1af sp=0x0000003c4cbf7ed0 mode 2
Event: 832.803 Thread 0x000001ba7af66800 Uncommon trap: trap_request=0xffffffd6 fr.pc=0x000001ba65d0326c relative=0x0000000000000aac
Event: 832.803 Thread 0x000001ba7af66800 Uncommon trap: reason=array_check action=maybe_recompile pc=0x000001ba65d0326c method=com.google.common.collect.RegularImmutableMap.fromEntryArrayCheckingBucketOverflow(I[Ljava/util/Map$Entry;Z)Lcom/google/common/collect/ImmutableMap; @ 216 c2
Event: 832.803 Thread 0x000001ba7af66800 DEOPT PACKING pc=0x000001ba65d0326c sp=0x0000003c4cbf7f90
Event: 832.803 Thread 0x000001ba7af66800 DEOPT UNPACKING pc=0x000001ba5d8ea1af sp=0x0000003c4cbf7f40 mode 2
Event: 832.803 Thread 0x000001ba7af66800 Uncommon trap: trap_request=0xffffffd6 fr.pc=0x000001ba65d0326c relative=0x0000000000000aac
Event: 832.803 Thread 0x000001ba7af66800 Uncommon trap: reason=array_check action=maybe_recompile pc=0x000001ba65d0326c method=com.google.common.collect.RegularImmutableMap.fromEntryArrayCheckingBucketOverflow(I[Ljava/util/Map$Entry;Z)Lcom/google/common/collect/ImmutableMap; @ 216 c2
Event: 832.803 Thread 0x000001ba7af66800 DEOPT PACKING pc=0x000001ba65d0326c sp=0x0000003c4cbf7f20
Event: 832.803 Thread 0x000001ba7af66800 DEOPT UNPACKING pc=0x000001ba5d8ea1af sp=0x0000003c4cbf7ed0 mode 2
Event: 832.803 Thread 0x000001ba7af66800 Uncommon trap: trap_request=0xffffffd6 fr.pc=0x000001ba65d0326c relative=0x0000000000000aac
Event: 832.803 Thread 0x000001ba7af66800 Uncommon trap: reason=array_check action=maybe_recompile pc=0x000001ba65d0326c method=com.google.common.collect.RegularImmutableMap.fromEntryArrayCheckingBucketOverflow(I[Ljava/util/Map$Entry;Z)Lcom/google/common/collect/ImmutableMap; @ 216 c2
Event: 832.803 Thread 0x000001ba7af66800 DEOPT PACKING pc=0x000001ba65d0326c sp=0x0000003c4cbf7f90
Event: 832.803 Thread 0x000001ba7af66800 DEOPT UNPACKING pc=0x000001ba5d8ea1af sp=0x0000003c4cbf7f40 mode 2
Event: 838.951 Thread 0x000001ba7af66800 DEOPT PACKING pc=0x000001ba5fd548ba sp=0x0000003c4cbf8ec0
Event: 838.951 Thread 0x000001ba7af66800 DEOPT UNPACKING pc=0x000001ba5d8ea95e sp=0x0000003c4cbf8368 mode 0

Classes redefined (0 events):
No events

Internal exceptions (20 events):
Event: 771.852 Thread 0x000001ba74fc4800 Exception <a 'java/lang/ClassNotFoundException'{0x0000000089349aa8}: build_8tj8aq75j4l55akf3arh4g80f$_run_closure1Customizer> (0x0000000089349aa8) thrown at [./src/hotspot/share/classfile/systemDictionary.cpp, line 230]
Event: 773.736 Thread 0x000001ba74fc4800 Exception <a 'java/lang/NoClassDefFoundError'{0x00000000897c34d8}: org/jetbrains/kotlin/gradle/plugin/KotlinBasePluginWrapper> (0x00000000897c34d8) thrown at [./src/hotspot/share/oops/constantPool.cpp, line 775]
Event: 779.608 Thread 0x000001ba74fc4800 Implicit null exception at 0x000001ba65bc54b1 to 0x000001ba65bc6b50
Event: 781.492 Thread 0x000001ba74fc4800 Exception <a 'java/lang/NoSuchMethodError'{0x0000000089859680}: 'org.gradle.internal.buildoption.BuildOption$Value org.gradle.api.internal.StartParameterInternal.getIsolatedProjects()'> (0x0000000089859680) thrown at [./src/hotspot/share/interpreter/linkResolver.cpp, line 773]
Event: 783.313 Thread 0x000001ba74fc4800 Exception <a 'java/lang/NoSuchMethodError'{0x00000000895e3d30}: 'org.gradle.internal.buildoption.BuildOption$Value org.gradle.api.internal.StartParameterInternal.getConfigurationCache()'> (0x00000000895e3d30) thrown at [./src/hotspot/share/interpreter/linkResolver.cpp, line 773]
Event: 784.072 Thread 0x000001ba74fc4800 Exception <a 'java/lang/NoSuchMethodError'{0x00000000894f2698}: <clinit>> (0x00000000894f2698) thrown at [./src/hotspot/share/prims/jni.cpp, line 1367]
Event: 784.346 Thread 0x000001ba74fc4800 Exception <a 'java/lang/NoSuchMethodError'{0x0000000089255050}: <clinit>> (0x0000000089255050) thrown at [./src/hotspot/share/prims/jni.cpp, line 1367]
Event: 784.376 Thread 0x000001ba74fc4800 Exception <a 'java/lang/NoSuchMethodError'{0x000000008925a010}: 'void java.lang.invoke.DirectMethodHandle$Holder.invokeSpecial(java.lang.Object, java.lang.Object, java.lang.Object, int)'> (0x000000008925a010) thrown at [./src/hotspot/share/interpreter/linkResolver.cpp, line 773]
Event: 787.658 Thread 0x000001ba74fc4800 Exception <a 'sun/nio/fs/WindowsException'{0x00000000898c7820}> (0x00000000898c7820) thrown at [./src/hotspot/share/prims/jni.cpp, line 617]
Event: 788.876 Thread 0x000001ba74fc4800 Implicit null exception at 0x000001ba659f8316 to 0x000001ba659f8b48
Event: 792.867 Thread 0x000001ba7af66800 Exception <a 'java/lang/NoSuchMethodError'{0x0000000089961ce8}: 'void java.lang.invoke.DirectMethodHandle$Holder.invokeVirtual(java.lang.Object, java.lang.Object)'> (0x0000000089961ce8) thrown at [./src/hotspot/share/interpreter/linkResolver.cpp, line 773]
Event: 793.742 Thread 0x000001ba7af66800 Implicit null exception at 0x000001ba65c3b3b0 to 0x000001ba65c3b470
Event: 793.948 Thread 0x000001ba7af66800 Implicit null exception at 0x000001ba65c3b787 to 0x000001ba65c3b867
Event: 794.154 Thread 0x000001ba7af66800 Implicit null exception at 0x000001ba65c3c7c0 to 0x000001ba65c3c874
Event: 798.249 Thread 0x000001ba7af66800 Implicit null exception at 0x000001ba65c5b34e to 0x000001ba65c5bac4
Event: 798.506 Thread 0x000001ba7af66800 Implicit null exception at 0x000001ba65c5ef34 to 0x000001ba65c5f870
Event: 803.043 Thread 0x000001ba7af66800 Exception <a 'java/lang/NoSuchMethodError'{0x000000008a181e38}: 'java.lang.Object java.lang.invoke.DirectMethodHandle$Holder.invokeStatic(java.lang.Object, java.lang.Object, java.lang.Object, java.lang.Object, java.lang.Object, java.lang.Object, int)'> (0x000000008a181e38) thrown at [./src/hotspot/share/interpreter/linkResolver.cpp, line 773]
Event: 803.254 Thread 0x000001ba7af66800 Exception <a 'java/lang/NoSuchMethodError'{0x000000008a199b38}: 'java.lang.Object java.lang.invoke.DirectMethodHandle$Holder.invokeStatic(java.lang.Object, java.lang.Object, java.lang.Object, java.lang.Object, java.lang.Object, java.lang.Object, int, int)'> (0x000000008a199b38) thrown at [./src/hotspot/share/interpreter/linkResolver.cpp, line 773]
Event: 803.262 Thread 0x000001ba7af66800 Exception <a 'java/lang/NoSuchMethodError'{0x000000008a1b2738}: 'java.lang.Object java.lang.invoke.DirectMethodHandle$Holder.invokeStatic(java.lang.Object, java.lang.Object, java.lang.Object, java.lang.Object, java.lang.Object, java.lang.Object, int, int, java.lang.Object)'> (0x000000008a1b2738) thrown at [./src/hotspot/share/interpreter/linkResolver.cpp, line 773]
Event: 815.608 Thread 0x000001ba7af66800 Exception <a 'java/lang/NoSuchMethodError'{0x000000008964bfa8}: 'int java.lang.invoke.DirectMethodHandle$Holder.invokeStatic(java.lang.Object, int, int, java.lang.Object)'> (0x000000008964bfa8) thrown at [./src/hotspot/share/interpreter/linkResolver.cpp, line 773]

Events (20 events):
Event: 838.015 Executing VM operation: CGC_Operation
Event: 838.015 Executing VM operation: CGC_Operation done
Event: 838.372 Executing VM operation: RevokeBias
Event: 838.373 Executing VM operation: RevokeBias done
Event: 838.418 loading class org/jetbrains/kotlin/gradle/tasks/FilteringSourceRootsContainer$getFilteredSourceRootsFrom$1
Event: 838.418 loading class org/jetbrains/kotlin/gradle/tasks/FilteringSourceRootsContainer$getFilteredSourceRootsFrom$1 done
Event: 838.421 loading class org/jetbrains/kotlin/gradle/tasks/FilteringSourceRootsContainer$sam$org_gradle_api_specs_Spec$0
Event: 838.421 loading class org/jetbrains/kotlin/gradle/tasks/FilteringSourceRootsContainer$sam$org_gradle_api_specs_Spec$0 done
Event: 838.425 loading class org/jetbrains/kotlin/gradle/plugin/mpp/KotlinCompilationsKt$addSourcesToKotlinCompileTask$configureAction$1
Event: 838.425 loading class org/jetbrains/kotlin/gradle/plugin/mpp/KotlinCompilationsKt$addSourcesToKotlinCompileTask$configureAction$1 done
Event: 838.929 Executing VM operation: RevokeBias
Event: 838.944 Executing VM operation: RevokeBias done
Event: 838.947 Executing VM operation: RevokeBias
Event: 838.948 Executing VM operation: RevokeBias done
Event: 839.346 loading class com/android/build/api/variant/impl/LayeredSourceDirectoriesImpl$getLocalSources$1$2$1
Event: 839.346 loading class com/android/build/api/variant/impl/LayeredSourceDirectoriesImpl$getLocalSources$1$2$1 done
Event: 839.704 loading class org/gradle/api/internal/tasks/TaskDependencyUsageTracker
Event: 839.704 loading class org/gradle/api/internal/tasks/TaskDependencyUsageTracker done
Event: 839.719 Executing VM operation: G1CollectForAllocation
Event: 839.724 Executing VM operation: G1CollectForAllocation done


Dynamic libraries:
0x00007ff703c50000 - 0x00007ff703c5d000 	C:\Program Files\Microsoft\jdk-11.0.18.10-hotspot\bin\java.exe
0x00007ff9c3c10000 - 0x00007ff9c3e27000 	C:\WINDOWS\SYSTEM32\ntdll.dll
0x00007ff9c2920000 - 0x00007ff9c29e4000 	C:\WINDOWS\System32\KERNEL32.DLL
0x00007ff9c0f90000 - 0x00007ff9c1336000 	C:\WINDOWS\System32\KERNELBASE.dll
0x00007ff9c17e0000 - 0x00007ff9c18f1000 	C:\WINDOWS\System32\ucrtbase.dll
0x00007ff9b8570000 - 0x00007ff9b8587000 	C:\Program Files\Microsoft\jdk-11.0.18.10-hotspot\bin\jli.dll
0x00007ff9c1b70000 - 0x00007ff9c1d1e000 	C:\WINDOWS\System32\USER32.dll
0x00007ff9c15c0000 - 0x00007ff9c15e6000 	C:\WINDOWS\System32\win32u.dll
0x00007ff9c1f00000 - 0x00007ff9c1f29000 	C:\WINDOWS\System32\GDI32.dll
0x00007ff9c1340000 - 0x00007ff9c1458000 	C:\WINDOWS\System32\gdi32full.dll
0x00007ff9c1460000 - 0x00007ff9c14fa000 	C:\WINDOWS\System32\msvcp_win.dll
0x00007ff9b8550000 - 0x00007ff9b8565000 	C:\Program Files\Microsoft\jdk-11.0.18.10-hotspot\bin\VCRUNTIME140.dll
0x00007ff9a9690000 - 0x00007ff9a9923000 	C:\WINDOWS\WinSxS\amd64_microsoft.windows.common-controls_6595b64144ccf1df_6.0.22621.2361_none_2712ced57382f843\COMCTL32.dll
0x00007ff9c20b0000 - 0x00007ff9c2157000 	C:\WINDOWS\System32\msvcrt.dll
0x00007ff9c2e80000 - 0x00007ff9c2eb1000 	C:\WINDOWS\System32\IMM32.DLL
0x00007ff9a28b0000 - 0x00007ff9a294b000 	C:\Program Files\Microsoft\jdk-11.0.18.10-hotspot\bin\msvcp140.dll
0x00007ff92b8b0000 - 0x00007ff92c442000 	C:\Program Files\Microsoft\jdk-11.0.18.10-hotspot\bin\server\jvm.dll
0x00007ff9c38f0000 - 0x00007ff9c39a0000 	C:\WINDOWS\System32\ADVAPI32.dll
0x00007ff9c2ed0000 - 0x00007ff9c2f76000 	C:\WINDOWS\System32\sechost.dll
0x00007ff9c2660000 - 0x00007ff9c2777000 	C:\WINDOWS\System32\RPCRT4.dll
0x00007ff9c2ec0000 - 0x00007ff9c2ec8000 	C:\WINDOWS\System32\PSAPI.DLL
0x00007ff9bea90000 - 0x00007ff9bea99000 	C:\WINDOWS\SYSTEM32\WSOCK32.dll
0x00007ff9c3af0000 - 0x00007ff9c3b61000 	C:\WINDOWS\System32\WS2_32.dll
0x00007ff9bc580000 - 0x00007ff9bc5b4000 	C:\WINDOWS\SYSTEM32\WINMM.dll
0x00007ff9beaf0000 - 0x00007ff9beafa000 	C:\WINDOWS\SYSTEM32\VERSION.dll
0x00007ff9c0010000 - 0x00007ff9c0028000 	C:\WINDOWS\SYSTEM32\kernel.appcore.dll
0x00007ff9b9d40000 - 0x00007ff9b9d50000 	C:\Program Files\Microsoft\jdk-11.0.18.10-hotspot\bin\verify.dll
0x00007ff9bdc00000 - 0x00007ff9bde2e000 	C:\WINDOWS\SYSTEM32\DBGHELP.DLL
0x00007ff9c29f0000 - 0x00007ff9c2d7a000 	C:\WINDOWS\System32\combase.dll
0x00007ff9c1970000 - 0x00007ff9c1a47000 	C:\WINDOWS\System32\OLEAUT32.dll
0x00007ff9b9090000 - 0x00007ff9b90c2000 	C:\WINDOWS\SYSTEM32\dbgcore.DLL
0x00007ff9c1760000 - 0x00007ff9c17da000 	C:\WINDOWS\System32\bcryptPrimitives.dll
0x00007ff9b2810000 - 0x00007ff9b2838000 	C:\Program Files\Microsoft\jdk-11.0.18.10-hotspot\bin\java.dll
0x00007ff9b7ca0000 - 0x00007ff9b7caa000 	C:\Program Files\Microsoft\jdk-11.0.18.10-hotspot\bin\jimage.dll
0x00007ff9b27f0000 - 0x00007ff9b2808000 	C:\Program Files\Microsoft\jdk-11.0.18.10-hotspot\bin\zip.dll
0x00007ff9c2f80000 - 0x00007ff9c37d8000 	C:\WINDOWS\System32\SHELL32.dll
0x00007ff9beea0000 - 0x00007ff9bf792000 	C:\WINDOWS\SYSTEM32\windows.storage.dll
0x00007ff9bed60000 - 0x00007ff9bee9e000 	C:\WINDOWS\SYSTEM32\wintypes.dll
0x00007ff9c2d80000 - 0x00007ff9c2e73000 	C:\WINDOWS\System32\SHCORE.dll
0x00007ff9c1f30000 - 0x00007ff9c1f8e000 	C:\WINDOWS\System32\shlwapi.dll
0x00007ff9c0ec0000 - 0x00007ff9c0ee6000 	C:\WINDOWS\SYSTEM32\profapi.dll
0x00007ff9a6f30000 - 0x00007ff9a6f49000 	C:\Program Files\Microsoft\jdk-11.0.18.10-hotspot\bin\net.dll
0x00007ff9bc9c0000 - 0x00007ff9bcaf7000 	C:\WINDOWS\SYSTEM32\WINHTTP.dll
0x00007ff9c0510000 - 0x00007ff9c0579000 	C:\WINDOWS\system32\mswsock.dll
0x00007ff9a6f10000 - 0x00007ff9a6f23000 	C:\Program Files\Microsoft\jdk-11.0.18.10-hotspot\bin\nio.dll
0x00007ff9939e0000 - 0x00007ff993a07000 	C:\Users\Sahil Rawat\.gradle\native\68d5fa5c4cc2d200863cafc0d521ce42e7d3e7ee720ec0a83991735586a16f82\windows-amd64\native-platform.dll
0x00007ff977bf0000 - 0x00007ff977d34000 	C:\Users\Sahil Rawat\.gradle\native\e376f236ea51e6404a007f0833ffe2c6e607c4080706a723a18a27aeea778392\windows-amd64\native-platform-file-events.dll
0x00007ff9a6f00000 - 0x00007ff9a6f09000 	C:\Program Files\Microsoft\jdk-11.0.18.10-hotspot\bin\management.dll
0x00007ff9a6ef0000 - 0x00007ff9a6efb000 	C:\Program Files\Microsoft\jdk-11.0.18.10-hotspot\bin\management_ext.dll
0x00007ff9c07a0000 - 0x00007ff9c07bb000 	C:\WINDOWS\SYSTEM32\CRYPTSP.dll
0x00007ff9bff70000 - 0x00007ff9bffa5000 	C:\WINDOWS\system32\rsaenh.dll
0x00007ff9c0630000 - 0x00007ff9c065c000 	C:\WINDOWS\SYSTEM32\USERENV.dll
0x00007ff9c0950000 - 0x00007ff9c0978000 	C:\WINDOWS\SYSTEM32\bcrypt.dll
0x00007ff9c0790000 - 0x00007ff9c079c000 	C:\WINDOWS\SYSTEM32\CRYPTBASE.dll
0x00007ff9bfa00000 - 0x00007ff9bfa2d000 	C:\WINDOWS\SYSTEM32\IPHLPAPI.DLL
0x00007ff9c2020000 - 0x00007ff9c2029000 	C:\WINDOWS\System32\NSI.dll
0x00007ff9bccc0000 - 0x00007ff9bccd9000 	C:\WINDOWS\SYSTEM32\dhcpcsvc6.DLL
0x00007ff9bc780000 - 0x00007ff9bc79f000 	C:\WINDOWS\SYSTEM32\dhcpcsvc.DLL
0x00007ff9bfa70000 - 0x00007ff9bfb69000 	C:\WINDOWS\SYSTEM32\DNSAPI.dll

dbghelp: loaded successfully - version: 4.0.5 - missing functions: none
symbol engine: initialized successfully - sym options: 0x614 - pdb path: .;C:\Program Files\Microsoft\jdk-11.0.18.10-hotspot\bin;C:\WINDOWS\SYSTEM32;C:\WINDOWS\WinSxS\amd64_microsoft.windows.common-controls_6595b64144ccf1df_6.0.22621.2361_none_2712ced57382f843;C:\Program Files\Microsoft\jdk-11.0.18.10-hotspot\bin\server;C:\Users\Sahil Rawat\.gradle\native\68d5fa5c4cc2d200863cafc0d521ce42e7d3e7ee720ec0a83991735586a16f82\windows-amd64;C:\Users\Sahil Rawat\.gradle\native\e376f236ea51e6404a007f0833ffe2c6e607c4080706a723a18a27aeea778392\windows-amd64

VM Arguments:
jvm_args: -XX:MaxMetaspaceSize=512m --add-opens=java.base/java.util=ALL-UNNAMED --add-opens=java.base/java.lang=ALL-UNNAMED --add-opens=java.base/java.lang.invoke=ALL-UNNAMED --add-opens=java.prefs/java.util.prefs=ALL-UNNAMED --add-opens=java.base/java.nio.charset=ALL-UNNAMED --add-opens=java.base/java.net=ALL-UNNAMED --add-opens=java.base/java.util.concurrent.atomic=ALL-UNNAMED -Xmx2048m -Dfile.encoding=windows-1252 -Duser.country=IN -Duser.language=en -Duser.variant 
java_command: org.gradle.launcher.daemon.bootstrap.GradleDaemon 8.0.1
java_class_path (initial): C:\Users\Sahil Rawat\.gradle\wrapper\dists\gradle-8.0.1-all\aro4hu1c3oeioove7l0i4i14o\gradle-8.0.1\lib\gradle-launcher-8.0.1.jar
Launcher Type: SUN_STANDARD

[Global flags]
     intx CICompilerCount                          = 4                                         {product} {ergonomic}
   size_t CompressedClassSpaceSize                 = 528482304                                 {product} {ergonomic}
     uint ConcGCThreads                            = 2                                         {product} {ergonomic}
     uint G1ConcRefinementThreads                  = 8                                         {product} {ergonomic}
   size_t G1HeapRegionSize                         = 1048576                                   {product} {ergonomic}
    uintx GCDrainStackTargetSize                   = 64                                        {product} {ergonomic}
   size_t InitialHeapSize                          = 100663296                                 {product} {ergonomic}
   size_t MarkStackSize                            = 4194304                                   {product} {ergonomic}
   size_t MaxHeapSize                              = 2147483648                                {product} {command line}
   size_t MaxMetaspaceSize                         = 536870912                                 {product} {command line}
   size_t MaxNewSize                               = 1287651328                                {product} {ergonomic}
   size_t MinHeapDeltaBytes                        = 1048576                                   {product} {ergonomic}
    uintx NonNMethodCodeHeapSize                   = 5836300                                {pd product} {ergonomic}
    uintx NonProfiledCodeHeapSize                  = 122910970                              {pd product} {ergonomic}
    uintx ProfiledCodeHeapSize                     = 122910970                              {pd product} {ergonomic}
    uintx ReservedCodeCacheSize                    = 251658240                              {pd product} {ergonomic}
     bool SegmentedCodeCache                       = true                                      {product} {ergonomic}
     bool UseCompressedClassPointers               = true                                 {lp64_product} {ergonomic}
     bool UseCompressedOops                        = true                                 {lp64_product} {ergonomic}
     bool UseG1GC                                  = true                                      {product} {ergonomic}
     bool UseLargePagesIndividualAllocation        = false                                  {pd product} {ergonomic}

Logging:
Log output configuration:
 #0: stdout all=warning uptime,level,tags
 #1: stderr all=off uptime,level,tags

Environment Variables:
JAVA_HOME=C:\Program Files\Microsoft\jdk-11.0.18.10-hotspot\
CLASSPATH=D:\Assignment_Five_SignInPage\android\\gradle\wrapper\gradle-wrapper.jar
PATH=D:\Assignment_Five_SignInPage\node_modules\.bin;D:\node_modules\.bin;C:\Users\Sahil Rawat\AppData\Roaming\npm\node_modules\npm\node_modules\@npmcli\run-script\lib\node-gyp-bin;D:\Assignment_Five_SignInPage\node_modules\.bin;D:\node_modules\.bin;C:\Users\Sahil Rawat\AppData\Roaming\npm\node_modules\npm\node_modules\@npmcli\run-script\lib\node-gyp-bin;C:\Program Files\Microsoft\jdk-11.0.18.10-hotspot\bin;C:\Python310\Scripts\;C:\Python310\;C:\Windows\system32;C:\Windows;C:\Windows\System32\Wbem;C:\Windows\System32\WindowsPowerShell\v1.0\;C:\Windows\System32\OpenSSH\;C:\Program Files (x86)\NVIDIA Corporation\PhysX\Common;C:\Program Files\NVIDIA Corporation\NVIDIA NvDLISR;C:\MinGW\bin;C:\Program Files\SourceGear\Common\DiffMerge\;C:\ProgramData\chocolatey\bin;C:\WINDOWS\system32;C:\WINDOWS;C:\WINDOWS\System32\Wbem;C:\WINDOWS\System32\WindowsPowerShell\v1.0\;C:\WINDOWS\System32\OpenSSH\;C:\Users\Sahil Rawat\AppData\Roaming\nvm;C:\Program Files\nodejs;C:\Users\Sahil Rawat\AppData\Local\Android\Sdk\platform-tools;C:\Program Files\Git\cmd;C:\Users\Sahil Rawat\AppData\Local\Microsoft\WindowsApps;C:\Program Files\Java\jdk-16.0.2\bin;C:\Users\Sahil Rawat\AppData\Local\Programs\Hyper\resources\bin;C:\Program Files\heroku\bin;C:\Users\Sahil Rawat\AppData\Local\Programs\Microsoft VS Code\bin;C:\Users\Sahil Rawat\AppData\Roaming\npm;C:\Users\Sahil Rawat\AppData\Roaming\nvm;C:\Program Files\nodejs
USERNAME=Sahil Rawat
LANG=en_US.UTF-8
OS=Windows_NT
PROCESSOR_IDENTIFIER=AMD64 Family 23 Model 24 Stepping 1, AuthenticAMD
TMP=C:\Users\SAHILR~1\AppData\Local\Temp
TEMP=C:\Users\SAHILR~1\AppData\Local\Temp



---------------  S Y S T E M  ---------------

OS: Windows 11 , 64 bit Build 22621 (10.0.22621.2361)
OS uptime: 1 days 22:36 hours
Hyper-V role detected

CPU:total 8 (initial active 8) (8 cores per cpu, 2 threads per core) family 23 model 24 stepping 1 microcode 0x0, cmov, cx8, fxsr, mmx, sse, sse2, sse3, ssse3, sse4.1, sse4.2, popcnt, avx, avx2, aes, clmul, mmxext, 3dnowpref, lzcnt, sse4a, ht, tsc, tscinvbit, tscinv, bmi1, bmi2, adx, sha, fma

Memory: 4k page, system-wide physical 6081M (14M free)
TotalPageFile size 24513M (AvailPageFile size 2M)
current process WorkingSet (physical memory assigned to process): 307M, peak: 307M
current process commit charge ("private bytes"): 526M, peak: 527M

vm_info: OpenJDK 64-Bit Server VM (11.0.18+10-LTS) for windows-amd64 JRE (11.0.18+10-LTS), built on Jan 18 2023 15:56:47 by "MicrosoftCorporation" with MS VC++ 15.9 (VS2017)

END.
