#
# There is insufficient memory for the Java Runtime Environment to continue.
# Native memory allocation (malloc) failed to allocate 211696 bytes for Chunk::new
# Possible reasons:
#   The system is out of physical RAM or swap space
#   The process is running with CompressedOops enabled, and the Java Heap may be blocking the growth of the native heap
# Possible solutions:
#   Reduce memory load on the system
#   Increase physical memory or swap space
#   Check if swap backing store is full
#   Decrease Java heap size (-Xmx/-Xms)
#   Decrease number of Java threads
#   Decrease Java thread stack sizes (-Xss)
#   Set larger code cache with -XX:ReservedCodeCacheSize=
#   JVM is running with Unscaled Compressed Oops mode in which the Java heap is
#     placed in the first 4GB address space. The Java Heap base address is the
#     maximum limit for the native heap growth. Please use -XX:HeapBaseMinAddress
#     to set the Java Heap base and to place the Java Heap above 4GB virtual address.
# This output file may be truncated or incomplete.
#
#  Out of Memory Error (./src/hotspot/share/memory/arena.cpp:197), pid=16544, tid=9460
#
# JRE version: OpenJDK Runtime Environment Microsoft-7208460 (11.0.18+10) (build 11.0.18+10-LTS)
# Java VM: OpenJDK 64-Bit Server VM Microsoft-7208460 (11.0.18+10-LTS, mixed mode, tiered, compressed oops, g1 gc, windows-amd64)
# No core dump will be written. Minidumps are not enabled by default on client versions of Windows
#

---------------  S U M M A R Y ------------

Command Line: -XX:MaxMetaspaceSize=512m --add-opens=java.base/java.util=ALL-UNNAMED --add-opens=java.base/java.lang=ALL-UNNAMED --add-opens=java.base/java.lang.invoke=ALL-UNNAMED --add-opens=java.prefs/java.util.prefs=ALL-UNNAMED --add-opens=java.base/java.nio.charset=ALL-UNNAMED --add-opens=java.base/java.net=ALL-UNNAMED --add-opens=java.base/java.util.concurrent.atomic=ALL-UNNAMED -Xmx2048m -Dfile.encoding=windows-1252 -Duser.country=IN -Duser.language=en -Duser.variant org.gradle.launcher.daemon.bootstrap.GradleDaemon 8.0.1

Host: AMD Ryzen 5 3550H with Radeon Vega Mobile Gfx  , 8 cores, 5G,  Windows 11 , 64 bit Build 22621 (10.0.22621.2361)
Time: Fri Sep 29 10:24:53 2023 India Standard Time elapsed time: 495.934097 seconds (0d 0h 8m 15s)

---------------  T H R E A D  ---------------

Current thread (0x0000025646279000):  JavaThread "C2 CompilerThread0" daemon [_thread_in_native, id=9460, stack(0x00000091cb200000,0x00000091cb300000)]


Current CompileTask:
C2: 495934 19389       4       java.io.WinNTFileSystem::resolve (275 bytes)

Stack: [0x00000091cb200000,0x00000091cb300000]
Native frames: (J=compiled Java code, j=interpreted, Vv=VM code, C=native code)
V  [jvm.dll+0x62bf8a]
V  [jvm.dll+0x7b8fb9]
V  [jvm.dll+0x7ba6a8]
V  [jvm.dll+0x7bad83]
V  [jvm.dll+0x250248]
V  [jvm.dll+0xc260c]
V  [jvm.dll+0xc2bcc]
V  [jvm.dll+0x2c4e64]
V  [jvm.dll+0x533dcc]
V  [jvm.dll+0x208c26]
V  [jvm.dll+0x20ad9f]
V  [jvm.dll+0x2083eb]
V  [jvm.dll+0x18a4b1]
V  [jvm.dll+0x217eec]
V  [jvm.dll+0x21612b]
V  [jvm.dll+0x77bac0]
V  [jvm.dll+0x7749f4]
V  [jvm.dll+0x62adf5]
C  [ucrtbase.dll+0x29363]
C  [KERNEL32.DLL+0x1257d]
C  [ntdll.dll+0x5aa78]


---------------  P R O C E S S  ---------------

Threads class SMR info:
_java_thread_list=0x0000025659197860, length=76, elements={
0x0000025627191000, 0x000002564624e000, 0x0000025646259000, 0x0000025646269000,
0x000002564626c000, 0x000002564626d000, 0x0000025646279000, 0x0000025646284800,
0x0000025646298000, 0x0000025646d37800, 0x0000025648495800, 0x00000256486ac800,
0x0000025648d80000, 0x0000025648f45000, 0x0000025648f43000, 0x0000025648f42800,
0x0000025648f45800, 0x0000025648f44000, 0x0000025648f48000, 0x000002564adca000,
0x000002564adcb000, 0x000002564adce000, 0x000002564adc9800, 0x000002564add1800,
0x000002564add3000, 0x000002564add4000, 0x000002564add0800, 0x000002564add4800,
0x0000025647b18000, 0x0000025647b1a800, 0x000002564db65000, 0x000002564d079800,
0x000002564d078000, 0x000002564d07c000, 0x000002564d07d000, 0x000002564db5c000,
0x000002564db60000, 0x000002564db61800, 0x000002564db5d000, 0x000002564db63800,
0x000002564db64000, 0x000002564db61000, 0x000002564db5e800, 0x000002564db5f000,
0x000002564db69000, 0x000002564db62800, 0x000002564db5d800, 0x000002564db66800,
0x000002564db68000, 0x000002564db66000, 0x000002564db67800, 0x000002564db6a000,
0x000002564db6a800, 0x0000025647b18800, 0x0000025647b19800, 0x0000025647b17000,
0x0000025647b14800, 0x0000025647b15800, 0x0000025647b1c000, 0x0000025647b16000,
0x0000025647b1d800, 0x0000025647b1e800, 0x0000025647b1f000, 0x0000025647b20000,
0x0000025647b1d000, 0x0000025647b22800, 0x0000025647b23800, 0x0000025647b21000,
0x0000025647b21800, 0x000002564d070800, 0x000002564d071800, 0x000002564d06e800,
0x000002564d072800, 0x000002564d070000, 0x000002564d073000, 0x000002564d074000
}

Java Threads: ( => current thread )
  0x0000025627191000 JavaThread "main" [_thread_blocked, id=17984, stack(0x00000091ca600000,0x00000091ca700000)]
  0x000002564624e000 JavaThread "Reference Handler" daemon [_thread_blocked, id=19632, stack(0x00000091cad00000,0x00000091cae00000)]
  0x0000025646259000 JavaThread "Finalizer" daemon [_thread_blocked, id=22312, stack(0x00000091cae00000,0x00000091caf00000)]
  0x0000025646269000 JavaThread "Signal Dispatcher" daemon [_thread_blocked, id=8648, stack(0x00000091caf00000,0x00000091cb000000)]
  0x000002564626c000 JavaThread "Attach Listener" daemon [_thread_blocked, id=14820, stack(0x00000091cb000000,0x00000091cb100000)]
  0x000002564626d000 JavaThread "Service Thread" daemon [_thread_blocked, id=6540, stack(0x00000091cb100000,0x00000091cb200000)]
=>0x0000025646279000 JavaThread "C2 CompilerThread0" daemon [_thread_in_native, id=9460, stack(0x00000091cb200000,0x00000091cb300000)]
  0x0000025646284800 JavaThread "C1 CompilerThread0" daemon [_thread_blocked, id=5656, stack(0x00000091cb300000,0x00000091cb400000)]
  0x0000025646298000 JavaThread "Sweeper thread" daemon [_thread_blocked, id=8968, stack(0x00000091cb400000,0x00000091cb500000)]
  0x0000025646d37800 JavaThread "Common-Cleaner" daemon [_thread_blocked, id=15472, stack(0x00000091cb500000,0x00000091cb600000)]
  0x0000025648495800 JavaThread "Daemon health stats" [_thread_blocked, id=18020, stack(0x00000091cb800000,0x00000091cb900000)]
  0x00000256486ac800 JavaThread "Incoming local TCP Connector on port 61177" [_thread_in_native, id=16816, stack(0x00000091cbb00000,0x00000091cbc00000)]
  0x0000025648d80000 JavaThread "Daemon periodic checks" [_thread_blocked, id=11876, stack(0x00000091cbc00000,0x00000091cbd00000)]
  0x0000025648f45000 JavaThread "Cache worker for journal cache (C:\Users\Sahil Rawat\.gradle\caches\journal-1)" [_thread_blocked, id=4960, stack(0x00000091cc800000,0x00000091cc900000)]
  0x0000025648f43000 JavaThread "File lock request listener" [_thread_blocked, id=20408, stack(0x00000091cc900000,0x00000091cca00000)]
  0x0000025648f42800 JavaThread "Cache worker for file hash cache (C:\Users\Sahil Rawat\.gradle\caches\8.0.1\fileHashes)" [_thread_blocked, id=22260, stack(0x00000091ccb00000,0x00000091ccc00000)]
  0x0000025648f45800 JavaThread "File watcher server" daemon [_thread_blocked, id=13052, stack(0x00000091ccc00000,0x00000091ccd00000)]
  0x0000025648f44000 JavaThread "File watcher consumer" daemon [_thread_in_vm, id=17128, stack(0x00000091ccd00000,0x00000091cce00000)]
  0x0000025648f48000 JavaThread "Cache worker for file content cache (C:\Users\Sahil Rawat\.gradle\caches\8.0.1\fileContent)" [_thread_blocked, id=21840, stack(0x00000091cd000000,0x00000091cd100000)]
  0x000002564adca000 JavaThread "Cache worker for execution history cache (C:\Users\Sahil Rawat\.gradle\caches\8.0.1\executionHistory)" [_thread_blocked, id=21200, stack(0x00000091cd300000,0x00000091cd400000)]
  0x000002564adcb000 JavaThread "jar transforms" [_thread_blocked, id=10264, stack(0x00000091cd400000,0x00000091cd500000)]
  0x000002564adce000 JavaThread "jar transforms Thread 2" [_thread_blocked, id=12480, stack(0x00000091cd600000,0x00000091cd700000)]
  0x000002564adc9800 JavaThread "jar transforms Thread 3" [_thread_blocked, id=12520, stack(0x00000091cd700000,0x00000091cd800000)]
  0x000002564add1800 JavaThread "jar transforms Thread 4" [_thread_blocked, id=3664, stack(0x00000091cd800000,0x00000091cd900000)]
  0x000002564add3000 JavaThread "Cache worker for kotlin-dsl (C:\Users\Sahil Rawat\.gradle\caches\8.0.1\kotlin-dsl)" [_thread_blocked, id=17192, stack(0x00000091cd900000,0x00000091cda00000)]
  0x000002564add4000 JavaThread "jar transforms Thread 5" [_thread_blocked, id=15796, stack(0x00000091cda00000,0x00000091cdb00000)]
  0x000002564add0800 JavaThread "jar transforms Thread 6" [_thread_blocked, id=10704, stack(0x00000091cdb00000,0x00000091cdc00000)]
  0x000002564add4800 JavaThread "jar transforms Thread 7" [_thread_blocked, id=13964, stack(0x00000091cde00000,0x00000091cdf00000)]
  0x0000025647b18000 JavaThread "jar transforms Thread 8" [_thread_blocked, id=8748, stack(0x00000091cf900000,0x00000091cfa00000)]
  0x0000025647b1a800 JavaThread "Memory manager" [_thread_blocked, id=13564, stack(0x00000091cfa00000,0x00000091cfb00000)]
  0x000002564db65000 JavaThread "pool-3-thread-1" [_thread_blocked, id=20116, stack(0x00000091d3e00000,0x00000091d3f00000)]
  0x000002564d079800 JavaThread "pool-6-thread-1" [_thread_blocked, id=13944, stack(0x00000091ca300000,0x00000091ca400000)]
  0x000002564d078000 JavaThread "Monitor" [_thread_in_native, id=4408, stack(0x00000091cce00000,0x00000091ccf00000)]
  0x000002564d07c000 JavaThread "JdwpProxyConnection" [_thread_in_native, id=19412, stack(0x00000091d4000000,0x00000091d4100000)]
  0x000002564d07d000 JavaThread "Device List Monitor" [_thread_in_native, id=22068, stack(0x00000091d4100000,0x00000091d4200000)]
  0x000002564db5c000 JavaThread "Daemon Thread 2" [_thread_blocked, id=30816, stack(0x00000091ca400000,0x00000091ca500000)]
  0x000002564db60000 JavaThread "Handler for socket connection from /127.0.0.1:61177 to /127.0.0.1:64610" [_thread_in_native, id=30820, stack(0x00000091ca500000,0x00000091ca600000)]
  0x000002564db61800 JavaThread "Cancel handler" [_thread_blocked, id=30688, stack(0x00000091cbf00000,0x00000091cc000000)]
  0x000002564db5d000 JavaThread "Daemon worker Thread 2" [_thread_blocked, id=30312, stack(0x00000091cc000000,0x00000091cc100000)]
  0x000002564db63800 JavaThread "Asynchronous log dispatcher for DefaultDaemonConnection: socket connection from /127.0.0.1:61177 to /127.0.0.1:64610" [_thread_blocked, id=20692, stack(0x00000091cc200000,0x00000091cc300000)]
  0x000002564db64000 JavaThread "Daemon client event forwarder" [_thread_blocked, id=27332, stack(0x00000091cbe00000,0x00000091cbf00000)]
  0x000002564db61000 JavaThread "Cache worker for checksums cache (D:\Assignment_Five_SignInPage\android\.gradle\8.0.1\checksums)" [_thread_blocked, id=28268, stack(0x00000091ccf00000,0x00000091cd000000)]
  0x000002564db5e800 JavaThread "Cache worker for cache directory md-rule (C:\Users\Sahil Rawat\.gradle\caches\8.0.1\md-rule)" [_thread_blocked, id=23616, stack(0x00000091cd100000,0x00000091cd200000)]
  0x000002564db5f000 JavaThread "Cache worker for file hash cache (D:\Assignment_Five_SignInPage\android\.gradle\8.0.1\fileHashes)" [_thread_blocked, id=30944, stack(0x00000091cd200000,0x00000091cd300000)]
  0x000002564db69000 JavaThread "Cache worker for cache directory md-supplier (C:\Users\Sahil Rawat\.gradle\caches\8.0.1\md-supplier)" [_thread_blocked, id=30300, stack(0x00000091cd500000,0x00000091cd600000)]
  0x000002564db62800 JavaThread "File lock release action executor Thread 2" [_thread_blocked, id=34368, stack(0x00000091cbd00000,0x00000091cbe00000)]
  0x000002564db5d800 JavaThread "Cache worker for dependencies-accessors (D:\Assignment_Five_SignInPage\android\.gradle\8.0.1\dependencies-accessors)" [_thread_blocked, id=11528, stack(0x00000091cc100000,0x00000091cc200000)]
  0x000002564db66800 JavaThread "Cache worker for Build Output Cleanup Cache (D:\Assignment_Five_SignInPage\node_modules\@react-native\gradle-plugin\.gradle\buildOutputCleanup)" [_thread_blocked, id=13976, stack(0x00000091cc300000,0x00000091cc400000)]
  0x000002564db68000 JavaThread "Unconstrained build operations" [_thread_blocked, id=24084, stack(0x00000091cdc00000,0x00000091cdd00000)]
  0x000002564db66000 JavaThread "Unconstrained build operations Thread 2" [_thread_blocked, id=31208, stack(0x00000091cdd00000,0x00000091cde00000)]
  0x000002564db67800 JavaThread "Unconstrained build operations Thread 3" [_thread_blocked, id=28908, stack(0x00000091cdf00000,0x00000091ce000000)]
  0x000002564db6a000 JavaThread "Unconstrained build operations Thread 4" [_thread_blocked, id=25660, stack(0x00000091ce000000,0x00000091ce100000)]
  0x000002564db6a800 JavaThread "Unconstrained build operations Thread 5" [_thread_blocked, id=8280, stack(0x00000091ce100000,0x00000091ce200000)]
  0x0000025647b18800 JavaThread "Unconstrained build operations Thread 6" [_thread_blocked, id=10120, stack(0x00000091ce200000,0x00000091ce300000)]
  0x0000025647b19800 JavaThread "Unconstrained build operations Thread 7" [_thread_blocked, id=33148, stack(0x00000091ce300000,0x00000091ce400000)]
  0x0000025647b17000 JavaThread "Unconstrained build operations Thread 8" [_thread_blocked, id=25120, stack(0x00000091ce400000,0x00000091ce500000)]
  0x0000025647b14800 JavaThread "Unconstrained build operations Thread 9" [_thread_blocked, id=23376, stack(0x00000091ce500000,0x00000091ce600000)]
  0x0000025647b15800 JavaThread "Unconstrained build operations Thread 10" [_thread_blocked, id=30292, stack(0x00000091ce600000,0x00000091ce700000)]
  0x0000025647b1c000 JavaThread "Unconstrained build operations Thread 11" [_thread_blocked, id=25564, stack(0x00000091ce700000,0x00000091ce800000)]
  0x0000025647b16000 JavaThread "Unconstrained build operations Thread 12" [_thread_blocked, id=33416, stack(0x00000091ce800000,0x00000091ce900000)]
  0x0000025647b1d800 JavaThread "Unconstrained build operations Thread 13" [_thread_blocked, id=34444, stack(0x00000091ce900000,0x00000091cea00000)]
  0x0000025647b1e800 JavaThread "Unconstrained build operations Thread 14" [_thread_blocked, id=28376, stack(0x00000091cea00000,0x00000091ceb00000)]
  0x0000025647b1f000 JavaThread "Unconstrained build operations Thread 15" [_thread_blocked, id=26684, stack(0x00000091ceb00000,0x00000091cec00000)]
  0x0000025647b20000 JavaThread "Unconstrained build operations Thread 16" [_thread_blocked, id=21280, stack(0x00000091cec00000,0x00000091ced00000)]
  0x0000025647b1d000 JavaThread "Unconstrained build operations Thread 17" [_thread_blocked, id=34084, stack(0x00000091ced00000,0x00000091cee00000)]
  0x0000025647b22800 JavaThread "Unconstrained build operations Thread 18" [_thread_blocked, id=33900, stack(0x00000091cee00000,0x00000091cef00000)]
  0x0000025647b23800 JavaThread "Unconstrained build operations Thread 19" [_thread_blocked, id=32796, stack(0x00000091cef00000,0x00000091cf000000)]
  0x0000025647b21000 JavaThread "Unconstrained build operations Thread 20" [_thread_blocked, id=32652, stack(0x00000091cf000000,0x00000091cf100000)]
  0x0000025647b21800 JavaThread "Unconstrained build operations Thread 21" [_thread_blocked, id=10028, stack(0x00000091cf100000,0x00000091cf200000)]
  0x000002564d070800 JavaThread "Unconstrained build operations Thread 22" [_thread_blocked, id=33816, stack(0x00000091cf200000,0x00000091cf300000)]
  0x000002564d071800 JavaThread "Unconstrained build operations Thread 23" [_thread_blocked, id=34764, stack(0x00000091cf300000,0x00000091cf400000)]
  0x000002564d06e800 JavaThread "Unconstrained build operations Thread 24" [_thread_blocked, id=11564, stack(0x00000091cf400000,0x00000091cf500000)]
  0x000002564d072800 JavaThread "Unconstrained build operations Thread 25" [_thread_blocked, id=7780, stack(0x00000091cf500000,0x00000091cf600000)]
  0x000002564d070000 JavaThread "Unconstrained build operations Thread 26" [_thread_blocked, id=29860, stack(0x00000091cf600000,0x00000091cf700000)]
  0x000002564d073000 JavaThread "File lock release action executor Thread 3" [_thread_blocked, id=31636, stack(0x00000091cf700000,0x00000091cf800000)]
  0x000002564d074000 JavaThread "Cache worker for Build Output Cleanup Cache (D:\Assignment_Five_SignInPage\android\.gradle\buildOutputCleanup)" [_thread_blocked, id=33116, stack(0x00000091cf800000,0x00000091cf900000)]

Other Threads:
  0x000002564624a800 VMThread "VM Thread" [stack: 0x00000091cac00000,0x00000091cad00000] [id=12632]
  0x0000025646d46800 WatcherThread [stack: 0x00000091cb600000,0x00000091cb700000] [id=10248]
  0x00000256271aa800 GCTaskThread "GC Thread#0" [stack: 0x00000091ca700000,0x00000091ca800000] [id=11080]
  0x0000025647e10800 GCTaskThread "GC Thread#1" [stack: 0x00000091cb700000,0x00000091cb800000] [id=8028]
  0x0000025648d5b000 GCTaskThread "GC Thread#2" [stack: 0x00000091cb900000,0x00000091cba00000] [id=2044]
  0x000002564846c800 GCTaskThread "GC Thread#3" [stack: 0x00000091cba00000,0x00000091cbb00000] [id=6492]
  0x0000025648c57800 GCTaskThread "GC Thread#4" [stack: 0x00000091cc400000,0x00000091cc500000] [id=16656]
  0x0000025648f95800 GCTaskThread "GC Thread#5" [stack: 0x00000091cc500000,0x00000091cc600000] [id=14220]
  0x0000025648d23800 GCTaskThread "GC Thread#6" [stack: 0x00000091cc600000,0x00000091cc700000] [id=9544]
  0x0000025648d24000 GCTaskThread "GC Thread#7" [stack: 0x00000091cc700000,0x00000091cc800000] [id=5088]
  0x00000256271db800 ConcurrentGCThread "G1 Main Marker" [stack: 0x00000091ca800000,0x00000091ca900000] [id=15580]
  0x00000256271dd000 ConcurrentGCThread "G1 Conc#0" [stack: 0x00000091ca900000,0x00000091caa00000] [id=15256]
  0x000002564912f800 ConcurrentGCThread "G1 Conc#1" [stack: 0x00000091cca00000,0x00000091ccb00000] [id=1560]
  0x00000256460c0800 ConcurrentGCThread "G1 Refine#0" [stack: 0x00000091caa00000,0x00000091cab00000] [id=14352]
  0x00000256460c1800 ConcurrentGCThread "G1 Young RemSet Sampling" [stack: 0x00000091cab00000,0x00000091cac00000] [id=18536]

Threads with active compile tasks:
C2 CompilerThread0   496031 19389       4       java.io.WinNTFileSystem::resolve (275 bytes)
C1 CompilerThread0   496031 19393       3       org.gradle.api.internal.artifacts.ivyservice.modulecache.PersistentModuleMetadataCache::lambda$get$0 (81 bytes)

VM state:synchronizing (normal execution)

VM Mutex/Monitor currently owned by a thread:  ([mutex/lock_event])
[0x000002562718c8b0] Threads_lock - owner thread: 0x000002564624a800
[0x000002562718c3a0] Heap_lock - owner thread: 0x000002564db5d000

Heap address: 0x0000000080000000, size: 2048 MB, Compressed Oops mode: 32-bit
Narrow klass base: 0x0000000000000000, Narrow klass shift: 3
Compressed class space size: 528482304 Address: 0x0000000100000000

Heap:
 garbage-first heap   total 299008K, used 258844K [0x0000000080000000, 0x0000000100000000)
  region size 1024K, 28 young (28672K), 3 survivors (3072K)
 Metaspace       used 128721K, capacity 133306K, committed 133508K, reserved 632832K
  class space    used 16386K, capacity 18120K, committed 18252K, reserved 516096K
Heap Regions: E=young(eden), S=young(survivor), O=old, HS=humongous(starts), HC=humongous(continues), CS=collection set, F=free, A=archive, TAMS=top-at-mark-start (previous, next)
|   0|0x0000000080000000, 0x0000000080100000, 0x0000000080100000|100%|HS|  |TAMS 0x0000000080100000, 0x0000000080000000| Complete 
|   1|0x0000000080100000, 0x0000000080200000, 0x0000000080200000|100%|HC|  |TAMS 0x0000000080200000, 0x0000000080100000| Complete 
|   2|0x0000000080200000, 0x0000000080300000, 0x0000000080300000|100%|HC|  |TAMS 0x0000000080300000, 0x0000000080200000| Complete 
|   3|0x0000000080300000, 0x0000000080400000, 0x0000000080400000|100%|HC|  |TAMS 0x0000000080400000, 0x0000000080300000| Complete 
|   4|0x0000000080400000, 0x0000000080500000, 0x0000000080500000|100%| O|  |TAMS 0x0000000080500000, 0x0000000080400000| Untracked 
|   5|0x0000000080500000, 0x0000000080600000, 0x0000000080600000|100%| O|  |TAMS 0x0000000080600000, 0x0000000080500000| Untracked 
|   6|0x0000000080600000, 0x0000000080700000, 0x0000000080700000|100%| O|  |TAMS 0x0000000080700000, 0x0000000080600000| Untracked 
|   7|0x0000000080700000, 0x0000000080800000, 0x0000000080800000|100%| O|  |TAMS 0x0000000080800000, 0x0000000080700000| Untracked 
|   8|0x0000000080800000, 0x0000000080900000, 0x0000000080900000|100%| O|  |TAMS 0x0000000080900000, 0x0000000080800000| Untracked 
|   9|0x0000000080900000, 0x0000000080a00000, 0x0000000080a00000|100%| O|  |TAMS 0x0000000080a00000, 0x0000000080900000| Untracked 
|  10|0x0000000080a00000, 0x0000000080b00000, 0x0000000080b00000|100%| O|  |TAMS 0x0000000080b00000, 0x0000000080a00000| Untracked 
|  11|0x0000000080b00000, 0x0000000080c00000, 0x0000000080c00000|100%| O|  |TAMS 0x0000000080c00000, 0x0000000080b00000| Untracked 
|  12|0x0000000080c00000, 0x0000000080d00000, 0x0000000080d00000|100%| O|  |TAMS 0x0000000080d00000, 0x0000000080c00000| Untracked 
|  13|0x0000000080d00000, 0x0000000080e00000, 0x0000000080e00000|100%| O|  |TAMS 0x0000000080e00000, 0x0000000080d00000| Untracked 
|  14|0x0000000080e00000, 0x0000000080f00000, 0x0000000080f00000|100%| O|  |TAMS 0x0000000080f00000, 0x0000000080e00000| Untracked 
|  15|0x0000000080f00000, 0x0000000081000000, 0x0000000081000000|100%| O|  |TAMS 0x0000000081000000, 0x0000000080f00000| Untracked 
|  16|0x0000000081000000, 0x0000000081100000, 0x0000000081100000|100%| O|  |TAMS 0x0000000081100000, 0x0000000081000000| Untracked 
|  17|0x0000000081100000, 0x0000000081200000, 0x0000000081200000|100%| O|  |TAMS 0x0000000081200000, 0x0000000081100000| Untracked 
|  18|0x0000000081200000, 0x0000000081300000, 0x0000000081300000|100%| O|  |TAMS 0x0000000081300000, 0x0000000081200000| Untracked 
|  19|0x0000000081300000, 0x0000000081400000, 0x0000000081400000|100%| O|  |TAMS 0x0000000081400000, 0x0000000081300000| Untracked 
|  20|0x0000000081400000, 0x0000000081500000, 0x0000000081500000|100%| O|  |TAMS 0x0000000081500000, 0x0000000081400000| Untracked 
|  21|0x0000000081500000, 0x0000000081600000, 0x0000000081600000|100%| O|  |TAMS 0x0000000081600000, 0x0000000081500000| Untracked 
|  22|0x0000000081600000, 0x0000000081700000, 0x0000000081700000|100%| O|  |TAMS 0x0000000081700000, 0x0000000081600000| Untracked 
|  23|0x0000000081700000, 0x0000000081800000, 0x0000000081800000|100%| O|  |TAMS 0x0000000081800000, 0x0000000081700000| Untracked 
|  24|0x0000000081800000, 0x0000000081900000, 0x0000000081900000|100%| O|  |TAMS 0x0000000081900000, 0x0000000081800000| Untracked 
|  25|0x0000000081900000, 0x0000000081a00000, 0x0000000081a00000|100%| O|  |TAMS 0x0000000081a00000, 0x0000000081900000| Untracked 
|  26|0x0000000081a00000, 0x0000000081b00000, 0x0000000081b00000|100%| O|  |TAMS 0x0000000081b00000, 0x0000000081a00000| Untracked 
|  27|0x0000000081b00000, 0x0000000081c00000, 0x0000000081c00000|100%| O|  |TAMS 0x0000000081c00000, 0x0000000081b00000| Untracked 
|  28|0x0000000081c00000, 0x0000000081d00000, 0x0000000081d00000|100%| O|  |TAMS 0x0000000081d00000, 0x0000000081c00000| Untracked 
|  29|0x0000000081d00000, 0x0000000081e00000, 0x0000000081e00000|100%| O|  |TAMS 0x0000000081e00000, 0x0000000081d00000| Untracked 
|  30|0x0000000081e00000, 0x0000000081f00000, 0x0000000081f00000|100%| O|  |TAMS 0x0000000081f00000, 0x0000000081e00000| Untracked 
|  31|0x0000000081f00000, 0x0000000082000000, 0x0000000082000000|100%|HS|  |TAMS 0x0000000082000000, 0x0000000081f00000| Complete 
|  32|0x0000000082000000, 0x0000000082100000, 0x0000000082100000|100%|HC|  |TAMS 0x0000000082100000, 0x0000000082000000| Complete 
|  33|0x0000000082100000, 0x0000000082200000, 0x0000000082200000|100%|HS|  |TAMS 0x0000000082200000, 0x0000000082100000| Complete 
|  34|0x0000000082200000, 0x0000000082300000, 0x0000000082300000|100%|HC|  |TAMS 0x0000000082300000, 0x0000000082200000| Complete 
|  35|0x0000000082300000, 0x0000000082400000, 0x0000000082400000|100%|HC|  |TAMS 0x0000000082400000, 0x0000000082300000| Complete 
|  36|0x0000000082400000, 0x0000000082500000, 0x0000000082500000|100%|HC|  |TAMS 0x0000000082500000, 0x0000000082400000| Complete 
|  37|0x0000000082500000, 0x0000000082600000, 0x0000000082600000|100%| O|  |TAMS 0x0000000082600000, 0x0000000082500000| Untracked 
|  38|0x0000000082600000, 0x0000000082700000, 0x0000000082700000|100%| O|  |TAMS 0x0000000082700000, 0x0000000082600000| Untracked 
|  39|0x0000000082700000, 0x0000000082800000, 0x0000000082800000|100%| O|  |TAMS 0x0000000082800000, 0x0000000082700000| Untracked 
|  40|0x0000000082800000, 0x0000000082900000, 0x0000000082900000|100%| O|  |TAMS 0x0000000082900000, 0x0000000082800000| Untracked 
|  41|0x0000000082900000, 0x0000000082a00000, 0x0000000082a00000|100%| O|  |TAMS 0x0000000082a00000, 0x0000000082900000| Untracked 
|  42|0x0000000082a00000, 0x0000000082b00000, 0x0000000082b00000|100%| O|  |TAMS 0x0000000082b00000, 0x0000000082a00000| Untracked 
|  43|0x0000000082b00000, 0x0000000082c00000, 0x0000000082c00000|100%| O|  |TAMS 0x0000000082c00000, 0x0000000082b00000| Untracked 
|  44|0x0000000082c00000, 0x0000000082d00000, 0x0000000082d00000|100%| O|  |TAMS 0x0000000082d00000, 0x0000000082c00000| Untracked 
|  45|0x0000000082d00000, 0x0000000082e00000, 0x0000000082e00000|100%| O|  |TAMS 0x0000000082e00000, 0x0000000082d00000| Untracked 
|  46|0x0000000082e00000, 0x0000000082f00000, 0x0000000082f00000|100%| O|  |TAMS 0x0000000082f00000, 0x0000000082e00000| Untracked 
|  47|0x0000000082f00000, 0x0000000083000000, 0x0000000083000000|100%| O|  |TAMS 0x0000000083000000, 0x0000000082f00000| Untracked 
|  48|0x0000000083000000, 0x0000000083100000, 0x0000000083100000|100%| O|  |TAMS 0x0000000083100000, 0x0000000083000000| Untracked 
|  49|0x0000000083100000, 0x0000000083200000, 0x0000000083200000|100%| O|  |TAMS 0x0000000083200000, 0x0000000083100000| Untracked 
|  50|0x0000000083200000, 0x0000000083300000, 0x0000000083300000|100%| O|  |TAMS 0x0000000083300000, 0x0000000083200000| Untracked 
|  51|0x0000000083300000, 0x0000000083400000, 0x0000000083400000|100%| O|  |TAMS 0x0000000083400000, 0x0000000083300000| Untracked 
|  52|0x0000000083400000, 0x0000000083500000, 0x0000000083500000|100%| O|  |TAMS 0x0000000083400000, 0x0000000083400000| Untracked 
|  53|0x0000000083500000, 0x0000000083600000, 0x0000000083600000|100%| O|  |TAMS 0x0000000083600000, 0x0000000083500000| Untracked 
|  54|0x0000000083600000, 0x0000000083700000, 0x0000000083700000|100%| O|  |TAMS 0x0000000083700000, 0x0000000083600000| Untracked 
|  55|0x0000000083700000, 0x0000000083800000, 0x0000000083800000|100%| O|  |TAMS 0x0000000083800000, 0x0000000083700000| Untracked 
|  56|0x0000000083800000, 0x0000000083900000, 0x0000000083900000|100%|HS|  |TAMS 0x0000000083900000, 0x0000000083800000| Complete 
|  57|0x0000000083900000, 0x0000000083a00000, 0x0000000083a00000|100%|HS|  |TAMS 0x0000000083a00000, 0x0000000083900000| Complete 
|  58|0x0000000083a00000, 0x0000000083b00000, 0x0000000083b00000|100%| O|  |TAMS 0x0000000083b00000, 0x0000000083a00000| Untracked 
|  59|0x0000000083b00000, 0x0000000083c00000, 0x0000000083c00000|100%| O|  |TAMS 0x0000000083c00000, 0x0000000083b00000| Untracked 
|  60|0x0000000083c00000, 0x0000000083d00000, 0x0000000083d00000|100%| O|  |TAMS 0x0000000083d00000, 0x0000000083c00000| Untracked 
|  61|0x0000000083d00000, 0x0000000083e00000, 0x0000000083e00000|100%| O|  |TAMS 0x0000000083e00000, 0x0000000083d00000| Untracked 
|  62|0x0000000083e00000, 0x0000000083f00000, 0x0000000083f00000|100%| O|  |TAMS 0x0000000083f00000, 0x0000000083e00000| Untracked 
|  63|0x0000000083f00000, 0x0000000084000000, 0x0000000084000000|100%| O|  |TAMS 0x0000000084000000, 0x0000000083f00000| Untracked 
|  64|0x0000000084000000, 0x0000000084100000, 0x0000000084100000|100%| O|  |TAMS 0x0000000084100000, 0x0000000084000000| Untracked 
|  65|0x0000000084100000, 0x0000000084200000, 0x0000000084200000|100%| O|  |TAMS 0x0000000084200000, 0x0000000084100000| Untracked 
|  66|0x0000000084200000, 0x0000000084300000, 0x0000000084300000|100%| O|  |TAMS 0x0000000084300000, 0x0000000084200000| Untracked 
|  67|0x0000000084300000, 0x0000000084400000, 0x0000000084400000|100%| O|  |TAMS 0x0000000084400000, 0x0000000084300000| Untracked 
|  68|0x0000000084400000, 0x0000000084500000, 0x0000000084500000|100%| O|  |TAMS 0x0000000084500000, 0x0000000084400000| Untracked 
|  69|0x0000000084500000, 0x0000000084600000, 0x0000000084600000|100%| O|  |TAMS 0x0000000084600000, 0x0000000084500000| Untracked 
|  70|0x0000000084600000, 0x0000000084700000, 0x0000000084700000|100%| O|  |TAMS 0x0000000084700000, 0x0000000084600000| Untracked 
|  71|0x0000000084700000, 0x0000000084800000, 0x0000000084800000|100%| O|  |TAMS 0x0000000084800000, 0x0000000084700000| Untracked 
|  72|0x0000000084800000, 0x0000000084900000, 0x0000000084900000|100%| O|  |TAMS 0x0000000084900000, 0x0000000084800000| Untracked 
|  73|0x0000000084900000, 0x0000000084a00000, 0x0000000084a00000|100%| O|  |TAMS 0x0000000084a00000, 0x0000000084900000| Untracked 
|  74|0x0000000084a00000, 0x0000000084b00000, 0x0000000084b00000|100%| O|  |TAMS 0x0000000084b00000, 0x0000000084a00000| Untracked 
|  75|0x0000000084b00000, 0x0000000084c00000, 0x0000000084c00000|100%| O|  |TAMS 0x0000000084c00000, 0x0000000084b00000| Untracked 
|  76|0x0000000084c00000, 0x0000000084d00000, 0x0000000084d00000|100%| O|  |TAMS 0x0000000084d00000, 0x0000000084c00000| Untracked 
|  77|0x0000000084d00000, 0x0000000084e00000, 0x0000000084e00000|100%| O|  |TAMS 0x0000000084e00000, 0x0000000084d00000| Untracked 
|  78|0x0000000084e00000, 0x0000000084f00000, 0x0000000084f00000|100%| O|  |TAMS 0x0000000084f00000, 0x0000000084e00000| Untracked 
|  79|0x0000000084f00000, 0x0000000085000000, 0x0000000085000000|100%| O|  |TAMS 0x0000000085000000, 0x0000000084f00000| Untracked 
|  80|0x0000000085000000, 0x0000000085100000, 0x0000000085100000|100%| O|  |TAMS 0x0000000085100000, 0x0000000085000000| Untracked 
|  81|0x0000000085100000, 0x0000000085200000, 0x0000000085200000|100%| O|  |TAMS 0x0000000085200000, 0x0000000085100000| Untracked 
|  82|0x0000000085200000, 0x0000000085300000, 0x0000000085300000|100%| O|  |TAMS 0x0000000085300000, 0x0000000085200000| Untracked 
|  83|0x0000000085300000, 0x0000000085400000, 0x0000000085400000|100%| O|  |TAMS 0x0000000085300000, 0x0000000085300000| Untracked 
|  84|0x0000000085400000, 0x0000000085500000, 0x0000000085500000|100%|HS|  |TAMS 0x0000000085500000, 0x0000000085400000| Complete 
|  85|0x0000000085500000, 0x0000000085600000, 0x0000000085600000|100%|HC|  |TAMS 0x0000000085600000, 0x0000000085500000| Complete 
|  86|0x0000000085600000, 0x0000000085700000, 0x0000000085700000|100%|HS|  |TAMS 0x0000000085700000, 0x0000000085600000| Complete 
|  87|0x0000000085700000, 0x0000000085800000, 0x0000000085800000|100%|HC|  |TAMS 0x0000000085800000, 0x0000000085700000| Complete 
|  88|0x0000000085800000, 0x0000000085900000, 0x0000000085900000|100%|HC|  |TAMS 0x0000000085900000, 0x0000000085800000| Complete 
|  89|0x0000000085900000, 0x0000000085a00000, 0x0000000085a00000|100%|HC|  |TAMS 0x0000000085a00000, 0x0000000085900000| Complete 
|  90|0x0000000085a00000, 0x0000000085b00000, 0x0000000085b00000|100%| O|  |TAMS 0x0000000085a00000, 0x0000000085a00000| Untracked 
|  91|0x0000000085b00000, 0x0000000085c00000, 0x0000000085c00000|100%| O|  |TAMS 0x0000000085b00000, 0x0000000085b00000| Untracked 
|  92|0x0000000085c00000, 0x0000000085d00000, 0x0000000085d00000|100%| O|  |TAMS 0x0000000085d00000, 0x0000000085c00000| Untracked 
|  93|0x0000000085d00000, 0x0000000085e00000, 0x0000000085e00000|100%| O|  |TAMS 0x0000000085e00000, 0x0000000085d00000| Untracked 
|  94|0x0000000085e00000, 0x0000000085f00000, 0x0000000085f00000|100%| O|  |TAMS 0x0000000085f00000, 0x0000000085e00000| Untracked 
|  95|0x0000000085f00000, 0x0000000086000000, 0x0000000086000000|100%| O|  |TAMS 0x0000000085f00000, 0x0000000085f00000| Untracked 
|  96|0x0000000086000000, 0x0000000086100000, 0x0000000086100000|100%| O|  |TAMS 0x0000000086000000, 0x0000000086000000| Untracked 
|  97|0x0000000086100000, 0x0000000086200000, 0x0000000086200000|100%|HS|  |TAMS 0x0000000086200000, 0x0000000086100000| Complete 
|  98|0x0000000086200000, 0x0000000086300000, 0x0000000086300000|100%|HS|  |TAMS 0x0000000086300000, 0x0000000086200000| Complete 
|  99|0x0000000086300000, 0x0000000086400000, 0x0000000086400000|100%|HS|  |TAMS 0x0000000086400000, 0x0000000086300000| Complete 
| 100|0x0000000086400000, 0x0000000086500000, 0x0000000086500000|100%|HC|  |TAMS 0x0000000086500000, 0x0000000086400000| Complete 
| 101|0x0000000086500000, 0x0000000086600000, 0x0000000086600000|100%|HC|  |TAMS 0x0000000086600000, 0x0000000086500000| Complete 
| 102|0x0000000086600000, 0x0000000086700000, 0x0000000086700000|100%| O|  |TAMS 0x0000000086600000, 0x0000000086600000| Untracked 
| 103|0x0000000086700000, 0x0000000086800000, 0x0000000086800000|100%| O|  |TAMS 0x0000000086800000, 0x0000000086700000| Untracked 
| 104|0x0000000086800000, 0x0000000086900000, 0x0000000086900000|100%| O|  |TAMS 0x0000000086800000, 0x0000000086800000| Untracked 
| 105|0x0000000086900000, 0x0000000086a00000, 0x0000000086a00000|100%| O|  |TAMS 0x0000000086900000, 0x0000000086900000| Untracked 
| 106|0x0000000086a00000, 0x0000000086b00000, 0x0000000086b00000|100%|HS|  |TAMS 0x0000000086b00000, 0x0000000086a00000| Complete 
| 107|0x0000000086b00000, 0x0000000086c00000, 0x0000000086c00000|100%|HC|  |TAMS 0x0000000086c00000, 0x0000000086b00000| Complete 
| 108|0x0000000086c00000, 0x0000000086d00000, 0x0000000086d00000|100%| O|  |TAMS 0x0000000086d00000, 0x0000000086c00000| Untracked 
| 109|0x0000000086d00000, 0x0000000086e00000, 0x0000000086e00000|100%| O|  |TAMS 0x0000000086e00000, 0x0000000086d00000| Untracked 
| 110|0x0000000086e00000, 0x0000000086f00000, 0x0000000086f00000|100%| O|  |TAMS 0x0000000086f00000, 0x0000000086e00000| Untracked 
| 111|0x0000000086f00000, 0x0000000087000000, 0x0000000087000000|100%| O|  |TAMS 0x0000000087000000, 0x0000000086f00000| Untracked 
| 112|0x0000000087000000, 0x0000000087100000, 0x0000000087100000|100%| O|  |TAMS 0x0000000087100000, 0x0000000087000000| Untracked 
| 113|0x0000000087100000, 0x0000000087200000, 0x0000000087200000|100%| O|  |TAMS 0x0000000087100000, 0x0000000087100000| Untracked 
| 114|0x0000000087200000, 0x0000000087300000, 0x0000000087300000|100%| O|  |TAMS 0x0000000087200000, 0x0000000087200000| Untracked 
| 115|0x0000000087300000, 0x0000000087400000, 0x0000000087400000|100%|HS|  |TAMS 0x0000000087400000, 0x0000000087300000| Complete 
| 116|0x0000000087400000, 0x0000000087500000, 0x0000000087500000|100%|HS|  |TAMS 0x0000000087500000, 0x0000000087400000| Complete 
| 117|0x0000000087500000, 0x0000000087600000, 0x0000000087600000|100%|HS|  |TAMS 0x0000000087600000, 0x0000000087500000| Complete 
| 118|0x0000000087600000, 0x0000000087700000, 0x0000000087700000|100%|HS|  |TAMS 0x0000000087700000, 0x0000000087600000| Complete 
| 119|0x0000000087700000, 0x0000000087800000, 0x0000000087800000|100%|HC|  |TAMS 0x0000000087800000, 0x0000000087700000| Complete 
| 120|0x0000000087800000, 0x0000000087900000, 0x0000000087900000|100%|HC|  |TAMS 0x0000000087900000, 0x0000000087800000| Complete 
| 121|0x0000000087900000, 0x0000000087a00000, 0x0000000087a00000|100%| O|  |TAMS 0x0000000087a00000, 0x0000000087900000| Untracked 
| 122|0x0000000087a00000, 0x0000000087b00000, 0x0000000087b00000|100%| O|  |TAMS 0x0000000087a00000, 0x0000000087a00000| Untracked 
| 123|0x0000000087b00000, 0x0000000087c00000, 0x0000000087c00000|100%| O|  |TAMS 0x0000000087b00000, 0x0000000087b00000| Untracked 
| 124|0x0000000087c00000, 0x0000000087d00000, 0x0000000087d00000|100%| O|  |TAMS 0x0000000087d00000, 0x0000000087c00000| Untracked 
| 125|0x0000000087d00000, 0x0000000087e00000, 0x0000000087e00000|100%| O|  |TAMS 0x0000000087e00000, 0x0000000087d00000| Untracked 
| 126|0x0000000087e00000, 0x0000000087f00000, 0x0000000087f00000|100%| O|  |TAMS 0x0000000087f00000, 0x0000000087e00000| Untracked 
| 127|0x0000000087f00000, 0x0000000088000000, 0x0000000088000000|100%| O|  |TAMS 0x0000000088000000, 0x0000000087f00000| Untracked 
| 128|0x0000000088000000, 0x0000000088100000, 0x0000000088100000|100%| O|  |TAMS 0x0000000088000000, 0x0000000088000000| Untracked 
| 129|0x0000000088100000, 0x0000000088200000, 0x0000000088200000|100%| O|  |TAMS 0x0000000088100000, 0x0000000088100000| Untracked 
| 130|0x0000000088200000, 0x0000000088300000, 0x0000000088300000|100%| O|  |TAMS 0x0000000088200000, 0x0000000088200000| Untracked 
| 131|0x0000000088300000, 0x0000000088400000, 0x0000000088400000|100%|HS|  |TAMS 0x0000000088400000, 0x0000000088300000| Complete 
| 132|0x0000000088400000, 0x0000000088500000, 0x0000000088500000|100%|HS|  |TAMS 0x0000000088500000, 0x0000000088400000| Complete 
| 133|0x0000000088500000, 0x0000000088600000, 0x0000000088600000|100%|HC|  |TAMS 0x0000000088600000, 0x0000000088500000| Complete 
| 134|0x0000000088600000, 0x0000000088700000, 0x0000000088700000|100%|HC|  |TAMS 0x0000000088700000, 0x0000000088600000| Complete 
| 135|0x0000000088700000, 0x0000000088800000, 0x0000000088800000|100%| O|  |TAMS 0x0000000088800000, 0x0000000088700000| Untracked 
| 136|0x0000000088800000, 0x0000000088900000, 0x0000000088900000|100%| O|  |TAMS 0x0000000088800000, 0x0000000088800000| Untracked 
| 137|0x0000000088900000, 0x0000000088a00000, 0x0000000088a00000|100%| O|  |TAMS 0x0000000088a00000, 0x0000000088900000| Untracked 
| 138|0x0000000088a00000, 0x0000000088b00000, 0x0000000088b00000|100%| O|  |TAMS 0x0000000088b00000, 0x0000000088a00000| Untracked 
| 139|0x0000000088b00000, 0x0000000088c00000, 0x0000000088c00000|100%| O|  |TAMS 0x0000000088b00000, 0x0000000088b00000| Untracked 
| 140|0x0000000088c00000, 0x0000000088d00000, 0x0000000088d00000|100%| O|  |TAMS 0x0000000088d00000, 0x0000000088c00000| Untracked 
| 141|0x0000000088d00000, 0x0000000088e00000, 0x0000000088e00000|100%|HS|  |TAMS 0x0000000088e00000, 0x0000000088d00000| Complete 
| 142|0x0000000088e00000, 0x0000000088f00000, 0x0000000088f00000|100%|HS|  |TAMS 0x0000000088f00000, 0x0000000088e00000| Complete 
| 143|0x0000000088f00000, 0x0000000089000000, 0x0000000089000000|100%| O|  |TAMS 0x0000000088f00000, 0x0000000088f00000| Untracked 
| 144|0x0000000089000000, 0x0000000089100000, 0x0000000089100000|100%| O|  |TAMS 0x0000000089000000, 0x0000000089000000| Untracked 
| 145|0x0000000089100000, 0x0000000089200000, 0x0000000089200000|100%| O|  |TAMS 0x0000000089100000, 0x0000000089100000| Untracked 
| 146|0x0000000089200000, 0x0000000089300000, 0x0000000089300000|100%| O|  |TAMS 0x0000000089200000, 0x0000000089200000| Untracked 
| 147|0x0000000089300000, 0x0000000089400000, 0x0000000089400000|100%| O|  |TAMS 0x0000000089300000, 0x0000000089300000| Untracked 
| 148|0x0000000089400000, 0x0000000089500000, 0x0000000089500000|100%| O|  |TAMS 0x0000000089400000, 0x0000000089400000| Untracked 
| 149|0x0000000089500000, 0x0000000089600000, 0x0000000089600000|100%| O|  |TAMS 0x0000000089500000, 0x0000000089500000| Untracked 
| 150|0x0000000089600000, 0x0000000089700000, 0x0000000089700000|100%| O|  |TAMS 0x0000000089600000, 0x0000000089600000| Untracked 
| 151|0x0000000089700000, 0x0000000089800000, 0x0000000089800000|100%| O|  |TAMS 0x0000000089800000, 0x0000000089700000| Untracked 
| 152|0x0000000089800000, 0x0000000089900000, 0x0000000089900000|100%| O|  |TAMS 0x0000000089900000, 0x0000000089800000| Untracked 
| 153|0x0000000089900000, 0x0000000089a00000, 0x0000000089a00000|100%| O|  |TAMS 0x0000000089a00000, 0x0000000089900000| Untracked 
| 154|0x0000000089a00000, 0x0000000089b00000, 0x0000000089b00000|100%| O|  |TAMS 0x0000000089b00000, 0x0000000089a00000| Untracked 
| 155|0x0000000089b00000, 0x0000000089c00000, 0x0000000089c00000|100%| O|  |TAMS 0x0000000089b00000, 0x0000000089b00000| Untracked 
| 156|0x0000000089c00000, 0x0000000089d00000, 0x0000000089d00000|100%| O|  |TAMS 0x0000000089c00000, 0x0000000089c00000| Untracked 
| 157|0x0000000089d00000, 0x0000000089e00000, 0x0000000089e00000|100%| O|  |TAMS 0x0000000089e00000, 0x0000000089d00000| Untracked 
| 158|0x0000000089e00000, 0x0000000089f00000, 0x0000000089f00000|100%| O|  |TAMS 0x0000000089f00000, 0x0000000089e00000| Untracked 
| 159|0x0000000089f00000, 0x000000008a000000, 0x000000008a000000|100%| O|  |TAMS 0x000000008a000000, 0x0000000089f00000| Untracked 
| 160|0x000000008a000000, 0x000000008a100000, 0x000000008a100000|100%| O|  |TAMS 0x000000008a000000, 0x000000008a000000| Untracked 
| 161|0x000000008a100000, 0x000000008a200000, 0x000000008a200000|100%| O|  |TAMS 0x000000008a100000, 0x000000008a100000| Untracked 
| 162|0x000000008a200000, 0x000000008a300000, 0x000000008a300000|100%| O|  |TAMS 0x000000008a200000, 0x000000008a200000| Untracked 
| 163|0x000000008a300000, 0x000000008a400000, 0x000000008a400000|100%| O|  |TAMS 0x000000008a300000, 0x000000008a300000| Untracked 
| 164|0x000000008a400000, 0x000000008a500000, 0x000000008a500000|100%| O|  |TAMS 0x000000008a400000, 0x000000008a400000| Untracked 
| 165|0x000000008a500000, 0x000000008a600000, 0x000000008a600000|100%| O|  |TAMS 0x000000008a500000, 0x000000008a500000| Untracked 
| 166|0x000000008a600000, 0x000000008a700000, 0x000000008a700000|100%| O|  |TAMS 0x000000008a600000, 0x000000008a600000| Untracked 
| 167|0x000000008a700000, 0x000000008a800000, 0x000000008a800000|100%| O|  |TAMS 0x000000008a700000, 0x000000008a700000| Untracked 
| 168|0x000000008a800000, 0x000000008a900000, 0x000000008a900000|100%| O|  |TAMS 0x000000008a800000, 0x000000008a800000| Untracked 
| 169|0x000000008a900000, 0x000000008aa00000, 0x000000008aa00000|100%| O|  |TAMS 0x000000008a900000, 0x000000008a900000| Untracked 
| 170|0x000000008aa00000, 0x000000008ab00000, 0x000000008ab00000|100%| O|  |TAMS 0x000000008aa00000, 0x000000008aa00000| Untracked 
| 171|0x000000008ab00000, 0x000000008ac00000, 0x000000008ac00000|100%| O|  |TAMS 0x000000008ab00000, 0x000000008ab00000| Untracked 
| 172|0x000000008ac00000, 0x000000008ad00000, 0x000000008ad00000|100%| O|  |TAMS 0x000000008ac00000, 0x000000008ac00000| Untracked 
| 173|0x000000008ad00000, 0x000000008ae00000, 0x000000008ae00000|100%| O|  |TAMS 0x000000008ad00000, 0x000000008ad00000| Untracked 
| 174|0x000000008ae00000, 0x000000008af00000, 0x000000008af00000|100%| O|  |TAMS 0x000000008ae00000, 0x000000008ae00000| Untracked 
| 175|0x000000008af00000, 0x000000008b000000, 0x000000008b000000|100%| O|  |TAMS 0x000000008b000000, 0x000000008af00000| Untracked 
| 176|0x000000008b000000, 0x000000008b100000, 0x000000008b100000|100%| O|  |TAMS 0x000000008b094c00, 0x000000008b000000| Untracked 
| 177|0x000000008b100000, 0x000000008b200000, 0x000000008b200000|100%| O|  |TAMS 0x000000008b100000, 0x000000008b100000| Untracked 
| 178|0x000000008b200000, 0x000000008b300000, 0x000000008b300000|100%| O|  |TAMS 0x000000008b200000, 0x000000008b200000| Untracked 
| 179|0x000000008b300000, 0x000000008b400000, 0x000000008b400000|100%| O|  |TAMS 0x000000008b300000, 0x000000008b300000| Untracked 
| 180|0x000000008b400000, 0x000000008b500000, 0x000000008b500000|100%| O|  |TAMS 0x000000008b400000, 0x000000008b400000| Untracked 
| 181|0x000000008b500000, 0x000000008b600000, 0x000000008b600000|100%| O|  |TAMS 0x000000008b500000, 0x000000008b500000| Untracked 
| 182|0x000000008b600000, 0x000000008b700000, 0x000000008b700000|100%| O|  |TAMS 0x000000008b600000, 0x000000008b600000| Untracked 
| 183|0x000000008b700000, 0x000000008b800000, 0x000000008b800000|100%| O|  |TAMS 0x000000008b700000, 0x000000008b700000| Untracked 
| 184|0x000000008b800000, 0x000000008b900000, 0x000000008b900000|100%| O|  |TAMS 0x000000008b800000, 0x000000008b800000| Untracked 
| 185|0x000000008b900000, 0x000000008ba00000, 0x000000008ba00000|100%| O|  |TAMS 0x000000008b900000, 0x000000008b900000| Untracked 
| 186|0x000000008ba00000, 0x000000008bb00000, 0x000000008bb00000|100%| O|  |TAMS 0x000000008ba00000, 0x000000008ba00000| Untracked 
| 187|0x000000008bb00000, 0x000000008bc00000, 0x000000008bc00000|100%| O|  |TAMS 0x000000008bb00000, 0x000000008bb00000| Untracked 
| 188|0x000000008bc00000, 0x000000008bd00000, 0x000000008bd00000|100%| O|  |TAMS 0x000000008bc00000, 0x000000008bc00000| Untracked 
| 189|0x000000008bd00000, 0x000000008be00000, 0x000000008be00000|100%| O|  |TAMS 0x000000008bd00000, 0x000000008bd00000| Untracked 
| 190|0x000000008be00000, 0x000000008bf00000, 0x000000008bf00000|100%| O|  |TAMS 0x000000008be00000, 0x000000008be00000| Untracked 
| 191|0x000000008bf00000, 0x000000008c000000, 0x000000008c000000|100%| O|  |TAMS 0x000000008bf00000, 0x000000008bf00000| Untracked 
| 192|0x000000008c000000, 0x000000008c100000, 0x000000008c100000|100%| O|  |TAMS 0x000000008c000000, 0x000000008c000000| Untracked 
| 193|0x000000008c100000, 0x000000008c200000, 0x000000008c200000|100%| O|  |TAMS 0x000000008c100000, 0x000000008c100000| Untracked 
| 194|0x000000008c200000, 0x000000008c300000, 0x000000008c300000|100%| O|  |TAMS 0x000000008c200000, 0x000000008c200000| Untracked 
| 195|0x000000008c300000, 0x000000008c400000, 0x000000008c400000|100%| O|  |TAMS 0x000000008c300000, 0x000000008c300000| Untracked 
| 196|0x000000008c400000, 0x000000008c500000, 0x000000008c500000|100%| O|  |TAMS 0x000000008c400000, 0x000000008c400000| Untracked 
| 197|0x000000008c500000, 0x000000008c600000, 0x000000008c600000|100%| O|  |TAMS 0x000000008c500000, 0x000000008c500000| Untracked 
| 198|0x000000008c600000, 0x000000008c700000, 0x000000008c700000|100%| O|  |TAMS 0x000000008c600000, 0x000000008c600000| Untracked 
| 199|0x000000008c700000, 0x000000008c800000, 0x000000008c800000|100%| O|  |TAMS 0x000000008c700000, 0x000000008c700000| Untracked 
| 200|0x000000008c800000, 0x000000008c900000, 0x000000008c900000|100%| O|  |TAMS 0x000000008c800000, 0x000000008c800000| Untracked 
| 201|0x000000008c900000, 0x000000008ca00000, 0x000000008ca00000|100%| O|  |TAMS 0x000000008c900000, 0x000000008c900000| Untracked 
| 202|0x000000008ca00000, 0x000000008cb00000, 0x000000008cb00000|100%| O|  |TAMS 0x000000008ca00000, 0x000000008ca00000| Untracked 
| 203|0x000000008cb00000, 0x000000008cc00000, 0x000000008cc00000|100%| O|  |TAMS 0x000000008cb00000, 0x000000008cb00000| Untracked 
| 204|0x000000008cc00000, 0x000000008cd00000, 0x000000008cd00000|100%| O|  |TAMS 0x000000008cc00000, 0x000000008cc00000| Untracked 
| 205|0x000000008cd00000, 0x000000008ce00000, 0x000000008ce00000|100%| O|  |TAMS 0x000000008cd00000, 0x000000008cd00000| Untracked 
| 206|0x000000008ce00000, 0x000000008cf00000, 0x000000008cf00000|100%| O|  |TAMS 0x000000008ce00000, 0x000000008ce00000| Untracked 
| 207|0x000000008cf00000, 0x000000008d000000, 0x000000008d000000|100%| O|  |TAMS 0x000000008cf00000, 0x000000008cf00000| Untracked 
| 208|0x000000008d000000, 0x000000008d100000, 0x000000008d100000|100%| O|  |TAMS 0x000000008d000000, 0x000000008d000000| Untracked 
| 209|0x000000008d100000, 0x000000008d200000, 0x000000008d200000|100%| O|  |TAMS 0x000000008d100000, 0x000000008d100000| Untracked 
| 210|0x000000008d200000, 0x000000008d300000, 0x000000008d300000|100%| O|  |TAMS 0x000000008d200000, 0x000000008d200000| Untracked 
| 211|0x000000008d300000, 0x000000008d400000, 0x000000008d400000|100%| O|  |TAMS 0x000000008d300000, 0x000000008d300000| Untracked 
| 212|0x000000008d400000, 0x000000008d500000, 0x000000008d500000|100%| O|  |TAMS 0x000000008d400000, 0x000000008d400000| Untracked 
| 213|0x000000008d500000, 0x000000008d600000, 0x000000008d600000|100%| O|  |TAMS 0x000000008d500000, 0x000000008d500000| Untracked 
| 214|0x000000008d600000, 0x000000008d700000, 0x000000008d700000|100%| O|  |TAMS 0x000000008d600000, 0x000000008d600000| Untracked 
| 215|0x000000008d700000, 0x000000008d800000, 0x000000008d800000|100%| O|  |TAMS 0x000000008d700000, 0x000000008d700000| Untracked 
| 216|0x000000008d800000, 0x000000008d900000, 0x000000008d900000|100%| O|  |TAMS 0x000000008d800000, 0x000000008d800000| Untracked 
| 217|0x000000008d900000, 0x000000008da00000, 0x000000008da00000|100%| O|  |TAMS 0x000000008d900000, 0x000000008d900000| Untracked 
| 218|0x000000008da00000, 0x000000008db00000, 0x000000008db00000|100%| O|  |TAMS 0x000000008da00000, 0x000000008da00000| Untracked 
| 219|0x000000008db00000, 0x000000008dc00000, 0x000000008dc00000|100%| O|  |TAMS 0x000000008db00000, 0x000000008db00000| Untracked 
| 220|0x000000008dc00000, 0x000000008dd00000, 0x000000008dd00000|100%| O|  |TAMS 0x000000008dc00000, 0x000000008dc00000| Untracked 
| 221|0x000000008dd00000, 0x000000008de00000, 0x000000008de00000|100%| O|  |TAMS 0x000000008dd00000, 0x000000008dd00000| Untracked 
| 222|0x000000008de00000, 0x000000008df00000, 0x000000008df00000|100%| O|  |TAMS 0x000000008de00000, 0x000000008de00000| Untracked 
| 223|0x000000008df00000, 0x000000008e000000, 0x000000008e000000|100%| O|  |TAMS 0x000000008df00000, 0x000000008df00000| Untracked 
| 224|0x000000008e000000, 0x000000008e100000, 0x000000008e100000|100%| O|  |TAMS 0x000000008e000000, 0x000000008e000000| Untracked 
| 225|0x000000008e100000, 0x000000008e200000, 0x000000008e200000|100%| O|  |TAMS 0x000000008e100000, 0x000000008e100000| Untracked 
| 226|0x000000008e200000, 0x000000008e238800, 0x000000008e300000| 22%| O|  |TAMS 0x000000008e200000, 0x000000008e200000| Untracked 
| 227|0x000000008e300000, 0x000000008e300000, 0x000000008e400000|  0%| F|  |TAMS 0x000000008e300000, 0x000000008e300000| Untracked 
| 228|0x000000008e400000, 0x000000008e400000, 0x000000008e500000|  0%| F|  |TAMS 0x000000008e400000, 0x000000008e400000| Untracked 
| 229|0x000000008e500000, 0x000000008e500000, 0x000000008e600000|  0%| F|  |TAMS 0x000000008e500000, 0x000000008e500000| Untracked 
| 230|0x000000008e600000, 0x000000008e600000, 0x000000008e700000|  0%| F|  |TAMS 0x000000008e600000, 0x000000008e600000| Untracked 
| 231|0x000000008e700000, 0x000000008e700000, 0x000000008e800000|  0%| F|  |TAMS 0x000000008e700000, 0x000000008e700000| Untracked 
| 232|0x000000008e800000, 0x000000008e800000, 0x000000008e900000|  0%| F|  |TAMS 0x000000008e800000, 0x000000008e800000| Untracked 
| 233|0x000000008e900000, 0x000000008e900000, 0x000000008ea00000|  0%| F|  |TAMS 0x000000008e900000, 0x000000008e900000| Untracked 
| 234|0x000000008ea00000, 0x000000008ea00000, 0x000000008eb00000|  0%| F|  |TAMS 0x000000008ea00000, 0x000000008ea00000| Untracked 
| 235|0x000000008eb00000, 0x000000008eb00000, 0x000000008ec00000|  0%| F|  |TAMS 0x000000008eb00000, 0x000000008eb00000| Untracked 
| 236|0x000000008ec00000, 0x000000008ec00000, 0x000000008ed00000|  0%| F|  |TAMS 0x000000008ec00000, 0x000000008ec00000| Untracked 
| 237|0x000000008ed00000, 0x000000008ed00000, 0x000000008ee00000|  0%| F|  |TAMS 0x000000008ed00000, 0x000000008ed00000| Untracked 
| 238|0x000000008ee00000, 0x000000008ee00000, 0x000000008ef00000|  0%| F|  |TAMS 0x000000008ee00000, 0x000000008ee00000| Untracked 
| 239|0x000000008ef00000, 0x000000008ef00000, 0x000000008f000000|  0%| F|  |TAMS 0x000000008ef00000, 0x000000008ef00000| Untracked 
| 240|0x000000008f000000, 0x000000008f000000, 0x000000008f100000|  0%| F|  |TAMS 0x000000008f000000, 0x000000008f000000| Untracked 
| 241|0x000000008f100000, 0x000000008f100000, 0x000000008f200000|  0%| F|  |TAMS 0x000000008f100000, 0x000000008f100000| Untracked 
| 242|0x000000008f200000, 0x000000008f200000, 0x000000008f300000|  0%| F|  |TAMS 0x000000008f200000, 0x000000008f200000| Untracked 
| 243|0x000000008f300000, 0x000000008f300000, 0x000000008f400000|  0%| F|  |TAMS 0x000000008f300000, 0x000000008f300000| Untracked 
| 244|0x000000008f400000, 0x000000008f400000, 0x000000008f500000|  0%| F|  |TAMS 0x000000008f400000, 0x000000008f400000| Untracked 
| 245|0x000000008f500000, 0x000000008f500000, 0x000000008f600000|  0%| F|  |TAMS 0x000000008f500000, 0x000000008f500000| Untracked 
| 246|0x000000008f600000, 0x000000008f600000, 0x000000008f700000|  0%| F|  |TAMS 0x000000008f600000, 0x000000008f600000| Untracked 
| 247|0x000000008f700000, 0x000000008f700000, 0x000000008f800000|  0%| F|  |TAMS 0x000000008f700000, 0x000000008f700000| Untracked 
| 248|0x000000008f800000, 0x000000008f800000, 0x000000008f900000|  0%| F|  |TAMS 0x000000008f800000, 0x000000008f800000| Untracked 
| 249|0x000000008f900000, 0x000000008f900000, 0x000000008fa00000|  0%| F|  |TAMS 0x000000008f900000, 0x000000008f900000| Untracked 
| 250|0x000000008fa00000, 0x000000008fa00000, 0x000000008fb00000|  0%| F|  |TAMS 0x000000008fa00000, 0x000000008fa00000| Untracked 
| 251|0x000000008fb00000, 0x000000008fb00000, 0x000000008fc00000|  0%| F|  |TAMS 0x000000008fb00000, 0x000000008fb00000| Untracked 
| 252|0x000000008fc00000, 0x000000008fc00000, 0x000000008fd00000|  0%| F|  |TAMS 0x000000008fc00000, 0x000000008fc00000| Untracked 
| 253|0x000000008fd00000, 0x000000008fd00000, 0x000000008fe00000|  0%| F|  |TAMS 0x000000008fd00000, 0x000000008fd00000| Untracked 
| 254|0x000000008fe00000, 0x000000008fe00000, 0x000000008ff00000|  0%| F|  |TAMS 0x000000008fe00000, 0x000000008fe00000| Untracked 
| 255|0x000000008ff00000, 0x000000008ff00000, 0x0000000090000000|  0%| F|  |TAMS 0x000000008ff00000, 0x000000008ff00000| Untracked 
| 256|0x0000000090000000, 0x0000000090000000, 0x0000000090100000|  0%| F|  |TAMS 0x0000000090000000, 0x0000000090000000| Untracked 
| 257|0x0000000090100000, 0x000000009018eb90, 0x0000000090200000| 55%| S|CS|TAMS 0x0000000090100000, 0x0000000090100000| Complete 
| 258|0x0000000090200000, 0x0000000090300000, 0x0000000090300000|100%| S|CS|TAMS 0x0000000090200000, 0x0000000090200000| Complete 
| 259|0x0000000090300000, 0x0000000090300000, 0x0000000090400000|  0%| F|  |TAMS 0x0000000090300000, 0x0000000090300000| Untracked 
| 260|0x0000000090400000, 0x0000000090500000, 0x0000000090500000|100%| S|CS|TAMS 0x0000000090400000, 0x0000000090400000| Complete 
| 261|0x0000000090500000, 0x0000000090500000, 0x0000000090600000|  0%| F|  |TAMS 0x0000000090500000, 0x0000000090500000| Untracked 
| 262|0x0000000090600000, 0x0000000090600000, 0x0000000090700000|  0%| F|  |TAMS 0x0000000090600000, 0x0000000090600000| Untracked 
| 263|0x0000000090700000, 0x0000000090700000, 0x0000000090800000|  0%| F|  |TAMS 0x0000000090700000, 0x0000000090700000| Untracked 
| 264|0x0000000090800000, 0x0000000090800000, 0x0000000090900000|  0%| F|  |TAMS 0x0000000090800000, 0x0000000090800000| Untracked 
| 265|0x0000000090900000, 0x0000000090900000, 0x0000000090a00000|  0%| F|  |TAMS 0x0000000090900000, 0x0000000090900000| Untracked 
| 266|0x0000000090a00000, 0x0000000090a00000, 0x0000000090b00000|  0%| F|  |TAMS 0x0000000090a00000, 0x0000000090a00000| Untracked 
| 267|0x0000000090b00000, 0x0000000090c00000, 0x0000000090c00000|100%| E|CS|TAMS 0x0000000090b00000, 0x0000000090b00000| Complete 
| 268|0x0000000090c00000, 0x0000000090d00000, 0x0000000090d00000|100%| E|CS|TAMS 0x0000000090c00000, 0x0000000090c00000| Complete 
| 269|0x0000000090d00000, 0x0000000090e00000, 0x0000000090e00000|100%| E|CS|TAMS 0x0000000090d00000, 0x0000000090d00000| Complete 
| 270|0x0000000090e00000, 0x0000000090f00000, 0x0000000090f00000|100%| E|CS|TAMS 0x0000000090e00000, 0x0000000090e00000| Complete 
| 271|0x0000000090f00000, 0x0000000091000000, 0x0000000091000000|100%| E|CS|TAMS 0x0000000090f00000, 0x0000000090f00000| Complete 
| 272|0x0000000091000000, 0x0000000091100000, 0x0000000091100000|100%| E|CS|TAMS 0x0000000091000000, 0x0000000091000000| Complete 
| 273|0x0000000091100000, 0x0000000091200000, 0x0000000091200000|100%| E|CS|TAMS 0x0000000091100000, 0x0000000091100000| Complete 
| 274|0x0000000091200000, 0x0000000091300000, 0x0000000091300000|100%| E|  |TAMS 0x0000000091200000, 0x0000000091200000| Complete 
| 275|0x0000000091300000, 0x0000000091400000, 0x0000000091400000|100%| E|CS|TAMS 0x0000000091300000, 0x0000000091300000| Complete 
| 276|0x0000000091400000, 0x0000000091500000, 0x0000000091500000|100%| E|CS|TAMS 0x0000000091400000, 0x0000000091400000| Complete 
| 277|0x0000000091500000, 0x0000000091600000, 0x0000000091600000|100%| E|CS|TAMS 0x0000000091500000, 0x0000000091500000| Complete 
| 278|0x0000000091600000, 0x0000000091700000, 0x0000000091700000|100%| E|CS|TAMS 0x0000000091600000, 0x0000000091600000| Complete 
| 279|0x0000000091700000, 0x0000000091800000, 0x0000000091800000|100%| E|CS|TAMS 0x0000000091700000, 0x0000000091700000| Complete 
| 280|0x0000000091800000, 0x0000000091900000, 0x0000000091900000|100%| E|CS|TAMS 0x0000000091800000, 0x0000000091800000| Complete 
| 281|0x0000000091900000, 0x0000000091a00000, 0x0000000091a00000|100%| E|CS|TAMS 0x0000000091900000, 0x0000000091900000| Complete 
| 282|0x0000000091a00000, 0x0000000091b00000, 0x0000000091b00000|100%| E|CS|TAMS 0x0000000091a00000, 0x0000000091a00000| Complete 
| 283|0x0000000091b00000, 0x0000000091c00000, 0x0000000091c00000|100%| E|CS|TAMS 0x0000000091b00000, 0x0000000091b00000| Complete 
| 284|0x0000000091c00000, 0x0000000091d00000, 0x0000000091d00000|100%| E|CS|TAMS 0x0000000091c00000, 0x0000000091c00000| Complete 
| 285|0x0000000091d00000, 0x0000000091e00000, 0x0000000091e00000|100%| E|CS|TAMS 0x0000000091d00000, 0x0000000091d00000| Complete 
| 286|0x0000000091e00000, 0x0000000091f00000, 0x0000000091f00000|100%| E|CS|TAMS 0x0000000091e00000, 0x0000000091e00000| Complete 
| 287|0x0000000091f00000, 0x0000000092000000, 0x0000000092000000|100%| E|CS|TAMS 0x0000000091f00000, 0x0000000091f00000| Complete 
| 288|0x0000000092000000, 0x0000000092100000, 0x0000000092100000|100%| E|CS|TAMS 0x0000000092000000, 0x0000000092000000| Complete 
| 289|0x0000000092100000, 0x0000000092200000, 0x0000000092200000|100%| E|CS|TAMS 0x0000000092100000, 0x0000000092100000| Complete 
| 290|0x0000000092200000, 0x0000000092300000, 0x0000000092300000|100%| E|CS|TAMS 0x0000000092200000, 0x0000000092200000| Complete 
| 291|0x0000000092300000, 0x0000000092400000, 0x0000000092400000|100%| E|CS|TAMS 0x0000000092300000, 0x0000000092300000| Complete 

Card table byte_map: [0x000002563f030000,0x000002563f430000] _byte_map_base: 0x000002563ec30000

Marking Bits (Prev, Next): (CMBitMap*) 0x00000256271d2ab0, (CMBitMap*) 0x00000256271d2a78
 Prev Bits: [0x0000025641830000, 0x0000025643830000)
 Next Bits: [0x000002563f830000, 0x0000025641830000)

Polling page: 0x0000025625130000

Metaspace:

Usage:
  Non-class:    112.49 MB capacity,   109.70 MB ( 98%) used,     2.35 MB (  2%) free+waste,   445.56 KB ( <1%) overhead. 
      Class:     17.70 MB capacity,    16.00 MB ( 90%) used,     1.50 MB (  8%) free+waste,   198.13 KB (  1%) overhead. 
       Both:    130.18 MB capacity,   125.70 MB ( 97%) used,     3.85 MB (  3%) free+waste,   643.69 KB ( <1%) overhead. 

Virtual space:
  Non-class space:      114.00 MB reserved,     112.55 MB ( 99%) committed 
      Class space:      504.00 MB reserved,      17.82 MB (  4%) committed 
             Both:      618.00 MB reserved,     130.38 MB ( 21%) committed 

Chunk freelists:
   Non-Class:  6.00 KB
       Class:  24.00 KB
        Both:  30.00 KB

MaxMetaspaceSize: 512.00 MB
CompressedClassSpaceSize: 504.00 MB
Initial GC threshold: 20.80 MB
Current GC threshold: 198.55 MB
CDS: off

CodeHeap 'non-profiled nmethods': size=120000Kb used=10782Kb max_used=10782Kb free=109217Kb
 bounds [0x00000256373d0000, 0x0000025637e60000, 0x000002563e900000]
CodeHeap 'profiled nmethods': size=120000Kb used=38355Kb max_used=38355Kb free=81644Kb
 bounds [0x000002562fea0000, 0x0000025632420000, 0x00000256373d0000]
CodeHeap 'non-nmethods': size=5760Kb used=2424Kb max_used=2475Kb free=3335Kb
 bounds [0x000002562f900000, 0x000002562fb80000, 0x000002562fea0000]
 total_blobs=19537 nmethods=18578 adapters=869
 compilation: enabled
              stopped_count=0, restarted_count=0
 full_count=0

Compilation events (20 events):
Event: 495.575 Thread 0x0000025646279000 nmethod 19377 0x0000025637e56b90 code [0x0000025637e56d80, 0x0000025637e572f0]
Event: 495.614 Thread 0x0000025646284800 19380       3       java.util.Random::nextLong (19 bytes)
Event: 495.614 Thread 0x0000025646284800 nmethod 19380 0x000002563240e390 code [0x000002563240e560, 0x000002563240e7f8]
Event: 495.788 Thread 0x0000025646284800 19381       3       org.gradle.internal.vfs.impl.DefaultSnapshotHierarchy::invalidate (64 bytes)
Event: 495.855 Thread 0x0000025646284800 nmethod 19381 0x000002563240e890 code [0x000002563240ec80, 0x00000256324109a8]
Event: 495.855 Thread 0x0000025646284800 19385       3       org.gradle.internal.vfs.impl.DefaultSnapshotHierarchy::lambda$invalidate$0 (25 bytes)
Event: 495.855 Thread 0x0000025646284800 nmethod 19385 0x0000025632411310 code [0x00000256324114e0, 0x0000025632411818]
Event: 495.855 Thread 0x0000025646284800 19386       3       org.gradle.internal.vfs.impl.DefaultSnapshotHierarchy$$Lambda$1145/0x00000001009d2840::get$Lambda (9 bytes)
Event: 495.855 Thread 0x0000025646284800 nmethod 19386 0x0000025632411910 code [0x0000025632411ae0, 0x0000025632411d38]
Event: 495.856 Thread 0x0000025646284800 19382       3       org.gradle.internal.vfs.impl.DefaultSnapshotHierarchy$$Lambda$1144/0x00000001009d2440::get$Lambda (9 bytes)
Event: 495.856 Thread 0x0000025646284800 nmethod 19382 0x0000025632411e10 code [0x0000025632411fe0, 0x0000025632412238]
Event: 495.856 Thread 0x0000025646284800 19383       3       org.gradle.internal.vfs.impl.DefaultSnapshotHierarchy$$Lambda$1144/0x00000001009d2440::<init> (10 bytes)
Event: 495.856 Thread 0x0000025646284800 nmethod 19383 0x0000025632412310 code [0x00000256324124c0, 0x0000025632412678]
Event: 495.856 Thread 0x0000025646284800 19384       3       org.gradle.internal.vfs.impl.DefaultSnapshotHierarchy$$Lambda$1144/0x00000001009d2440::apply (12 bytes)
Event: 495.857 Thread 0x0000025646284800 nmethod 19384 0x0000025632412710 code [0x0000025632412900, 0x0000025632412d98]
Event: 495.894 Thread 0x0000025646284800 19387       3       org.gradle.api.internal.artifacts.ivyservice.resolveengine.graph.builder.DependencyGraphBuilder$$Lambda$647/0x00000001006b4840::isSatisfiedBy (8 bytes)
Event: 495.895 Thread 0x0000025646284800 nmethod 19387 0x0000025632412f10 code [0x00000256324130e0, 0x0000025632413488]
Event: 495.901 Thread 0x0000025646284800 19388       1       net.rubygrapefruit.platform.internal.jni.NativeLogger$LogLevel::getLevel (5 bytes)
Event: 495.901 Thread 0x0000025646284800 nmethod 19388 0x0000025637e57690 code [0x0000025637e57840, 0x0000025637e578f8]
Event: 495.911 Thread 0x0000025646279000 19389       4       java.io.WinNTFileSystem::resolve (275 bytes)

GC Heap History (20 events):
Event: 75.236 GC heap before
{Heap before GC invocations=105 (full 0):
 garbage-first heap   total 299008K, used 256722K [0x0000000080000000, 0x0000000100000000)
  region size 1024K, 48 young (49152K), 3 survivors (3072K)
 Metaspace       used 124578K, capacity 128824K, committed 129028K, reserved 628736K
  class space    used 15934K, capacity 17535K, committed 17612K, reserved 516096K
}
Event: 75.242 GC heap after
{Heap after GC invocations=106 (full 0):
 garbage-first heap   total 299008K, used 206417K [0x0000000080000000, 0x0000000100000000)
  region size 1024K, 6 young (6144K), 6 survivors (6144K)
 Metaspace       used 124578K, capacity 128824K, committed 129028K, reserved 628736K
  class space    used 15934K, capacity 17535K, committed 17612K, reserved 516096K
}
Event: 75.613 GC heap before
{Heap before GC invocations=106 (full 0):
 garbage-first heap   total 299008K, used 262737K [0x0000000080000000, 0x0000000100000000)
  region size 1024K, 50 young (51200K), 6 survivors (6144K)
 Metaspace       used 124799K, capacity 129248K, committed 129412K, reserved 628736K
  class space    used 15955K, capacity 17623K, committed 17740K, reserved 516096K
}
Event: 75.622 GC heap after
{Heap after GC invocations=107 (full 0):
 garbage-first heap   total 299008K, used 214003K [0x0000000080000000, 0x0000000100000000)
  region size 1024K, 7 young (7168K), 7 survivors (7168K)
 Metaspace       used 124799K, capacity 129248K, committed 129412K, reserved 628736K
  class space    used 15955K, capacity 17623K, committed 17740K, reserved 516096K
}
Event: 75.950 GC heap before
{Heap before GC invocations=107 (full 0):
 garbage-first heap   total 299008K, used 258035K [0x0000000080000000, 0x0000000100000000)
  region size 1024K, 47 young (48128K), 7 survivors (7168K)
 Metaspace       used 124915K, capacity 129328K, committed 129668K, reserved 628736K
  class space    used 15968K, capacity 17636K, committed 17740K, reserved 516096K
}
Event: 75.960 GC heap after
{Heap after GC invocations=108 (full 0):
 garbage-first heap   total 299008K, used 213121K [0x0000000080000000, 0x0000000100000000)
  region size 1024K, 6 young (6144K), 6 survivors (6144K)
 Metaspace       used 124915K, capacity 129328K, committed 129668K, reserved 628736K
  class space    used 15968K, capacity 17636K, committed 17740K, reserved 516096K
}
Event: 76.668 GC heap before
{Heap before GC invocations=108 (full 0):
 garbage-first heap   total 299008K, used 254081K [0x0000000080000000, 0x0000000100000000)
  region size 1024K, 47 young (48128K), 6 survivors (6144K)
 Metaspace       used 125938K, capacity 130302K, committed 130564K, reserved 630784K
  class space    used 16090K, capacity 17743K, committed 17868K, reserved 516096K
}
Event: 76.677 GC heap after
{Heap after GC invocations=109 (full 0):
 garbage-first heap   total 299008K, used 218193K [0x0000000080000000, 0x0000000100000000)
  region size 1024K, 5 young (5120K), 5 survivors (5120K)
 Metaspace       used 125938K, capacity 130302K, committed 130564K, reserved 630784K
  class space    used 16090K, capacity 17743K, committed 17868K, reserved 516096K
}
Event: 77.111 GC heap before
{Heap before GC invocations=109 (full 0):
 garbage-first heap   total 299008K, used 256081K [0x0000000080000000, 0x0000000100000000)
  region size 1024K, 42 young (43008K), 5 survivors (5120K)
 Metaspace       used 126853K, capacity 131438K, committed 131716K, reserved 630784K
  class space    used 16194K, capacity 17902K, committed 17996K, reserved 516096K
}
Event: 77.121 GC heap after
{Heap after GC invocations=110 (full 0):
 garbage-first heap   total 299008K, used 223060K [0x0000000080000000, 0x0000000100000000)
  region size 1024K, 5 young (5120K), 5 survivors (5120K)
 Metaspace       used 126853K, capacity 131438K, committed 131716K, reserved 630784K
  class space    used 16194K, capacity 17902K, committed 17996K, reserved 516096K
}
Event: 77.432 GC heap before
{Heap before GC invocations=110 (full 0):
 garbage-first heap   total 299008K, used 264020K [0x0000000080000000, 0x0000000100000000)
  region size 1024K, 38 young (38912K), 5 survivors (5120K)
 Metaspace       used 126916K, capacity 131474K, committed 131716K, reserved 630784K
  class space    used 16199K, capacity 17910K, committed 17996K, reserved 516096K
}
Event: 77.439 GC heap after
{Heap after GC invocations=111 (full 0):
 garbage-first heap   total 299008K, used 225924K [0x0000000080000000, 0x0000000100000000)
  region size 1024K, 3 young (3072K), 3 survivors (3072K)
 Metaspace       used 126916K, capacity 131474K, committed 131716K, reserved 630784K
  class space    used 16199K, capacity 17910K, committed 17996K, reserved 516096K
}
Event: 77.620 GC heap before
{Heap before GC invocations=111 (full 0):
 garbage-first heap   total 299008K, used 261764K [0x0000000080000000, 0x0000000100000000)
  region size 1024K, 35 young (35840K), 3 survivors (3072K)
 Metaspace       used 126929K, capacity 131478K, committed 131716K, reserved 630784K
  class space    used 16199K, capacity 17910K, committed 17996K, reserved 516096K
}
Event: 77.625 GC heap after
{Heap after GC invocations=112 (full 0):
 garbage-first heap   total 299008K, used 227353K [0x0000000080000000, 0x0000000100000000)
  region size 1024K, 5 young (5120K), 5 survivors (5120K)
 Metaspace       used 126929K, capacity 131478K, committed 131716K, reserved 630784K
  class space    used 16199K, capacity 17910K, committed 17996K, reserved 516096K
}
Event: 77.849 GC heap before
{Heap before GC invocations=112 (full 0):
 garbage-first heap   total 299008K, used 262169K [0x0000000080000000, 0x0000000100000000)
  region size 1024K, 36 young (36864K), 5 survivors (5120K)
 Metaspace       used 127101K, capacity 131642K, committed 131972K, reserved 630784K
  class space    used 16217K, capacity 17918K, committed 17996K, reserved 516096K
}
Event: 77.854 GC heap after
{Heap after GC invocations=113 (full 0):
 garbage-first heap   total 299008K, used 231512K [0x0000000080000000, 0x0000000100000000)
  region size 1024K, 4 young (4096K), 4 survivors (4096K)
 Metaspace       used 127101K, capacity 131642K, committed 131972K, reserved 630784K
  class space    used 16217K, capacity 17918K, committed 17996K, reserved 516096K
}
Event: 79.300 GC heap before
{Heap before GC invocations=113 (full 0):
 garbage-first heap   total 299008K, used 259160K [0x0000000080000000, 0x0000000100000000)
  region size 1024K, 32 young (32768K), 4 survivors (4096K)
 Metaspace       used 128023K, capacity 132596K, committed 132868K, reserved 632832K
  class space    used 16338K, capacity 18042K, committed 18124K, reserved 516096K
}
Event: 79.307 GC heap after
{Heap after GC invocations=114 (full 0):
 garbage-first heap   total 299008K, used 231585K [0x0000000080000000, 0x0000000100000000)
  region size 1024K, 4 young (4096K), 4 survivors (4096K)
 Metaspace       used 128023K, capacity 132596K, committed 132868K, reserved 632832K
  class space    used 16338K, capacity 18042K, committed 18124K, reserved 516096K
}
Event: 465.388 GC heap before
{Heap before GC invocations=114 (full 0):
 garbage-first heap   total 299008K, used 259233K [0x0000000080000000, 0x0000000100000000)
  region size 1024K, 32 young (32768K), 4 survivors (4096K)
 Metaspace       used 128614K, capacity 133227K, committed 133508K, reserved 632832K
  class space    used 16385K, capacity 18117K, committed 18252K, reserved 516096K
}
Event: 465.550 GC heap after
{Heap after GC invocations=115 (full 0):
 garbage-first heap   total 299008K, used 234268K [0x0000000080000000, 0x0000000100000000)
  region size 1024K, 3 young (3072K), 3 survivors (3072K)
 Metaspace       used 128614K, capacity 133227K, committed 133508K, reserved 632832K
  class space    used 16385K, capacity 18117K, committed 18252K, reserved 516096K
}

Deoptimization events (20 events):
Event: 476.997 Thread 0x000002564db5d000 Uncommon trap: trap_request=0xffffffc6 fr.pc=0x000002563744ad60 relative=0x0000000000000640
Event: 476.997 Thread 0x000002564db5d000 Uncommon trap: reason=bimorphic_or_optimized_type_check action=maybe_recompile pc=0x000002563744ad60 method=java.util.regex.Matcher.search(I)Z @ 121 c2
Event: 476.997 Thread 0x000002564db5d000 DEOPT PACKING pc=0x000002563744ad60 sp=0x00000091cc0f7000
Event: 476.997 Thread 0x000002564db5d000 DEOPT UNPACKING pc=0x000002562f94a1af sp=0x00000091cc0f6f58 mode 2
Event: 477.025 Thread 0x000002564db5d000 Uncommon trap: trap_request=0xffffffde fr.pc=0x0000025637ae0094 relative=0x0000000000001134
Event: 477.025 Thread 0x000002564db5d000 Uncommon trap: reason=class_check action=maybe_recompile pc=0x0000025637ae0094 method=com.google.common.collect.Sets$1$1.<init>(Lcom/google/common/collect/Sets$1;)V @ 33 c2
Event: 477.025 Thread 0x000002564db5d000 DEOPT PACKING pc=0x0000025637ae0094 sp=0x00000091cc0f6670
Event: 477.025 Thread 0x000002564db5d000 DEOPT UNPACKING pc=0x000002562f94a1af sp=0x00000091cc0f64f0 mode 2
Event: 489.943 Thread 0x000002564db5d000 Uncommon trap: trap_request=0xffffff4d fr.pc=0x0000025637b5c9b0 relative=0x00000000000000f0
Event: 489.945 Thread 0x000002564db5d000 Uncommon trap: reason=unstable_if action=reinterpret pc=0x0000025637b5c9b0 method=java.time.Duration.ofMillis(J)Ljava/time/Duration; @ 16 c2
Event: 489.945 Thread 0x000002564db5d000 DEOPT PACKING pc=0x0000025637b5c9b0 sp=0x00000091cc0f86e0
Event: 489.945 Thread 0x000002564db5d000 DEOPT UNPACKING pc=0x000002562f94a1af sp=0x00000091cc0f8658 mode 2
Event: 489.945 Thread 0x000002564db5d000 Uncommon trap: trap_request=0xffffff4d fr.pc=0x0000025637bf29a4 relative=0x00000000000003c4
Event: 489.945 Thread 0x000002564db5d000 Uncommon trap: reason=unstable_if action=reinterpret pc=0x0000025637bf29a4 method=java.time.Duration.toMillis()J @ 14 c2
Event: 489.945 Thread 0x000002564db5d000 DEOPT PACKING pc=0x0000025637bf29a4 sp=0x00000091cc0f8690
Event: 489.945 Thread 0x000002564db5d000 DEOPT UNPACKING pc=0x000002562f94a1af sp=0x00000091cc0f8580 mode 2
Event: 489.947 Thread 0x000002564db5d000 Uncommon trap: trap_request=0xffffff4d fr.pc=0x0000025637b9d2f4 relative=0x00000000000000d4
Event: 489.948 Thread 0x000002564db5d000 Uncommon trap: reason=unstable_if action=reinterpret pc=0x0000025637b9d2f4 method=java.time.Duration.toMillis()J @ 14 c2
Event: 489.948 Thread 0x000002564db5d000 DEOPT PACKING pc=0x0000025637b9d2f4 sp=0x00000091cc0f8600
Event: 489.948 Thread 0x000002564db5d000 DEOPT UNPACKING pc=0x000002562f94a1af sp=0x00000091cc0f8570 mode 2

Classes redefined (0 events):
No events

Internal exceptions (20 events):
Event: 77.307 Thread 0x0000025656370800 Exception <a 'sun/nio/fs/WindowsException'{0x00000000912243f0}> (0x00000000912243f0) thrown at [./src/hotspot/share/prims/jni.cpp, line 617]
Event: 77.316 Thread 0x0000025656370800 Exception <a 'sun/nio/fs/WindowsException'{0x000000009125f8e0}> (0x000000009125f8e0) thrown at [./src/hotspot/share/prims/jni.cpp, line 617]
Event: 77.324 Thread 0x0000025656370800 Exception <a 'sun/nio/fs/WindowsException'{0x00000000912a24e8}> (0x00000000912a24e8) thrown at [./src/hotspot/share/prims/jni.cpp, line 617]
Event: 77.332 Thread 0x0000025656370800 Exception <a 'sun/nio/fs/WindowsException'{0x00000000912f22a8}> (0x00000000912f22a8) thrown at [./src/hotspot/share/prims/jni.cpp, line 617]
Event: 77.335 Thread 0x0000025656370800 Exception <a 'sun/nio/fs/WindowsException'{0x00000000911099a0}> (0x00000000911099a0) thrown at [./src/hotspot/share/prims/jni.cpp, line 617]
Event: 77.806 Thread 0x0000025656371800 Exception <a 'sun/nio/fs/WindowsException'{0x0000000090aa1070}> (0x0000000090aa1070) thrown at [./src/hotspot/share/prims/jni.cpp, line 617]
Event: 77.813 Thread 0x0000025656371800 Exception <a 'sun/nio/fs/WindowsException'{0x0000000090ae1720}> (0x0000000090ae1720) thrown at [./src/hotspot/share/prims/jni.cpp, line 617]
Event: 77.819 Thread 0x0000025656371800 Exception <a 'sun/nio/fs/WindowsException'{0x000000009091f7d0}> (0x000000009091f7d0) thrown at [./src/hotspot/share/prims/jni.cpp, line 617]
Event: 77.826 Thread 0x0000025656371800 Exception <a 'sun/nio/fs/WindowsException'{0x0000000090963bf0}> (0x0000000090963bf0) thrown at [./src/hotspot/share/prims/jni.cpp, line 617]
Event: 77.832 Thread 0x0000025656371800 Exception <a 'sun/nio/fs/WindowsException'{0x000000009099d1c8}> (0x000000009099d1c8) thrown at [./src/hotspot/share/prims/jni.cpp, line 617]
Event: 78.048 Thread 0x0000025656371800 Exception <a 'java/lang/NoSuchMethodError'{0x0000000090e8c798}: 'java.lang.Object java.lang.invoke.DirectMethodHandle$Holder.invokeStatic(java.lang.Object, java.lang.Object, java.lang.Object, java.lang.Object, java.lang.Object, java.lang.Object, java.lang.Object, java.lang.Object, int)'> (0x0000000090e8c798) thrown at [./src/hotspot/share/interpreter/linkResolver.cpp, line 773]
Event: 78.049 Thread 0x0000025656371800 Exception <a 'java/lang/NoSuchMethodError'{0x0000000090ea7278}: 'java.lang.Object java.lang.invoke.DirectMethodHandle$Holder.invokeStatic(java.lang.Object, java.lang.Object, java.lang.Object, java.lang.Object, java.lang.Object, java.lang.Object, java.lang.Object, java.lang.Object, int, int)'> (0x0000000090ea7278) thrown at [./src/hotspot/share/interpreter/linkResolver.cpp, line 773]
Event: 78.051 Thread 0x0000025656371800 Exception <a 'java/lang/NoSuchMethodError'{0x0000000090ec2788}: 'java.lang.Object java.lang.invoke.DirectMethodHandle$Holder.invokeStatic(java.lang.Object, java.lang.Object, java.lang.Object, java.lang.Object, java.lang.Object, java.lang.Object, java.lang.Object, java.lang.Object, int, int, java.lang.Object)'> (0x0000000090ec2788) thrown at [./src/hotspot/share/interpreter/linkResolver.cpp, line 773]
Event: 78.162 Thread 0x0000025656371800 Exception <a 'java/lang/NoSuchMethodError'{0x0000000090c0df78}: 'java.lang.Object java.lang.invoke.DirectMethodHandle$Holder.invokeInterface(java.lang.Object, java.lang.Object, java.lang.Object, java.lang.Object)'> (0x0000000090c0df78) thrown at [./src/hotspot/share/interpreter/linkResolver.cpp, line 773]
Event: 78.253 Thread 0x0000025656371800 Exception <a 'java/net/BindException'{0x0000000090c9d740}: Address already in use: bind> (0x0000000090c9d740) thrown at [./src/hotspot/share/prims/jni.cpp, line 638]
Event: 78.378 Thread 0x000002564d077800 Exception <a 'java/lang/NoSuchMethodError'{0x0000000090a91b50}: 'java.lang.Object java.lang.invoke.DirectMethodHandle$Holder.invokeSpecial(java.lang.Object, java.lang.Object, int, int, int, java.lang.Object, java.lang.Object, int)'> (0x0000000090a91b50) thrown at [./src/hotspot/share/interpreter/linkResolver.cpp, line 773]
Event: 78.378 Thread 0x000002564d077800 Exception <a 'java/lang/NoSuchMethodError'{0x0000000090a95520}: 'java.lang.Object java.lang.invoke.DelegatingMethodHandle$Holder.reinvoke_L(java.lang.Object, int, int, int, java.lang.Object, java.lang.Object, int)'> (0x0000000090a95520) thrown at [./src/hotspot/share/interpreter/linkResolver.cpp, line 773]
Event: 84.124 Thread 0x0000025656371800 Exception <a 'java/lang/NoSuchMethodError'{0x0000000091deb9c0}: 'java.lang.Object java.lang.invoke.DirectMethodHandle$Holder.newInvokeSpecial(java.lang.Object, java.lang.Object, java.lang.Object, java.lang.Object)'> (0x0000000091deb9c0) thrown at [./src/hotspot/share/interpreter/linkResolver.cpp, line 773]
Event: 84.161 Thread 0x000002564d076800 Exception <a 'sun/nio/fs/WindowsException'{0x0000000091c96a40}> (0x0000000091c96a40) thrown at [./src/hotspot/share/prims/jni.cpp, line 617]
Event: 94.528 Thread 0x000002564d07c000 Exception <a 'java/io/IOException'{0x00000000916255f8}> (0x00000000916255f8) thrown at [./src/hotspot/share/prims/jni.cpp, line 617]

Events (20 events):
Event: 482.134 Executing VM operation: RevokeBias done
Event: 482.135 Executing VM operation: RevokeBias
Event: 482.136 Executing VM operation: RevokeBias done
Event: 482.788 Executing VM operation: RevokeBias
Event: 482.857 Executing VM operation: RevokeBias done
Event: 482.859 Executing VM operation: RevokeBias
Event: 482.863 Executing VM operation: RevokeBias done
Event: 482.864 Executing VM operation: BulkRevokeBias
Event: 482.870 Executing VM operation: BulkRevokeBias done
Event: 485.562 Thread 0x000002564d074000 Thread added: 0x000002564d074000
Event: 486.189 Executing VM operation: RevokeBias
Event: 486.259 Executing VM operation: RevokeBias done
Event: 486.264 Executing VM operation: RevokeBias
Event: 486.266 Executing VM operation: RevokeBias done
Event: 490.055 Executing VM operation: RevokeBias
Event: 490.363 Executing VM operation: RevokeBias done
Event: 490.366 Executing VM operation: RevokeBias
Event: 490.370 Executing VM operation: RevokeBias done
Event: 490.370 Executing VM operation: RevokeBias
Event: 490.373 Executing VM operation: RevokeBias done


Dynamic libraries:
0x00007ff703c50000 - 0x00007ff703c5d000 	C:\Program Files\Microsoft\jdk-11.0.18.10-hotspot\bin\java.exe
0x00007ff9c3c10000 - 0x00007ff9c3e27000 	C:\WINDOWS\SYSTEM32\ntdll.dll
0x00007ff9c2920000 - 0x00007ff9c29e4000 	C:\WINDOWS\System32\KERNEL32.DLL
0x00007ff9c0f90000 - 0x00007ff9c1336000 	C:\WINDOWS\System32\KERNELBASE.dll
0x00007ff9c17e0000 - 0x00007ff9c18f1000 	C:\WINDOWS\System32\ucrtbase.dll
0x00007ff9b8570000 - 0x00007ff9b8587000 	C:\Program Files\Microsoft\jdk-11.0.18.10-hotspot\bin\jli.dll
0x00007ff9b8550000 - 0x00007ff9b8565000 	C:\Program Files\Microsoft\jdk-11.0.18.10-hotspot\bin\VCRUNTIME140.dll
0x00007ff9c1b70000 - 0x00007ff9c1d1e000 	C:\WINDOWS\System32\USER32.dll
0x00007ff9a9690000 - 0x00007ff9a9923000 	C:\WINDOWS\WinSxS\amd64_microsoft.windows.common-controls_6595b64144ccf1df_6.0.22621.2361_none_2712ced57382f843\COMCTL32.dll
0x00007ff9c15c0000 - 0x00007ff9c15e6000 	C:\WINDOWS\System32\win32u.dll
0x00007ff9c20b0000 - 0x00007ff9c2157000 	C:\WINDOWS\System32\msvcrt.dll
0x00007ff9c1f00000 - 0x00007ff9c1f29000 	C:\WINDOWS\System32\GDI32.dll
0x00007ff9c1340000 - 0x00007ff9c1458000 	C:\WINDOWS\System32\gdi32full.dll
0x00007ff9c1460000 - 0x00007ff9c14fa000 	C:\WINDOWS\System32\msvcp_win.dll
0x00007ff9c2e80000 - 0x00007ff9c2eb1000 	C:\WINDOWS\System32\IMM32.DLL
0x00007ff9a28b0000 - 0x00007ff9a294b000 	C:\Program Files\Microsoft\jdk-11.0.18.10-hotspot\bin\msvcp140.dll
0x00007ff92b8b0000 - 0x00007ff92c442000 	C:\Program Files\Microsoft\jdk-11.0.18.10-hotspot\bin\server\jvm.dll
0x00007ff9c38f0000 - 0x00007ff9c39a0000 	C:\WINDOWS\System32\ADVAPI32.dll
0x00007ff9c2ed0000 - 0x00007ff9c2f76000 	C:\WINDOWS\System32\sechost.dll
0x00007ff9c2660000 - 0x00007ff9c2777000 	C:\WINDOWS\System32\RPCRT4.dll
0x00007ff9c2ec0000 - 0x00007ff9c2ec8000 	C:\WINDOWS\System32\PSAPI.DLL
0x00007ff9beaf0000 - 0x00007ff9beafa000 	C:\WINDOWS\SYSTEM32\VERSION.dll
0x00007ff9bea90000 - 0x00007ff9bea99000 	C:\WINDOWS\SYSTEM32\WSOCK32.dll
0x00007ff9bc580000 - 0x00007ff9bc5b4000 	C:\WINDOWS\SYSTEM32\WINMM.dll
0x00007ff9c3af0000 - 0x00007ff9c3b61000 	C:\WINDOWS\System32\WS2_32.dll
0x00007ff9c0010000 - 0x00007ff9c0028000 	C:\WINDOWS\SYSTEM32\kernel.appcore.dll
0x00007ff9b9d40000 - 0x00007ff9b9d50000 	C:\Program Files\Microsoft\jdk-11.0.18.10-hotspot\bin\verify.dll
0x00007ff9bdc00000 - 0x00007ff9bde2e000 	C:\WINDOWS\SYSTEM32\DBGHELP.DLL
0x00007ff9c29f0000 - 0x00007ff9c2d7a000 	C:\WINDOWS\System32\combase.dll
0x00007ff9c1970000 - 0x00007ff9c1a47000 	C:\WINDOWS\System32\OLEAUT32.dll
0x00007ff9b9090000 - 0x00007ff9b90c2000 	C:\WINDOWS\SYSTEM32\dbgcore.DLL
0x00007ff9c1760000 - 0x00007ff9c17da000 	C:\WINDOWS\System32\bcryptPrimitives.dll
0x00007ff9b2810000 - 0x00007ff9b2838000 	C:\Program Files\Microsoft\jdk-11.0.18.10-hotspot\bin\java.dll
0x00007ff9b7ca0000 - 0x00007ff9b7caa000 	C:\Program Files\Microsoft\jdk-11.0.18.10-hotspot\bin\jimage.dll
0x00007ff9b27f0000 - 0x00007ff9b2808000 	C:\Program Files\Microsoft\jdk-11.0.18.10-hotspot\bin\zip.dll
0x00007ff9c2f80000 - 0x00007ff9c37d8000 	C:\WINDOWS\System32\SHELL32.dll
0x00007ff9beea0000 - 0x00007ff9bf792000 	C:\WINDOWS\SYSTEM32\windows.storage.dll
0x00007ff9bed60000 - 0x00007ff9bee9e000 	C:\WINDOWS\SYSTEM32\wintypes.dll
0x00007ff9c2d80000 - 0x00007ff9c2e73000 	C:\WINDOWS\System32\SHCORE.dll
0x00007ff9c1f30000 - 0x00007ff9c1f8e000 	C:\WINDOWS\System32\shlwapi.dll
0x00007ff9c0ec0000 - 0x00007ff9c0ee6000 	C:\WINDOWS\SYSTEM32\profapi.dll
0x00007ff9a6f30000 - 0x00007ff9a6f49000 	C:\Program Files\Microsoft\jdk-11.0.18.10-hotspot\bin\net.dll
0x00007ff9bc9c0000 - 0x00007ff9bcaf7000 	C:\WINDOWS\SYSTEM32\WINHTTP.dll
0x00007ff9c0510000 - 0x00007ff9c0579000 	C:\WINDOWS\system32\mswsock.dll
0x00007ff9a6f10000 - 0x00007ff9a6f23000 	C:\Program Files\Microsoft\jdk-11.0.18.10-hotspot\bin\nio.dll
0x00007ff9939e0000 - 0x00007ff993a07000 	C:\Users\Sahil Rawat\.gradle\native\68d5fa5c4cc2d200863cafc0d521ce42e7d3e7ee720ec0a83991735586a16f82\windows-amd64\native-platform.dll
0x00007ff977bf0000 - 0x00007ff977d34000 	C:\Users\Sahil Rawat\.gradle\native\e376f236ea51e6404a007f0833ffe2c6e607c4080706a723a18a27aeea778392\windows-amd64\native-platform-file-events.dll
0x00007ff9a6f00000 - 0x00007ff9a6f09000 	C:\Program Files\Microsoft\jdk-11.0.18.10-hotspot\bin\management.dll
0x00007ff9a6ef0000 - 0x00007ff9a6efb000 	C:\Program Files\Microsoft\jdk-11.0.18.10-hotspot\bin\management_ext.dll
0x00007ff9c07a0000 - 0x00007ff9c07bb000 	C:\WINDOWS\SYSTEM32\CRYPTSP.dll
0x00007ff9bff70000 - 0x00007ff9bffa5000 	C:\WINDOWS\system32\rsaenh.dll
0x00007ff9c0630000 - 0x00007ff9c065c000 	C:\WINDOWS\SYSTEM32\USERENV.dll
0x00007ff9c0950000 - 0x00007ff9c0978000 	C:\WINDOWS\SYSTEM32\bcrypt.dll
0x00007ff9c0790000 - 0x00007ff9c079c000 	C:\WINDOWS\SYSTEM32\CRYPTBASE.dll
0x00007ff9bfa00000 - 0x00007ff9bfa2d000 	C:\WINDOWS\SYSTEM32\IPHLPAPI.DLL
0x00007ff9c2020000 - 0x00007ff9c2029000 	C:\WINDOWS\System32\NSI.dll
0x00007ff9bccc0000 - 0x00007ff9bccd9000 	C:\WINDOWS\SYSTEM32\dhcpcsvc6.DLL
0x00007ff9bc780000 - 0x00007ff9bc79f000 	C:\WINDOWS\SYSTEM32\dhcpcsvc.DLL
0x00007ff9bfa70000 - 0x00007ff9bfb69000 	C:\WINDOWS\SYSTEM32\DNSAPI.dll
0x00007ff9ba2c0000 - 0x00007ff9ba2ca000 	C:\Windows\System32\rasadhlp.dll
0x00007ff9ba380000 - 0x00007ff9ba404000 	C:\WINDOWS\System32\fwpuclnt.dll

dbghelp: loaded successfully - version: 4.0.5 - missing functions: none
symbol engine: initialized successfully - sym options: 0x614 - pdb path: .;C:\Program Files\Microsoft\jdk-11.0.18.10-hotspot\bin;C:\WINDOWS\SYSTEM32;C:\WINDOWS\WinSxS\amd64_microsoft.windows.common-controls_6595b64144ccf1df_6.0.22621.2361_none_2712ced57382f843;C:\Program Files\Microsoft\jdk-11.0.18.10-hotspot\bin\server;C:\Users\Sahil Rawat\.gradle\native\68d5fa5c4cc2d200863cafc0d521ce42e7d3e7ee720ec0a83991735586a16f82\windows-amd64;C:\Users\Sahil Rawat\.gradle\native\e376f236ea51e6404a007f0833ffe2c6e607c4080706a723a18a27aeea778392\windows-amd64

VM Arguments:
jvm_args: -XX:MaxMetaspaceSize=512m --add-opens=java.base/java.util=ALL-UNNAMED --add-opens=java.base/java.lang=ALL-UNNAMED --add-opens=java.base/java.lang.invoke=ALL-UNNAMED --add-opens=java.prefs/java.util.prefs=ALL-UNNAMED --add-opens=java.base/java.nio.charset=ALL-UNNAMED --add-opens=java.base/java.net=ALL-UNNAMED --add-opens=java.base/java.util.concurrent.atomic=ALL-UNNAMED -Xmx2048m -Dfile.encoding=windows-1252 -Duser.country=IN -Duser.language=en -Duser.variant 
java_command: org.gradle.launcher.daemon.bootstrap.GradleDaemon 8.0.1
java_class_path (initial): C:\Users\Sahil Rawat\.gradle\wrapper\dists\gradle-8.0.1-all\aro4hu1c3oeioove7l0i4i14o\gradle-8.0.1\lib\gradle-launcher-8.0.1.jar
Launcher Type: SUN_STANDARD

[Global flags]
     intx CICompilerCount                          = 4                                         {product} {ergonomic}
   size_t CompressedClassSpaceSize                 = 528482304                                 {product} {ergonomic}
     uint ConcGCThreads                            = 2                                         {product} {ergonomic}
     uint G1ConcRefinementThreads                  = 8                                         {product} {ergonomic}
   size_t G1HeapRegionSize                         = 1048576                                   {product} {ergonomic}
    uintx GCDrainStackTargetSize                   = 64                                        {product} {ergonomic}
   size_t InitialHeapSize                          = 100663296                                 {product} {ergonomic}
   size_t MarkStackSize                            = 4194304                                   {product} {ergonomic}
   size_t MaxHeapSize                              = 2147483648                                {product} {command line}
   size_t MaxMetaspaceSize                         = 536870912                                 {product} {command line}
   size_t MaxNewSize                               = 1287651328                                {product} {ergonomic}
   size_t MinHeapDeltaBytes                        = 1048576                                   {product} {ergonomic}
    uintx NonNMethodCodeHeapSize                   = 5836300                                {pd product} {ergonomic}
    uintx NonProfiledCodeHeapSize                  = 122910970                              {pd product} {ergonomic}
    uintx ProfiledCodeHeapSize                     = 122910970                              {pd product} {ergonomic}
    uintx ReservedCodeCacheSize                    = 251658240                              {pd product} {ergonomic}
     bool SegmentedCodeCache                       = true                                      {product} {ergonomic}
     bool UseCompressedClassPointers               = true                                 {lp64_product} {ergonomic}
     bool UseCompressedOops                        = true                                 {lp64_product} {ergonomic}
     bool UseG1GC                                  = true                                      {product} {ergonomic}
     bool UseLargePagesIndividualAllocation        = false                                  {pd product} {ergonomic}

Logging:
Log output configuration:
 #0: stdout all=warning uptime,level,tags
 #1: stderr all=off uptime,level,tags

Environment Variables:
JAVA_HOME=C:\Program Files\Microsoft\jdk-11.0.18.10-hotspot\
CLASSPATH=D:\Assignment_Five_SignInPage\android\\gradle\wrapper\gradle-wrapper.jar
PATH=D:\Assignment_Five_SignInPage\node_modules\.bin;D:\node_modules\.bin;C:\Users\Sahil Rawat\AppData\Roaming\npm\node_modules\npm\node_modules\@npmcli\run-script\lib\node-gyp-bin;D:\Assignment_Five_SignInPage\node_modules\.bin;D:\node_modules\.bin;C:\Users\Sahil Rawat\AppData\Roaming\npm\node_modules\npm\node_modules\@npmcli\run-script\lib\node-gyp-bin;C:\Program Files\Microsoft\jdk-11.0.18.10-hotspot\bin;C:\Python310\Scripts\;C:\Python310\;C:\Windows\system32;C:\Windows;C:\Windows\System32\Wbem;C:\Windows\System32\WindowsPowerShell\v1.0\;C:\Windows\System32\OpenSSH\;C:\Program Files (x86)\NVIDIA Corporation\PhysX\Common;C:\Program Files\NVIDIA Corporation\NVIDIA NvDLISR;C:\MinGW\bin;C:\Program Files\SourceGear\Common\DiffMerge\;C:\ProgramData\chocolatey\bin;C:\WINDOWS\system32;C:\WINDOWS;C:\WINDOWS\System32\Wbem;C:\WINDOWS\System32\WindowsPowerShell\v1.0\;C:\WINDOWS\System32\OpenSSH\;C:\Users\Sahil Rawat\AppData\Roaming\nvm;C:\Program Files\nodejs;C:\Users\Sahil Rawat\AppData\Local\Android\Sdk\platform-tools;C:\Program Files\Git\cmd;C:\Users\Sahil Rawat\AppData\Local\Microsoft\WindowsApps;C:\Program Files\Java\jdk-16.0.2\bin;C:\Users\Sahil Rawat\AppData\Local\Programs\Hyper\resources\bin;C:\Program Files\heroku\bin;C:\Users\Sahil Rawat\AppData\Local\Programs\Microsoft VS Code\bin;C:\Users\Sahil Rawat\AppData\Roaming\npm;C:\Users\Sahil Rawat\AppData\Roaming\nvm;C:\Program Files\nodejs
USERNAME=Sahil Rawat
LANG=en_US.UTF-8
OS=Windows_NT
PROCESSOR_IDENTIFIER=AMD64 Family 23 Model 24 Stepping 1, AuthenticAMD
TMP=C:\Users\SAHILR~1\AppData\Local\Temp
TEMP=C:\Users\SAHILR~1\AppData\Local\Temp



---------------  S Y S T E M  ---------------

OS: Windows 11 , 64 bit Build 22621 (10.0.22621.2361)
OS uptime: 1 days 22:21 hours
Hyper-V role detected

CPU:total 8 (initial active 8) (8 cores per cpu, 2 threads per core) family 23 model 24 stepping 1 microcode 0x0, cmov, cx8, fxsr, mmx, sse, sse2, sse3, ssse3, sse4.1, sse4.2, popcnt, avx, avx2, aes, clmul, mmxext, 3dnowpref, lzcnt, sse4a, ht, tsc, tscinvbit, tscinv, bmi1, bmi2, adx, sha, fma

Memory: 4k page, system-wide physical 6081M (64M free)
TotalPageFile size 24513M (AvailPageFile size 3M)
current process WorkingSet (physical memory assigned to process): 127M, peak: 604M
current process commit charge ("private bytes"): 658M, peak: 705M

vm_info: OpenJDK 64-Bit Server VM (11.0.18+10-LTS) for windows-amd64 JRE (11.0.18+10-LTS), built on Jan 18 2023 15:56:47 by "MicrosoftCorporation" with MS VC++ 15.9 (VS2017)

END.
